
optiboot_attiny441.elf:     file format elf32-avr

Sections:
Idx Name          Size      VMA       LMA       File off  Algn
  0 .text         00000254  00000d80  00000d80  00000074  2**0
                  CONTENTS, ALLOC, LOAD, READONLY, CODE
  1 .trampolines  00000000  00000fd4  00000fd4  000002c8  2**1
                  CONTENTS, ALLOC, LOAD, READONLY, CODE
  2 .version      00000002  00000ffe  00000ffe  000002c8  2**0
                  CONTENTS, ALLOC, LOAD, READONLY, DATA
  3 .comment      00000030  00000000  00000000  000002ca  2**0
                  CONTENTS, READONLY
  4 .debug_aranges 00000030  00000000  00000000  000002fa  2**0
                  CONTENTS, READONLY, DEBUGGING
  5 .debug_info   0000069f  00000000  00000000  0000032a  2**0
                  CONTENTS, READONLY, DEBUGGING
  6 .debug_abbrev 000002ed  00000000  00000000  000009c9  2**0
                  CONTENTS, READONLY, DEBUGGING
  7 .debug_line   000003b2  00000000  00000000  00000cb6  2**0
                  CONTENTS, READONLY, DEBUGGING
  8 .debug_frame  000000ac  00000000  00000000  00001068  2**2
                  CONTENTS, READONLY, DEBUGGING
  9 .debug_str    00000220  00000000  00000000  00001114  2**0
                  CONTENTS, READONLY, DEBUGGING
 10 .debug_loc    000003ab  00000000  00000000  00001334  2**0
                  CONTENTS, READONLY, DEBUGGING
 11 .debug_ranges 00000080  00000000  00000000  000016df  2**0
                  CONTENTS, READONLY, DEBUGGING

Disassembly of section .text:

00000d80 <pre_main>:
/* everything that needs to run VERY early */
void pre_main(void) {
  // Allow convenient way of calling do_spm function - jump table, so
  //   entry to this function will always be here, independent of
  //   compilation, features etc
  asm volatile (
 d80:	01 c0       	rjmp	.+2      	; 0xd84 <main>
 d82:	1f c1       	rjmp	.+574    	; 0xfc2 <do_spm>

00000d84 <main>:
  //  SP points to RAMEND
  //  r1 contains zero
  //
  // If not, uncomment the following instructions:
  // cli();
  asm volatile ("  clr __zero_reg__");
 d84:	11 24       	eor	r1, r1
#  warning "START_APP_ON_EXTR is defined and NO_START_APP_ON_POR isn't"
#  define APP_START_REASONS 1 /* Always start rge App. */
#  define WDRF_CLR_REASONS 0  /* Never clear WDRF */
#endif

  ch = MCUSR;
 d86:	84 b7       	in	r24, 0x34	; 52

  // Skip all logic and run bootloader if MCUSR is cleared (application request)
  if (ch != 0) {
 d88:	88 23       	and	r24, r24
 d8a:	71 f0       	breq	.+28     	; 0xda8 <main+0x24>
     * One problematic scenario: broken application code sets watchdog timer
     * without clearing MCUSR before and triggers it quickly. But it's
     * recoverable by power-on with pushed reset button.
     */

    if (APP_START_REASONS) {
 d8c:	98 2f       	mov	r25, r24
 d8e:	9a 70       	andi	r25, 0x0A	; 10
 d90:	92 30       	cpi	r25, 0x02	; 2
 d92:	51 f0       	breq	.+20     	; 0xda8 <main+0x24>
      if (WDRF_CLR_REASONS) {
 d94:	81 ff       	sbrs	r24, 1
 d96:	02 c0       	rjmp	.+4      	; 0xd9c <main+0x18>
        /*
         * Clear WDRF if it was most probably set by wdr in bootloader.
         */
        if ((uint16_t)&MCUSR > 0x1F) {
          MCUSR = ~(_BV(WDRF));   // optimize to LDI/OUT
 d98:	97 ef       	ldi	r25, 0xF7	; 247
 d9a:	94 bf       	out	0x34, r25	; 52
      /*
       * save the reset flags in the designated register
       * This can be saved in a main program by putting code in .init0 (which
       * executes before normal c init code) to save R2 to a global variable.
       */
      __asm__ __volatile__ ("  mov r2, %0\n" :: "r" (ch));
 d9c:	28 2e       	mov	r2, r24

      // switch off watchdog
      watchdogConfig(WATCHDOG_OFF);
 d9e:	80 e0       	ldi	r24, 0x00	; 0
 da0:	fc d0       	rcall	.+504    	; 0xf9a <watchdogConfig>
      // Note that appstart_vec is defined so that this works with either
      // real or virtual boot partitions.
      __asm__ __volatile__ (
 da2:	ee e0       	ldi	r30, 0x0E	; 14
 da4:	ff 27       	eor	r31, r31
 da6:	09 94       	ijmp
#elif defined(__AVR_ATtiny25__)||defined(__AVR_ATtiny45__)||defined(__AVR_ATtiny85__)
  TCCR1 = 0x0E; //div 8196 - it's an 8-bit timer.
#elif defined(__AVR_ATtiny43__)
#error "LED flash for Tiny43 not yet supported"
#else
  TCCR1B = _BV(CS12) | _BV(CS10); // div 1024
 da8:	85 e0       	ldi	r24, 0x05	; 5
 daa:	8e bd       	out	0x2e, r24	; 46
  LINBTR = (1 << LDISR) | (8 << LBT0); 
  LINCR = _BV(LENA) | _BV(LCMD2) | _BV(LCMD1) | _BV(LCMD0);
  LINDAT=0;
#else
#if (SINGLESPEED == 0)
  UART_SRA = _BV(U2X0); //Double speed mode USART0
 dac:	82 e0       	ldi	r24, 0x02	; 2
 dae:	80 93 96 00 	sts	0x0096, r24	; 0x800096 <__RAM__+0x96>
#endif
  UART_SRB = _BV(RXEN0) | _BV(TXEN0);
 db2:	88 e1       	ldi	r24, 0x18	; 24
 db4:	80 93 95 00 	sts	0x0095, r24	; 0x800095 <__RAM__+0x95>
  UART_SRC = _BV(UCSZ00) | _BV(UCSZ01);
 db8:	86 e0       	ldi	r24, 0x06	; 6
 dba:	80 93 94 00 	sts	0x0094, r24	; 0x800094 <__RAM__+0x94>
  UART_SRL = (uint8_t)BAUD_SETTING;
 dbe:	80 e1       	ldi	r24, 0x10	; 16
 dc0:	80 93 91 00 	sts	0x0091, r24	; 0x800091 <__RAM__+0x91>
  RS485_PORT &= ~_BV(RS485_BIT);
  #endif
#endif

  // Set up watchdog to trigger after desired timeout
  watchdogConfig(WDTPERIOD);
 dc4:	8e e0       	ldi	r24, 0x0E	; 14
 dc6:	e9 d0       	rcall	.+466    	; 0xf9a <watchdogConfig>

#if (LED_START_FLASHES > 0) || LED_DATA_FLASH || LED_START_ON
  /* Set LED pin as output */
  LED_DDR |= _BV(LED);
 dc8:	ba 9a       	sbi	0x17, 2	; 23
 dca:	86 e0       	ldi	r24, 0x06	; 6
    TIFR = _BV(TOV1);
    while (!(TIFR & _BV(TOV1)));
#elif defined(__AVR_ATtiny43__)
#error "LED flash for Tiny43 not yet supported"
#else
    TCNT1 = -(F_CPU/(1024*16));
 dcc:	20 e3       	ldi	r18, 0x30	; 48
 dce:	3c ef       	ldi	r19, 0xFC	; 252
    TIFR1 = _BV(TOV1);
 dd0:	91 e0       	ldi	r25, 0x01	; 1
    TIFR = _BV(TOV1);
    while (!(TIFR & _BV(TOV1)));
#elif defined(__AVR_ATtiny43__)
#error "LED flash for Tiny43 not yet supported"
#else
    TCNT1 = -(F_CPU/(1024*16));
 dd2:	3d bd       	out	0x2d, r19	; 45
 dd4:	2c bd       	out	0x2c, r18	; 44
    TIFR1 = _BV(TOV1);
 dd6:	9e b9       	out	0x0e, r25	; 14
    while (!(TIFR1 & _BV(TOV1)));
 dd8:	70 9b       	sbis	0x0e, 0	; 14
 dda:	fe cf       	rjmp	.-4      	; 0xdd8 <main+0x54>
  defined(__AVR_ATmega64__)   || defined(__AVR_ATmega128__)
  LED_PORT ^= _BV(LED);
#else
  // Newer AVRs can toggle by writing PINx.
  if (&LED_PIN <= &_SFR_IO8(0x31)) {  // "if" code optimizes away.
    LED_PIN |= _BV(LED); // becomes SBI on low ports (in theory: incorrectly)
 ddc:	b2 9a       	sbi	0x16, 2	; 22
}
#endif

// Watchdog functions. These are only safe with interrupts turned off.
void watchdogReset() {
  __asm__ __volatile__ (
 dde:	a8 95       	wdr
     *  by the UART hardware, avrdude sends several attempts in rather
     *  quick succession, some of which will be lost and cause us to
     *  get out of sync.  So if we see any data; stop blinking.
     */
#ifndef LIN_UART
    if (UART_SRA & _BV(RXC0))
 de0:	40 91 96 00 	lds	r20, 0x0096	; 0x800096 <__RAM__+0x96>
 de4:	47 fd       	sbrc	r20, 7
 de6:	02 c0       	rjmp	.+4      	; 0xdec <main+0x68>
 de8:	81 50       	subi	r24, 0x01	; 1
#else
// This doesn't seem to work?
//    if ((UART_PIN & (1<<UART_RX_BIT)) == 0)
//      break;  // detect start bit on soft uart too.
#endif
  } while (--count);
 dea:	99 f7       	brne	.-26     	; 0xdd2 <main+0x4e>

      /*
       * Copy data from the buffer into the flash write buffer.
       */
      do {
        __boot_page_fill_short((uint16_t)(void*)addrPtr, *(mybuff.wptr++));
 dec:	aa 24       	eor	r10, r10
 dee:	a3 94       	inc	r10
      } while (len -= 2);

      /*
       * Actually Write the buffer to flash (and wait for it to finish.)
       */
      __boot_page_write_short(address.word);
 df0:	95 e0       	ldi	r25, 0x05	; 5
 df2:	99 2e       	mov	r9, r25
        // Move RESET vector to 'save' vector
        // Save jmp targets (for "Verify")
        rstVect0_sav = buff.bptr[rstVect0];
        rstVect1_sav = buff.bptr[rstVect1];
        addr16_t vect;
        vect.word = ((uint16_t)pre_main-1);
 df4:	2f eb       	ldi	r18, 0xBF	; 191
 df6:	c2 2e       	mov	r12, r18
 df8:	26 e0       	ldi	r18, 0x06	; 6
 dfa:	d2 2e       	mov	r13, r18
        // an RJMP instruction is 0b1100xxxx xxxxxxxx, so we should be able to
        // do math on the offsets without masking it off first.
        // Note that rjmp is relative to the already incremented PC, so the
        //  offset is one less than you might expect.
        buff.bptr[0] = vect.bytes[0]; // rjmp to start of bootloader
        buff.bptr[1] = vect.bytes[1] | 0xC0;  // make an "rjmp"
 dfc:	8d 2d       	mov	r24, r13
 dfe:	80 6c       	ori	r24, 0xC0	; 192
 e00:	88 2e       	mov	r8, r24
#endif

  /* Forever loop: exits by causing WDT reset */
  for (;;) {
    /* get character from UART */
    ch = getch();
 e02:	bf d0       	rcall	.+382    	; 0xf82 <getch>

    if (ch == STK_GET_PARAMETER) {
 e04:	81 34       	cpi	r24, 0x41	; 65
 e06:	51 f4       	brne	.+20     	; 0xe1c <main+0x98>
      unsigned char which = getch();
 e08:	bc d0       	rcall	.+376    	; 0xf82 <getch>
 e0a:	18 2f       	mov	r17, r24
      verifySpace();
 e0c:	cb d0       	rcall	.+406    	; 0xfa4 <verifySpace>
       * Send optiboot version as "SW version"
       * Note that the references to memory are optimized away.
       */
      if (which == STK_SW_MINOR) {
        putch(optiboot_version & 0xFF);
      } else if (which == STK_SW_MAJOR) {
 e0e:	11 38       	cpi	r17, 0x81	; 129
 e10:	11 f0       	breq	.+4      	; 0xe16 <main+0x92>
      /*
       * Send optiboot version as "SW version"
       * Note that the references to memory are optimized away.
       */
      if (which == STK_SW_MINOR) {
        putch(optiboot_version & 0xFF);
 e12:	83 e0       	ldi	r24, 0x03	; 3
 e14:	01 c0       	rjmp	.+2      	; 0xe18 <main+0x94>
      } else if (which == STK_SW_MAJOR) {
        putch(optiboot_version >> 8);
 e16:	88 e0       	ldi	r24, 0x08	; 8
 e18:	ad d0       	rcall	.+346    	; 0xf74 <putch>
 e1a:	a9 c0       	rjmp	.+338    	; 0xf6e <main+0x1ea>
         * other parameters - enough to keep Avrdude happy
         */
        putch(0x03);
      }
    }
    else if (ch == STK_SET_DEVICE) {
 e1c:	82 34       	cpi	r24, 0x42	; 66
 e1e:	11 f4       	brne	.+4      	; 0xe24 <main+0xa0>
      // SET DEVICE is ignored
      getNch(20);
 e20:	84 e1       	ldi	r24, 0x14	; 20
 e22:	03 c0       	rjmp	.+6      	; 0xe2a <main+0xa6>
    }
    else if (ch == STK_SET_DEVICE_EXT) {
 e24:	85 34       	cpi	r24, 0x45	; 69
 e26:	19 f4       	brne	.+6      	; 0xe2e <main+0xaa>
      // SET DEVICE EXT is ignored
      getNch(5);
 e28:	85 e0       	ldi	r24, 0x05	; 5
 e2a:	c4 d0       	rcall	.+392    	; 0xfb4 <getNch>
 e2c:	a0 c0       	rjmp	.+320    	; 0xf6e <main+0x1ea>
    }
    else if (ch == STK_LOAD_ADDRESS) {
 e2e:	85 35       	cpi	r24, 0x55	; 85
 e30:	39 f4       	brne	.+14     	; 0xe40 <main+0xbc>
      // LOAD ADDRESS
      address.bytes[0] = getch();
 e32:	a7 d0       	rcall	.+334    	; 0xf82 <getch>
 e34:	c8 2f       	mov	r28, r24
      address.bytes[1] = getch();
 e36:	a5 d0       	rcall	.+330    	; 0xf82 <getch>
 e38:	d8 2f       	mov	r29, r24
      }
      else {
        RAMPZ &= 0xFE;
      }
#endif
      address.word *= 2; // Convert from word address to byte address
 e3a:	cc 0f       	add	r28, r28
 e3c:	dd 1f       	adc	r29, r29
 e3e:	96 c0       	rjmp	.+300    	; 0xf6c <main+0x1e8>
      verifySpace();
    }
    else if (ch == STK_UNIVERSAL) {
 e40:	86 35       	cpi	r24, 0x56	; 86
 e42:	21 f4       	brne	.+8      	; 0xe4c <main+0xc8>
        getNch(3);
        putch(0x00);
      }
#else
      // UNIVERSAL command is ignored
      getNch(4);
 e44:	84 e0       	ldi	r24, 0x04	; 4
 e46:	b6 d0       	rcall	.+364    	; 0xfb4 <getNch>
      putch(0x00);
 e48:	80 e0       	ldi	r24, 0x00	; 0
 e4a:	e6 cf       	rjmp	.-52     	; 0xe18 <main+0x94>
#endif
    }
    /* Write memory, length is big endian and is in bytes */
    else if (ch == STK_PROG_PAGE) {
 e4c:	84 36       	cpi	r24, 0x64	; 100
 e4e:	09 f0       	breq	.+2      	; 0xe52 <main+0xce>
 e50:	57 c0       	rjmp	.+174    	; 0xf00 <main+0x17c>
      // PROGRAM PAGE - we support flash programming only, not EEPROM
      uint8_t desttype;
      uint8_t *bufPtr;
      pagelen_t savelength;

      GETLENGTH(length);
 e52:	97 d0       	rcall	.+302    	; 0xf82 <getch>
 e54:	96 d0       	rcall	.+300    	; 0xf82 <getch>
 e56:	b8 2e       	mov	r11, r24
      savelength = length;
      desttype = getch();
 e58:	94 d0       	rcall	.+296    	; 0xf82 <getch>
 e5a:	78 2e       	mov	r7, r24
 e5c:	00 e0       	ldi	r16, 0x00	; 0
 e5e:	11 e0       	ldi	r17, 0x01	; 1

      // read a page worth of contents
      bufPtr = buff.bptr;
      do *bufPtr++ = getch();
 e60:	90 d0       	rcall	.+288    	; 0xf82 <getch>
 e62:	f8 01       	movw	r30, r16
 e64:	81 93       	st	Z+, r24
 e66:	8f 01       	movw	r16, r30
      while (--length);
 e68:	be 12       	cpse	r11, r30
 e6a:	fa cf       	rjmp	.-12     	; 0xe60 <main+0xdc>

      // Read command terminator, start reply
      verifySpace();
 e6c:	9b d0       	rcall	.+310    	; 0xfa4 <verifySpace>
    {
#endif
/*
 * AVR with 2-byte ISR Vectors and rjmp
 */
      if (address.word == rstVect0) {
 e6e:	20 97       	sbiw	r28, 0x00	; 0
 e70:	69 f4       	brne	.+26     	; 0xe8c <main+0x108>
        // This is the reset vector page. We need to live-patch
        // the code so the bootloader runs first.
        //
        // Move RESET vector to 'save' vector
        // Save jmp targets (for "Verify")
        rstVect0_sav = buff.bptr[rstVect0];
 e72:	80 91 00 01 	lds	r24, 0x0100	; 0x800100 <__RAM__+0x100>
 e76:	80 93 24 01 	sts	0x0124, r24	; 0x800124 <__RAM__+0x124>
        rstVect1_sav = buff.bptr[rstVect1];
 e7a:	80 91 01 01 	lds	r24, 0x0101	; 0x800101 <__RAM__+0x101>
 e7e:	80 93 25 01 	sts	0x0125, r24	; 0x800125 <__RAM__+0x125>
        // Instruction is a relative jump (rjmp), so recalculate.
        // an RJMP instruction is 0b1100xxxx xxxxxxxx, so we should be able to
        // do math on the offsets without masking it off first.
        // Note that rjmp is relative to the already incremented PC, so the
        //  offset is one less than you might expect.
        buff.bptr[0] = vect.bytes[0]; // rjmp to start of bootloader
 e82:	c0 92 00 01 	sts	0x0100, r12	; 0x800100 <__RAM__+0x100>
        buff.bptr[1] = vect.bytes[1] | 0xC0;  // make an "rjmp"
 e86:	80 92 01 01 	sts	0x0101, r8	; 0x800101 <__RAM__+0x101>
 e8a:	19 c0       	rjmp	.+50     	; 0xebe <main+0x13a>
#if (SAVVEC_ADDRESS != RSTVEC_ADDRESS)
      } else if (address.word == SAVVEC_ADDRESS) {
 e8c:	c0 31       	cpi	r28, 0x10	; 16
 e8e:	d1 05       	cpc	r29, r1
 e90:	b1 f4       	brne	.+44     	; 0xebe <main+0x13a>
        addr16_t vect;
        vect.bytes[0] = rstVect0_sav;
 e92:	e0 90 24 01 	lds	r14, 0x0124	; 0x800124 <__RAM__+0x124>
        vect.bytes[1] = rstVect1_sav;
 e96:	f0 90 25 01 	lds	r15, 0x0125	; 0x800125 <__RAM__+0x125>
        // Save old values for Verify
        saveVect0_sav = buff.bptr[saveVect0 - SAVVEC_ADDRESS];
 e9a:	80 91 0c 01 	lds	r24, 0x010C	; 0x80010c <__RAM__+0x10c>
 e9e:	80 93 26 01 	sts	0x0126, r24	; 0x800126 <__RAM__+0x126>
        saveVect1_sav = buff.bptr[saveVect1 - SAVVEC_ADDRESS];
 ea2:	80 91 0d 01 	lds	r24, 0x010D	; 0x80010d <__RAM__+0x10d>
 ea6:	80 93 27 01 	sts	0x0127, r24	; 0x800127 <__RAM__+0x127>

        vect.word = (vect.word-save_vect_num); //substract 'save' interrupt position
 eaa:	fe e0       	ldi	r31, 0x0E	; 14
 eac:	ef 1a       	sub	r14, r31
 eae:	f1 08       	sbc	r15, r1
        // Move RESET jmp target to 'save' vector
        buff.bptr[saveVect0 - SAVVEC_ADDRESS] = vect.bytes[0];
 eb0:	e0 92 0c 01 	sts	0x010C, r14	; 0x80010c <__RAM__+0x10c>
        buff.bptr[saveVect1 - SAVVEC_ADDRESS] = (vect.bytes[1] & 0x0F)| 0xC0;  // make an "rjmp"
 eb4:	8f 2d       	mov	r24, r15
 eb6:	8f 70       	andi	r24, 0x0F	; 15
 eb8:	80 6c       	ori	r24, 0xC0	; 192
 eba:	80 93 0d 01 	sts	0x010D, r24	; 0x80010d <__RAM__+0x10d>
 * void writebuffer(memtype, buffer, address, length)
 */
static inline void writebuffer(int8_t memtype, addr16_t mybuff,
                               addr16_t address, pagelen_t len)
{
  switch (memtype) {
 ebe:	85 e4       	ldi	r24, 0x45	; 69
 ec0:	78 12       	cpse	r7, r24
 ec2:	01 c0       	rjmp	.+2      	; 0xec6 <main+0x142>
 ec4:	ff cf       	rjmp	.-2      	; 0xec4 <main+0x140>
       * used to be code to do this while receiving the data over
       * the serial link, but the performance improvement was slight,
       * and we needed the space back.
       */
#ifdef FOURPAGEERASE
      if ((address.bytes[0] & ((SPM_PAGESIZE<<2)-1))==0) {
 ec6:	8c 2f       	mov	r24, r28
 ec8:	8f 73       	andi	r24, 0x3F	; 63
 eca:	39 f4       	brne	.+14     	; 0xeda <main+0x156>
#endif
        __boot_page_erase_short(address.word);
 ecc:	83 e0       	ldi	r24, 0x03	; 3
 ece:	fe 01       	movw	r30, r28
 ed0:	87 bf       	out	0x37, r24	; 55
 ed2:	e8 95       	spm
        boot_spm_busy_wait();
 ed4:	07 b6       	in	r0, 0x37	; 55
 ed6:	00 fc       	sbrc	r0, 0
 ed8:	fd cf       	rjmp	.-6      	; 0xed4 <main+0x150>
       * used to be code to do this while receiving the data over
       * the serial link, but the performance improvement was slight,
       * and we needed the space back.
       */
#ifdef FOURPAGEERASE
      if ((address.bytes[0] & ((SPM_PAGESIZE<<2)-1))==0) {
 eda:	fe 01       	movw	r30, r28
 edc:	a0 e0       	ldi	r26, 0x00	; 0
 ede:	b1 e0       	ldi	r27, 0x01	; 1

      /*
       * Copy data from the buffer into the flash write buffer.
       */
      do {
        __boot_page_fill_short((uint16_t)(void*)addrPtr, *(mybuff.wptr++));
 ee0:	8d 91       	ld	r24, X+
 ee2:	9d 91       	ld	r25, X+
 ee4:	0c 01       	movw	r0, r24
 ee6:	a7 be       	out	0x37, r10	; 55
 ee8:	e8 95       	spm
 eea:	11 24       	eor	r1, r1
        addrPtr += 2;
 eec:	32 96       	adiw	r30, 0x02	; 2
      } while (len -= 2);
 eee:	ba 12       	cpse	r11, r26
 ef0:	f7 cf       	rjmp	.-18     	; 0xee0 <main+0x15c>

      /*
       * Actually Write the buffer to flash (and wait for it to finish.)
       */
      __boot_page_write_short(address.word);
 ef2:	fe 01       	movw	r30, r28
 ef4:	97 be       	out	0x37, r9	; 55
 ef6:	e8 95       	spm
      boot_spm_busy_wait();
 ef8:	07 b6       	in	r0, 0x37	; 55
 efa:	00 fc       	sbrc	r0, 0
 efc:	fd cf       	rjmp	.-6      	; 0xef8 <main+0x174>
 efe:	37 c0       	rjmp	.+110    	; 0xf6e <main+0x1ea>
      writebuffer(desttype, buff, address, savelength);


    }
/* Read memory block mode, length is big endian.  */
    else if (ch == STK_READ_PAGE) {
 f00:	84 37       	cpi	r24, 0x74	; 116
 f02:	39 f5       	brne	.+78     	; 0xf52 <main+0x1ce>
      uint8_t desttype;
      GETLENGTH(length);
 f04:	3e d0       	rcall	.+124    	; 0xf82 <getch>
 f06:	3d d0       	rcall	.+122    	; 0xf82 <getch>
 f08:	b8 2e       	mov	r11, r24

      desttype = getch();
 f0a:	3b d0       	rcall	.+118    	; 0xf82 <getch>

      verifySpace();
 f0c:	4b d0       	rcall	.+150    	; 0xfa4 <verifySpace>
 f0e:	8e 01       	movw	r16, r28
#endif
  default:
    do {
#ifdef VIRTUAL_BOOT_PARTITION
      // Undo vector patch in bottom page so verify passes
      if (address.word == rstVect0) ch = rstVect0_sav;
 f10:	01 15       	cp	r16, r1
 f12:	11 05       	cpc	r17, r1
 f14:	19 f4       	brne	.+6      	; 0xf1c <main+0x198>
 f16:	80 91 24 01 	lds	r24, 0x0124	; 0x800124 <__RAM__+0x124>
 f1a:	14 c0       	rjmp	.+40     	; 0xf44 <main+0x1c0>
      else if (address.word == rstVect1) ch = rstVect1_sav;
 f1c:	01 30       	cpi	r16, 0x01	; 1
 f1e:	11 05       	cpc	r17, r1
 f20:	19 f4       	brne	.+6      	; 0xf28 <main+0x1a4>
 f22:	80 91 25 01 	lds	r24, 0x0125	; 0x800125 <__RAM__+0x125>
 f26:	0e c0       	rjmp	.+28     	; 0xf44 <main+0x1c0>
      else if (address.word == saveVect0) ch = saveVect0_sav;
 f28:	0c 31       	cpi	r16, 0x1C	; 28
 f2a:	11 05       	cpc	r17, r1
 f2c:	19 f4       	brne	.+6      	; 0xf34 <main+0x1b0>
 f2e:	80 91 26 01 	lds	r24, 0x0126	; 0x800126 <__RAM__+0x126>
 f32:	08 c0       	rjmp	.+16     	; 0xf44 <main+0x1c0>
      else if (address.word == saveVect1) ch = saveVect1_sav;
 f34:	0d 31       	cpi	r16, 0x1D	; 29
 f36:	11 05       	cpc	r17, r1
 f38:	19 f4       	brne	.+6      	; 0xf40 <main+0x1bc>
 f3a:	80 91 27 01 	lds	r24, 0x0127	; 0x800127 <__RAM__+0x127>
 f3e:	02 c0       	rjmp	.+4      	; 0xf44 <main+0x1c0>
      else ch = pgm_read_byte_near(address.bptr);
 f40:	f8 01       	movw	r30, r16
 f42:	84 91       	lpm	r24, Z
      __asm__ ("  elpm %0,Z+\n" : "=r" (ch), "=z" (address.bptr): "1" (address));
#else
      // read a Flash byte and increment the address
      __asm__ ("  lpm %0,Z+\n" : "=r" (ch), "=z" (address.bptr): "1" (address));
#endif
      putch(ch);
 f44:	17 d0       	rcall	.+46     	; 0xf74 <putch>
    } while (--length);
 f46:	ba 94       	dec	r11
 f48:	0f 5f       	subi	r16, 0xFF	; 255
 f4a:	1f 4f       	sbci	r17, 0xFF	; 255
 f4c:	b1 10       	cpse	r11, r1
 f4e:	e0 cf       	rjmp	.-64     	; 0xf10 <main+0x18c>
 f50:	0e c0       	rjmp	.+28     	; 0xf6e <main+0x1ea>

      read_mem(desttype, address, length);
    }

/* Get device signature bytes  */
    else if (ch == STK_READ_SIGN) {
 f52:	85 37       	cpi	r24, 0x75	; 117
 f54:	39 f4       	brne	.+14     	; 0xf64 <main+0x1e0>
      // READ SIGN - return what Avrdude wants to hear
      verifySpace();
 f56:	26 d0       	rcall	.+76     	; 0xfa4 <verifySpace>
      putch(SIGNATURE_0);
 f58:	8e e1       	ldi	r24, 0x1E	; 30
 f5a:	0c d0       	rcall	.+24     	; 0xf74 <putch>
      putch(SIGNATURE_1);
 f5c:	82 e9       	ldi	r24, 0x92	; 146
 f5e:	0a d0       	rcall	.+20     	; 0xf74 <putch>
      putch(SIGNATURE_2);
 f60:	85 e1       	ldi	r24, 0x15	; 21
 f62:	5a cf       	rjmp	.-332    	; 0xe18 <main+0x94>
    }
    else if (ch == STK_LEAVE_PROGMODE) { /* 'Q' */
 f64:	81 35       	cpi	r24, 0x51	; 81
 f66:	11 f4       	brne	.+4      	; 0xf6c <main+0x1e8>
      // Adaboot no-wait mod
      watchdogConfig(WATCHDOG_16MS);
 f68:	88 e0       	ldi	r24, 0x08	; 8
 f6a:	17 d0       	rcall	.+46     	; 0xf9a <watchdogConfig>
      verifySpace();
    }
    else {
      // This covers the response to commands like STK_ENTER_PROGMODE
      verifySpace();
 f6c:	1b d0       	rcall	.+54     	; 0xfa4 <verifySpace>
    }
    putch(STK_OK);
 f6e:	80 e1       	ldi	r24, 0x10	; 16
 f70:	01 d0       	rcall	.+2      	; 0xf74 <putch>
  }
 f72:	47 cf       	rjmp	.-370    	; 0xe02 <main+0x7e>

00000f74 <putch>:
  RS485_PORT |= _BV(RS485_BIT);
# else
  RS485_PORT &= ~_BV(RS485_BIT);
# endif
#else //not RS485
  while (!(UART_SRA & _BV(UDRE0))) {  /* Spin */ }
 f74:	90 91 96 00 	lds	r25, 0x0096	; 0x800096 <__RAM__+0x96>
 f78:	95 ff       	sbrs	r25, 5
 f7a:	fc cf       	rjmp	.-8      	; 0xf74 <putch>
  UART_UDR = ch;
 f7c:	80 93 90 00 	sts	0x0090, r24	; 0x800090 <__RAM__+0x90>
 f80:	08 95       	ret

00000f82 <getch>:
    :
    "r25"
    );
#else
#ifndef LIN_UART
  while (!(UART_SRA & _BV(RXC0)))  {  /* Spin */ }
 f82:	80 91 96 00 	lds	r24, 0x0096	; 0x800096 <__RAM__+0x96>
 f86:	87 ff       	sbrs	r24, 7
 f88:	fc cf       	rjmp	.-8      	; 0xf82 <getch>
  if (!(UART_SRA & _BV(FE0))) {
 f8a:	80 91 96 00 	lds	r24, 0x0096	; 0x800096 <__RAM__+0x96>
 f8e:	84 fd       	sbrc	r24, 4
 f90:	01 c0       	rjmp	.+2      	; 0xf94 <getch+0x12>
}
#endif

// Watchdog functions. These are only safe with interrupts turned off.
void watchdogReset() {
  __asm__ __volatile__ (
 f92:	a8 95       	wdr
  while (!(LINSIR & _BV(LRXOK)))  {  /* Spin */ }
  if (!(LINSIR & _BV(LFERR))) {
    watchdogReset();  /* Eventually abort if wrong speed */
  }
#endif
  ch = UART_UDR;
 f94:	80 91 90 00 	lds	r24, 0x0090	; 0x800090 <__RAM__+0x90>
#if LED_DATA_FLASH
  toggle_led();
#endif

  return ch;
}
 f98:	08 95       	ret

00000f9a <watchdogConfig>:
  WDTCSR = _BV(WDCE) | _BV(WDE);
#else
  WDTCR= _BV(WDCE) | _BV(WDE);
#endif
#else //then it must be one of those newfangled ones that use CCP
  CCP=0xD8; //so write this magic number to CCP
 f9a:	98 ed       	ldi	r25, 0xD8	; 216
 f9c:	90 93 71 00 	sts	0x0071, r25	; 0x800071 <__RAM__+0x71>
#endif

#ifdef WDTCSR
  WDTCSR = x;
 fa0:	81 bd       	out	0x21, r24	; 33
 fa2:	08 95       	ret

00000fa4 <verifySpace>:
  do getch(); while (--count);
  verifySpace();
}

void verifySpace() {
  if (getch() != CRC_EOP) {
 fa4:	ee df       	rcall	.-36     	; 0xf82 <getch>
 fa6:	80 32       	cpi	r24, 0x20	; 32
 fa8:	19 f0       	breq	.+6      	; 0xfb0 <verifySpace+0xc>
    watchdogConfig(WATCHDOG_16MS);    // shorten WD timeout
 faa:	88 e0       	ldi	r24, 0x08	; 8
 fac:	f6 df       	rcall	.-20     	; 0xf9a <watchdogConfig>
 fae:	ff cf       	rjmp	.-2      	; 0xfae <verifySpace+0xa>
    while (1)                         // and busy-loop so that WD causes
      ;                               //  a reset and app start.
  }
  putch(STK_INSYNC);
 fb0:	84 e1       	ldi	r24, 0x14	; 20
 fb2:	e0 cf       	rjmp	.-64     	; 0xf74 <putch>

00000fb4 <getNch>:
    ::[count] "M" (UART_B_VALUE)
    );
}
#endif

void getNch(uint8_t count) {
 fb4:	cf 93       	push	r28
 fb6:	c8 2f       	mov	r28, r24
  do getch(); while (--count);
 fb8:	e4 df       	rcall	.-56     	; 0xf82 <getch>
 fba:	c1 50       	subi	r28, 0x01	; 1
 fbc:	e9 f7       	brne	.-6      	; 0xfb8 <getNch+0x4>
  verifySpace();
}
 fbe:	cf 91       	pop	r28
}
#endif

void getNch(uint8_t count) {
  do getch(); while (--count);
  verifySpace();
 fc0:	f1 cf       	rjmp	.-30     	; 0xfa4 <verifySpace>

00000fc2 <do_spm>:
 *   data=0 in WRITE
 */
static void do_spm(uint16_t address, uint8_t command, uint16_t data)  __attribute__ ((used));
static void do_spm(uint16_t address, uint8_t command, uint16_t data) {
  // Do spm stuff
  asm volatile (
 fc2:	fc 01       	movw	r30, r24
 fc4:	0a 01       	movw	r0, r20
 fc6:	67 bf       	out	0x37, r22	; 55
 fc8:	e8 95       	spm
 fca:	11 24       	eor	r1, r1
    );

  // wait for spm to complete
  //   it doesn't have much sense for __BOOT_PAGE_FILL,
  //   but it doesn't hurt and saves some bytes on 'if'
  boot_spm_busy_wait();
 fcc:	07 b6       	in	r0, 0x37	; 55
 fce:	00 fc       	sbrc	r0, 0
 fd0:	fd cf       	rjmp	.-6      	; 0xfcc <do_spm+0xa>
  if ((command & (_BV(PGWRT)|_BV(PGERS))) && (data == 0) ) {
    // Reenable read access to flash
    __boot_rww_enable_short();
  }
#endif
}
 fd2:	08 95       	ret
