
optiboot_attiny167.elf:     file format elf32-avr

Sections:
Idx Name          Size      VMA       LMA       File off  Algn
  0 .text         0000023a  00003d80  00003d80  00000074  2**0
                  CONTENTS, ALLOC, LOAD, READONLY, CODE
  1 .trampolines  00000000  00003fba  00003fba  000002ae  2**1
                  CONTENTS, ALLOC, LOAD, READONLY, CODE
  2 .version      00000002  00003ffe  00003ffe  000002ae  2**0
                  CONTENTS, ALLOC, LOAD, READONLY, DATA
  3 .comment      00000030  00000000  00000000  000002b0  2**0
                  CONTENTS, READONLY
  4 .debug_aranges 00000030  00000000  00000000  000002e0  2**0
                  CONTENTS, READONLY, DEBUGGING
  5 .debug_info   0000066f  00000000  00000000  00000310  2**0
                  CONTENTS, READONLY, DEBUGGING
  6 .debug_abbrev 000002ed  00000000  00000000  0000097f  2**0
                  CONTENTS, READONLY, DEBUGGING
  7 .debug_line   00000393  00000000  00000000  00000c6c  2**0
                  CONTENTS, READONLY, DEBUGGING
  8 .debug_frame  000000ac  00000000  00000000  00001000  2**2
                  CONTENTS, READONLY, DEBUGGING
  9 .debug_str    0000021b  00000000  00000000  000010ac  2**0
                  CONTENTS, READONLY, DEBUGGING
 10 .debug_loc    000003c0  00000000  00000000  000012c7  2**0
                  CONTENTS, READONLY, DEBUGGING
 11 .debug_ranges 00000068  00000000  00000000  00001687  2**0
                  CONTENTS, READONLY, DEBUGGING

Disassembly of section .text:

00003d80 <pre_main>:
/* everything that needs to run VERY early */
void pre_main(void) {
  // Allow convenient way of calling do_spm function - jump table, so
  //   entry to this function will always be here, independent of
  //   compilation, features etc
  asm volatile (
    3d80:	01 c0       	rjmp	.+2      	; 0x3d84 <main>
    3d82:	12 c1       	rjmp	.+548    	; 0x3fa8 <do_spm>

00003d84 <main>:
  //  SP points to RAMEND
  //  r1 contains zero
  //
  // If not, uncomment the following instructions:
  // cli();
  asm volatile ("  clr __zero_reg__");
    3d84:	11 24       	eor	r1, r1
#  warning "START_APP_ON_EXTR is defined and NO_START_APP_ON_POR isn't"
#  define APP_START_REASONS 1 /* Always start rge App. */
#  define WDRF_CLR_REASONS 0  /* Never clear WDRF */
#endif

  ch = MCUSR;
    3d86:	84 b7       	in	r24, 0x34	; 52

  // Skip all logic and run bootloader if MCUSR is cleared (application request)
  if (ch != 0) {
    3d88:	88 23       	and	r24, r24
    3d8a:	71 f0       	breq	.+28     	; 0x3da8 <main+0x24>
     * One problematic scenario: broken application code sets watchdog timer
     * without clearing MCUSR before and triggers it quickly. But it's
     * recoverable by power-on with pushed reset button.
     */

    if (APP_START_REASONS) {
    3d8c:	98 2f       	mov	r25, r24
    3d8e:	9a 70       	andi	r25, 0x0A	; 10
    3d90:	92 30       	cpi	r25, 0x02	; 2
    3d92:	51 f0       	breq	.+20     	; 0x3da8 <main+0x24>
      if (WDRF_CLR_REASONS) {
    3d94:	81 ff       	sbrs	r24, 1
    3d96:	02 c0       	rjmp	.+4      	; 0x3d9c <main+0x18>
        /*
         * Clear WDRF if it was most probably set by wdr in bootloader.
         */
        if ((uint16_t)&MCUSR > 0x1F) {
          MCUSR = ~(_BV(WDRF));   // optimize to LDI/OUT
    3d98:	97 ef       	ldi	r25, 0xF7	; 247
    3d9a:	94 bf       	out	0x34, r25	; 52
      /*
       * save the reset flags in the designated register
       * This can be saved in a main program by putting code in .init0 (which
       * executes before normal c init code) to save R2 to a global variable.
       */
      __asm__ __volatile__ ("  mov r2, %0\n" :: "r" (ch));
    3d9c:	28 2e       	mov	r2, r24

      // switch off watchdog
      watchdogConfig(WATCHDOG_OFF);
    3d9e:	80 e0       	ldi	r24, 0x00	; 0
    3da0:	ee d0       	rcall	.+476    	; 0x3f7e <watchdogConfig>
      // Note that appstart_vec is defined so that this works with either
      // real or virtual boot partitions.
      __asm__ __volatile__ (
    3da2:	e0 e2       	ldi	r30, 0x20	; 32
    3da4:	ff 27       	eor	r31, r31
    3da6:	09 94       	ijmp
#elif defined(__AVR_ATtiny25__)||defined(__AVR_ATtiny45__)||defined(__AVR_ATtiny85__)
  TCCR1 = 0x0E; //div 8196 - it's an 8-bit timer.
#elif defined(__AVR_ATtiny43__)
#error "LED flash for Tiny43 not yet supported"
#else
  TCCR1B = _BV(CS12) | _BV(CS10); // div 1024
    3da8:	85 e0       	ldi	r24, 0x05	; 5
    3daa:	80 93 81 00 	sts	0x0081, r24	; 0x800081 <__RAM__+0x81>
  UCSRC = _BV(URSEL) | _BV(UCSZ1) | _BV(UCSZ0);  // config USART; 8N1
  UBRRL = (uint8_t)BAUD_SETTING;
#else // mega8/etc
#ifdef LIN_UART
  //DDRB|=3;
  LINCR = (1 << LSWRES);
    3dae:	80 e8       	ldi	r24, 0x80	; 128
    3db0:	80 93 c8 00 	sts	0x00C8, r24	; 0x8000c8 <__RAM__+0xc8>
  //LINBRRL = (((F_CPU * 10L / 32L / BAUD_RATE) + 5L) / 10L) - 1;
  LINBRRL=(uint8_t)BAUD_SETTING;
    3db4:	80 e1       	ldi	r24, 0x10	; 16
    3db6:	80 93 cd 00 	sts	0x00CD, r24	; 0x8000cd <__RAM__+0xcd>
  LINBTR = (1 << LDISR) | (8 << LBT0); 
    3dba:	88 e8       	ldi	r24, 0x88	; 136
    3dbc:	80 93 cc 00 	sts	0x00CC, r24	; 0x8000cc <__RAM__+0xcc>
  LINCR = _BV(LENA) | _BV(LCMD2) | _BV(LCMD1) | _BV(LCMD0);
    3dc0:	8f e0       	ldi	r24, 0x0F	; 15
    3dc2:	80 93 c8 00 	sts	0x00C8, r24	; 0x8000c8 <__RAM__+0xc8>
  LINDAT=0;
    3dc6:	10 92 d2 00 	sts	0x00D2, r1	; 0x8000d2 <__RAM__+0xd2>
  RS485_PORT &= ~_BV(RS485_BIT);
  #endif
#endif

  // Set up watchdog to trigger after desired timeout
  watchdogConfig(WDTPERIOD);
    3dca:	8e e0       	ldi	r24, 0x0E	; 14
    3dcc:	d8 d0       	rcall	.+432    	; 0x3f7e <watchdogConfig>

#if (LED_START_FLASHES > 0) || LED_DATA_FLASH || LED_START_ON
  /* Set LED pin as output */
  LED_DDR |= _BV(LED);
    3dce:	0b 9a       	sbi	0x01, 3	; 1
    3dd0:	86 e0       	ldi	r24, 0x06	; 6
    TIFR = _BV(TOV1);
    while (!(TIFR & _BV(TOV1)));
#elif defined(__AVR_ATtiny43__)
#error "LED flash for Tiny43 not yet supported"
#else
    TCNT1 = -(F_CPU/(1024*16));
    3dd2:	20 e3       	ldi	r18, 0x30	; 48
    3dd4:	3c ef       	ldi	r19, 0xFC	; 252
    TIFR1 = _BV(TOV1);
    3dd6:	91 e0       	ldi	r25, 0x01	; 1
    TIFR = _BV(TOV1);
    while (!(TIFR & _BV(TOV1)));
#elif defined(__AVR_ATtiny43__)
#error "LED flash for Tiny43 not yet supported"
#else
    TCNT1 = -(F_CPU/(1024*16));
    3dd8:	30 93 85 00 	sts	0x0085, r19	; 0x800085 <__RAM__+0x85>
    3ddc:	20 93 84 00 	sts	0x0084, r18	; 0x800084 <__RAM__+0x84>
    TIFR1 = _BV(TOV1);
    3de0:	96 bb       	out	0x16, r25	; 22
    while (!(TIFR1 & _BV(TOV1)));
    3de2:	b0 9b       	sbis	0x16, 0	; 22
    3de4:	fe cf       	rjmp	.-4      	; 0x3de2 <main+0x5e>
  defined(__AVR_ATmega64__)   || defined(__AVR_ATmega128__)
  LED_PORT ^= _BV(LED);
#else
  // Newer AVRs can toggle by writing PINx.
  if (&LED_PIN <= &_SFR_IO8(0x31)) {  // "if" code optimizes away.
    LED_PIN |= _BV(LED); // becomes SBI on low ports (in theory: incorrectly)
    3de6:	03 9a       	sbi	0x00, 3	; 0
}
#endif

// Watchdog functions. These are only safe with interrupts turned off.
void watchdogReset() {
  __asm__ __volatile__ (
    3de8:	a8 95       	wdr
     *  get out of sync.  So if we see any data; stop blinking.
     */
#ifndef LIN_UART
    if (UART_SRA & _BV(RXC0))
#else
      if (LINSIR & _BV(LRXOK))
    3dea:	40 91 c9 00 	lds	r20, 0x00C9	; 0x8000c9 <__RAM__+0xc9>
    3dee:	40 fd       	sbrc	r20, 0
    3df0:	02 c0       	rjmp	.+4      	; 0x3df6 <main+0x72>
    3df2:	81 50       	subi	r24, 0x01	; 1
#else
// This doesn't seem to work?
//    if ((UART_PIN & (1<<UART_RX_BIT)) == 0)
//      break;  // detect start bit on soft uart too.
#endif
  } while (--count);
    3df4:	89 f7       	brne	.-30     	; 0x3dd8 <main+0x54>
        rstVect1_sav = buff.bptr[rstVect1];

        // Add "jump to Optiboot" at RESET vector
        // WARNING: this works as long as 'main' is in first section
        buff.bptr[rstVect0] = ((uint16_t)pre_main) & 0xFF;
        buff.bptr[rstVect1] = ((uint16_t)pre_main) >> 8;
    3df6:	80 ec       	ldi	r24, 0xC0	; 192
    3df8:	9e e1       	ldi	r25, 0x1E	; 30
    3dfa:	e9 2e       	mov	r14, r25
       * and we needed the space back.
       */
#ifdef FOURPAGEERASE
      if ((address.bytes[0] & ((SPM_PAGESIZE<<2)-1))==0) {
#endif
        __boot_page_erase_short(address.word);
    3dfc:	23 e0       	ldi	r18, 0x03	; 3
    3dfe:	b2 2e       	mov	r11, r18

      /*
       * Copy data from the buffer into the flash write buffer.
       */
      do {
        __boot_page_fill_short((uint16_t)(void*)addrPtr, *(mybuff.wptr++));
    3e00:	aa 24       	eor	r10, r10
    3e02:	a3 94       	inc	r10
      } while (len -= 2);

      /*
       * Actually Write the buffer to flash (and wait for it to finish.)
       */
      __boot_page_write_short(address.word);
    3e04:	35 e0       	ldi	r19, 0x05	; 5
        rstVect0_sav = buff.bptr[rstVect0];
        rstVect1_sav = buff.bptr[rstVect1];

        // Add "jump to Optiboot" at RESET vector
        // WARNING: this works as long as 'main' is in first section
        buff.bptr[rstVect0] = ((uint16_t)pre_main) & 0xFF;
    3e06:	93 2e       	mov	r9, r19
#endif

  /* Forever loop: exits by causing WDT reset */
  for (;;) {
    /* get character from UART */
    ch = getch();
    3e08:	6c 01       	movw	r12, r24

    if (ch == STK_GET_PARAMETER) {
    3e0a:	ad d0       	rcall	.+346    	; 0x3f66 <getch>
      unsigned char which = getch();
    3e0c:	81 34       	cpi	r24, 0x41	; 65
    3e0e:	51 f4       	brne	.+20     	; 0x3e24 <main+0xa0>
    3e10:	aa d0       	rcall	.+340    	; 0x3f66 <getch>
      verifySpace();
    3e12:	18 2f       	mov	r17, r24
    3e14:	ba d0       	rcall	.+372    	; 0x3f8a <verifySpace>
       * Send optiboot version as "SW version"
       * Note that the references to memory are optimized away.
       */
      if (which == STK_SW_MINOR) {
        putch(optiboot_version & 0xFF);
      } else if (which == STK_SW_MAJOR) {
    3e16:	11 38       	cpi	r17, 0x81	; 129
      /*
       * Send optiboot version as "SW version"
       * Note that the references to memory are optimized away.
       */
      if (which == STK_SW_MINOR) {
        putch(optiboot_version & 0xFF);
    3e18:	11 f0       	breq	.+4      	; 0x3e1e <main+0x9a>
    3e1a:	83 e0       	ldi	r24, 0x03	; 3
      } else if (which == STK_SW_MAJOR) {
        putch(optiboot_version >> 8);
    3e1c:	01 c0       	rjmp	.+2      	; 0x3e20 <main+0x9c>
    3e1e:	88 e0       	ldi	r24, 0x08	; 8
    3e20:	9b d0       	rcall	.+310    	; 0x3f58 <putch>
    3e22:	97 c0       	rjmp	.+302    	; 0x3f52 <main+0x1ce>
         * other parameters - enough to keep Avrdude happy
         */
        putch(0x03);
      }
    }
    else if (ch == STK_SET_DEVICE) {
    3e24:	82 34       	cpi	r24, 0x42	; 66
      // SET DEVICE is ignored
      getNch(20);
    3e26:	11 f4       	brne	.+4      	; 0x3e2c <main+0xa8>
    3e28:	84 e1       	ldi	r24, 0x14	; 20
    }
    else if (ch == STK_SET_DEVICE_EXT) {
    3e2a:	03 c0       	rjmp	.+6      	; 0x3e32 <main+0xae>
      // SET DEVICE EXT is ignored
      getNch(5);
    3e2c:	85 34       	cpi	r24, 0x45	; 69
    3e2e:	19 f4       	brne	.+6      	; 0x3e36 <main+0xb2>
    3e30:	85 e0       	ldi	r24, 0x05	; 5
    }
    else if (ch == STK_LOAD_ADDRESS) {
    3e32:	b3 d0       	rcall	.+358    	; 0x3f9a <getNch>
    3e34:	8e c0       	rjmp	.+284    	; 0x3f52 <main+0x1ce>
      // LOAD ADDRESS
      address.bytes[0] = getch();
    3e36:	85 35       	cpi	r24, 0x55	; 85
    3e38:	39 f4       	brne	.+14     	; 0x3e48 <main+0xc4>
    3e3a:	95 d0       	rcall	.+298    	; 0x3f66 <getch>
      address.bytes[1] = getch();
    3e3c:	c8 2f       	mov	r28, r24
    3e3e:	93 d0       	rcall	.+294    	; 0x3f66 <getch>
      }
      else {
        RAMPZ &= 0xFE;
      }
#endif
      address.word *= 2; // Convert from word address to byte address
    3e40:	d8 2f       	mov	r29, r24
    3e42:	cc 0f       	add	r28, r28
    3e44:	dd 1f       	adc	r29, r29
      verifySpace();
    }
    else if (ch == STK_UNIVERSAL) {
    3e46:	84 c0       	rjmp	.+264    	; 0x3f50 <main+0x1cc>
        getNch(3);
        putch(0x00);
      }
#else
      // UNIVERSAL command is ignored
      getNch(4);
    3e48:	86 35       	cpi	r24, 0x56	; 86
    3e4a:	21 f4       	brne	.+8      	; 0x3e54 <main+0xd0>
      putch(0x00);
    3e4c:	84 e0       	ldi	r24, 0x04	; 4
    3e4e:	a5 d0       	rcall	.+330    	; 0x3f9a <getNch>
#endif
    }
    /* Write memory, length is big endian and is in bytes */
    else if (ch == STK_PROG_PAGE) {
    3e50:	80 e0       	ldi	r24, 0x00	; 0
    3e52:	e6 cf       	rjmp	.-52     	; 0x3e20 <main+0x9c>
      // PROGRAM PAGE - we support flash programming only, not EEPROM
      uint8_t desttype;
      uint8_t *bufPtr;
      pagelen_t savelength;

      GETLENGTH(length);
    3e54:	84 36       	cpi	r24, 0x64	; 100
    3e56:	09 f0       	breq	.+2      	; 0x3e5a <main+0xd6>
    3e58:	45 c0       	rjmp	.+138    	; 0x3ee4 <main+0x160>
    3e5a:	85 d0       	rcall	.+266    	; 0x3f66 <getch>
      savelength = length;
      desttype = getch();
    3e5c:	84 d0       	rcall	.+264    	; 0x3f66 <getch>
    3e5e:	f8 2e       	mov	r15, r24
    3e60:	82 d0       	rcall	.+260    	; 0x3f66 <getch>
    3e62:	88 2e       	mov	r8, r24
    3e64:	00 e0       	ldi	r16, 0x00	; 0

      // read a page worth of contents
      bufPtr = buff.bptr;
      do *bufPtr++ = getch();
    3e66:	11 e0       	ldi	r17, 0x01	; 1
    3e68:	7e d0       	rcall	.+252    	; 0x3f66 <getch>
    3e6a:	f8 01       	movw	r30, r16
    3e6c:	81 93       	st	Z+, r24
    3e6e:	8f 01       	movw	r16, r30
      while (--length);
    3e70:	fe 12       	cpse	r15, r30
    3e72:	fa cf       	rjmp	.-12     	; 0x3e68 <main+0xe4>

      // Read command terminator, start reply
      verifySpace();
    3e74:	8a d0       	rcall	.+276    	; 0x3f8a <verifySpace>
    3e76:	20 97       	sbiw	r28, 0x00	; 0
 * WARNING: this works only up to 128KB flash!
 */
#if FLASHEND > (128*1024)
#error "Can't use VIRTUAL_BOOT_PARTITION with more than 128k of Flash"
#endif
      if (address.word == RSTVEC_ADDRESS) {
    3e78:	c1 f4       	brne	.+48     	; 0x3eaa <main+0x126>
    3e7a:	90 91 02 01 	lds	r25, 0x0102	; 0x800102 <__RAM__+0x102>
        // This is the reset vector page. We need to live-patch the
        // code so the bootloader runs first.
        //
        // Save jmp targets (for "Verify")
        rstVect0_sav = buff.bptr[rstVect0];
    3e7e:	90 93 04 02 	sts	0x0204, r25	; 0x800204 <__RAM__+0x204>
    3e82:	80 91 03 01 	lds	r24, 0x0103	; 0x800103 <__RAM__+0x103>
        rstVect1_sav = buff.bptr[rstVect1];
    3e86:	80 93 05 02 	sts	0x0205, r24	; 0x800205 <__RAM__+0x205>
    3e8a:	c0 92 02 01 	sts	0x0102, r12	; 0x800102 <__RAM__+0x102>

        // Add "jump to Optiboot" at RESET vector
        // WARNING: this works as long as 'main' is in first section
        buff.bptr[rstVect0] = ((uint16_t)pre_main) & 0xFF;
    3e8e:	e0 92 03 01 	sts	0x0103, r14	; 0x800103 <__RAM__+0x103>
        buff.bptr[rstVect1] = ((uint16_t)pre_main) >> 8;
    3e92:	20 91 42 01 	lds	r18, 0x0142	; 0x800142 <__RAM__+0x142>
        buff.bptr[saveVect0 - SAVVEC_ADDRESS] = rstVect0_sav;
        buff.bptr[saveVect1 - SAVVEC_ADDRESS] = rstVect1_sav;
      }
#else
      // Save old values for Verify
      saveVect0_sav = buff.bptr[saveVect0];
    3e96:	20 93 06 02 	sts	0x0206, r18	; 0x800206 <__RAM__+0x206>
    3e9a:	20 91 43 01 	lds	r18, 0x0143	; 0x800143 <__RAM__+0x143>
      saveVect1_sav = buff.bptr[saveVect1];
    3e9e:	20 93 07 02 	sts	0x0207, r18	; 0x800207 <__RAM__+0x207>
    3ea2:	90 93 42 01 	sts	0x0142, r25	; 0x800142 <__RAM__+0x142>

      // Move RESET jmp target to 'save' vector
      buff.bptr[saveVect0] = rstVect0_sav;
    3ea6:	80 93 43 01 	sts	0x0143, r24	; 0x800143 <__RAM__+0x143>
      buff.bptr[saveVect1] = rstVect1_sav;
    3eaa:	f5 e4       	ldi	r31, 0x45	; 69
 * void writebuffer(memtype, buffer, address, length)
 */
static inline void writebuffer(int8_t memtype, addr16_t mybuff,
                               addr16_t address, pagelen_t len)
{
  switch (memtype) {
    3eac:	8f 12       	cpse	r8, r31
    3eae:	01 c0       	rjmp	.+2      	; 0x3eb2 <main+0x12e>
    3eb0:	ff cf       	rjmp	.-2      	; 0x3eb0 <main+0x12c>
    3eb2:	fe 01       	movw	r30, r28
       * and we needed the space back.
       */
#ifdef FOURPAGEERASE
      if ((address.bytes[0] & ((SPM_PAGESIZE<<2)-1))==0) {
#endif
        __boot_page_erase_short(address.word);
    3eb4:	b7 be       	out	0x37, r11	; 55
    3eb6:	e8 95       	spm
    3eb8:	07 b6       	in	r0, 0x37	; 55
        boot_spm_busy_wait();
    3eba:	00 fc       	sbrc	r0, 0
    3ebc:	fd cf       	rjmp	.-6      	; 0x3eb8 <main+0x134>
    3ebe:	a0 e0       	ldi	r26, 0x00	; 0
    3ec0:	b1 e0       	ldi	r27, 0x01	; 1
    3ec2:	fe 01       	movw	r30, r28
    3ec4:	8d 91       	ld	r24, X+

      /*
       * Copy data from the buffer into the flash write buffer.
       */
      do {
        __boot_page_fill_short((uint16_t)(void*)addrPtr, *(mybuff.wptr++));
    3ec6:	9d 91       	ld	r25, X+
    3ec8:	0c 01       	movw	r0, r24
    3eca:	a7 be       	out	0x37, r10	; 55
    3ecc:	e8 95       	spm
    3ece:	11 24       	eor	r1, r1
        addrPtr += 2;
      } while (len -= 2);
    3ed0:	32 96       	adiw	r30, 0x02	; 2

      /*
       * Actually Write the buffer to flash (and wait for it to finish.)
       */
      __boot_page_write_short(address.word);
    3ed2:	fa 12       	cpse	r15, r26
    3ed4:	f7 cf       	rjmp	.-18     	; 0x3ec4 <main+0x140>
    3ed6:	fe 01       	movw	r30, r28
      boot_spm_busy_wait();
    3ed8:	97 be       	out	0x37, r9	; 55
    3eda:	e8 95       	spm
    3edc:	07 b6       	in	r0, 0x37	; 55
    3ede:	00 fc       	sbrc	r0, 0
      writebuffer(desttype, buff, address, savelength);


    }
/* Read memory block mode, length is big endian.  */
    else if (ch == STK_READ_PAGE) {
    3ee0:	fd cf       	rjmp	.-6      	; 0x3edc <main+0x158>
    3ee2:	37 c0       	rjmp	.+110    	; 0x3f52 <main+0x1ce>
      uint8_t desttype;
      GETLENGTH(length);
    3ee4:	84 37       	cpi	r24, 0x74	; 116
    3ee6:	39 f5       	brne	.+78     	; 0x3f36 <main+0x1b2>
    3ee8:	3e d0       	rcall	.+124    	; 0x3f66 <getch>
    3eea:	3d d0       	rcall	.+122    	; 0x3f66 <getch>
    3eec:	f8 2e       	mov	r15, r24

      desttype = getch();
    3eee:	3b d0       	rcall	.+118    	; 0x3f66 <getch>
    3ef0:	4c d0       	rcall	.+152    	; 0x3f8a <verifySpace>

      verifySpace();
    3ef2:	8e 01       	movw	r16, r28
    3ef4:	02 30       	cpi	r16, 0x02	; 2
    3ef6:	11 05       	cpc	r17, r1
#endif
  default:
    do {
#ifdef VIRTUAL_BOOT_PARTITION
      // Undo vector patch in bottom page so verify passes
      if (address.word == rstVect0) ch = rstVect0_sav;
    3ef8:	19 f4       	brne	.+6      	; 0x3f00 <main+0x17c>
    3efa:	80 91 04 02 	lds	r24, 0x0204	; 0x800204 <__RAM__+0x204>
    3efe:	14 c0       	rjmp	.+40     	; 0x3f28 <main+0x1a4>
    3f00:	03 30       	cpi	r16, 0x03	; 3
    3f02:	11 05       	cpc	r17, r1
      else if (address.word == rstVect1) ch = rstVect1_sav;
    3f04:	19 f4       	brne	.+6      	; 0x3f0c <main+0x188>
    3f06:	80 91 05 02 	lds	r24, 0x0205	; 0x800205 <__RAM__+0x205>
    3f0a:	0e c0       	rjmp	.+28     	; 0x3f28 <main+0x1a4>
    3f0c:	02 34       	cpi	r16, 0x42	; 66
      else if (address.word == saveVect0) ch = saveVect0_sav;
    3f0e:	11 05       	cpc	r17, r1
    3f10:	19 f4       	brne	.+6      	; 0x3f18 <main+0x194>
    3f12:	80 91 06 02 	lds	r24, 0x0206	; 0x800206 <__RAM__+0x206>
    3f16:	08 c0       	rjmp	.+16     	; 0x3f28 <main+0x1a4>
      else if (address.word == saveVect1) ch = saveVect1_sav;
    3f18:	03 34       	cpi	r16, 0x43	; 67
    3f1a:	11 05       	cpc	r17, r1
    3f1c:	19 f4       	brne	.+6      	; 0x3f24 <main+0x1a0>
    3f1e:	80 91 07 02 	lds	r24, 0x0207	; 0x800207 <__RAM__+0x207>
      else ch = pgm_read_byte_near(address.bptr);
    3f22:	02 c0       	rjmp	.+4      	; 0x3f28 <main+0x1a4>
      __asm__ ("  elpm %0,Z+\n" : "=r" (ch), "=z" (address.bptr): "1" (address));
#else
      // read a Flash byte and increment the address
      __asm__ ("  lpm %0,Z+\n" : "=r" (ch), "=z" (address.bptr): "1" (address));
#endif
      putch(ch);
    3f24:	f8 01       	movw	r30, r16
    } while (--length);
    3f26:	84 91       	lpm	r24, Z
    3f28:	17 d0       	rcall	.+46     	; 0x3f58 <putch>
    3f2a:	fa 94       	dec	r15
    3f2c:	0f 5f       	subi	r16, 0xFF	; 255
    3f2e:	1f 4f       	sbci	r17, 0xFF	; 255

      read_mem(desttype, address, length);
    }

/* Get device signature bytes  */
    else if (ch == STK_READ_SIGN) {
    3f30:	f1 10       	cpse	r15, r1
    3f32:	e0 cf       	rjmp	.-64     	; 0x3ef4 <main+0x170>
      // READ SIGN - return what Avrdude wants to hear
      verifySpace();
    3f34:	0e c0       	rjmp	.+28     	; 0x3f52 <main+0x1ce>
    3f36:	85 37       	cpi	r24, 0x75	; 117
      putch(SIGNATURE_0);
    3f38:	39 f4       	brne	.+14     	; 0x3f48 <main+0x1c4>
    3f3a:	27 d0       	rcall	.+78     	; 0x3f8a <verifySpace>
    3f3c:	8e e1       	ldi	r24, 0x1E	; 30
      putch(SIGNATURE_1);
    3f3e:	0c d0       	rcall	.+24     	; 0x3f58 <putch>
    3f40:	84 e9       	ldi	r24, 0x94	; 148
    3f42:	0a d0       	rcall	.+20     	; 0x3f58 <putch>
      putch(SIGNATURE_2);
    3f44:	87 e8       	ldi	r24, 0x87	; 135
    3f46:	6c cf       	rjmp	.-296    	; 0x3e20 <main+0x9c>
    }
    else if (ch == STK_LEAVE_PROGMODE) { /* 'Q' */
    3f48:	81 35       	cpi	r24, 0x51	; 81
    3f4a:	11 f4       	brne	.+4      	; 0x3f50 <main+0x1cc>
      // Adaboot no-wait mod
      watchdogConfig(WATCHDOG_16MS);
    3f4c:	88 e0       	ldi	r24, 0x08	; 8
    3f4e:	17 d0       	rcall	.+46     	; 0x3f7e <watchdogConfig>
    3f50:	1c d0       	rcall	.+56     	; 0x3f8a <verifySpace>
      verifySpace();
    }
    else {
      // This covers the response to commands like STK_ENTER_PROGMODE
      verifySpace();
    3f52:	80 e1       	ldi	r24, 0x10	; 16
    3f54:	01 d0       	rcall	.+2      	; 0x3f58 <putch>
    }
    putch(STK_OK);
    3f56:	59 cf       	rjmp	.-334    	; 0x3e0a <main+0x86>

00003f58 <putch>:
    3f58:	90 91 c9 00 	lds	r25, 0x00C9	; 0x8000c9 <__RAM__+0xc9>
  }
    3f5c:	91 ff       	sbrs	r25, 1
#else //not RS485
  while (!(UART_SRA & _BV(UDRE0))) {  /* Spin */ }
  UART_UDR = ch;
#endif
#else //is LIN UART
  while (!(LINSIR & _BV(LTXOK)))   {  /* Spin */ }
    3f5e:	fc cf       	rjmp	.-8      	; 0x3f58 <putch>
  UART_UDR = ch;
    3f60:	80 93 d2 00 	sts	0x00D2, r24	; 0x8000d2 <__RAM__+0xd2>
    3f64:	08 95       	ret

00003f66 <getch>:
     * don't care that an invalid char is returned...)
     */
    watchdogReset();
  }
#else
  while (!(LINSIR & _BV(LRXOK)))  {  /* Spin */ }
    3f66:	80 91 c9 00 	lds	r24, 0x00C9	; 0x8000c9 <__RAM__+0xc9>
    3f6a:	80 ff       	sbrs	r24, 0
    3f6c:	fc cf       	rjmp	.-8      	; 0x3f66 <getch>
  if (!(LINSIR & _BV(LFERR))) {
    3f6e:	80 91 c9 00 	lds	r24, 0x00C9	; 0x8000c9 <__RAM__+0xc9>
    3f72:	84 fd       	sbrc	r24, 4
    3f74:	01 c0       	rjmp	.+2      	; 0x3f78 <getch+0x12>
}
#endif

// Watchdog functions. These are only safe with interrupts turned off.
void watchdogReset() {
  __asm__ __volatile__ (
    3f76:	a8 95       	wdr
  while (!(LINSIR & _BV(LRXOK)))  {  /* Spin */ }
  if (!(LINSIR & _BV(LFERR))) {
    watchdogReset();  /* Eventually abort if wrong speed */
  }
#endif
  ch = UART_UDR;
    3f78:	80 91 d2 00 	lds	r24, 0x00D2	; 0x8000d2 <__RAM__+0xd2>
#if LED_DATA_FLASH
  toggle_led();
#endif

  return ch;
}
    3f7c:	08 95       	ret

00003f7e <watchdogConfig>:
void watchdogConfig(uint8_t x) {
#ifdef WDCE //does it have a Watchdog Change Enable?
#ifdef WDTCSR
  WDTCSR = _BV(WDCE) | _BV(WDE);
#else
  WDTCR= _BV(WDCE) | _BV(WDE);
    3f7e:	e0 e6       	ldi	r30, 0x60	; 96
    3f80:	f0 e0       	ldi	r31, 0x00	; 0
    3f82:	98 e1       	ldi	r25, 0x18	; 24
    3f84:	90 83       	st	Z, r25
#endif

#ifdef WDTCSR
  WDTCSR = x;
#else
  WDTCR= x;
    3f86:	80 83       	st	Z, r24
    3f88:	08 95       	ret

00003f8a <verifySpace>:
  do getch(); while (--count);
  verifySpace();
}

void verifySpace() {
  if (getch() != CRC_EOP) {
    3f8a:	ed df       	rcall	.-38     	; 0x3f66 <getch>
    3f8c:	80 32       	cpi	r24, 0x20	; 32
    3f8e:	19 f0       	breq	.+6      	; 0x3f96 <verifySpace+0xc>
    watchdogConfig(WATCHDOG_16MS);    // shorten WD timeout
    3f90:	88 e0       	ldi	r24, 0x08	; 8
    3f92:	f5 df       	rcall	.-22     	; 0x3f7e <watchdogConfig>
    3f94:	ff cf       	rjmp	.-2      	; 0x3f94 <verifySpace+0xa>
    while (1)                         // and busy-loop so that WD causes
      ;                               //  a reset and app start.
  }
  putch(STK_INSYNC);
    3f96:	84 e1       	ldi	r24, 0x14	; 20
    3f98:	df cf       	rjmp	.-66     	; 0x3f58 <putch>

00003f9a <getNch>:
    ::[count] "M" (UART_B_VALUE)
    );
}
#endif

void getNch(uint8_t count) {
    3f9a:	cf 93       	push	r28
    3f9c:	c8 2f       	mov	r28, r24
  do getch(); while (--count);
    3f9e:	e3 df       	rcall	.-58     	; 0x3f66 <getch>
    3fa0:	c1 50       	subi	r28, 0x01	; 1
    3fa2:	e9 f7       	brne	.-6      	; 0x3f9e <getNch+0x4>
  verifySpace();
}
    3fa4:	cf 91       	pop	r28
}
#endif

void getNch(uint8_t count) {
  do getch(); while (--count);
  verifySpace();
    3fa6:	f1 cf       	rjmp	.-30     	; 0x3f8a <verifySpace>

00003fa8 <do_spm>:
    3fa8:	fc 01       	movw	r30, r24
 *   data=0 in WRITE
 */
static void do_spm(uint16_t address, uint8_t command, uint16_t data)  __attribute__ ((used));
static void do_spm(uint16_t address, uint8_t command, uint16_t data) {
  // Do spm stuff
  asm volatile (
    3faa:	0a 01       	movw	r0, r20
    3fac:	67 bf       	out	0x37, r22	; 55
    3fae:	e8 95       	spm
    3fb0:	11 24       	eor	r1, r1
    3fb2:	07 b6       	in	r0, 0x37	; 55
    );

  // wait for spm to complete
  //   it doesn't have much sense for __BOOT_PAGE_FILL,
  //   but it doesn't hurt and saves some bytes on 'if'
  boot_spm_busy_wait();
    3fb4:	00 fc       	sbrc	r0, 0
    3fb6:	fd cf       	rjmp	.-6      	; 0x3fb2 <do_spm+0xa>
    3fb8:	08 95       	ret
