
optiboot_attiny1634.elf:     file format elf32-avr

Sections:
Idx Name          Size      VMA       LMA       File off  Algn
  0 .text         00000236  00003d80  00003d80  00000074  2**0
                  CONTENTS, ALLOC, LOAD, READONLY, CODE
  1 .trampolines  00000000  00003fb6  00003fb6  000002aa  2**1
                  CONTENTS, ALLOC, LOAD, READONLY, CODE
  2 .version      00000002  00003ffe  00003ffe  000002aa  2**0
                  CONTENTS, ALLOC, LOAD, READONLY, DATA
  3 .comment      00000030  00000000  00000000  000002ac  2**0
                  CONTENTS, READONLY
  4 .debug_aranges 00000030  00000000  00000000  000002dc  2**0
                  CONTENTS, READONLY, DEBUGGING
  5 .debug_info   0000066b  00000000  00000000  0000030c  2**0
                  CONTENTS, READONLY, DEBUGGING
  6 .debug_abbrev 000002ed  00000000  00000000  00000977  2**0
                  CONTENTS, READONLY, DEBUGGING
  7 .debug_line   000003b2  00000000  00000000  00000c64  2**0
                  CONTENTS, READONLY, DEBUGGING
  8 .debug_frame  000000ac  00000000  00000000  00001018  2**2
                  CONTENTS, READONLY, DEBUGGING
  9 .debug_str    0000021b  00000000  00000000  000010c4  2**0
                  CONTENTS, READONLY, DEBUGGING
 10 .debug_loc    00000394  00000000  00000000  000012df  2**0
                  CONTENTS, READONLY, DEBUGGING
 11 .debug_ranges 00000068  00000000  00000000  00001673  2**0
                  CONTENTS, READONLY, DEBUGGING

Disassembly of section .text:

00003d80 <pre_main>:
/* everything that needs to run VERY early */
void pre_main(void) {
  // Allow convenient way of calling do_spm function - jump table, so
  //   entry to this function will always be here, independent of
  //   compilation, features etc
  asm volatile (
    3d80:	01 c0       	rjmp	.+2      	; 0x3d84 <main>
    3d82:	10 c1       	rjmp	.+544    	; 0x3fa4 <do_spm>

00003d84 <main>:
  //  SP points to RAMEND
  //  r1 contains zero
  //
  // If not, uncomment the following instructions:
  // cli();
  asm volatile ("  clr __zero_reg__");
    3d84:	11 24       	eor	r1, r1
#  warning "START_APP_ON_EXTR is defined and NO_START_APP_ON_POR isn't"
#  define APP_START_REASONS 1 /* Always start rge App. */
#  define WDRF_CLR_REASONS 0  /* Never clear WDRF */
#endif

  ch = MCUSR;
    3d86:	85 b7       	in	r24, 0x35	; 53

  // Skip all logic and run bootloader if MCUSR is cleared (application request)
  if (ch != 0) {
    3d88:	88 23       	and	r24, r24
    3d8a:	71 f0       	breq	.+28     	; 0x3da8 <main+0x24>
     * One problematic scenario: broken application code sets watchdog timer
     * without clearing MCUSR before and triggers it quickly. But it's
     * recoverable by power-on with pushed reset button.
     */

    if (APP_START_REASONS) {
    3d8c:	98 2f       	mov	r25, r24
    3d8e:	9a 70       	andi	r25, 0x0A	; 10
    3d90:	92 30       	cpi	r25, 0x02	; 2
    3d92:	51 f0       	breq	.+20     	; 0x3da8 <main+0x24>
      if (WDRF_CLR_REASONS) {
    3d94:	81 ff       	sbrs	r24, 1
    3d96:	02 c0       	rjmp	.+4      	; 0x3d9c <main+0x18>
        /*
         * Clear WDRF if it was most probably set by wdr in bootloader.
         */
        if ((uint16_t)&MCUSR > 0x1F) {
          MCUSR = ~(_BV(WDRF));   // optimize to LDI/OUT
    3d98:	97 ef       	ldi	r25, 0xF7	; 247
    3d9a:	95 bf       	out	0x35, r25	; 53
      /*
       * save the reset flags in the designated register
       * This can be saved in a main program by putting code in .init0 (which
       * executes before normal c init code) to save R2 to a global variable.
       */
      __asm__ __volatile__ ("  mov r2, %0\n" :: "r" (ch));
    3d9c:	28 2e       	mov	r2, r24

      // switch off watchdog
      watchdogConfig(WATCHDOG_OFF);
    3d9e:	80 e0       	ldi	r24, 0x00	; 0
    3da0:	ee d0       	rcall	.+476    	; 0x3f7e <watchdogConfig>
      // Note that appstart_vec is defined so that this works with either
      // real or virtual boot partitions.
      __asm__ __volatile__ (
    3da2:	e4 e3       	ldi	r30, 0x34	; 52
    3da4:	ff 27       	eor	r31, r31
    3da6:	09 94       	ijmp
#elif defined(__AVR_ATtiny25__)||defined(__AVR_ATtiny45__)||defined(__AVR_ATtiny85__)
  TCCR1 = 0x0E; //div 8196 - it's an 8-bit timer.
#elif defined(__AVR_ATtiny43__)
#error "LED flash for Tiny43 not yet supported"
#else
  TCCR1B = _BV(CS12) | _BV(CS10); // div 1024
    3da8:	85 e0       	ldi	r24, 0x05	; 5
    3daa:	80 93 71 00 	sts	0x0071, r24	; 0x800071 <__RAM__+0x71>
  LINBTR = (1 << LDISR) | (8 << LBT0); 
  LINCR = _BV(LENA) | _BV(LCMD2) | _BV(LCMD1) | _BV(LCMD0);
  LINDAT=0;
#else
#if (SINGLESPEED == 0)
  UART_SRA = _BV(U2X0); //Double speed mode USART0
    3dae:	82 e0       	ldi	r24, 0x02	; 2
    3db0:	86 bd       	out	0x26, r24	; 38
#endif
  UART_SRB = _BV(RXEN0) | _BV(TXEN0);
    3db2:	88 e1       	ldi	r24, 0x18	; 24
    3db4:	85 bd       	out	0x25, r24	; 37
  UART_SRC = _BV(UCSZ00) | _BV(UCSZ01);
    3db6:	86 e0       	ldi	r24, 0x06	; 6
    3db8:	84 bd       	out	0x24, r24	; 36
  UART_SRL = (uint8_t)BAUD_SETTING;
    3dba:	80 e1       	ldi	r24, 0x10	; 16
    3dbc:	81 bd       	out	0x21, r24	; 33
  RS485_PORT &= ~_BV(RS485_BIT);
  #endif
#endif

  // Set up watchdog to trigger after desired timeout
  watchdogConfig(WDTPERIOD);
    3dbe:	8e e0       	ldi	r24, 0x0E	; 14
    3dc0:	de d0       	rcall	.+444    	; 0x3f7e <watchdogConfig>

#if (LED_START_FLASHES > 0) || LED_DATA_FLASH || LED_START_ON
  /* Set LED pin as output */
  LED_DDR |= _BV(LED);
    3dc2:	40 9a       	sbi	0x08, 0	; 8
    3dc4:	86 e0       	ldi	r24, 0x06	; 6
    TIFR = _BV(TOV1);
    while (!(TIFR & _BV(TOV1)));
#elif defined(__AVR_ATtiny43__)
#error "LED flash for Tiny43 not yet supported"
#else
    TCNT1 = -(F_CPU/(1024*16));
    3dc6:	20 e3       	ldi	r18, 0x30	; 48
    3dc8:	3c ef       	ldi	r19, 0xFC	; 252
    TIFR1 = _BV(TOV1);
    3dca:	90 e8       	ldi	r25, 0x80	; 128
    TIFR = _BV(TOV1);
    while (!(TIFR & _BV(TOV1)));
#elif defined(__AVR_ATtiny43__)
#error "LED flash for Tiny43 not yet supported"
#else
    TCNT1 = -(F_CPU/(1024*16));
    3dcc:	30 93 6f 00 	sts	0x006F, r19	; 0x80006f <__RAM__+0x6f>
    3dd0:	20 93 6e 00 	sts	0x006E, r18	; 0x80006e <__RAM__+0x6e>
    TIFR1 = _BV(TOV1);
    3dd4:	99 bf       	out	0x39, r25	; 57
    while (!(TIFR1 & _BV(TOV1)));
    3dd6:	09 b6       	in	r0, 0x39	; 57
    3dd8:	07 fe       	sbrs	r0, 7
    3dda:	fd cf       	rjmp	.-6      	; 0x3dd6 <main+0x52>
  defined(__AVR_ATmega64__)   || defined(__AVR_ATmega128__)
  LED_PORT ^= _BV(LED);
#else
  // Newer AVRs can toggle by writing PINx.
  if (&LED_PIN <= &_SFR_IO8(0x31)) {  // "if" code optimizes away.
    LED_PIN |= _BV(LED); // becomes SBI on low ports (in theory: incorrectly)
    3ddc:	38 9a       	sbi	0x07, 0	; 7
}
#endif

// Watchdog functions. These are only safe with interrupts turned off.
void watchdogReset() {
  __asm__ __volatile__ (
    3dde:	a8 95       	wdr
     *  by the UART hardware, avrdude sends several attempts in rather
     *  quick succession, some of which will be lost and cause us to
     *  get out of sync.  So if we see any data; stop blinking.
     */
#ifndef LIN_UART
    if (UART_SRA & _BV(RXC0))
    3de0:	06 b4       	in	r0, 0x26	; 38
    3de2:	07 fc       	sbrc	r0, 7
    3de4:	02 c0       	rjmp	.+4      	; 0x3dea <main+0x66>
    3de6:	81 50       	subi	r24, 0x01	; 1
#else
// This doesn't seem to work?
//    if ((UART_PIN & (1<<UART_RX_BIT)) == 0)
//      break;  // detect start bit on soft uart too.
#endif
  } while (--count);
    3de8:	89 f7       	brne	.-30     	; 0x3dcc <main+0x48>
        rstVect1_sav = buff.bptr[rstVect1];

        // Add "jump to Optiboot" at RESET vector
        // WARNING: this works as long as 'main' is in first section
        buff.bptr[rstVect0] = ((uint16_t)pre_main) & 0xFF;
        buff.bptr[rstVect1] = ((uint16_t)pre_main) >> 8;
    3dea:	80 ec       	ldi	r24, 0xC0	; 192
    3dec:	9e e1       	ldi	r25, 0x1E	; 30
    3dee:	c9 2e       	mov	r12, r25

      /*
       * Copy data from the buffer into the flash write buffer.
       */
      do {
        __boot_page_fill_short((uint16_t)(void*)addrPtr, *(mybuff.wptr++));
    3df0:	bb 24       	eor	r11, r11
    3df2:	b3 94       	inc	r11
      } while (len -= 2);

      /*
       * Actually Write the buffer to flash (and wait for it to finish.)
       */
      __boot_page_write_short(address.word);
    3df4:	25 e0       	ldi	r18, 0x05	; 5
    3df6:	a2 2e       	mov	r10, r18
       * and we needed the space back.
       */
#ifdef FOURPAGEERASE
      if ((address.bytes[0] & ((SPM_PAGESIZE<<2)-1))==0) {
#endif
        __boot_page_erase_short(address.word);
    3df8:	33 e0       	ldi	r19, 0x03	; 3
        rstVect0_sav = buff.bptr[rstVect0];
        rstVect1_sav = buff.bptr[rstVect1];

        // Add "jump to Optiboot" at RESET vector
        // WARNING: this works as long as 'main' is in first section
        buff.bptr[rstVect0] = ((uint16_t)pre_main) & 0xFF;
    3dfa:	93 2e       	mov	r9, r19
#endif

  /* Forever loop: exits by causing WDT reset */
  for (;;) {
    /* get character from UART */
    ch = getch();
    3dfc:	7c 01       	movw	r14, r24

    if (ch == STK_GET_PARAMETER) {
    3dfe:	b6 d0       	rcall	.+364    	; 0x3f6c <getch>
      unsigned char which = getch();
    3e00:	81 34       	cpi	r24, 0x41	; 65
    3e02:	51 f4       	brne	.+20     	; 0x3e18 <main+0x94>
    3e04:	b3 d0       	rcall	.+358    	; 0x3f6c <getch>
      verifySpace();
    3e06:	18 2f       	mov	r17, r24
    3e08:	be d0       	rcall	.+380    	; 0x3f86 <verifySpace>
       * Send optiboot version as "SW version"
       * Note that the references to memory are optimized away.
       */
      if (which == STK_SW_MINOR) {
        putch(optiboot_version & 0xFF);
      } else if (which == STK_SW_MAJOR) {
    3e0a:	11 38       	cpi	r17, 0x81	; 129
      /*
       * Send optiboot version as "SW version"
       * Note that the references to memory are optimized away.
       */
      if (which == STK_SW_MINOR) {
        putch(optiboot_version & 0xFF);
    3e0c:	11 f0       	breq	.+4      	; 0x3e12 <main+0x8e>
    3e0e:	83 e0       	ldi	r24, 0x03	; 3
      } else if (which == STK_SW_MAJOR) {
        putch(optiboot_version >> 8);
    3e10:	01 c0       	rjmp	.+2      	; 0x3e14 <main+0x90>
    3e12:	88 e0       	ldi	r24, 0x08	; 8
    3e14:	a6 d0       	rcall	.+332    	; 0x3f62 <putch>
    3e16:	a2 c0       	rjmp	.+324    	; 0x3f5c <main+0x1d8>
         * other parameters - enough to keep Avrdude happy
         */
        putch(0x03);
      }
    }
    else if (ch == STK_SET_DEVICE) {
    3e18:	82 34       	cpi	r24, 0x42	; 66
      // SET DEVICE is ignored
      getNch(20);
    3e1a:	11 f4       	brne	.+4      	; 0x3e20 <main+0x9c>
    3e1c:	84 e1       	ldi	r24, 0x14	; 20
    }
    else if (ch == STK_SET_DEVICE_EXT) {
    3e1e:	03 c0       	rjmp	.+6      	; 0x3e26 <main+0xa2>
      // SET DEVICE EXT is ignored
      getNch(5);
    3e20:	85 34       	cpi	r24, 0x45	; 69
    3e22:	19 f4       	brne	.+6      	; 0x3e2a <main+0xa6>
    3e24:	85 e0       	ldi	r24, 0x05	; 5
    }
    else if (ch == STK_LOAD_ADDRESS) {
    3e26:	b7 d0       	rcall	.+366    	; 0x3f96 <getNch>
    3e28:	99 c0       	rjmp	.+306    	; 0x3f5c <main+0x1d8>
      // LOAD ADDRESS
      address.bytes[0] = getch();
    3e2a:	85 35       	cpi	r24, 0x55	; 85
    3e2c:	39 f4       	brne	.+14     	; 0x3e3c <main+0xb8>
    3e2e:	9e d0       	rcall	.+316    	; 0x3f6c <getch>
      address.bytes[1] = getch();
    3e30:	c8 2f       	mov	r28, r24
    3e32:	9c d0       	rcall	.+312    	; 0x3f6c <getch>
      }
      else {
        RAMPZ &= 0xFE;
      }
#endif
      address.word *= 2; // Convert from word address to byte address
    3e34:	d8 2f       	mov	r29, r24
    3e36:	cc 0f       	add	r28, r28
    3e38:	dd 1f       	adc	r29, r29
      verifySpace();
    }
    else if (ch == STK_UNIVERSAL) {
    3e3a:	8f c0       	rjmp	.+286    	; 0x3f5a <main+0x1d6>
        getNch(3);
        putch(0x00);
      }
#else
      // UNIVERSAL command is ignored
      getNch(4);
    3e3c:	86 35       	cpi	r24, 0x56	; 86
    3e3e:	21 f4       	brne	.+8      	; 0x3e48 <main+0xc4>
      putch(0x00);
    3e40:	84 e0       	ldi	r24, 0x04	; 4
    3e42:	a9 d0       	rcall	.+338    	; 0x3f96 <getNch>
#endif
    }
    /* Write memory, length is big endian and is in bytes */
    else if (ch == STK_PROG_PAGE) {
    3e44:	80 e0       	ldi	r24, 0x00	; 0
    3e46:	e6 cf       	rjmp	.-52     	; 0x3e14 <main+0x90>
      // PROGRAM PAGE - we support flash programming only, not EEPROM
      uint8_t desttype;
      uint8_t *bufPtr;
      pagelen_t savelength;

      GETLENGTH(length);
    3e48:	84 36       	cpi	r24, 0x64	; 100
    3e4a:	09 f0       	breq	.+2      	; 0x3e4e <main+0xca>
    3e4c:	50 c0       	rjmp	.+160    	; 0x3eee <main+0x16a>
    3e4e:	8e d0       	rcall	.+284    	; 0x3f6c <getch>
      savelength = length;
      desttype = getch();
    3e50:	8d d0       	rcall	.+282    	; 0x3f6c <getch>
    3e52:	d8 2e       	mov	r13, r24
    3e54:	8b d0       	rcall	.+278    	; 0x3f6c <getch>
    3e56:	88 2e       	mov	r8, r24
    3e58:	00 e0       	ldi	r16, 0x00	; 0

      // read a page worth of contents
      bufPtr = buff.bptr;
      do *bufPtr++ = getch();
    3e5a:	11 e0       	ldi	r17, 0x01	; 1
    3e5c:	87 d0       	rcall	.+270    	; 0x3f6c <getch>
    3e5e:	f8 01       	movw	r30, r16
    3e60:	81 93       	st	Z+, r24
    3e62:	8f 01       	movw	r16, r30
      while (--length);
    3e64:	de 12       	cpse	r13, r30
    3e66:	fa cf       	rjmp	.-12     	; 0x3e5c <main+0xd8>

      // Read command terminator, start reply
      verifySpace();
    3e68:	8e d0       	rcall	.+284    	; 0x3f86 <verifySpace>
    3e6a:	20 97       	sbiw	r28, 0x00	; 0
 * WARNING: this works only up to 128KB flash!
 */
#if FLASHEND > (128*1024)
#error "Can't use VIRTUAL_BOOT_PARTITION with more than 128k of Flash"
#endif
      if (address.word == RSTVEC_ADDRESS) {
    3e6c:	69 f4       	brne	.+26     	; 0x3e88 <main+0x104>
    3e6e:	80 91 02 01 	lds	r24, 0x0102	; 0x800102 <__RAM__+0x102>
        // This is the reset vector page. We need to live-patch the
        // code so the bootloader runs first.
        //
        // Save jmp targets (for "Verify")
        rstVect0_sav = buff.bptr[rstVect0];
    3e72:	80 93 44 01 	sts	0x0144, r24	; 0x800144 <__RAM__+0x144>
    3e76:	80 91 03 01 	lds	r24, 0x0103	; 0x800103 <__RAM__+0x103>
        rstVect1_sav = buff.bptr[rstVect1];
    3e7a:	80 93 45 01 	sts	0x0145, r24	; 0x800145 <__RAM__+0x145>
    3e7e:	e0 92 02 01 	sts	0x0102, r14	; 0x800102 <__RAM__+0x102>

        // Add "jump to Optiboot" at RESET vector
        // WARNING: this works as long as 'main' is in first section
        buff.bptr[rstVect0] = ((uint16_t)pre_main) & 0xFF;
    3e82:	c0 92 03 01 	sts	0x0103, r12	; 0x800103 <__RAM__+0x103>
        buff.bptr[rstVect1] = ((uint16_t)pre_main) >> 8;
    3e86:	13 c0       	rjmp	.+38     	; 0x3eae <main+0x12a>
    3e88:	c0 36       	cpi	r28, 0x60	; 96

#if (SAVVEC_ADDRESS != RSTVEC_ADDRESS)
// the save_vector is not necessarilly on the same flash page as the reset
//  vector.  If it isn't, we've waiting to actually write it.
      } else if (address.word == SAVVEC_ADDRESS) {
    3e8a:	d1 05       	cpc	r29, r1
    3e8c:	81 f4       	brne	.+32     	; 0x3eae <main+0x12a>
    3e8e:	80 91 0a 01 	lds	r24, 0x010A	; 0x80010a <__RAM__+0x10a>
        // Save old values for Verify
        saveVect0_sav = buff.bptr[saveVect0 - SAVVEC_ADDRESS];
    3e92:	80 93 46 01 	sts	0x0146, r24	; 0x800146 <__RAM__+0x146>
    3e96:	80 91 0b 01 	lds	r24, 0x010B	; 0x80010b <__RAM__+0x10b>
        saveVect1_sav = buff.bptr[saveVect1 - SAVVEC_ADDRESS];
    3e9a:	80 93 47 01 	sts	0x0147, r24	; 0x800147 <__RAM__+0x147>
    3e9e:	80 91 44 01 	lds	r24, 0x0144	; 0x800144 <__RAM__+0x144>

        // Move RESET jmp target to 'save' vector
        buff.bptr[saveVect0 - SAVVEC_ADDRESS] = rstVect0_sav;
    3ea2:	80 93 0a 01 	sts	0x010A, r24	; 0x80010a <__RAM__+0x10a>
    3ea6:	80 91 45 01 	lds	r24, 0x0145	; 0x800145 <__RAM__+0x145>
        buff.bptr[saveVect1 - SAVVEC_ADDRESS] = rstVect1_sav;
    3eaa:	80 93 0b 01 	sts	0x010B, r24	; 0x80010b <__RAM__+0x10b>
    3eae:	f5 e4       	ldi	r31, 0x45	; 69
 * void writebuffer(memtype, buffer, address, length)
 */
static inline void writebuffer(int8_t memtype, addr16_t mybuff,
                               addr16_t address, pagelen_t len)
{
  switch (memtype) {
    3eb0:	8f 12       	cpse	r8, r31
    3eb2:	01 c0       	rjmp	.+2      	; 0x3eb6 <main+0x132>
    3eb4:	ff cf       	rjmp	.-2      	; 0x3eb4 <main+0x130>
    3eb6:	8c 2f       	mov	r24, r28
       * used to be code to do this while receiving the data over
       * the serial link, but the performance improvement was slight,
       * and we needed the space back.
       */
#ifdef FOURPAGEERASE
      if ((address.bytes[0] & ((SPM_PAGESIZE<<2)-1))==0) {
    3eb8:	8f 77       	andi	r24, 0x7F	; 127
    3eba:	fe 01       	movw	r30, r28
#endif
        __boot_page_erase_short(address.word);
    3ebc:	31 f4       	brne	.+12     	; 0x3eca <main+0x146>
       * used to be code to do this while receiving the data over
       * the serial link, but the performance improvement was slight,
       * and we needed the space back.
       */
#ifdef FOURPAGEERASE
      if ((address.bytes[0] & ((SPM_PAGESIZE<<2)-1))==0) {
    3ebe:	97 be       	out	0x37, r9	; 55
#endif
        __boot_page_erase_short(address.word);
    3ec0:	e8 95       	spm
    3ec2:	07 b6       	in	r0, 0x37	; 55
        boot_spm_busy_wait();
    3ec4:	00 fc       	sbrc	r0, 0
    3ec6:	fd cf       	rjmp	.-6      	; 0x3ec2 <main+0x13e>
    3ec8:	fe 01       	movw	r30, r28
    3eca:	a0 e0       	ldi	r26, 0x00	; 0
       * used to be code to do this while receiving the data over
       * the serial link, but the performance improvement was slight,
       * and we needed the space back.
       */
#ifdef FOURPAGEERASE
      if ((address.bytes[0] & ((SPM_PAGESIZE<<2)-1))==0) {
    3ecc:	b1 e0       	ldi	r27, 0x01	; 1
    3ece:	8d 91       	ld	r24, X+

      /*
       * Copy data from the buffer into the flash write buffer.
       */
      do {
        __boot_page_fill_short((uint16_t)(void*)addrPtr, *(mybuff.wptr++));
    3ed0:	9d 91       	ld	r25, X+
    3ed2:	0c 01       	movw	r0, r24
    3ed4:	b7 be       	out	0x37, r11	; 55
    3ed6:	e8 95       	spm
        addrPtr += 2;
      } while (len -= 2);
    3ed8:	11 24       	eor	r1, r1

      /*
       * Actually Write the buffer to flash (and wait for it to finish.)
       */
      __boot_page_write_short(address.word);
    3eda:	32 96       	adiw	r30, 0x02	; 2
    3edc:	da 12       	cpse	r13, r26
    3ede:	f7 cf       	rjmp	.-18     	; 0x3ece <main+0x14a>
      boot_spm_busy_wait();
    3ee0:	fe 01       	movw	r30, r28
    3ee2:	a7 be       	out	0x37, r10	; 55
    3ee4:	e8 95       	spm
    3ee6:	07 b6       	in	r0, 0x37	; 55
      writebuffer(desttype, buff, address, savelength);


    }
/* Read memory block mode, length is big endian.  */
    else if (ch == STK_READ_PAGE) {
    3ee8:	00 fc       	sbrc	r0, 0
    3eea:	fd cf       	rjmp	.-6      	; 0x3ee6 <main+0x162>
      uint8_t desttype;
      GETLENGTH(length);
    3eec:	37 c0       	rjmp	.+110    	; 0x3f5c <main+0x1d8>
    3eee:	84 37       	cpi	r24, 0x74	; 116
    3ef0:	39 f5       	brne	.+78     	; 0x3f40 <main+0x1bc>
    3ef2:	3c d0       	rcall	.+120    	; 0x3f6c <getch>
    3ef4:	3b d0       	rcall	.+118    	; 0x3f6c <getch>

      desttype = getch();
    3ef6:	d8 2e       	mov	r13, r24
    3ef8:	39 d0       	rcall	.+114    	; 0x3f6c <getch>

      verifySpace();
    3efa:	45 d0       	rcall	.+138    	; 0x3f86 <verifySpace>
    3efc:	8e 01       	movw	r16, r28
    3efe:	02 30       	cpi	r16, 0x02	; 2
#endif
  default:
    do {
#ifdef VIRTUAL_BOOT_PARTITION
      // Undo vector patch in bottom page so verify passes
      if (address.word == rstVect0) ch = rstVect0_sav;
    3f00:	11 05       	cpc	r17, r1
    3f02:	19 f4       	brne	.+6      	; 0x3f0a <main+0x186>
    3f04:	80 91 44 01 	lds	r24, 0x0144	; 0x800144 <__RAM__+0x144>
    3f08:	14 c0       	rjmp	.+40     	; 0x3f32 <main+0x1ae>
    3f0a:	03 30       	cpi	r16, 0x03	; 3
      else if (address.word == rstVect1) ch = rstVect1_sav;
    3f0c:	11 05       	cpc	r17, r1
    3f0e:	19 f4       	brne	.+6      	; 0x3f16 <main+0x192>
    3f10:	80 91 45 01 	lds	r24, 0x0145	; 0x800145 <__RAM__+0x145>
    3f14:	0e c0       	rjmp	.+28     	; 0x3f32 <main+0x1ae>
      else if (address.word == saveVect0) ch = saveVect0_sav;
    3f16:	0a 36       	cpi	r16, 0x6A	; 106
    3f18:	11 05       	cpc	r17, r1
    3f1a:	19 f4       	brne	.+6      	; 0x3f22 <main+0x19e>
    3f1c:	80 91 46 01 	lds	r24, 0x0146	; 0x800146 <__RAM__+0x146>
      else if (address.word == saveVect1) ch = saveVect1_sav;
    3f20:	08 c0       	rjmp	.+16     	; 0x3f32 <main+0x1ae>
    3f22:	0b 36       	cpi	r16, 0x6B	; 107
    3f24:	11 05       	cpc	r17, r1
    3f26:	19 f4       	brne	.+6      	; 0x3f2e <main+0x1aa>
      else ch = pgm_read_byte_near(address.bptr);
    3f28:	80 91 47 01 	lds	r24, 0x0147	; 0x800147 <__RAM__+0x147>
      __asm__ ("  elpm %0,Z+\n" : "=r" (ch), "=z" (address.bptr): "1" (address));
#else
      // read a Flash byte and increment the address
      __asm__ ("  lpm %0,Z+\n" : "=r" (ch), "=z" (address.bptr): "1" (address));
#endif
      putch(ch);
    3f2c:	02 c0       	rjmp	.+4      	; 0x3f32 <main+0x1ae>
    } while (--length);
    3f2e:	f8 01       	movw	r30, r16
    3f30:	84 91       	lpm	r24, Z
    3f32:	17 d0       	rcall	.+46     	; 0x3f62 <putch>
    3f34:	da 94       	dec	r13
    3f36:	0f 5f       	subi	r16, 0xFF	; 255

      read_mem(desttype, address, length);
    }

/* Get device signature bytes  */
    else if (ch == STK_READ_SIGN) {
    3f38:	1f 4f       	sbci	r17, 0xFF	; 255
    3f3a:	d1 10       	cpse	r13, r1
      // READ SIGN - return what Avrdude wants to hear
      verifySpace();
    3f3c:	e0 cf       	rjmp	.-64     	; 0x3efe <main+0x17a>
    3f3e:	0e c0       	rjmp	.+28     	; 0x3f5c <main+0x1d8>
      putch(SIGNATURE_0);
    3f40:	85 37       	cpi	r24, 0x75	; 117
    3f42:	39 f4       	brne	.+14     	; 0x3f52 <main+0x1ce>
    3f44:	20 d0       	rcall	.+64     	; 0x3f86 <verifySpace>
      putch(SIGNATURE_1);
    3f46:	8e e1       	ldi	r24, 0x1E	; 30
    3f48:	0c d0       	rcall	.+24     	; 0x3f62 <putch>
    3f4a:	84 e9       	ldi	r24, 0x94	; 148
      putch(SIGNATURE_2);
    3f4c:	0a d0       	rcall	.+20     	; 0x3f62 <putch>
    3f4e:	82 e1       	ldi	r24, 0x12	; 18
    }
    else if (ch == STK_LEAVE_PROGMODE) { /* 'Q' */
    3f50:	61 cf       	rjmp	.-318    	; 0x3e14 <main+0x90>
    3f52:	81 35       	cpi	r24, 0x51	; 81
      // Adaboot no-wait mod
      watchdogConfig(WATCHDOG_16MS);
    3f54:	11 f4       	brne	.+4      	; 0x3f5a <main+0x1d6>
    3f56:	88 e0       	ldi	r24, 0x08	; 8
    3f58:	12 d0       	rcall	.+36     	; 0x3f7e <watchdogConfig>
      verifySpace();
    }
    else {
      // This covers the response to commands like STK_ENTER_PROGMODE
      verifySpace();
    3f5a:	15 d0       	rcall	.+42     	; 0x3f86 <verifySpace>
    3f5c:	80 e1       	ldi	r24, 0x10	; 16
    }
    putch(STK_OK);
    3f5e:	01 d0       	rcall	.+2      	; 0x3f62 <putch>
    3f60:	4e cf       	rjmp	.-356    	; 0x3dfe <main+0x7a>

00003f62 <putch>:
    3f62:	06 b4       	in	r0, 0x26	; 38
  }
    3f64:	05 fe       	sbrs	r0, 5
  RS485_PORT |= _BV(RS485_BIT);
# else
  RS485_PORT &= ~_BV(RS485_BIT);
# endif
#else //not RS485
  while (!(UART_SRA & _BV(UDRE0))) {  /* Spin */ }
    3f66:	fd cf       	rjmp	.-6      	; 0x3f62 <putch>
  UART_UDR = ch;
    3f68:	80 bd       	out	0x20, r24	; 32
    3f6a:	08 95       	ret

00003f6c <getch>:
    :
    "r25"
    );
#else
#ifndef LIN_UART
  while (!(UART_SRA & _BV(RXC0)))  {  /* Spin */ }
    3f6c:	06 b4       	in	r0, 0x26	; 38
    3f6e:	07 fe       	sbrs	r0, 7
    3f70:	fd cf       	rjmp	.-6      	; 0x3f6c <getch>
  if (!(UART_SRA & _BV(FE0))) {
    3f72:	06 b4       	in	r0, 0x26	; 38
    3f74:	04 fc       	sbrc	r0, 4
    3f76:	01 c0       	rjmp	.+2      	; 0x3f7a <getch+0xe>
}
#endif

// Watchdog functions. These are only safe with interrupts turned off.
void watchdogReset() {
  __asm__ __volatile__ (
    3f78:	a8 95       	wdr
  while (!(LINSIR & _BV(LRXOK)))  {  /* Spin */ }
  if (!(LINSIR & _BV(LFERR))) {
    watchdogReset();  /* Eventually abort if wrong speed */
  }
#endif
  ch = UART_UDR;
    3f7a:	80 b5       	in	r24, 0x20	; 32
#if LED_DATA_FLASH
  toggle_led();
#endif

  return ch;
}
    3f7c:	08 95       	ret

00003f7e <watchdogConfig>:
  WDTCSR = _BV(WDCE) | _BV(WDE);
#else
  WDTCR= _BV(WDCE) | _BV(WDE);
#endif
#else //then it must be one of those newfangled ones that use CCP
  CCP=0xD8; //so write this magic number to CCP
    3f7e:	98 ed       	ldi	r25, 0xD8	; 216
    3f80:	9f bd       	out	0x2f, r25	; 47
#endif

#ifdef WDTCSR
  WDTCSR = x;
    3f82:	80 bf       	out	0x30, r24	; 48
    3f84:	08 95       	ret

00003f86 <verifySpace>:
  do getch(); while (--count);
  verifySpace();
}

void verifySpace() {
  if (getch() != CRC_EOP) {
    3f86:	f2 df       	rcall	.-28     	; 0x3f6c <getch>
    3f88:	80 32       	cpi	r24, 0x20	; 32
    3f8a:	19 f0       	breq	.+6      	; 0x3f92 <verifySpace+0xc>
    watchdogConfig(WATCHDOG_16MS);    // shorten WD timeout
    3f8c:	88 e0       	ldi	r24, 0x08	; 8
    3f8e:	f7 df       	rcall	.-18     	; 0x3f7e <watchdogConfig>
    3f90:	ff cf       	rjmp	.-2      	; 0x3f90 <verifySpace+0xa>
    while (1)                         // and busy-loop so that WD causes
      ;                               //  a reset and app start.
  }
  putch(STK_INSYNC);
    3f92:	84 e1       	ldi	r24, 0x14	; 20
    3f94:	e6 cf       	rjmp	.-52     	; 0x3f62 <putch>

00003f96 <getNch>:
    ::[count] "M" (UART_B_VALUE)
    );
}
#endif

void getNch(uint8_t count) {
    3f96:	cf 93       	push	r28
    3f98:	c8 2f       	mov	r28, r24
  do getch(); while (--count);
    3f9a:	e8 df       	rcall	.-48     	; 0x3f6c <getch>
    3f9c:	c1 50       	subi	r28, 0x01	; 1
    3f9e:	e9 f7       	brne	.-6      	; 0x3f9a <getNch+0x4>
  verifySpace();
}
    3fa0:	cf 91       	pop	r28
}
#endif

void getNch(uint8_t count) {
  do getch(); while (--count);
  verifySpace();
    3fa2:	f1 cf       	rjmp	.-30     	; 0x3f86 <verifySpace>

00003fa4 <do_spm>:
    3fa4:	fc 01       	movw	r30, r24
 *   data=0 in WRITE
 */
static void do_spm(uint16_t address, uint8_t command, uint16_t data)  __attribute__ ((used));
static void do_spm(uint16_t address, uint8_t command, uint16_t data) {
  // Do spm stuff
  asm volatile (
    3fa6:	0a 01       	movw	r0, r20
    3fa8:	67 bf       	out	0x37, r22	; 55
    3faa:	e8 95       	spm
    3fac:	11 24       	eor	r1, r1
    3fae:	07 b6       	in	r0, 0x37	; 55
    );

  // wait for spm to complete
  //   it doesn't have much sense for __BOOT_PAGE_FILL,
  //   but it doesn't hurt and saves some bytes on 'if'
  boot_spm_busy_wait();
    3fb0:	00 fc       	sbrc	r0, 0
    3fb2:	fd cf       	rjmp	.-6      	; 0x3fae <do_spm+0xa>
    3fb4:	08 95       	ret
