
optiboot_attiny1634.elf:     file format elf32-avr

Sections:
Idx Name          Size      VMA       LMA       File off  Algn
  0 .text         0000024a  00003d80  00003d80  00000074  2**0
                  CONTENTS, ALLOC, LOAD, READONLY, CODE
  1 .trampolines  00000000  00003fca  00003fca  000002be  2**1
                  CONTENTS, ALLOC, LOAD, READONLY, CODE
  2 .version      00000002  00003ffe  00003ffe  000002be  2**0
                  CONTENTS, ALLOC, LOAD, READONLY, DATA
  3 .comment      00000030  00000000  00000000  000002c0  2**0
                  CONTENTS, READONLY
  4 .debug_aranges 00000030  00000000  00000000  000002f0  2**0
                  CONTENTS, READONLY, DEBUGGING
  5 .debug_info   0000066b  00000000  00000000  00000320  2**0
                  CONTENTS, READONLY, DEBUGGING
  6 .debug_abbrev 000002ed  00000000  00000000  0000098b  2**0
                  CONTENTS, READONLY, DEBUGGING
  7 .debug_line   000003b2  00000000  00000000  00000c78  2**0
                  CONTENTS, READONLY, DEBUGGING
  8 .debug_frame  000000ac  00000000  00000000  0000102c  2**2
                  CONTENTS, READONLY, DEBUGGING
  9 .debug_str    0000021b  00000000  00000000  000010d8  2**0
                  CONTENTS, READONLY, DEBUGGING
 10 .debug_loc    00000394  00000000  00000000  000012f3  2**0
                  CONTENTS, READONLY, DEBUGGING
 11 .debug_ranges 00000068  00000000  00000000  00001687  2**0
                  CONTENTS, READONLY, DEBUGGING

Disassembly of section .text:

00003d80 <pre_main>:
/* everything that needs to run VERY early */
void pre_main(void) {
  // Allow convenient way of calling do_spm function - jump table, so
  //   entry to this function will always be here, independent of
  //   compilation, features etc
  asm volatile (
    3d80:	01 c0       	rjmp	.+2      	; 0x3d84 <main>
    3d82:	1a c1       	rjmp	.+564    	; 0x3fb8 <do_spm>

00003d84 <main>:
  //  SP points to RAMEND
  //  r1 contains zero
  //
  // If not, uncomment the following instructions:
  // cli();
  asm volatile ("  clr __zero_reg__");
    3d84:	11 24       	eor	r1, r1
#  warning "START_APP_ON_EXTR is defined and NO_START_APP_ON_POR isn't"
#  define APP_START_REASONS 1 /* Always start rge App. */
#  define WDRF_CLR_REASONS 0  /* Never clear WDRF */
#endif

  ch = MCUSR;
    3d86:	85 b7       	in	r24, 0x35	; 53

  // Skip all logic and run bootloader if MCUSR is cleared (application request)
  if (ch != 0) {
    3d88:	88 23       	and	r24, r24
    3d8a:	71 f0       	breq	.+28     	; 0x3da8 <main+0x24>
     * One problematic scenario: broken application code sets watchdog timer
     * without clearing MCUSR before and triggers it quickly. But it's
     * recoverable by power-on with pushed reset button.
     */

    if (APP_START_REASONS) {
    3d8c:	98 2f       	mov	r25, r24
    3d8e:	9a 70       	andi	r25, 0x0A	; 10
    3d90:	92 30       	cpi	r25, 0x02	; 2
    3d92:	51 f0       	breq	.+20     	; 0x3da8 <main+0x24>
      if (WDRF_CLR_REASONS) {
    3d94:	81 ff       	sbrs	r24, 1
    3d96:	02 c0       	rjmp	.+4      	; 0x3d9c <main+0x18>
        /*
         * Clear WDRF if it was most probably set by wdr in bootloader.
         */
        if ((uint16_t)&MCUSR > 0x1F) {
          MCUSR = ~(_BV(WDRF));   // optimize to LDI/OUT
    3d98:	97 ef       	ldi	r25, 0xF7	; 247
    3d9a:	95 bf       	out	0x35, r25	; 53
      /*
       * save the reset flags in the designated register
       * This can be saved in a main program by putting code in .init0 (which
       * executes before normal c init code) to save R2 to a global variable.
       */
      __asm__ __volatile__ ("  mov r2, %0\n" :: "r" (ch));
    3d9c:	28 2e       	mov	r2, r24

      // switch off watchdog
      watchdogConfig(WATCHDOG_OFF);
    3d9e:	80 e0       	ldi	r24, 0x00	; 0
    3da0:	f8 d0       	rcall	.+496    	; 0x3f92 <watchdogConfig>
      // Note that appstart_vec is defined so that this works with either
      // real or virtual boot partitions.
      __asm__ __volatile__ (
    3da2:	e4 e3       	ldi	r30, 0x34	; 52
    3da4:	ff 27       	eor	r31, r31
    3da6:	09 94       	ijmp
#elif defined(__AVR_ATtiny25__)||defined(__AVR_ATtiny45__)||defined(__AVR_ATtiny85__)
  TCCR1 = 0x0E; //div 8196 - it's an 8-bit timer.
#elif defined(__AVR_ATtiny43__)
#error "LED flash for Tiny43 not yet supported"
#else
  TCCR1B = _BV(CS12) | _BV(CS10); // div 1024
    3da8:	85 e0       	ldi	r24, 0x05	; 5
    3daa:	80 93 71 00 	sts	0x0071, r24	; 0x800071 <__RAM__+0x71>
  LINBTR = (1 << LDISR) | (8 << LBT0); 
  LINCR = _BV(LENA) | _BV(LCMD2) | _BV(LCMD1) | _BV(LCMD0);
  LINDAT=0;
#else
#if (SINGLESPEED == 0)
  UART_SRA = _BV(U2X0); //Double speed mode USART0
    3dae:	82 e0       	ldi	r24, 0x02	; 2
    3db0:	80 93 79 00 	sts	0x0079, r24	; 0x800079 <__RAM__+0x79>
#endif
  UART_SRB = _BV(RXEN0) | _BV(TXEN0);
    3db4:	88 e1       	ldi	r24, 0x18	; 24
    3db6:	80 93 78 00 	sts	0x0078, r24	; 0x800078 <__RAM__+0x78>
  UART_SRC = _BV(UCSZ00) | _BV(UCSZ01);
    3dba:	86 e0       	ldi	r24, 0x06	; 6
    3dbc:	80 93 77 00 	sts	0x0077, r24	; 0x800077 <__RAM__+0x77>
  UART_SRL = (uint8_t)BAUD_SETTING;
    3dc0:	80 e1       	ldi	r24, 0x10	; 16
    3dc2:	80 93 74 00 	sts	0x0074, r24	; 0x800074 <__RAM__+0x74>
  RS485_PORT &= ~_BV(RS485_BIT);
  #endif
#endif

  // Set up watchdog to trigger after desired timeout
  watchdogConfig(WDTPERIOD);
    3dc6:	8e e0       	ldi	r24, 0x0E	; 14
    3dc8:	e4 d0       	rcall	.+456    	; 0x3f92 <watchdogConfig>

#if (LED_START_FLASHES > 0) || LED_DATA_FLASH || LED_START_ON
  /* Set LED pin as output */
  LED_DDR |= _BV(LED);
    3dca:	40 9a       	sbi	0x08, 0	; 8
    3dcc:	86 e0       	ldi	r24, 0x06	; 6
    TIFR = _BV(TOV1);
    while (!(TIFR & _BV(TOV1)));
#elif defined(__AVR_ATtiny43__)
#error "LED flash for Tiny43 not yet supported"
#else
    TCNT1 = -(F_CPU/(1024*16));
    3dce:	20 e3       	ldi	r18, 0x30	; 48
    3dd0:	3c ef       	ldi	r19, 0xFC	; 252
    TIFR1 = _BV(TOV1);
    3dd2:	90 e8       	ldi	r25, 0x80	; 128
    TIFR = _BV(TOV1);
    while (!(TIFR & _BV(TOV1)));
#elif defined(__AVR_ATtiny43__)
#error "LED flash for Tiny43 not yet supported"
#else
    TCNT1 = -(F_CPU/(1024*16));
    3dd4:	30 93 6f 00 	sts	0x006F, r19	; 0x80006f <__RAM__+0x6f>
    3dd8:	20 93 6e 00 	sts	0x006E, r18	; 0x80006e <__RAM__+0x6e>
    TIFR1 = _BV(TOV1);
    3ddc:	99 bf       	out	0x39, r25	; 57
    while (!(TIFR1 & _BV(TOV1)));
    3dde:	09 b6       	in	r0, 0x39	; 57
    3de0:	07 fe       	sbrs	r0, 7
    3de2:	fd cf       	rjmp	.-6      	; 0x3dde <main+0x5a>
  defined(__AVR_ATmega64__)   || defined(__AVR_ATmega128__)
  LED_PORT ^= _BV(LED);
#else
  // Newer AVRs can toggle by writing PINx.
  if (&LED_PIN <= &_SFR_IO8(0x31)) {  // "if" code optimizes away.
    LED_PIN |= _BV(LED); // becomes SBI on low ports (in theory: incorrectly)
    3de4:	38 9a       	sbi	0x07, 0	; 7
}
#endif

// Watchdog functions. These are only safe with interrupts turned off.
void watchdogReset() {
  __asm__ __volatile__ (
    3de6:	a8 95       	wdr
     *  by the UART hardware, avrdude sends several attempts in rather
     *  quick succession, some of which will be lost and cause us to
     *  get out of sync.  So if we see any data; stop blinking.
     */
#ifndef LIN_UART
    if (UART_SRA & _BV(RXC0))
    3de8:	40 91 79 00 	lds	r20, 0x0079	; 0x800079 <__RAM__+0x79>
    3dec:	47 fd       	sbrc	r20, 7
    3dee:	02 c0       	rjmp	.+4      	; 0x3df4 <main+0x70>
    3df0:	81 50       	subi	r24, 0x01	; 1
#else
// This doesn't seem to work?
//    if ((UART_PIN & (1<<UART_RX_BIT)) == 0)
//      break;  // detect start bit on soft uart too.
#endif
  } while (--count);
    3df2:	81 f7       	brne	.-32     	; 0x3dd4 <main+0x50>
        rstVect1_sav = buff.bptr[rstVect1];

        // Add "jump to Optiboot" at RESET vector
        // WARNING: this works as long as 'main' is in first section
        buff.bptr[rstVect0] = ((uint16_t)pre_main) & 0xFF;
        buff.bptr[rstVect1] = ((uint16_t)pre_main) >> 8;
    3df4:	80 ec       	ldi	r24, 0xC0	; 192
    3df6:	9e e1       	ldi	r25, 0x1E	; 30
    3df8:	c9 2e       	mov	r12, r25

      /*
       * Copy data from the buffer into the flash write buffer.
       */
      do {
        __boot_page_fill_short((uint16_t)(void*)addrPtr, *(mybuff.wptr++));
    3dfa:	bb 24       	eor	r11, r11
    3dfc:	b3 94       	inc	r11
      } while (len -= 2);

      /*
       * Actually Write the buffer to flash (and wait for it to finish.)
       */
      __boot_page_write_short(address.word);
    3dfe:	25 e0       	ldi	r18, 0x05	; 5
    3e00:	a2 2e       	mov	r10, r18
       * and we needed the space back.
       */
#ifdef FOURPAGEERASE
      if ((address.bytes[0] & ((SPM_PAGESIZE<<2)-1))==0) {
#endif
        __boot_page_erase_short(address.word);
    3e02:	33 e0       	ldi	r19, 0x03	; 3
        rstVect0_sav = buff.bptr[rstVect0];
        rstVect1_sav = buff.bptr[rstVect1];

        // Add "jump to Optiboot" at RESET vector
        // WARNING: this works as long as 'main' is in first section
        buff.bptr[rstVect0] = ((uint16_t)pre_main) & 0xFF;
    3e04:	93 2e       	mov	r9, r19
#endif

  /* Forever loop: exits by causing WDT reset */
  for (;;) {
    /* get character from UART */
    ch = getch();
    3e06:	7c 01       	movw	r14, r24

    if (ch == STK_GET_PARAMETER) {
    3e08:	b8 d0       	rcall	.+368    	; 0x3f7a <getch>
      unsigned char which = getch();
    3e0a:	81 34       	cpi	r24, 0x41	; 65
    3e0c:	51 f4       	brne	.+20     	; 0x3e22 <main+0x9e>
    3e0e:	b5 d0       	rcall	.+362    	; 0x3f7a <getch>
      verifySpace();
    3e10:	18 2f       	mov	r17, r24
    3e12:	c3 d0       	rcall	.+390    	; 0x3f9a <verifySpace>
       * Send optiboot version as "SW version"
       * Note that the references to memory are optimized away.
       */
      if (which == STK_SW_MINOR) {
        putch(optiboot_version & 0xFF);
      } else if (which == STK_SW_MAJOR) {
    3e14:	11 38       	cpi	r17, 0x81	; 129
      /*
       * Send optiboot version as "SW version"
       * Note that the references to memory are optimized away.
       */
      if (which == STK_SW_MINOR) {
        putch(optiboot_version & 0xFF);
    3e16:	11 f0       	breq	.+4      	; 0x3e1c <main+0x98>
    3e18:	83 e0       	ldi	r24, 0x03	; 3
      } else if (which == STK_SW_MAJOR) {
        putch(optiboot_version >> 8);
    3e1a:	01 c0       	rjmp	.+2      	; 0x3e1e <main+0x9a>
    3e1c:	88 e0       	ldi	r24, 0x08	; 8
    3e1e:	a6 d0       	rcall	.+332    	; 0x3f6c <putch>
    3e20:	a2 c0       	rjmp	.+324    	; 0x3f66 <main+0x1e2>
         * other parameters - enough to keep Avrdude happy
         */
        putch(0x03);
      }
    }
    else if (ch == STK_SET_DEVICE) {
    3e22:	82 34       	cpi	r24, 0x42	; 66
      // SET DEVICE is ignored
      getNch(20);
    3e24:	11 f4       	brne	.+4      	; 0x3e2a <main+0xa6>
    3e26:	84 e1       	ldi	r24, 0x14	; 20
    }
    else if (ch == STK_SET_DEVICE_EXT) {
    3e28:	03 c0       	rjmp	.+6      	; 0x3e30 <main+0xac>
      // SET DEVICE EXT is ignored
      getNch(5);
    3e2a:	85 34       	cpi	r24, 0x45	; 69
    3e2c:	19 f4       	brne	.+6      	; 0x3e34 <main+0xb0>
    3e2e:	85 e0       	ldi	r24, 0x05	; 5
    }
    else if (ch == STK_LOAD_ADDRESS) {
    3e30:	bc d0       	rcall	.+376    	; 0x3faa <getNch>
    3e32:	99 c0       	rjmp	.+306    	; 0x3f66 <main+0x1e2>
      // LOAD ADDRESS
      address.bytes[0] = getch();
    3e34:	85 35       	cpi	r24, 0x55	; 85
    3e36:	39 f4       	brne	.+14     	; 0x3e46 <main+0xc2>
    3e38:	a0 d0       	rcall	.+320    	; 0x3f7a <getch>
      address.bytes[1] = getch();
    3e3a:	c8 2f       	mov	r28, r24
    3e3c:	9e d0       	rcall	.+316    	; 0x3f7a <getch>
      }
      else {
        RAMPZ &= 0xFE;
      }
#endif
      address.word *= 2; // Convert from word address to byte address
    3e3e:	d8 2f       	mov	r29, r24
    3e40:	cc 0f       	add	r28, r28
    3e42:	dd 1f       	adc	r29, r29
      verifySpace();
    }
    else if (ch == STK_UNIVERSAL) {
    3e44:	8f c0       	rjmp	.+286    	; 0x3f64 <main+0x1e0>
        getNch(3);
        putch(0x00);
      }
#else
      // UNIVERSAL command is ignored
      getNch(4);
    3e46:	86 35       	cpi	r24, 0x56	; 86
    3e48:	21 f4       	brne	.+8      	; 0x3e52 <main+0xce>
      putch(0x00);
    3e4a:	84 e0       	ldi	r24, 0x04	; 4
    3e4c:	ae d0       	rcall	.+348    	; 0x3faa <getNch>
#endif
    }
    /* Write memory, length is big endian and is in bytes */
    else if (ch == STK_PROG_PAGE) {
    3e4e:	80 e0       	ldi	r24, 0x00	; 0
    3e50:	e6 cf       	rjmp	.-52     	; 0x3e1e <main+0x9a>
      // PROGRAM PAGE - we support flash programming only, not EEPROM
      uint8_t desttype;
      uint8_t *bufPtr;
      pagelen_t savelength;

      GETLENGTH(length);
    3e52:	84 36       	cpi	r24, 0x64	; 100
    3e54:	09 f0       	breq	.+2      	; 0x3e58 <main+0xd4>
    3e56:	50 c0       	rjmp	.+160    	; 0x3ef8 <main+0x174>
    3e58:	90 d0       	rcall	.+288    	; 0x3f7a <getch>
      savelength = length;
      desttype = getch();
    3e5a:	8f d0       	rcall	.+286    	; 0x3f7a <getch>
    3e5c:	d8 2e       	mov	r13, r24
    3e5e:	8d d0       	rcall	.+282    	; 0x3f7a <getch>
    3e60:	88 2e       	mov	r8, r24
    3e62:	00 e0       	ldi	r16, 0x00	; 0

      // read a page worth of contents
      bufPtr = buff.bptr;
      do *bufPtr++ = getch();
    3e64:	11 e0       	ldi	r17, 0x01	; 1
    3e66:	89 d0       	rcall	.+274    	; 0x3f7a <getch>
    3e68:	f8 01       	movw	r30, r16
    3e6a:	81 93       	st	Z+, r24
    3e6c:	8f 01       	movw	r16, r30
      while (--length);
    3e6e:	de 12       	cpse	r13, r30
    3e70:	fa cf       	rjmp	.-12     	; 0x3e66 <main+0xe2>

      // Read command terminator, start reply
      verifySpace();
    3e72:	93 d0       	rcall	.+294    	; 0x3f9a <verifySpace>
    3e74:	20 97       	sbiw	r28, 0x00	; 0
 * WARNING: this works only up to 128KB flash!
 */
#if FLASHEND > (128*1024)
#error "Can't use VIRTUAL_BOOT_PARTITION with more than 128k of Flash"
#endif
      if (address.word == RSTVEC_ADDRESS) {
    3e76:	69 f4       	brne	.+26     	; 0x3e92 <main+0x10e>
    3e78:	80 91 02 01 	lds	r24, 0x0102	; 0x800102 <__RAM__+0x102>
        // This is the reset vector page. We need to live-patch the
        // code so the bootloader runs first.
        //
        // Save jmp targets (for "Verify")
        rstVect0_sav = buff.bptr[rstVect0];
    3e7c:	80 93 44 01 	sts	0x0144, r24	; 0x800144 <__RAM__+0x144>
    3e80:	80 91 03 01 	lds	r24, 0x0103	; 0x800103 <__RAM__+0x103>
        rstVect1_sav = buff.bptr[rstVect1];
    3e84:	80 93 45 01 	sts	0x0145, r24	; 0x800145 <__RAM__+0x145>
    3e88:	e0 92 02 01 	sts	0x0102, r14	; 0x800102 <__RAM__+0x102>

        // Add "jump to Optiboot" at RESET vector
        // WARNING: this works as long as 'main' is in first section
        buff.bptr[rstVect0] = ((uint16_t)pre_main) & 0xFF;
    3e8c:	c0 92 03 01 	sts	0x0103, r12	; 0x800103 <__RAM__+0x103>
        buff.bptr[rstVect1] = ((uint16_t)pre_main) >> 8;
    3e90:	13 c0       	rjmp	.+38     	; 0x3eb8 <main+0x134>
    3e92:	c0 36       	cpi	r28, 0x60	; 96

#if (SAVVEC_ADDRESS != RSTVEC_ADDRESS)
// the save_vector is not necessarilly on the same flash page as the reset
//  vector.  If it isn't, we've waiting to actually write it.
      } else if (address.word == SAVVEC_ADDRESS) {
    3e94:	d1 05       	cpc	r29, r1
    3e96:	81 f4       	brne	.+32     	; 0x3eb8 <main+0x134>
    3e98:	80 91 0a 01 	lds	r24, 0x010A	; 0x80010a <__RAM__+0x10a>
        // Save old values for Verify
        saveVect0_sav = buff.bptr[saveVect0 - SAVVEC_ADDRESS];
    3e9c:	80 93 46 01 	sts	0x0146, r24	; 0x800146 <__RAM__+0x146>
    3ea0:	80 91 0b 01 	lds	r24, 0x010B	; 0x80010b <__RAM__+0x10b>
        saveVect1_sav = buff.bptr[saveVect1 - SAVVEC_ADDRESS];
    3ea4:	80 93 47 01 	sts	0x0147, r24	; 0x800147 <__RAM__+0x147>
    3ea8:	80 91 44 01 	lds	r24, 0x0144	; 0x800144 <__RAM__+0x144>

        // Move RESET jmp target to 'save' vector
        buff.bptr[saveVect0 - SAVVEC_ADDRESS] = rstVect0_sav;
    3eac:	80 93 0a 01 	sts	0x010A, r24	; 0x80010a <__RAM__+0x10a>
    3eb0:	80 91 45 01 	lds	r24, 0x0145	; 0x800145 <__RAM__+0x145>
        buff.bptr[saveVect1 - SAVVEC_ADDRESS] = rstVect1_sav;
    3eb4:	80 93 0b 01 	sts	0x010B, r24	; 0x80010b <__RAM__+0x10b>
    3eb8:	f5 e4       	ldi	r31, 0x45	; 69
 * void writebuffer(memtype, buffer, address, length)
 */
static inline void writebuffer(int8_t memtype, addr16_t mybuff,
                               addr16_t address, pagelen_t len)
{
  switch (memtype) {
    3eba:	8f 12       	cpse	r8, r31
    3ebc:	01 c0       	rjmp	.+2      	; 0x3ec0 <main+0x13c>
    3ebe:	ff cf       	rjmp	.-2      	; 0x3ebe <main+0x13a>
    3ec0:	8c 2f       	mov	r24, r28
       * used to be code to do this while receiving the data over
       * the serial link, but the performance improvement was slight,
       * and we needed the space back.
       */
#ifdef FOURPAGEERASE
      if ((address.bytes[0] & ((SPM_PAGESIZE<<2)-1))==0) {
    3ec2:	8f 77       	andi	r24, 0x7F	; 127
    3ec4:	fe 01       	movw	r30, r28
#endif
        __boot_page_erase_short(address.word);
    3ec6:	31 f4       	brne	.+12     	; 0x3ed4 <main+0x150>
       * used to be code to do this while receiving the data over
       * the serial link, but the performance improvement was slight,
       * and we needed the space back.
       */
#ifdef FOURPAGEERASE
      if ((address.bytes[0] & ((SPM_PAGESIZE<<2)-1))==0) {
    3ec8:	97 be       	out	0x37, r9	; 55
#endif
        __boot_page_erase_short(address.word);
    3eca:	e8 95       	spm
    3ecc:	07 b6       	in	r0, 0x37	; 55
        boot_spm_busy_wait();
    3ece:	00 fc       	sbrc	r0, 0
    3ed0:	fd cf       	rjmp	.-6      	; 0x3ecc <main+0x148>
    3ed2:	fe 01       	movw	r30, r28
    3ed4:	a0 e0       	ldi	r26, 0x00	; 0
       * used to be code to do this while receiving the data over
       * the serial link, but the performance improvement was slight,
       * and we needed the space back.
       */
#ifdef FOURPAGEERASE
      if ((address.bytes[0] & ((SPM_PAGESIZE<<2)-1))==0) {
    3ed6:	b1 e0       	ldi	r27, 0x01	; 1
    3ed8:	8d 91       	ld	r24, X+

      /*
       * Copy data from the buffer into the flash write buffer.
       */
      do {
        __boot_page_fill_short((uint16_t)(void*)addrPtr, *(mybuff.wptr++));
    3eda:	9d 91       	ld	r25, X+
    3edc:	0c 01       	movw	r0, r24
    3ede:	b7 be       	out	0x37, r11	; 55
    3ee0:	e8 95       	spm
        addrPtr += 2;
      } while (len -= 2);
    3ee2:	11 24       	eor	r1, r1

      /*
       * Actually Write the buffer to flash (and wait for it to finish.)
       */
      __boot_page_write_short(address.word);
    3ee4:	32 96       	adiw	r30, 0x02	; 2
    3ee6:	da 12       	cpse	r13, r26
    3ee8:	f7 cf       	rjmp	.-18     	; 0x3ed8 <main+0x154>
      boot_spm_busy_wait();
    3eea:	fe 01       	movw	r30, r28
    3eec:	a7 be       	out	0x37, r10	; 55
    3eee:	e8 95       	spm
    3ef0:	07 b6       	in	r0, 0x37	; 55
      writebuffer(desttype, buff, address, savelength);


    }
/* Read memory block mode, length is big endian.  */
    else if (ch == STK_READ_PAGE) {
    3ef2:	00 fc       	sbrc	r0, 0
    3ef4:	fd cf       	rjmp	.-6      	; 0x3ef0 <main+0x16c>
      uint8_t desttype;
      GETLENGTH(length);
    3ef6:	37 c0       	rjmp	.+110    	; 0x3f66 <main+0x1e2>
    3ef8:	84 37       	cpi	r24, 0x74	; 116
    3efa:	39 f5       	brne	.+78     	; 0x3f4a <main+0x1c6>
    3efc:	3e d0       	rcall	.+124    	; 0x3f7a <getch>
    3efe:	3d d0       	rcall	.+122    	; 0x3f7a <getch>

      desttype = getch();
    3f00:	d8 2e       	mov	r13, r24
    3f02:	3b d0       	rcall	.+118    	; 0x3f7a <getch>

      verifySpace();
    3f04:	4a d0       	rcall	.+148    	; 0x3f9a <verifySpace>
    3f06:	8e 01       	movw	r16, r28
    3f08:	02 30       	cpi	r16, 0x02	; 2
#endif
  default:
    do {
#ifdef VIRTUAL_BOOT_PARTITION
      // Undo vector patch in bottom page so verify passes
      if (address.word == rstVect0) ch = rstVect0_sav;
    3f0a:	11 05       	cpc	r17, r1
    3f0c:	19 f4       	brne	.+6      	; 0x3f14 <main+0x190>
    3f0e:	80 91 44 01 	lds	r24, 0x0144	; 0x800144 <__RAM__+0x144>
    3f12:	14 c0       	rjmp	.+40     	; 0x3f3c <main+0x1b8>
    3f14:	03 30       	cpi	r16, 0x03	; 3
      else if (address.word == rstVect1) ch = rstVect1_sav;
    3f16:	11 05       	cpc	r17, r1
    3f18:	19 f4       	brne	.+6      	; 0x3f20 <main+0x19c>
    3f1a:	80 91 45 01 	lds	r24, 0x0145	; 0x800145 <__RAM__+0x145>
    3f1e:	0e c0       	rjmp	.+28     	; 0x3f3c <main+0x1b8>
      else if (address.word == saveVect0) ch = saveVect0_sav;
    3f20:	0a 36       	cpi	r16, 0x6A	; 106
    3f22:	11 05       	cpc	r17, r1
    3f24:	19 f4       	brne	.+6      	; 0x3f2c <main+0x1a8>
    3f26:	80 91 46 01 	lds	r24, 0x0146	; 0x800146 <__RAM__+0x146>
      else if (address.word == saveVect1) ch = saveVect1_sav;
    3f2a:	08 c0       	rjmp	.+16     	; 0x3f3c <main+0x1b8>
    3f2c:	0b 36       	cpi	r16, 0x6B	; 107
    3f2e:	11 05       	cpc	r17, r1
    3f30:	19 f4       	brne	.+6      	; 0x3f38 <main+0x1b4>
      else ch = pgm_read_byte_near(address.bptr);
    3f32:	80 91 47 01 	lds	r24, 0x0147	; 0x800147 <__RAM__+0x147>
      __asm__ ("  elpm %0,Z+\n" : "=r" (ch), "=z" (address.bptr): "1" (address));
#else
      // read a Flash byte and increment the address
      __asm__ ("  lpm %0,Z+\n" : "=r" (ch), "=z" (address.bptr): "1" (address));
#endif
      putch(ch);
    3f36:	02 c0       	rjmp	.+4      	; 0x3f3c <main+0x1b8>
    } while (--length);
    3f38:	f8 01       	movw	r30, r16
    3f3a:	84 91       	lpm	r24, Z
    3f3c:	17 d0       	rcall	.+46     	; 0x3f6c <putch>
    3f3e:	da 94       	dec	r13
    3f40:	0f 5f       	subi	r16, 0xFF	; 255

      read_mem(desttype, address, length);
    }

/* Get device signature bytes  */
    else if (ch == STK_READ_SIGN) {
    3f42:	1f 4f       	sbci	r17, 0xFF	; 255
    3f44:	d1 10       	cpse	r13, r1
      // READ SIGN - return what Avrdude wants to hear
      verifySpace();
    3f46:	e0 cf       	rjmp	.-64     	; 0x3f08 <main+0x184>
    3f48:	0e c0       	rjmp	.+28     	; 0x3f66 <main+0x1e2>
      putch(SIGNATURE_0);
    3f4a:	85 37       	cpi	r24, 0x75	; 117
    3f4c:	39 f4       	brne	.+14     	; 0x3f5c <main+0x1d8>
    3f4e:	25 d0       	rcall	.+74     	; 0x3f9a <verifySpace>
      putch(SIGNATURE_1);
    3f50:	8e e1       	ldi	r24, 0x1E	; 30
    3f52:	0c d0       	rcall	.+24     	; 0x3f6c <putch>
    3f54:	84 e9       	ldi	r24, 0x94	; 148
      putch(SIGNATURE_2);
    3f56:	0a d0       	rcall	.+20     	; 0x3f6c <putch>
    3f58:	82 e1       	ldi	r24, 0x12	; 18
    }
    else if (ch == STK_LEAVE_PROGMODE) { /* 'Q' */
    3f5a:	61 cf       	rjmp	.-318    	; 0x3e1e <main+0x9a>
    3f5c:	81 35       	cpi	r24, 0x51	; 81
      // Adaboot no-wait mod
      watchdogConfig(WATCHDOG_16MS);
    3f5e:	11 f4       	brne	.+4      	; 0x3f64 <main+0x1e0>
    3f60:	88 e0       	ldi	r24, 0x08	; 8
    3f62:	17 d0       	rcall	.+46     	; 0x3f92 <watchdogConfig>
      verifySpace();
    }
    else {
      // This covers the response to commands like STK_ENTER_PROGMODE
      verifySpace();
    3f64:	1a d0       	rcall	.+52     	; 0x3f9a <verifySpace>
    3f66:	80 e1       	ldi	r24, 0x10	; 16
    }
    putch(STK_OK);
    3f68:	01 d0       	rcall	.+2      	; 0x3f6c <putch>
    3f6a:	4e cf       	rjmp	.-356    	; 0x3e08 <main+0x84>

00003f6c <putch>:
    3f6c:	90 91 79 00 	lds	r25, 0x0079	; 0x800079 <__RAM__+0x79>
  RS485_PORT |= _BV(RS485_BIT);
# else
  RS485_PORT &= ~_BV(RS485_BIT);
# endif
#else //not RS485
  while (!(UART_SRA & _BV(UDRE0))) {  /* Spin */ }
    3f70:	95 ff       	sbrs	r25, 5
    3f72:	fc cf       	rjmp	.-8      	; 0x3f6c <putch>
  UART_UDR = ch;
    3f74:	80 93 73 00 	sts	0x0073, r24	; 0x800073 <__RAM__+0x73>
    3f78:	08 95       	ret

00003f7a <getch>:
    :
    "r25"
    );
#else
#ifndef LIN_UART
  while (!(UART_SRA & _BV(RXC0)))  {  /* Spin */ }
    3f7a:	80 91 79 00 	lds	r24, 0x0079	; 0x800079 <__RAM__+0x79>
    3f7e:	87 ff       	sbrs	r24, 7
    3f80:	fc cf       	rjmp	.-8      	; 0x3f7a <getch>
  if (!(UART_SRA & _BV(FE0))) {
    3f82:	80 91 79 00 	lds	r24, 0x0079	; 0x800079 <__RAM__+0x79>
    3f86:	84 fd       	sbrc	r24, 4
    3f88:	01 c0       	rjmp	.+2      	; 0x3f8c <getch+0x12>
}
#endif

// Watchdog functions. These are only safe with interrupts turned off.
void watchdogReset() {
  __asm__ __volatile__ (
    3f8a:	a8 95       	wdr
  while (!(LINSIR & _BV(LRXOK)))  {  /* Spin */ }
  if (!(LINSIR & _BV(LFERR))) {
    watchdogReset();  /* Eventually abort if wrong speed */
  }
#endif
  ch = UART_UDR;
    3f8c:	80 91 73 00 	lds	r24, 0x0073	; 0x800073 <__RAM__+0x73>
#if LED_DATA_FLASH
  toggle_led();
#endif

  return ch;
}
    3f90:	08 95       	ret

00003f92 <watchdogConfig>:
  WDTCSR = _BV(WDCE) | _BV(WDE);
#else
  WDTCR= _BV(WDCE) | _BV(WDE);
#endif
#else //then it must be one of those newfangled ones that use CCP
  CCP=0xD8; //so write this magic number to CCP
    3f92:	98 ed       	ldi	r25, 0xD8	; 216
    3f94:	9f bd       	out	0x2f, r25	; 47
#endif

#ifdef WDTCSR
  WDTCSR = x;
    3f96:	80 bf       	out	0x30, r24	; 48
    3f98:	08 95       	ret

00003f9a <verifySpace>:
  do getch(); while (--count);
  verifySpace();
}

void verifySpace() {
  if (getch() != CRC_EOP) {
    3f9a:	ef df       	rcall	.-34     	; 0x3f7a <getch>
    3f9c:	80 32       	cpi	r24, 0x20	; 32
    3f9e:	19 f0       	breq	.+6      	; 0x3fa6 <verifySpace+0xc>
    watchdogConfig(WATCHDOG_16MS);    // shorten WD timeout
    3fa0:	88 e0       	ldi	r24, 0x08	; 8
    3fa2:	f7 df       	rcall	.-18     	; 0x3f92 <watchdogConfig>
    3fa4:	ff cf       	rjmp	.-2      	; 0x3fa4 <verifySpace+0xa>
    while (1)                         // and busy-loop so that WD causes
      ;                               //  a reset and app start.
  }
  putch(STK_INSYNC);
    3fa6:	84 e1       	ldi	r24, 0x14	; 20
    3fa8:	e1 cf       	rjmp	.-62     	; 0x3f6c <putch>

00003faa <getNch>:
    ::[count] "M" (UART_B_VALUE)
    );
}
#endif

void getNch(uint8_t count) {
    3faa:	cf 93       	push	r28
    3fac:	c8 2f       	mov	r28, r24
  do getch(); while (--count);
    3fae:	e5 df       	rcall	.-54     	; 0x3f7a <getch>
    3fb0:	c1 50       	subi	r28, 0x01	; 1
    3fb2:	e9 f7       	brne	.-6      	; 0x3fae <getNch+0x4>
  verifySpace();
}
    3fb4:	cf 91       	pop	r28
}
#endif

void getNch(uint8_t count) {
  do getch(); while (--count);
  verifySpace();
    3fb6:	f1 cf       	rjmp	.-30     	; 0x3f9a <verifySpace>

00003fb8 <do_spm>:
    3fb8:	fc 01       	movw	r30, r24
 *   data=0 in WRITE
 */
static void do_spm(uint16_t address, uint8_t command, uint16_t data)  __attribute__ ((used));
static void do_spm(uint16_t address, uint8_t command, uint16_t data) {
  // Do spm stuff
  asm volatile (
    3fba:	0a 01       	movw	r0, r20
    3fbc:	67 bf       	out	0x37, r22	; 55
    3fbe:	e8 95       	spm
    3fc0:	11 24       	eor	r1, r1
    3fc2:	07 b6       	in	r0, 0x37	; 55
    );

  // wait for spm to complete
  //   it doesn't have much sense for __BOOT_PAGE_FILL,
  //   but it doesn't hurt and saves some bytes on 'if'
  boot_spm_busy_wait();
    3fc4:	00 fc       	sbrc	r0, 0
    3fc6:	fd cf       	rjmp	.-6      	; 0x3fc2 <do_spm+0xa>
    3fc8:	08 95       	ret
