
optiboot_atmega640_UART0__.elf:     file format elf32-avr

Sections:
Idx Name          Size      VMA       LMA       File off  Algn
  0 .text         00000314  0000fc00  0000fc00  00000074  2**0
                  CONTENTS, ALLOC, LOAD, READONLY, CODE
  1 .trampolines  00000000  0000ff14  0000ff14  00000388  2**1
                  CONTENTS, ALLOC, LOAD, READONLY, CODE
  2 .version      00000002  0000fffe  0000fffe  00000388  2**0
                  CONTENTS, ALLOC, LOAD, READONLY, DATA
  3 .comment      00000030  00000000  00000000  0000038a  2**0
                  CONTENTS, READONLY
  4 .debug_aranges 00000030  00000000  00000000  000003ba  2**0
                  CONTENTS, READONLY, DEBUGGING
  5 .debug_info   000007f3  00000000  00000000  000003ea  2**0
                  CONTENTS, READONLY, DEBUGGING
  6 .debug_abbrev 000002c7  00000000  00000000  00000bdd  2**0
                  CONTENTS, READONLY, DEBUGGING
  7 .debug_line   00000417  00000000  00000000  00000ea4  2**0
                  CONTENTS, READONLY, DEBUGGING
  8 .debug_frame  000000ac  00000000  00000000  000012bc  2**2
                  CONTENTS, READONLY, DEBUGGING
  9 .debug_str    00000280  00000000  00000000  00001368  2**0
                  CONTENTS, READONLY, DEBUGGING
 10 .debug_loc    00000498  00000000  00000000  000015e8  2**0
                  CONTENTS, READONLY, DEBUGGING
 11 .debug_ranges 00000068  00000000  00000000  00001a80  2**0
                  CONTENTS, READONLY, DEBUGGING

Disassembly of section .text:

0000fc00 <pre_main>:
/* everything that needs to run VERY early */
void pre_main(void) {
  // Allow convenient way of calling do_spm function - jump table, so
  //   entry to this function will always be here, independent of
  //   compilation, features etc
  asm volatile (
    fc00:	01 c0       	rjmp	.+2      	; 0xfc04 <main>
    fc02:	1f c1       	rjmp	.+574    	; 0xfe42 <do_spm>

0000fc04 <main>:
  //  SP points to RAMEND
  //  r1 contains zero
  //
  // If not, uncomment the following instructions:
  // cli();
  asm volatile ("  clr __zero_reg__");
    fc04:	11 24       	eor	r1, r1
#  warning "START_APP_ON_EXTR is defined and NO_START_APP_ON_POR isn't"
#  define APP_START_REASONS 1 /* Always start rge App. */
#  define WDRF_CLR_REASONS 0  /* Never clear WDRF */
#endif

  ch = MCUSR;
    fc06:	84 b7       	in	r24, 0x34	; 52

  // Skip all logic and run bootloader if MCUSR is cleared (application request)
  if (ch != 0) {
    fc08:	88 23       	and	r24, r24
    fc0a:	69 f0       	breq	.+26     	; 0xfc26 <main+0x22>
     * One problematic scenario: broken application code sets watchdog timer
     * without clearing MCUSR before and triggers it quickly. But it's
     * recoverable by power-on with pushed reset button.
     */

    if (APP_START_REASONS) {
    fc0c:	98 2f       	mov	r25, r24
    fc0e:	9a 70       	andi	r25, 0x0A	; 10
    fc10:	92 30       	cpi	r25, 0x02	; 2
    fc12:	49 f0       	breq	.+18     	; 0xfc26 <main+0x22>
      if (WDRF_CLR_REASONS) {
    fc14:	81 ff       	sbrs	r24, 1
    fc16:	02 c0       	rjmp	.+4      	; 0xfc1c <main+0x18>
        /*
         * Clear WDRF if it was most probably set by wdr in bootloader.
         */
        if ((uint16_t)&MCUSR > 0x1F) {
          MCUSR = ~(_BV(WDRF));   // optimize to LDI/OUT
    fc18:	97 ef       	ldi	r25, 0xF7	; 247
    fc1a:	94 bf       	out	0x34, r25	; 52
      /*
       * save the reset flags in the designated register
       * This can be saved in a main program by putting code in .init0 (which
       * executes before normal c init code) to save R2 to a global variable.
       */
      __asm__ __volatile__ ("  mov r2, %0\n" :: "r" (ch));
    fc1c:	28 2e       	mov	r2, r24

      // switch off watchdog
      watchdogConfig(WATCHDOG_OFF);
    fc1e:	80 e0       	ldi	r24, 0x00	; 0
    fc20:	fb d0       	rcall	.+502    	; 0xfe18 <watchdogConfig>
      // Note that appstart_vec is defined so that this works with either
      // real or virtual boot partitions.
      __asm__ __volatile__ (
    fc22:	0c 94 00 00 	jmp	0	; 0x0 <__tmp_reg__>
#elif defined(__AVR_ATtiny25__)||defined(__AVR_ATtiny45__)||defined(__AVR_ATtiny85__)
  TCCR1 = 0x0E; //div 8196 - it's an 8-bit timer.
#elif defined(__AVR_ATtiny43__)
#error "LED flash for Tiny43 not yet supported"
#else
  TCCR1B = _BV(CS12) | _BV(CS10); // div 1024
    fc26:	85 e0       	ldi	r24, 0x05	; 5
    fc28:	80 93 81 00 	sts	0x0081, r24	; 0x800081 <__RAM__+0x81>
  LINBTR = (1 << LDISR) | (8 << LBT0); 
  LINCR = _BV(LENA) | _BV(LCMD2) | _BV(LCMD1) | _BV(LCMD0);
  LINDAT=0;
#else
#if (SINGLESPEED == 0)
  UART_SRA = _BV(U2X0); //Double speed mode USART0
    fc2c:	82 e0       	ldi	r24, 0x02	; 2
    fc2e:	80 93 c0 00 	sts	0x00C0, r24	; 0x8000c0 <__RAM__+0xc0>
#endif
  UART_SRB = _BV(RXEN0) | _BV(TXEN0);
    fc32:	88 e1       	ldi	r24, 0x18	; 24
    fc34:	80 93 c1 00 	sts	0x00C1, r24	; 0x8000c1 <__RAM__+0xc1>
  UART_SRC = _BV(UCSZ00) | _BV(UCSZ01);
    fc38:	86 e0       	ldi	r24, 0x06	; 6
    fc3a:	80 93 c2 00 	sts	0x00C2, r24	; 0x8000c2 <__RAM__+0xc2>
  UART_SRL = (uint8_t)BAUD_SETTING;
    fc3e:	80 e1       	ldi	r24, 0x10	; 16
    fc40:	80 93 c4 00 	sts	0x00C4, r24	; 0x8000c4 <__RAM__+0xc4>
  RS485_PORT &= ~_BV(RS485_BIT);
  #endif
#endif

  // Set up watchdog to trigger after desired timeout
  watchdogConfig(WDTPERIOD);
    fc44:	8e e0       	ldi	r24, 0x0E	; 14
    fc46:	e8 d0       	rcall	.+464    	; 0xfe18 <watchdogConfig>

#if (LED_START_FLASHES > 0) || LED_DATA_FLASH || LED_START_ON
  /* Set LED pin as output */
  LED_DDR |= _BV(LED);
    fc48:	27 9a       	sbi	0x04, 7	; 4
    fc4a:	84 e0       	ldi	r24, 0x04	; 4
    TIFR = _BV(TOV1);
    while (!(TIFR & _BV(TOV1)));
#elif defined(__AVR_ATtiny43__)
#error "LED flash for Tiny43 not yet supported"
#else
    TCNT1 = -(F_CPU/(1024*16));
    fc4c:	20 e3       	ldi	r18, 0x30	; 48
    fc4e:	3c ef       	ldi	r19, 0xFC	; 252
    TIFR1 = _BV(TOV1);
    fc50:	91 e0       	ldi	r25, 0x01	; 1
    TIFR = _BV(TOV1);
    while (!(TIFR & _BV(TOV1)));
#elif defined(__AVR_ATtiny43__)
#error "LED flash for Tiny43 not yet supported"
#else
    TCNT1 = -(F_CPU/(1024*16));
    fc52:	30 93 85 00 	sts	0x0085, r19	; 0x800085 <__RAM__+0x85>
    fc56:	20 93 84 00 	sts	0x0084, r18	; 0x800084 <__RAM__+0x84>
    TIFR1 = _BV(TOV1);
    fc5a:	96 bb       	out	0x16, r25	; 22
    while (!(TIFR1 & _BV(TOV1)));
    fc5c:	b0 9b       	sbis	0x16, 0	; 22
    fc5e:	fe cf       	rjmp	.-4      	; 0xfc5c <main+0x58>
  defined(__AVR_ATmega64__)   || defined(__AVR_ATmega128__)
  LED_PORT ^= _BV(LED);
#else
  // Newer AVRs can toggle by writing PINx.
  if (&LED_PIN <= &_SFR_IO8(0x31)) {  // "if" code optimizes away.
    LED_PIN |= _BV(LED); // becomes SBI on low ports (in theory: incorrectly)
    fc60:	1f 9a       	sbi	0x03, 7	; 3
}
#endif

// Watchdog functions. These are only safe with interrupts turned off.
void watchdogReset() {
  __asm__ __volatile__ (
    fc62:	a8 95       	wdr
     *  by the UART hardware, avrdude sends several attempts in rather
     *  quick succession, some of which will be lost and cause us to
     *  get out of sync.  So if we see any data; stop blinking.
     */
#ifndef LIN_UART
    if (UART_SRA & _BV(RXC0))
    fc64:	40 91 c0 00 	lds	r20, 0x00C0	; 0x8000c0 <__RAM__+0xc0>
    fc68:	47 fd       	sbrc	r20, 7
    fc6a:	02 c0       	rjmp	.+4      	; 0xfc70 <main+0x6c>
    fc6c:	81 50       	subi	r24, 0x01	; 1
#else
// This doesn't seem to work?
//    if ((UART_PIN & (1<<UART_RX_BIT)) == 0)
//      break;  // detect start bit on soft uart too.
#endif
  } while (--count);
    fc6e:	89 f7       	brne	.-30     	; 0xfc52 <main+0x4e>
       * and we needed the space back.
       */
#ifdef FOURPAGEERASE
      if ((address.bytes[0] & ((SPM_PAGESIZE<<2)-1))==0) {
#endif
        __boot_page_erase_short(address.word);
    fc70:	43 e0       	ldi	r20, 0x03	; 3
    fc72:	d4 2e       	mov	r13, r20

      /*
       * Copy data from the buffer into the flash write buffer.
       */
      do {
        __boot_page_fill_short((uint16_t)(void*)addrPtr, *(mybuff.wptr++));
    fc74:	cc 24       	eor	r12, r12
    fc76:	c3 94       	inc	r12
      } while (len -= 2);

      /*
       * Actually Write the buffer to flash (and wait for it to finish.)
       */
      __boot_page_write_short(address.word);
    fc78:	55 e0       	ldi	r21, 0x05	; 5
    fc7a:	75 2e       	mov	r7, r21
      boot_spm_busy_wait();
#if defined(RWWSRE)
      // Reenable read access to flash
      __boot_rww_enable_short();
    fc7c:	61 e1       	ldi	r22, 0x11	; 17
#endif

  /* Forever loop: exits by causing WDT reset */
  for (;;) {
    /* get character from UART */
    ch = getch();
    fc7e:	66 2e       	mov	r6, r22

    if (ch == STK_GET_PARAMETER) {
    fc80:	bf d0       	rcall	.+382    	; 0xfe00 <getch>
      unsigned char which = getch();
    fc82:	81 34       	cpi	r24, 0x41	; 65
    fc84:	59 f4       	brne	.+22     	; 0xfc9c <main+0x98>
    fc86:	bc d0       	rcall	.+376    	; 0xfe00 <getch>
      verifySpace();
    fc88:	c8 2f       	mov	r28, r24
      /*
       * Send optiboot version as "SW version"
       * Note that the references to memory are optimized away.
       */
      if (which == STK_SW_MINOR) {
        putch(optiboot_version & 0xFF);
    fc8a:	cc d0       	rcall	.+408    	; 0xfe24 <verifySpace>
      } else if (which == STK_SW_MAJOR) {
    fc8c:	83 e0       	ldi	r24, 0x03	; 3
        putch(optiboot_version >> 8);
    fc8e:	c1 38       	cpi	r28, 0x81	; 129
    fc90:	09 f4       	brne	.+2      	; 0xfc94 <main+0x90>
    fc92:	88 e0       	ldi	r24, 0x08	; 8
    }
    else {
      // This covers the response to commands like STK_ENTER_PROGMODE
      verifySpace();
    }
    putch(STK_OK);
    fc94:	ae d0       	rcall	.+348    	; 0xfdf2 <putch>
    fc96:	80 e1       	ldi	r24, 0x10	; 16
#endif

  /* Forever loop: exits by causing WDT reset */
  for (;;) {
    /* get character from UART */
    ch = getch();
    fc98:	ac d0       	rcall	.+344    	; 0xfdf2 <putch>
         * other parameters - enough to keep Avrdude happy
         */
        putch(0x03);
      }
    }
    else if (ch == STK_SET_DEVICE) {
    fc9a:	f2 cf       	rjmp	.-28     	; 0xfc80 <main+0x7c>
    fc9c:	82 34       	cpi	r24, 0x42	; 66
      // SET DEVICE is ignored
      getNch(20);
    fc9e:	19 f4       	brne	.+6      	; 0xfca6 <main+0xa2>
    }
    else if (ch == STK_SET_DEVICE_EXT) {
      // SET DEVICE EXT is ignored
      getNch(5);
    fca0:	84 e1       	ldi	r24, 0x14	; 20
    fca2:	c8 d0       	rcall	.+400    	; 0xfe34 <getNch>
    }
    else if (ch == STK_SET_DEVICE) {
      // SET DEVICE is ignored
      getNch(20);
    }
    else if (ch == STK_SET_DEVICE_EXT) {
    fca4:	f8 cf       	rjmp	.-16     	; 0xfc96 <main+0x92>
      // SET DEVICE EXT is ignored
      getNch(5);
    fca6:	85 34       	cpi	r24, 0x45	; 69
    fca8:	11 f4       	brne	.+4      	; 0xfcae <main+0xaa>
    }
    else if (ch == STK_LOAD_ADDRESS) {
    fcaa:	85 e0       	ldi	r24, 0x05	; 5
    fcac:	fa cf       	rjmp	.-12     	; 0xfca2 <main+0x9e>
      // LOAD ADDRESS
      address.bytes[0] = getch();
    fcae:	85 35       	cpi	r24, 0x55	; 85
    fcb0:	81 f4       	brne	.+32     	; 0xfcd2 <main+0xce>
    fcb2:	a6 d0       	rcall	.+332    	; 0xfe00 <getch>
      address.bytes[1] = getch();
    fcb4:	08 2f       	mov	r16, r24
    fcb6:	a4 d0       	rcall	.+328    	; 0xfe00 <getch>
#ifdef RAMPZ
      // Transfer top bit to LSB in RAMPZ
      if (address.bytes[1] & 0x80) {
    fcb8:	18 2f       	mov	r17, r24
    fcba:	87 ff       	sbrs	r24, 7
        RAMPZ |= 0x01;
    fcbc:	07 c0       	rjmp	.+14     	; 0xfccc <main+0xc8>
    fcbe:	8b b7       	in	r24, 0x3b	; 59
      }
      else {
        RAMPZ &= 0xFE;
      }
#endif
      address.word *= 2; // Convert from word address to byte address
    fcc0:	81 60       	ori	r24, 0x01	; 1
    fcc2:	8b bf       	out	0x3b, r24	; 59
      watchdogConfig(WATCHDOG_16MS);
      verifySpace();
    }
    else {
      // This covers the response to commands like STK_ENTER_PROGMODE
      verifySpace();
    fcc4:	00 0f       	add	r16, r16
    fcc6:	11 1f       	adc	r17, r17
      // Transfer top bit to LSB in RAMPZ
      if (address.bytes[1] & 0x80) {
        RAMPZ |= 0x01;
      }
      else {
        RAMPZ &= 0xFE;
    fcc8:	ad d0       	rcall	.+346    	; 0xfe24 <verifySpace>
    fcca:	e5 cf       	rjmp	.-54     	; 0xfc96 <main+0x92>
    fccc:	8b b7       	in	r24, 0x3b	; 59
      }
#endif
      address.word *= 2; // Convert from word address to byte address
      verifySpace();
    }
    else if (ch == STK_UNIVERSAL) {
    fcce:	8e 7f       	andi	r24, 0xFE	; 254
    fcd0:	f8 cf       	rjmp	.-16     	; 0xfcc2 <main+0xbe>
#ifdef RAMPZ
      // LOAD_EXTENDED_ADDRESS is needed in STK_UNIVERSAL for addressing more than 128kB
      if ( AVR_OP_LOAD_EXT_ADDR == getch() ) {
    fcd2:	86 35       	cpi	r24, 0x56	; 86
    fcd4:	81 f4       	brne	.+32     	; 0xfcf6 <main+0xf2>
    fcd6:	94 d0       	rcall	.+296    	; 0xfe00 <getch>
        // get address
        getch();  // get '0'
    fcd8:	8d 34       	cpi	r24, 0x4D	; 77
    fcda:	59 f4       	brne	.+22     	; 0xfcf2 <main+0xee>
        RAMPZ = (RAMPZ & 0x01) | ((getch() << 1) & 0xff);  // get address and put it in RAMPZ
    fcdc:	91 d0       	rcall	.+290    	; 0xfe00 <getch>
    fcde:	cb b7       	in	r28, 0x3b	; 59
    fce0:	8f d0       	rcall	.+286    	; 0xfe00 <getch>
    fce2:	c1 70       	andi	r28, 0x01	; 1
    fce4:	88 0f       	add	r24, r24
    fce6:	8c 2b       	or	r24, r28
        // response
        putch(0x00);
      }
      else {
        // everything else is ignored
        getNch(3);
    fce8:	8b bf       	out	0x3b, r24	; 59
        putch(0x00);
    fcea:	81 e0       	ldi	r24, 0x01	; 1
    fcec:	a3 d0       	rcall	.+326    	; 0xfe34 <getNch>
        // response
        putch(0x00);
      }
      else {
        // everything else is ignored
        getNch(3);
    fcee:	80 e0       	ldi	r24, 0x00	; 0
    fcf0:	d1 cf       	rjmp	.-94     	; 0xfc94 <main+0x90>
      getNch(4);
      putch(0x00);
#endif
    }
    /* Write memory, length is big endian and is in bytes */
    else if (ch == STK_PROG_PAGE) {
    fcf2:	83 e0       	ldi	r24, 0x03	; 3
    fcf4:	fb cf       	rjmp	.-10     	; 0xfcec <main+0xe8>
    fcf6:	84 36       	cpi	r24, 0x64	; 100
      // PROGRAM PAGE - we support flash programming only, not EEPROM
      uint8_t desttype;
      uint8_t *bufPtr;
      pagelen_t savelength;

      GETLENGTH(length);
    fcf8:	09 f0       	breq	.+2      	; 0xfcfc <main+0xf8>
    fcfa:	4a c0       	rjmp	.+148    	; 0xfd90 <main+0x18c>
    fcfc:	81 d0       	rcall	.+258    	; 0xfe00 <getch>
    fcfe:	c8 2f       	mov	r28, r24
    fd00:	d0 e0       	ldi	r29, 0x00	; 0
    fd02:	dc 2f       	mov	r29, r28
    fd04:	cc 27       	eor	r28, r28
    fd06:	7c d0       	rcall	.+248    	; 0xfe00 <getch>
      savelength = length;
      desttype = getch();
    fd08:	c8 2b       	or	r28, r24
    fd0a:	7a d0       	rcall	.+244    	; 0xfe00 <getch>
    fd0c:	58 2e       	mov	r5, r24
    fd0e:	5e 01       	movw	r10, r28
    fd10:	8e ef       	ldi	r24, 0xFE	; 254

      // read a page worth of contents
      bufPtr = buff.bptr;
    fd12:	b8 1a       	sub	r11, r24
    fd14:	e1 2c       	mov	r14, r1
    fd16:	22 e0       	ldi	r18, 0x02	; 2
      do *bufPtr++ = getch();
    fd18:	f2 2e       	mov	r15, r18
    fd1a:	47 01       	movw	r8, r14
    fd1c:	ef ef       	ldi	r30, 0xFF	; 255
    fd1e:	8e 1a       	sub	r8, r30
    fd20:	9e 0a       	sbc	r9, r30
    fd22:	6e d0       	rcall	.+220    	; 0xfe00 <getch>
    fd24:	f7 01       	movw	r30, r14
    fd26:	80 83       	st	Z, r24
    fd28:	74 01       	movw	r14, r8
      while (--length);
    fd2a:	8a 14       	cp	r8, r10
    fd2c:	9b 04       	cpc	r9, r11
    fd2e:	a9 f7       	brne	.-22     	; 0xfd1a <main+0x116>

      // Read command terminator, start reply
      verifySpace();
    fd30:	79 d0       	rcall	.+242    	; 0xfe24 <verifySpace>
    fd32:	f5 e4       	ldi	r31, 0x45	; 69
 * void writebuffer(memtype, buffer, address, length)
 */
static inline void writebuffer(int8_t memtype, addr16_t mybuff,
                               addr16_t address, pagelen_t len)
{
  switch (memtype) {
    fd34:	5f 16       	cp	r5, r31
    fd36:	49 f1       	breq	.+82     	; 0xfd8a <main+0x186>
    fd38:	f8 01       	movw	r30, r16
       * and we needed the space back.
       */
#ifdef FOURPAGEERASE
      if ((address.bytes[0] & ((SPM_PAGESIZE<<2)-1))==0) {
#endif
        __boot_page_erase_short(address.word);
    fd3a:	d7 be       	out	0x37, r13	; 55
    fd3c:	e8 95       	spm
    fd3e:	07 b6       	in	r0, 0x37	; 55
        boot_spm_busy_wait();
    fd40:	00 fc       	sbrc	r0, 0
    fd42:	fd cf       	rjmp	.-6      	; 0xfd3e <main+0x13a>
    fd44:	f8 01       	movw	r30, r16
     * the default rather than checking for the correct code, we save
     * space on chips that don't support any other memory types.
     */
    {
      // Copy buffer into programming buffer
      uint16_t addrPtr = address.word;
    fd46:	a0 e0       	ldi	r26, 0x00	; 0
       */
#ifdef FOURPAGEERASE
      if ((address.bytes[0] & ((SPM_PAGESIZE<<2)-1))==0) {
#endif
        __boot_page_erase_short(address.word);
        boot_spm_busy_wait();
    fd48:	b2 e0       	ldi	r27, 0x02	; 2
    fd4a:	8d 91       	ld	r24, X+

      /*
       * Copy data from the buffer into the flash write buffer.
       */
      do {
        __boot_page_fill_short((uint16_t)(void*)addrPtr, *(mybuff.wptr++));
    fd4c:	9d 91       	ld	r25, X+
    fd4e:	0c 01       	movw	r0, r24
    fd50:	c7 be       	out	0x37, r12	; 55
    fd52:	e8 95       	spm
    fd54:	11 24       	eor	r1, r1
        addrPtr += 2;
    fd56:	32 96       	adiw	r30, 0x02	; 2
      } while (len -= 2);
    fd58:	22 97       	sbiw	r28, 0x02	; 2
    fd5a:	b9 f7       	brne	.-18     	; 0xfd4a <main+0x146>

      /*
       * Actually Write the buffer to flash (and wait for it to finish.)
       */
      __boot_page_write_short(address.word);
    fd5c:	f8 01       	movw	r30, r16
    fd5e:	77 be       	out	0x37, r7	; 55
    fd60:	e8 95       	spm
      boot_spm_busy_wait();
    fd62:	07 b6       	in	r0, 0x37	; 55
    fd64:	00 fc       	sbrc	r0, 0
    fd66:	fd cf       	rjmp	.-6      	; 0xfd62 <main+0x15e>
#if defined(RWWSRE)
      // Reenable read access to flash
      __boot_rww_enable_short();
    fd68:	67 be       	out	0x37, r6	; 55
    fd6a:	e8 95       	spm
{
  switch (memtype) {
  case 'E': // EEPROM
#if SUPPORT_EEPROM || BIGBOOT
    while (len--) {
      eeprom_write_byte((address.bptr++), *(mybuff.bptr++));
    fd6c:	94 cf       	rjmp	.-216    	; 0xfc96 <main+0x92>
    fd6e:	60 81       	ld	r22, Z
    fd70:	c7 01       	movw	r24, r14
    fd72:	80 0f       	add	r24, r16
    fd74:	91 1f       	adc	r25, r17
    fd76:	7d d0       	rcall	.+250    	; 0xfe72 <eeprom_write_byte>
    fd78:	8f ef       	ldi	r24, 0xFF	; 255
    fd7a:	e8 1a       	sub	r14, r24
                               addr16_t address, pagelen_t len)
{
  switch (memtype) {
  case 'E': // EEPROM
#if SUPPORT_EEPROM || BIGBOOT
    while (len--) {
    fd7c:	f8 0a       	sbc	r15, r24
    fd7e:	f7 01       	movw	r30, r14
    fd80:	fe 5f       	subi	r31, 0xFE	; 254
    fd82:	ce 15       	cp	r28, r14
 * void writebuffer(memtype, buffer, address, length)
 */
static inline void writebuffer(int8_t memtype, addr16_t mybuff,
                               addr16_t address, pagelen_t len)
{
  switch (memtype) {
    fd84:	df 05       	cpc	r29, r15
    fd86:	99 f7       	brne	.-26     	; 0xfd6e <main+0x16a>
      writebuffer(desttype, buff, address, savelength);


    }
/* Read memory block mode, length is big endian.  */
    else if (ch == STK_READ_PAGE) {
    fd88:	86 cf       	rjmp	.-244    	; 0xfc96 <main+0x92>
    fd8a:	f1 2c       	mov	r15, r1
      uint8_t desttype;
      GETLENGTH(length);
    fd8c:	e1 2c       	mov	r14, r1
    fd8e:	f7 cf       	rjmp	.-18     	; 0xfd7e <main+0x17a>
    fd90:	84 37       	cpi	r24, 0x74	; 116
    fd92:	09 f5       	brne	.+66     	; 0xfdd6 <main+0x1d2>
    fd94:	35 d0       	rcall	.+106    	; 0xfe00 <getch>
    fd96:	c8 2f       	mov	r28, r24
    fd98:	d0 e0       	ldi	r29, 0x00	; 0
    fd9a:	dc 2f       	mov	r29, r28

      desttype = getch();
    fd9c:	cc 27       	eor	r28, r28
    fd9e:	30 d0       	rcall	.+96     	; 0xfe00 <getch>
    fda0:	c8 2b       	or	r28, r24

      verifySpace();
    fda2:	2e d0       	rcall	.+92     	; 0xfe00 <getch>
    fda4:	b8 2e       	mov	r11, r24

static inline void read_mem(uint8_t memtype, addr16_t address, pagelen_t length)
{
  uint8_t ch;

  switch (memtype) {
    fda6:	3e d0       	rcall	.+124    	; 0xfe24 <verifySpace>
    fda8:	78 01       	movw	r14, r16
    fdaa:	f5 e4       	ldi	r31, 0x45	; 69

#if SUPPORT_EEPROM || BIGBOOT
  case 'E': // EEPROM
    do {
      putch(eeprom_read_byte((address.bptr++)));
    fdac:	bf 12       	cpse	r11, r31
    fdae:	0c c0       	rjmp	.+24     	; 0xfdc8 <main+0x1c4>
    fdb0:	c0 0f       	add	r28, r16
    fdb2:	d1 1f       	adc	r29, r17
    fdb4:	c7 01       	movw	r24, r14
    fdb6:	55 d0       	rcall	.+170    	; 0xfe62 <eeprom_read_byte>
    fdb8:	1c d0       	rcall	.+56     	; 0xfdf2 <putch>
    } while (--length);
    fdba:	8f ef       	ldi	r24, 0xFF	; 255
    fdbc:	e8 1a       	sub	r14, r24
    fdbe:	f8 0a       	sbc	r15, r24
    fdc0:	ce 15       	cp	r28, r14
      // Since RAMPZ should already be set, we need to use EPLM directly.
      // Also, we can use the autoincrement version of lpm to update "address"
      //      do putch(pgm_read_byte_near(address++));
      //      while (--length);
      // read a Flash and increment the address (may increment RAMPZ)
      __asm__ ("  elpm %0,Z+\n" : "=r" (ch), "=z" (address.bptr): "1" (address));
    fdc2:	df 05       	cpc	r29, r15
    fdc4:	b9 f7       	brne	.-18     	; 0xfdb4 <main+0x1b0>
    fdc6:	67 cf       	rjmp	.-306    	; 0xfc96 <main+0x92>
#else
      // read a Flash byte and increment the address
      __asm__ ("  lpm %0,Z+\n" : "=r" (ch), "=z" (address.bptr): "1" (address));
#endif
      putch(ch);
    fdc8:	f7 01       	movw	r30, r14
    fdca:	87 91       	elpm	r24, Z+
    } while (--length);
    fdcc:	7f 01       	movw	r14, r30
    fdce:	11 d0       	rcall	.+34     	; 0xfdf2 <putch>
    fdd0:	21 97       	sbiw	r28, 0x01	; 1

      read_mem(desttype, address, length);
    }

/* Get device signature bytes  */
    else if (ch == STK_READ_SIGN) {
    fdd2:	d1 f7       	brne	.-12     	; 0xfdc8 <main+0x1c4>
    fdd4:	60 cf       	rjmp	.-320    	; 0xfc96 <main+0x92>
      // READ SIGN - return what Avrdude wants to hear
      verifySpace();
    fdd6:	85 37       	cpi	r24, 0x75	; 117
    fdd8:	31 f4       	brne	.+12     	; 0xfde6 <main+0x1e2>
      putch(SIGNATURE_0);
    fdda:	24 d0       	rcall	.+72     	; 0xfe24 <verifySpace>
    fddc:	8e e1       	ldi	r24, 0x1E	; 30
    fdde:	09 d0       	rcall	.+18     	; 0xfdf2 <putch>
      putch(SIGNATURE_1);
    fde0:	86 e9       	ldi	r24, 0x96	; 150
    fde2:	07 d0       	rcall	.+14     	; 0xfdf2 <putch>
    fde4:	56 cf       	rjmp	.-340    	; 0xfc92 <main+0x8e>
    fde6:	81 35       	cpi	r24, 0x51	; 81
      putch(SIGNATURE_2);
    }
    else if (ch == STK_LEAVE_PROGMODE) { /* 'Q' */
    fde8:	09 f0       	breq	.+2      	; 0xfdec <main+0x1e8>
    fdea:	6e cf       	rjmp	.-292    	; 0xfcc8 <main+0xc4>
    fdec:	88 e0       	ldi	r24, 0x08	; 8
      // Adaboot no-wait mod
      watchdogConfig(WATCHDOG_16MS);
    fdee:	14 d0       	rcall	.+40     	; 0xfe18 <watchdogConfig>
    fdf0:	6b cf       	rjmp	.-298    	; 0xfcc8 <main+0xc4>

0000fdf2 <putch>:
    fdf2:	90 91 c0 00 	lds	r25, 0x00C0	; 0x8000c0 <__RAM__+0xc0>
  RS485_PORT |= _BV(RS485_BIT);
# else
  RS485_PORT &= ~_BV(RS485_BIT);
# endif
#else //not RS485
  while (!(UART_SRA & _BV(UDRE0))) {  /* Spin */ }
    fdf6:	95 ff       	sbrs	r25, 5
    fdf8:	fc cf       	rjmp	.-8      	; 0xfdf2 <putch>
  UART_UDR = ch;
    fdfa:	80 93 c6 00 	sts	0x00C6, r24	; 0x8000c6 <__RAM__+0xc6>
  #else
  RS485_PORT &= ~_BV(RS485_BIT);
  #endif
#endif
#endif // SOFT_UART
}
    fdfe:	08 95       	ret

0000fe00 <getch>:
    :
    "r25"
    );
#else
#ifndef LIN_UART
  while (!(UART_SRA & _BV(RXC0)))  {  /* Spin */ }
    fe00:	80 91 c0 00 	lds	r24, 0x00C0	; 0x8000c0 <__RAM__+0xc0>
    fe04:	87 ff       	sbrs	r24, 7
    fe06:	fc cf       	rjmp	.-8      	; 0xfe00 <getch>
  if (!(UART_SRA & _BV(FE0))) {
    fe08:	80 91 c0 00 	lds	r24, 0x00C0	; 0x8000c0 <__RAM__+0xc0>
    fe0c:	84 fd       	sbrc	r24, 4
    fe0e:	01 c0       	rjmp	.+2      	; 0xfe12 <getch+0x12>
}
#endif

// Watchdog functions. These are only safe with interrupts turned off.
void watchdogReset() {
  __asm__ __volatile__ (
    fe10:	a8 95       	wdr
  while (!(LINSIR & _BV(LRXOK)))  {  /* Spin */ }
  if (!(LINSIR & _BV(LFERR))) {
    watchdogReset();  /* Eventually abort if wrong speed */
  }
#endif
  ch = UART_UDR;
    fe12:	80 91 c6 00 	lds	r24, 0x00C6	; 0x8000c6 <__RAM__+0xc6>
#if LED_DATA_FLASH
  toggle_led();
#endif

  return ch;
}
    fe16:	08 95       	ret

0000fe18 <watchdogConfig>:
}

void watchdogConfig(uint8_t x) {
#ifdef WDCE //does it have a Watchdog Change Enable?
#ifdef WDTCSR
  WDTCSR = _BV(WDCE) | _BV(WDE);
    fe18:	e0 e6       	ldi	r30, 0x60	; 96
    fe1a:	f0 e0       	ldi	r31, 0x00	; 0
    fe1c:	98 e1       	ldi	r25, 0x18	; 24
    fe1e:	90 83       	st	Z, r25
#else //then it must be one of those newfangled ones that use CCP
  CCP=0xD8; //so write this magic number to CCP
#endif

#ifdef WDTCSR
  WDTCSR = x;
    fe20:	80 83       	st	Z, r24
#else
  WDTCR= x;
#endif
}
    fe22:	08 95       	ret

0000fe24 <verifySpace>:
  do getch(); while (--count);
  verifySpace();
}

void verifySpace() {
  if (getch() != CRC_EOP) {
    fe24:	ed df       	rcall	.-38     	; 0xfe00 <getch>
    fe26:	80 32       	cpi	r24, 0x20	; 32
    fe28:	19 f0       	breq	.+6      	; 0xfe30 <verifySpace+0xc>
    watchdogConfig(WATCHDOG_16MS);    // shorten WD timeout
    fe2a:	88 e0       	ldi	r24, 0x08	; 8
    fe2c:	f5 df       	rcall	.-22     	; 0xfe18 <watchdogConfig>
    fe2e:	ff cf       	rjmp	.-2      	; 0xfe2e <verifySpace+0xa>
    while (1)                         // and busy-loop so that WD causes
      ;                               //  a reset and app start.
  }
  putch(STK_INSYNC);
    fe30:	84 e1       	ldi	r24, 0x14	; 20
    fe32:	df cf       	rjmp	.-66     	; 0xfdf2 <putch>

0000fe34 <getNch>:
    ::[count] "M" (UART_B_VALUE)
    );
}
#endif

void getNch(uint8_t count) {
    fe34:	cf 93       	push	r28
    fe36:	c8 2f       	mov	r28, r24
  do getch(); while (--count);
    fe38:	e3 df       	rcall	.-58     	; 0xfe00 <getch>
    fe3a:	c1 50       	subi	r28, 0x01	; 1
    fe3c:	e9 f7       	brne	.-6      	; 0xfe38 <getNch+0x4>
  verifySpace();
}
    fe3e:	cf 91       	pop	r28
}
#endif

void getNch(uint8_t count) {
  do getch(); while (--count);
  verifySpace();
    fe40:	f1 cf       	rjmp	.-30     	; 0xfe24 <verifySpace>

0000fe42 <do_spm>:
    fe42:	fc 01       	movw	r30, r24
 *   data=0 in WRITE
 */
static void do_spm(uint16_t address, uint8_t command, uint16_t data)  __attribute__ ((used));
static void do_spm(uint16_t address, uint8_t command, uint16_t data) {
  // Do spm stuff
  asm volatile (
    fe44:	0a 01       	movw	r0, r20
    fe46:	67 bf       	out	0x37, r22	; 55
    fe48:	e8 95       	spm
    fe4a:	11 24       	eor	r1, r1
    fe4c:	07 b6       	in	r0, 0x37	; 55
    );

  // wait for spm to complete
  //   it doesn't have much sense for __BOOT_PAGE_FILL,
  //   but it doesn't hurt and saves some bytes on 'if'
  boot_spm_busy_wait();
    fe4e:	00 fc       	sbrc	r0, 0
    fe50:	fd cf       	rjmp	.-6      	; 0xfe4c <do_spm+0xa>
    fe52:	66 70       	andi	r22, 0x06	; 6
#if defined(RWWSRE)
  // this 'if' condition should be: (command == __BOOT_PAGE_WRITE || command == __BOOT_PAGE_ERASE)...
  // but it's tweaked a little assuming that in every command we are interested in here, there
  // must be also SELFPRGEN set. If we skip checking this bit, we save here 4B
  if ((command & (_BV(PGWRT)|_BV(PGERS))) && (data == 0) ) {
    fe54:	29 f0       	breq	.+10     	; 0xfe60 <do_spm+0x1e>
    fe56:	45 2b       	or	r20, r21
    fe58:	19 f4       	brne	.+6      	; 0xfe60 <do_spm+0x1e>
    fe5a:	81 e1       	ldi	r24, 0x11	; 17
    // Reenable read access to flash
    __boot_rww_enable_short();
    fe5c:	87 bf       	out	0x37, r24	; 55
    fe5e:	e8 95       	spm
    fe60:	08 95       	ret

0000fe62 <eeprom_read_byte>:
  }
#endif
}
    fe62:	f9 99       	sbic	0x1f, 1	; 31
    fe64:	fe cf       	rjmp	.-4      	; 0xfe62 <eeprom_read_byte>
    fe66:	92 bd       	out	0x22, r25	; 34
    fe68:	81 bd       	out	0x21, r24	; 33
    fe6a:	f8 9a       	sbi	0x1f, 0	; 31
    fe6c:	99 27       	eor	r25, r25
    fe6e:	80 b5       	in	r24, 0x20	; 32
    fe70:	08 95       	ret

0000fe72 <eeprom_write_byte>:
    fe72:	26 2f       	mov	r18, r22

0000fe74 <eeprom_write_r18>:
    fe74:	f9 99       	sbic	0x1f, 1	; 31
    fe76:	fe cf       	rjmp	.-4      	; 0xfe74 <eeprom_write_r18>
    fe78:	1f ba       	out	0x1f, r1	; 31
    fe7a:	92 bd       	out	0x22, r25	; 34
    fe7c:	81 bd       	out	0x21, r24	; 33
    fe7e:	20 bd       	out	0x20, r18	; 32
    fe80:	0f b6       	in	r0, 0x3f	; 63
    fe82:	f8 94       	cli
    fe84:	fa 9a       	sbi	0x1f, 2	; 31
    fe86:	f9 9a       	sbi	0x1f, 1	; 31
    fe88:	0f be       	out	0x3f, r0	; 63
    fe8a:	01 96       	adiw	r24, 0x01	; 1
    fe8c:	08 95       	ret

0000fe8e <f_delimit>:
    fe8e:	ff                                                  .

0000fe8f <f_version>:
    fe8f:	56 65 72 73 69 6f 6e 3d 38 2e 33 00                 Version=8.3.

0000fe9b <f_device>:
    fe9b:	44 65 76 69 63 65 3d 61 74 6d 65 67 61 36 34 30     Device=atmega640
	...

0000feac <fF_CPU>:
    feac:	46 5f 43 50 55 3d 31 36 30 30 30 30 30 30 4c 00     F_CPU=16000000L.

0000febc <fBIGBOOT>:
    febc:	42 49 47 42 4f 4f 54 3d 31 00                       BIGBOOT=1.

0000fec6 <f_date>:
    fec6:	42 75 69 6c 74 3a 4d 61 72 20 31 36 20 32 30 32     Built:Mar 16 202
    fed6:	33 3a 30 35 3a 30 34 3a 32 34 00                    3:05:04:24.

0000fee1 <fUART>:
    fee1:	55 41 52 54 3d 30 00                                UART=0.

0000fee8 <fBAUD_RATE>:
    fee8:	42 41 55 44 5f 52 41 54 45 3d 31 31 35 32 30 30     BAUD_RATE=115200
	...

0000fef9 <f_LED>:
    fef9:	4c 45 44 3d 42 37 00                                LED=B7.

0000ff00 <fLED_START_FLASHES>:
    ff00:	4c 45 44 5f 53 54 41 52 54 5f 46 4c 41 53 48 45     LED_START_FLASHE
    ff10:	53 3d 32 00                                         S=2.
