
optiboot_atmega8.elf:     file format elf32-avr

Sections:
Idx Name          Size      VMA       LMA       File off  Algn
  0 .text         000001d0  00001e00  00001e00  00000074  2**0
                  CONTENTS, ALLOC, LOAD, READONLY, CODE
  1 .trampolines  00000000  00001fd0  00001fd0  00000244  2**1
                  CONTENTS, ALLOC, LOAD, READONLY, CODE
  2 .version      00000002  00001ffe  00001ffe  00000244  2**0
                  CONTENTS, ALLOC, LOAD, READONLY, DATA
  3 .comment      00000030  00000000  00000000  00000246  2**0
                  CONTENTS, READONLY
  4 .debug_aranges 00000030  00000000  00000000  00000276  2**0
                  CONTENTS, READONLY, DEBUGGING
  5 .debug_info   0000062c  00000000  00000000  000002a6  2**0
                  CONTENTS, READONLY, DEBUGGING
  6 .debug_abbrev 000002c9  00000000  00000000  000008d2  2**0
                  CONTENTS, READONLY, DEBUGGING
  7 .debug_line   000003ab  00000000  00000000  00000b9b  2**0
                  CONTENTS, READONLY, DEBUGGING
  8 .debug_frame  000000ac  00000000  00000000  00000f48  2**2
                  CONTENTS, READONLY, DEBUGGING
  9 .debug_str    000001ff  00000000  00000000  00000ff4  2**0
                  CONTENTS, READONLY, DEBUGGING
 10 .debug_loc    000002cf  00000000  00000000  000011f3  2**0
                  CONTENTS, READONLY, DEBUGGING
 11 .debug_ranges 00000080  00000000  00000000  000014c2  2**0
                  CONTENTS, READONLY, DEBUGGING

Disassembly of section .text:

00001e00 <pre_main>:
/* everything that needs to run VERY early */
void pre_main(void) {
  // Allow convenient way of calling do_spm function - jump table, so
  //   entry to this function will always be here, independent of
  //   compilation, features etc
  asm volatile (
    1e00:	01 c0       	rjmp	.+2      	; 0x1e04 <main>
    1e02:	d6 c0       	rjmp	.+428    	; 0x1fb0 <do_spm>

00001e04 <main>:
  //  SP points to RAMEND
  //  r1 contains zero
  //
  // If not, uncomment the following instructions:
  // cli();
  asm volatile ("  clr __zero_reg__");
    1e04:	11 24       	eor	r1, r1

#if defined(__AVR_ATmega8__) || defined(__AVR_ATmega8515__) ||  \
  defined(__AVR_ATmega8535__) || defined (__AVR_ATmega16__) ||  \
  defined (__AVR_ATmega32__) || defined (__AVR_ATmega64__)  ||  \
  defined (__AVR_ATmega128__) || defined (__AVR_ATmega162__)
  SP=RAMEND;  // This is done by hardware reset on newer chips
    1e06:	8f e5       	ldi	r24, 0x5F	; 95
    1e08:	94 e0       	ldi	r25, 0x04	; 4
    1e0a:	9e bf       	out	0x3e, r25	; 62
    1e0c:	8d bf       	out	0x3d, r24	; 61
#  warning "START_APP_ON_EXTR is defined and NO_START_APP_ON_POR isn't"
#  define APP_START_REASONS 1 /* Always start rge App. */
#  define WDRF_CLR_REASONS 0  /* Never clear WDRF */
#endif

  ch = MCUSR;
    1e0e:	84 b7       	in	r24, 0x34	; 52

  // Skip all logic and run bootloader if MCUSR is cleared (application request)
  if (ch != 0) {
    1e10:	88 23       	and	r24, r24
    1e12:	61 f0       	breq	.+24     	; 0x1e2c <main+0x28>
     * One problematic scenario: broken application code sets watchdog timer
     * without clearing MCUSR before and triggers it quickly. But it's
     * recoverable by power-on with pushed reset button.
     */

    if (APP_START_REASONS) {
    1e14:	98 2f       	mov	r25, r24
    1e16:	9a 70       	andi	r25, 0x0A	; 10
    1e18:	92 30       	cpi	r25, 0x02	; 2
    1e1a:	41 f0       	breq	.+16     	; 0x1e2c <main+0x28>
      if (WDRF_CLR_REASONS) {
    1e1c:	81 ff       	sbrs	r24, 1
    1e1e:	02 c0       	rjmp	.+4      	; 0x1e24 <main+0x20>
        /*
         * Clear WDRF if it was most probably set by wdr in bootloader.
         */
        if ((uint16_t)&MCUSR > 0x1F) {
          MCUSR = ~(_BV(WDRF));   // optimize to LDI/OUT
    1e20:	97 ef       	ldi	r25, 0xF7	; 247
    1e22:	94 bf       	out	0x34, r25	; 52
      /*
       * save the reset flags in the designated register
       * This can be saved in a main program by putting code in .init0 (which
       * executes before normal c init code) to save R2 to a global variable.
       */
      __asm__ __volatile__ ("  mov r2, %0\n" :: "r" (ch));
    1e24:	28 2e       	mov	r2, r24

      // switch off watchdog
      watchdogConfig(WATCHDOG_OFF);
    1e26:	80 e0       	ldi	r24, 0x00	; 0
    1e28:	b0 d0       	rcall	.+352    	; 0x1f8a <watchdogConfig>
      // Note that appstart_vec is defined so that this works with either
      // real or virtual boot partitions.
      __asm__ __volatile__ (
    1e2a:	ea c0       	rjmp	.+468    	; 0x2000 <__VERSION_START__+0x2>
#elif defined(__AVR_ATtiny25__)||defined(__AVR_ATtiny45__)||defined(__AVR_ATtiny85__)
  TCCR1 = 0x0E; //div 8196 - it's an 8-bit timer.
#elif defined(__AVR_ATtiny43__)
#error "LED flash for Tiny43 not yet supported"
#else
  TCCR1B = _BV(CS12) | _BV(CS10); // div 1024
    1e2c:	85 e0       	ldi	r24, 0x05	; 5
    1e2e:	8e bd       	out	0x2e, r24	; 46
#if (SOFT_UART == 0)
#if defined(__AVR_ATmega8__) || defined (__AVR_ATmega8515__) || \
  defined (__AVR_ATmega8535__) || defined (__AVR_ATmega16__) || \
  defined (__AVR_ATmega32__)
#if (SINGLESPEED == 0)
  UCSRA = _BV(U2X); //Double speed mode USART
    1e30:	82 e0       	ldi	r24, 0x02	; 2
    1e32:	8b b9       	out	0x0b, r24	; 11
#endif //singlespeed
  UCSRB = _BV(RXEN) | _BV(TXEN);  // enable Rx & Tx
    1e34:	88 e1       	ldi	r24, 0x18	; 24
    1e36:	8a b9       	out	0x0a, r24	; 10
  UCSRC = _BV(URSEL) | _BV(UCSZ1) | _BV(UCSZ0);  // config USART; 8N1
    1e38:	86 e8       	ldi	r24, 0x86	; 134
    1e3a:	80 bd       	out	0x20, r24	; 32
  UBRRL = (uint8_t)BAUD_SETTING;
    1e3c:	80 e1       	ldi	r24, 0x10	; 16
    1e3e:	89 b9       	out	0x09, r24	; 9
  RS485_PORT &= ~_BV(RS485_BIT);
  #endif
#endif

  // Set up watchdog to trigger after desired timeout
  watchdogConfig(WDTPERIOD);
    1e40:	8e e0       	ldi	r24, 0x0E	; 14
    1e42:	a3 d0       	rcall	.+326    	; 0x1f8a <watchdogConfig>

#if (LED_START_FLASHES > 0) || LED_DATA_FLASH || LED_START_ON
  /* Set LED pin as output */
  LED_DDR |= _BV(LED);
    1e44:	bd 9a       	sbi	0x17, 5	; 23
    1e46:	86 e0       	ldi	r24, 0x06	; 6
    TIFR = _BV(TOV1);
    while (!(TIFR & _BV(TOV1)));
#elif defined(__AVR_ATtiny43__)
#error "LED flash for Tiny43 not yet supported"
#else
    TCNT1 = -(F_CPU/(1024*16));
    1e48:	20 e3       	ldi	r18, 0x30	; 48
    1e4a:	3c ef       	ldi	r19, 0xFC	; 252
    TIFR1 = _BV(TOV1);
    1e4c:	44 e0       	ldi	r20, 0x04	; 4
static void inline toggle_led(void) {
#if defined(__AVR_ATmega8__)    || defined(__AVR_ATmega8515__) ||       \
  defined(__AVR_ATmega8535__) || defined(__AVR_ATmega16__)   ||         \
  defined(__AVR_ATmega162__)  || defined(__AVR_ATmega32__)   ||         \
  defined(__AVR_ATmega64__)   || defined(__AVR_ATmega128__)
  LED_PORT ^= _BV(LED);
    1e4e:	50 e2       	ldi	r21, 0x20	; 32
    TIFR = _BV(TOV1);
    while (!(TIFR & _BV(TOV1)));
#elif defined(__AVR_ATtiny43__)
#error "LED flash for Tiny43 not yet supported"
#else
    TCNT1 = -(F_CPU/(1024*16));
    1e50:	3d bd       	out	0x2d, r19	; 45
    1e52:	2c bd       	out	0x2c, r18	; 44
    TIFR1 = _BV(TOV1);
    1e54:	48 bf       	out	0x38, r20	; 56
    while (!(TIFR1 & _BV(TOV1)));
    1e56:	08 b6       	in	r0, 0x38	; 56
    1e58:	02 fe       	sbrs	r0, 2
    1e5a:	fd cf       	rjmp	.-6      	; 0x1e56 <main+0x52>
static void inline toggle_led(void) {
#if defined(__AVR_ATmega8__)    || defined(__AVR_ATmega8515__) ||       \
  defined(__AVR_ATmega8535__) || defined(__AVR_ATmega16__)   ||         \
  defined(__AVR_ATmega162__)  || defined(__AVR_ATmega32__)   ||         \
  defined(__AVR_ATmega64__)   || defined(__AVR_ATmega128__)
  LED_PORT ^= _BV(LED);
    1e5c:	98 b3       	in	r25, 0x18	; 24
    1e5e:	95 27       	eor	r25, r21
    1e60:	98 bb       	out	0x18, r25	; 24
}
#endif

// Watchdog functions. These are only safe with interrupts turned off.
void watchdogReset() {
  __asm__ __volatile__ (
    1e62:	a8 95       	wdr
     *  by the UART hardware, avrdude sends several attempts in rather
     *  quick succession, some of which will be lost and cause us to
     *  get out of sync.  So if we see any data; stop blinking.
     */
#ifndef LIN_UART
    if (UART_SRA & _BV(RXC0))
    1e64:	5f 99       	sbic	0x0b, 7	; 11
    1e66:	02 c0       	rjmp	.+4      	; 0x1e6c <main+0x68>
    1e68:	81 50       	subi	r24, 0x01	; 1
#else
// This doesn't seem to work?
//    if ((UART_PIN & (1<<UART_RX_BIT)) == 0)
//      break;  // detect start bit on soft uart too.
#endif
  } while (--count);
    1e6a:	91 f7       	brne	.-28     	; 0x1e50 <main+0x4c>
       * and we needed the space back.
       */
#ifdef FOURPAGEERASE
      if ((address.bytes[0] & ((SPM_PAGESIZE<<2)-1))==0) {
#endif
        __boot_page_erase_short(address.word);
    1e6c:	23 e0       	ldi	r18, 0x03	; 3
    1e6e:	e2 2e       	mov	r14, r18

      /*
       * Copy data from the buffer into the flash write buffer.
       */
      do {
        __boot_page_fill_short((uint16_t)(void*)addrPtr, *(mybuff.wptr++));
    1e70:	dd 24       	eor	r13, r13
    1e72:	d3 94       	inc	r13
      } while (len -= 2);

      /*
       * Actually Write the buffer to flash (and wait for it to finish.)
       */
      __boot_page_write_short(address.word);
    1e74:	35 e0       	ldi	r19, 0x05	; 5
    1e76:	c3 2e       	mov	r12, r19
      boot_spm_busy_wait();
#if defined(RWWSRE)
      // Reenable read access to flash
      __boot_rww_enable_short();
    1e78:	41 e1       	ldi	r20, 0x11	; 17
    1e7a:	b4 2e       	mov	r11, r20
#endif

  /* Forever loop: exits by causing WDT reset */
  for (;;) {
    /* get character from UART */
    ch = getch();
    1e7c:	7f d0       	rcall	.+254    	; 0x1f7c <getch>

    if (ch == STK_GET_PARAMETER) {
    1e7e:	81 34       	cpi	r24, 0x41	; 65
    1e80:	59 f4       	brne	.+22     	; 0x1e98 <main+0x94>
      unsigned char which = getch();
    1e82:	7c d0       	rcall	.+248    	; 0x1f7c <getch>
    1e84:	18 2f       	mov	r17, r24
      verifySpace();
    1e86:	85 d0       	rcall	.+266    	; 0x1f92 <verifySpace>
      /*
       * Send optiboot version as "SW version"
       * Note that the references to memory are optimized away.
       */
      if (which == STK_SW_MINOR) {
        putch(optiboot_version & 0xFF);
    1e88:	83 e0       	ldi	r24, 0x03	; 3
      } else if (which == STK_SW_MAJOR) {
    1e8a:	11 38       	cpi	r17, 0x81	; 129
    1e8c:	09 f4       	brne	.+2      	; 0x1e90 <main+0x8c>
        putch(optiboot_version >> 8);
    1e8e:	88 e0       	ldi	r24, 0x08	; 8
    1e90:	71 d0       	rcall	.+226    	; 0x1f74 <putch>
    }
    else {
      // This covers the response to commands like STK_ENTER_PROGMODE
      verifySpace();
    }
    putch(STK_OK);
    1e92:	80 e1       	ldi	r24, 0x10	; 16
    1e94:	6f d0       	rcall	.+222    	; 0x1f74 <putch>
#endif

  /* Forever loop: exits by causing WDT reset */
  for (;;) {
    /* get character from UART */
    ch = getch();
    1e96:	f2 cf       	rjmp	.-28     	; 0x1e7c <main+0x78>
         * other parameters - enough to keep Avrdude happy
         */
        putch(0x03);
      }
    }
    else if (ch == STK_SET_DEVICE) {
    1e98:	82 34       	cpi	r24, 0x42	; 66
    1e9a:	19 f4       	brne	.+6      	; 0x1ea2 <main+0x9e>
      // SET DEVICE is ignored
      getNch(20);
    1e9c:	84 e1       	ldi	r24, 0x14	; 20
    }
    else if (ch == STK_SET_DEVICE_EXT) {
      // SET DEVICE EXT is ignored
      getNch(5);
    1e9e:	81 d0       	rcall	.+258    	; 0x1fa2 <getNch>
    1ea0:	f8 cf       	rjmp	.-16     	; 0x1e92 <main+0x8e>
    }
    else if (ch == STK_SET_DEVICE) {
      // SET DEVICE is ignored
      getNch(20);
    }
    else if (ch == STK_SET_DEVICE_EXT) {
    1ea2:	85 34       	cpi	r24, 0x45	; 69
    1ea4:	11 f4       	brne	.+4      	; 0x1eaa <main+0xa6>
      // SET DEVICE EXT is ignored
      getNch(5);
    1ea6:	85 e0       	ldi	r24, 0x05	; 5
    1ea8:	fa cf       	rjmp	.-12     	; 0x1e9e <main+0x9a>
    }
    else if (ch == STK_LOAD_ADDRESS) {
    1eaa:	85 35       	cpi	r24, 0x55	; 85
    1eac:	41 f4       	brne	.+16     	; 0x1ebe <main+0xba>
      // LOAD ADDRESS
      address.bytes[0] = getch();
    1eae:	66 d0       	rcall	.+204    	; 0x1f7c <getch>
    1eb0:	c8 2f       	mov	r28, r24
      address.bytes[1] = getch();
    1eb2:	64 d0       	rcall	.+200    	; 0x1f7c <getch>
    1eb4:	d8 2f       	mov	r29, r24
      }
      else {
        RAMPZ &= 0xFE;
      }
#endif
      address.word *= 2; // Convert from word address to byte address
    1eb6:	cc 0f       	add	r28, r28
    1eb8:	dd 1f       	adc	r29, r29
      watchdogConfig(WATCHDOG_16MS);
      verifySpace();
    }
    else {
      // This covers the response to commands like STK_ENTER_PROGMODE
      verifySpace();
    1eba:	6b d0       	rcall	.+214    	; 0x1f92 <verifySpace>
    1ebc:	ea cf       	rjmp	.-44     	; 0x1e92 <main+0x8e>
      }
#endif
      address.word *= 2; // Convert from word address to byte address
      verifySpace();
    }
    else if (ch == STK_UNIVERSAL) {
    1ebe:	86 35       	cpi	r24, 0x56	; 86
    1ec0:	21 f4       	brne	.+8      	; 0x1eca <main+0xc6>
        getNch(3);
        putch(0x00);
      }
#else
      // UNIVERSAL command is ignored
      getNch(4);
    1ec2:	84 e0       	ldi	r24, 0x04	; 4
    1ec4:	6e d0       	rcall	.+220    	; 0x1fa2 <getNch>
      putch(0x00);
    1ec6:	80 e0       	ldi	r24, 0x00	; 0
    1ec8:	e3 cf       	rjmp	.-58     	; 0x1e90 <main+0x8c>
#endif
    }
    /* Write memory, length is big endian and is in bytes */
    else if (ch == STK_PROG_PAGE) {
    1eca:	84 36       	cpi	r24, 0x64	; 100
    1ecc:	09 f0       	breq	.+2      	; 0x1ed0 <main+0xcc>
    1ece:	33 c0       	rjmp	.+102    	; 0x1f36 <main+0x132>
      // PROGRAM PAGE - we support flash programming only, not EEPROM
      uint8_t desttype;
      uint8_t *bufPtr;
      pagelen_t savelength;

      GETLENGTH(length);
    1ed0:	55 d0       	rcall	.+170    	; 0x1f7c <getch>
    1ed2:	54 d0       	rcall	.+168    	; 0x1f7c <getch>
    1ed4:	18 2f       	mov	r17, r24
      savelength = length;
      desttype = getch();
    1ed6:	52 d0       	rcall	.+164    	; 0x1f7c <getch>
    1ed8:	f8 2e       	mov	r15, r24
      // PROGRAM PAGE - we support flash programming only, not EEPROM
      uint8_t desttype;
      uint8_t *bufPtr;
      pagelen_t savelength;

      GETLENGTH(length);
    1eda:	01 2f       	mov	r16, r17
      savelength = length;
      desttype = getch();

      // read a page worth of contents
      bufPtr = buff.bptr;
    1edc:	80 e6       	ldi	r24, 0x60	; 96
    1ede:	68 2e       	mov	r6, r24
    1ee0:	71 2c       	mov	r7, r1
      do *bufPtr++ = getch();
    1ee2:	43 01       	movw	r8, r6
    1ee4:	8f ef       	ldi	r24, 0xFF	; 255
    1ee6:	88 1a       	sub	r8, r24
    1ee8:	98 0a       	sbc	r9, r24
    1eea:	48 d0       	rcall	.+144    	; 0x1f7c <getch>
    1eec:	f3 01       	movw	r30, r6
    1eee:	80 83       	st	Z, r24
      while (--length);
    1ef0:	01 50       	subi	r16, 0x01	; 1
      savelength = length;
      desttype = getch();

      // read a page worth of contents
      bufPtr = buff.bptr;
      do *bufPtr++ = getch();
    1ef2:	34 01       	movw	r6, r8
      while (--length);
    1ef4:	b1 f7       	brne	.-20     	; 0x1ee2 <main+0xde>

      // Read command terminator, start reply
      verifySpace();
    1ef6:	4d d0       	rcall	.+154    	; 0x1f92 <verifySpace>
 * void writebuffer(memtype, buffer, address, length)
 */
static inline void writebuffer(int8_t memtype, addr16_t mybuff,
                               addr16_t address, pagelen_t len)
{
  switch (memtype) {
    1ef8:	f5 e4       	ldi	r31, 0x45	; 69
    1efa:	ff 12       	cpse	r15, r31
    1efc:	01 c0       	rjmp	.+2      	; 0x1f00 <main+0xfc>
    1efe:	ff cf       	rjmp	.-2      	; 0x1efe <main+0xfa>
       * and we needed the space back.
       */
#ifdef FOURPAGEERASE
      if ((address.bytes[0] & ((SPM_PAGESIZE<<2)-1))==0) {
#endif
        __boot_page_erase_short(address.word);
    1f00:	fe 01       	movw	r30, r28
    1f02:	e7 be       	out	0x37, r14	; 55
    1f04:	e8 95       	spm
        boot_spm_busy_wait();
    1f06:	07 b6       	in	r0, 0x37	; 55
    1f08:	00 fc       	sbrc	r0, 0
    1f0a:	fd cf       	rjmp	.-6      	; 0x1f06 <main+0x102>
     * the default rather than checking for the correct code, we save
     * space on chips that don't support any other memory types.
     */
    {
      // Copy buffer into programming buffer
      uint16_t addrPtr = address.word;
    1f0c:	fe 01       	movw	r30, r28
       */
#ifdef FOURPAGEERASE
      if ((address.bytes[0] & ((SPM_PAGESIZE<<2)-1))==0) {
#endif
        __boot_page_erase_short(address.word);
        boot_spm_busy_wait();
    1f0e:	a0 e6       	ldi	r26, 0x60	; 96
    1f10:	b0 e0       	ldi	r27, 0x00	; 0

      /*
       * Copy data from the buffer into the flash write buffer.
       */
      do {
        __boot_page_fill_short((uint16_t)(void*)addrPtr, *(mybuff.wptr++));
    1f12:	8d 91       	ld	r24, X+
    1f14:	9d 91       	ld	r25, X+
    1f16:	0c 01       	movw	r0, r24
    1f18:	d7 be       	out	0x37, r13	; 55
    1f1a:	e8 95       	spm
    1f1c:	11 24       	eor	r1, r1
        addrPtr += 2;
    1f1e:	32 96       	adiw	r30, 0x02	; 2
      } while (len -= 2);
    1f20:	12 50       	subi	r17, 0x02	; 2
    1f22:	b9 f7       	brne	.-18     	; 0x1f12 <main+0x10e>

      /*
       * Actually Write the buffer to flash (and wait for it to finish.)
       */
      __boot_page_write_short(address.word);
    1f24:	fe 01       	movw	r30, r28
    1f26:	c7 be       	out	0x37, r12	; 55
    1f28:	e8 95       	spm
      boot_spm_busy_wait();
    1f2a:	07 b6       	in	r0, 0x37	; 55
    1f2c:	00 fc       	sbrc	r0, 0
    1f2e:	fd cf       	rjmp	.-6      	; 0x1f2a <main+0x126>
#if defined(RWWSRE)
      // Reenable read access to flash
      __boot_rww_enable_short();
    1f30:	b7 be       	out	0x37, r11	; 55
    1f32:	e8 95       	spm
    1f34:	ae cf       	rjmp	.-164    	; 0x1e92 <main+0x8e>
      writebuffer(desttype, buff, address, savelength);


    }
/* Read memory block mode, length is big endian.  */
    else if (ch == STK_READ_PAGE) {
    1f36:	84 37       	cpi	r24, 0x74	; 116
    1f38:	71 f4       	brne	.+28     	; 0x1f56 <main+0x152>
      uint8_t desttype;
      GETLENGTH(length);
    1f3a:	20 d0       	rcall	.+64     	; 0x1f7c <getch>
    1f3c:	1f d0       	rcall	.+62     	; 0x1f7c <getch>
    1f3e:	f8 2e       	mov	r15, r24

      desttype = getch();
    1f40:	1d d0       	rcall	.+58     	; 0x1f7c <getch>

      verifySpace();
    1f42:	27 d0       	rcall	.+78     	; 0x1f92 <verifySpace>
    1f44:	8e 01       	movw	r16, r28
      //      while (--length);
      // read a Flash and increment the address (may increment RAMPZ)
      __asm__ ("  elpm %0,Z+\n" : "=r" (ch), "=z" (address.bptr): "1" (address));
#else
      // read a Flash byte and increment the address
      __asm__ ("  lpm %0,Z+\n" : "=r" (ch), "=z" (address.bptr): "1" (address));
    1f46:	f8 01       	movw	r30, r16
    1f48:	85 91       	lpm	r24, Z+
    1f4a:	8f 01       	movw	r16, r30
#endif
      putch(ch);
    1f4c:	13 d0       	rcall	.+38     	; 0x1f74 <putch>
    } while (--length);
    1f4e:	fa 94       	dec	r15
    1f50:	f1 10       	cpse	r15, r1
    1f52:	f9 cf       	rjmp	.-14     	; 0x1f46 <main+0x142>
    1f54:	9e cf       	rjmp	.-196    	; 0x1e92 <main+0x8e>

      read_mem(desttype, address, length);
    }

/* Get device signature bytes  */
    else if (ch == STK_READ_SIGN) {
    1f56:	85 37       	cpi	r24, 0x75	; 117
    1f58:	39 f4       	brne	.+14     	; 0x1f68 <main+0x164>
      // READ SIGN - return what Avrdude wants to hear
      verifySpace();
    1f5a:	1b d0       	rcall	.+54     	; 0x1f92 <verifySpace>
      putch(SIGNATURE_0);
    1f5c:	8e e1       	ldi	r24, 0x1E	; 30
    1f5e:	0a d0       	rcall	.+20     	; 0x1f74 <putch>
      putch(SIGNATURE_1);
    1f60:	83 e9       	ldi	r24, 0x93	; 147
    1f62:	08 d0       	rcall	.+16     	; 0x1f74 <putch>
      putch(SIGNATURE_2);
    1f64:	87 e0       	ldi	r24, 0x07	; 7
    1f66:	94 cf       	rjmp	.-216    	; 0x1e90 <main+0x8c>
    }
    else if (ch == STK_LEAVE_PROGMODE) { /* 'Q' */
    1f68:	81 35       	cpi	r24, 0x51	; 81
    1f6a:	09 f0       	breq	.+2      	; 0x1f6e <main+0x16a>
    1f6c:	a6 cf       	rjmp	.-180    	; 0x1eba <main+0xb6>
      // Adaboot no-wait mod
      watchdogConfig(WATCHDOG_16MS);
    1f6e:	88 e0       	ldi	r24, 0x08	; 8
    1f70:	0c d0       	rcall	.+24     	; 0x1f8a <watchdogConfig>
    1f72:	a3 cf       	rjmp	.-186    	; 0x1eba <main+0xb6>

00001f74 <putch>:
  RS485_PORT |= _BV(RS485_BIT);
# else
  RS485_PORT &= ~_BV(RS485_BIT);
# endif
#else //not RS485
  while (!(UART_SRA & _BV(UDRE0))) {  /* Spin */ }
    1f74:	5d 9b       	sbis	0x0b, 5	; 11
    1f76:	fe cf       	rjmp	.-4      	; 0x1f74 <putch>
  UART_UDR = ch;
    1f78:	8c b9       	out	0x0c, r24	; 12
  #else
  RS485_PORT &= ~_BV(RS485_BIT);
  #endif
#endif
#endif // SOFT_UART
}
    1f7a:	08 95       	ret

00001f7c <getch>:
    :
    "r25"
    );
#else
#ifndef LIN_UART
  while (!(UART_SRA & _BV(RXC0)))  {  /* Spin */ }
    1f7c:	5f 9b       	sbis	0x0b, 7	; 11
    1f7e:	fe cf       	rjmp	.-4      	; 0x1f7c <getch>
  if (!(UART_SRA & _BV(FE0))) {
    1f80:	5c 99       	sbic	0x0b, 4	; 11
    1f82:	01 c0       	rjmp	.+2      	; 0x1f86 <getch+0xa>
}
#endif

// Watchdog functions. These are only safe with interrupts turned off.
void watchdogReset() {
  __asm__ __volatile__ (
    1f84:	a8 95       	wdr
  while (!(LINSIR & _BV(LRXOK)))  {  /* Spin */ }
  if (!(LINSIR & _BV(LFERR))) {
    watchdogReset();  /* Eventually abort if wrong speed */
  }
#endif
  ch = UART_UDR;
    1f86:	8c b1       	in	r24, 0x0c	; 12
#if LED_DATA_FLASH
  toggle_led();
#endif

  return ch;
}
    1f88:	08 95       	ret

00001f8a <watchdogConfig>:
}

void watchdogConfig(uint8_t x) {
#ifdef WDCE //does it have a Watchdog Change Enable?
#ifdef WDTCSR
  WDTCSR = _BV(WDCE) | _BV(WDE);
    1f8a:	98 e1       	ldi	r25, 0x18	; 24
    1f8c:	91 bd       	out	0x21, r25	; 33
#else //then it must be one of those newfangled ones that use CCP
  CCP=0xD8; //so write this magic number to CCP
#endif

#ifdef WDTCSR
  WDTCSR = x;
    1f8e:	81 bd       	out	0x21, r24	; 33
#else
  WDTCR= x;
#endif
}
    1f90:	08 95       	ret

00001f92 <verifySpace>:
  do getch(); while (--count);
  verifySpace();
}

void verifySpace() {
  if (getch() != CRC_EOP) {
    1f92:	f4 df       	rcall	.-24     	; 0x1f7c <getch>
    1f94:	80 32       	cpi	r24, 0x20	; 32
    1f96:	19 f0       	breq	.+6      	; 0x1f9e <verifySpace+0xc>
    watchdogConfig(WATCHDOG_16MS);    // shorten WD timeout
    1f98:	88 e0       	ldi	r24, 0x08	; 8
    1f9a:	f7 df       	rcall	.-18     	; 0x1f8a <watchdogConfig>
    1f9c:	ff cf       	rjmp	.-2      	; 0x1f9c <verifySpace+0xa>
    while (1)                         // and busy-loop so that WD causes
      ;                               //  a reset and app start.
  }
  putch(STK_INSYNC);
    1f9e:	84 e1       	ldi	r24, 0x14	; 20
    1fa0:	e9 cf       	rjmp	.-46     	; 0x1f74 <putch>

00001fa2 <getNch>:
    ::[count] "M" (UART_B_VALUE)
    );
}
#endif

void getNch(uint8_t count) {
    1fa2:	cf 93       	push	r28
    1fa4:	c8 2f       	mov	r28, r24
  do getch(); while (--count);
    1fa6:	ea df       	rcall	.-44     	; 0x1f7c <getch>
    1fa8:	c1 50       	subi	r28, 0x01	; 1
    1faa:	e9 f7       	brne	.-6      	; 0x1fa6 <getNch+0x4>
  verifySpace();
}
    1fac:	cf 91       	pop	r28
}
#endif

void getNch(uint8_t count) {
  do getch(); while (--count);
  verifySpace();
    1fae:	f1 cf       	rjmp	.-30     	; 0x1f92 <verifySpace>

00001fb0 <do_spm>:
 *   data=0 in WRITE
 */
static void do_spm(uint16_t address, uint8_t command, uint16_t data)  __attribute__ ((used));
static void do_spm(uint16_t address, uint8_t command, uint16_t data) {
  // Do spm stuff
  asm volatile (
    1fb0:	fc 01       	movw	r30, r24
    1fb2:	0a 01       	movw	r0, r20
    1fb4:	67 bf       	out	0x37, r22	; 55
    1fb6:	e8 95       	spm
    1fb8:	11 24       	eor	r1, r1
    );

  // wait for spm to complete
  //   it doesn't have much sense for __BOOT_PAGE_FILL,
  //   but it doesn't hurt and saves some bytes on 'if'
  boot_spm_busy_wait();
    1fba:	07 b6       	in	r0, 0x37	; 55
    1fbc:	00 fc       	sbrc	r0, 0
    1fbe:	fd cf       	rjmp	.-6      	; 0x1fba <do_spm+0xa>
#if defined(RWWSRE)
  // this 'if' condition should be: (command == __BOOT_PAGE_WRITE || command == __BOOT_PAGE_ERASE)...
  // but it's tweaked a little assuming that in every command we are interested in here, there
  // must be also SELFPRGEN set. If we skip checking this bit, we save here 4B
  if ((command & (_BV(PGWRT)|_BV(PGERS))) && (data == 0) ) {
    1fc0:	66 70       	andi	r22, 0x06	; 6
    1fc2:	29 f0       	breq	.+10     	; 0x1fce <do_spm+0x1e>
    1fc4:	45 2b       	or	r20, r21
    1fc6:	19 f4       	brne	.+6      	; 0x1fce <do_spm+0x1e>
    // Reenable read access to flash
    __boot_rww_enable_short();
    1fc8:	81 e1       	ldi	r24, 0x11	; 17
    1fca:	87 bf       	out	0x37, r24	; 55
    1fcc:	e8 95       	spm
  }
#endif
}
    1fce:	08 95       	ret
