
optiboot_attiny861.elf:     file format elf32-avr

Sections:
Idx Name          Size      VMA       LMA       File off  Algn
  0 .text         0000024e  00001d80  00001d80  00000074  2**0
                  CONTENTS, ALLOC, LOAD, READONLY, CODE
  1 .trampolines  00000000  00001fce  00001fce  000002c2  2**1
                  CONTENTS, ALLOC, LOAD, READONLY, CODE
  2 .version      00000002  00001ffe  00001ffe  000002c2  2**0
                  CONTENTS, ALLOC, LOAD, READONLY, DATA
  3 .comment      00000030  00000000  00000000  000002c4  2**0
                  CONTENTS, READONLY
  4 .debug_aranges 00000030  00000000  00000000  000002f4  2**0
                  CONTENTS, READONLY, DEBUGGING
  5 .debug_info   0000069b  00000000  00000000  00000324  2**0
                  CONTENTS, READONLY, DEBUGGING
  6 .debug_abbrev 000002c7  00000000  00000000  000009bf  2**0
                  CONTENTS, READONLY, DEBUGGING
  7 .debug_line   000003cc  00000000  00000000  00000c86  2**0
                  CONTENTS, READONLY, DEBUGGING
  8 .debug_frame  000000bc  00000000  00000000  00001054  2**2
                  CONTENTS, READONLY, DEBUGGING
  9 .debug_str    00000221  00000000  00000000  00001110  2**0
                  CONTENTS, READONLY, DEBUGGING
 10 .debug_loc    00000314  00000000  00000000  00001331  2**0
                  CONTENTS, READONLY, DEBUGGING
 11 .debug_ranges 00000080  00000000  00000000  00001645  2**0
                  CONTENTS, READONLY, DEBUGGING

Disassembly of section .text:

00001d80 <pre_main>:
/* everything that needs to run VERY early */
void pre_main(void) {
  // Allow convenient way of calling do_spm function - jump table, so
  //   entry to this function will always be here, independent of
  //   compilation, features etc
  asm volatile (
    1d80:	01 c0       	rjmp	.+2      	; 0x1d84 <main>
    1d82:	1c c1       	rjmp	.+568    	; 0x1fbc <do_spm>

00001d84 <main>:
  //  SP points to RAMEND
  //  r1 contains zero
  //
  // If not, uncomment the following instructions:
  // cli();
  asm volatile ("  clr __zero_reg__");
    1d84:	11 24       	eor	r1, r1
#  warning "START_APP_ON_EXTR is defined and NO_START_APP_ON_POR isn't"
#  define APP_START_REASONS 1 /* Always start rge App. */
#  define WDRF_CLR_REASONS 0  /* Never clear WDRF */
#endif

  ch = MCUSR;
    1d86:	84 b7       	in	r24, 0x34	; 52

  // Skip all logic and run bootloader if MCUSR is cleared (application request)
  if (ch != 0) {
    1d88:	88 23       	and	r24, r24
    1d8a:	71 f0       	breq	.+28     	; 0x1da8 <main+0x24>
     * One problematic scenario: broken application code sets watchdog timer
     * without clearing MCUSR before and triggers it quickly. But it's
     * recoverable by power-on with pushed reset button.
     */

    if (APP_START_REASONS) {
    1d8c:	98 2f       	mov	r25, r24
    1d8e:	9a 70       	andi	r25, 0x0A	; 10
    1d90:	92 30       	cpi	r25, 0x02	; 2
    1d92:	51 f0       	breq	.+20     	; 0x1da8 <main+0x24>
      if (WDRF_CLR_REASONS) {
    1d94:	81 ff       	sbrs	r24, 1
    1d96:	02 c0       	rjmp	.+4      	; 0x1d9c <main+0x18>
        /*
         * Clear WDRF if it was most probably set by wdr in bootloader.
         */
        if ((uint16_t)&MCUSR > 0x1F) {
          MCUSR = ~(_BV(WDRF));   // optimize to LDI/OUT
    1d98:	97 ef       	ldi	r25, 0xF7	; 247
    1d9a:	94 bf       	out	0x34, r25	; 52
      /*
       * save the reset flags in the designated register
       * This can be saved in a main program by putting code in .init0 (which
       * executes before normal c init code) to save R2 to a global variable.
       */
      __asm__ __volatile__ ("  mov r2, %0\n" :: "r" (ch));
    1d9c:	28 2e       	mov	r2, r24

      // switch off watchdog
      watchdogConfig(WATCHDOG_OFF);
    1d9e:	80 e0       	ldi	r24, 0x00	; 0
    1da0:	fa d0       	rcall	.+500    	; 0x1f96 <watchdogConfig>
      // Note that appstart_vec is defined so that this works with either
      // real or virtual boot partitions.
      __asm__ __volatile__ (
    1da2:	e9 e0       	ldi	r30, 0x09	; 9
    1da4:	ff 27       	eor	r31, r31
    1da6:	09 94       	ijmp
  } //end handling of MCUSR !=0

#if LED_START_FLASHES > 0
  // Set up Timer 1 for timeout counter
#if defined(__AVR_ATtiny261__)||defined(__AVR_ATtiny461__)||defined(__AVR_ATtiny861__)
  TCCR1B = 0x0E; //div 8196 - we could divide by less since it's a 10-bit counter, but why?
    1da8:	8e e0       	ldi	r24, 0x0E	; 14
    1daa:	8f bd       	out	0x2f, r24	; 47
  RS485_PORT &= ~_BV(RS485_BIT);
  #endif
#endif

  // Set up watchdog to trigger after desired timeout
  watchdogConfig(WDTPERIOD);
    1dac:	f4 d0       	rcall	.+488    	; 0x1f96 <watchdogConfig>

#if (LED_START_FLASHES > 0) || LED_DATA_FLASH || LED_START_ON
  /* Set LED pin as output */
  LED_DDR |= _BV(LED);
    1dae:	bb 9a       	sbi	0x17, 3	; 23
#endif

#if SOFT_UART
  /* Set TX pin as HIGH output */
  UART_PORT |= _BV(UART_TX_BIT);
    1db0:	de 9a       	sbi	0x1b, 6	; 27
  UART_DDR |= _BV(UART_TX_BIT);
    1db2:	d6 9a       	sbi	0x1a, 6	; 26
    1db4:	86 e0       	ldi	r24, 0x06	; 6

#if LED_START_FLASHES > 0
void flash_led(uint8_t count) {
  do {
#if defined(__AVR_ATtiny261__)||defined(__AVR_ATtiny461__)||defined(__AVR_ATtiny861__) || defined(__AVR_ATtiny25__)||defined(__AVR_ATtiny45__)||defined(__AVR_ATtiny85__)
    TCNT1 = 0xFF & (-(F_CPU/(8196L*16)));
    1db6:	96 e8       	ldi	r25, 0x86	; 134
    TIFR = _BV(TOV1);
    1db8:	24 e0       	ldi	r18, 0x04	; 4

#if LED_START_FLASHES > 0
void flash_led(uint8_t count) {
  do {
#if defined(__AVR_ATtiny261__)||defined(__AVR_ATtiny461__)||defined(__AVR_ATtiny861__) || defined(__AVR_ATtiny25__)||defined(__AVR_ATtiny45__)||defined(__AVR_ATtiny85__)
    TCNT1 = 0xFF & (-(F_CPU/(8196L*16)));
    1dba:	9e bd       	out	0x2e, r25	; 46
    TIFR = _BV(TOV1);
    1dbc:	28 bf       	out	0x38, r18	; 56
    while (!(TIFR & _BV(TOV1)));
    1dbe:	08 b6       	in	r0, 0x38	; 56
    1dc0:	02 fe       	sbrs	r0, 2
    1dc2:	fd cf       	rjmp	.-6      	; 0x1dbe <main+0x3a>
  defined(__AVR_ATmega64__)   || defined(__AVR_ATmega128__)
  LED_PORT ^= _BV(LED);
#else
  // Newer AVRs can toggle by writing PINx.
  if (&LED_PIN <= &_SFR_IO8(0x31)) {  // "if" code optimizes away.
    LED_PIN |= _BV(LED); // becomes SBI on low ports (in theory: incorrectly)
    1dc4:	b3 9a       	sbi	0x16, 3	; 22
}
#endif

// Watchdog functions. These are only safe with interrupts turned off.
void watchdogReset() {
  __asm__ __volatile__ (
    1dc6:	a8 95       	wdr
    1dc8:	81 50       	subi	r24, 0x01	; 1
#else
// This doesn't seem to work?
//    if ((UART_PIN & (1<<UART_RX_BIT)) == 0)
//      break;  // detect start bit on soft uart too.
#endif
  } while (--count);
    1dca:	b9 f7       	brne	.-18     	; 0x1dba <main+0x36>
       * and we needed the space back.
       */
#ifdef FOURPAGEERASE
      if ((address.bytes[0] & ((SPM_PAGESIZE<<2)-1))==0) {
#endif
        __boot_page_erase_short(address.word);
    1dcc:	93 e0       	ldi	r25, 0x03	; 3
    1dce:	d9 2e       	mov	r13, r25

      /*
       * Copy data from the buffer into the flash write buffer.
       */
      do {
        __boot_page_fill_short((uint16_t)(void*)addrPtr, *(mybuff.wptr++));
    1dd0:	cc 24       	eor	r12, r12
    1dd2:	c3 94       	inc	r12
      } while (len -= 2);

      /*
       * Actually Write the buffer to flash (and wait for it to finish.)
       */
      __boot_page_write_short(address.word);
    1dd4:	25 e0       	ldi	r18, 0x05	; 5
    1dd6:	92 2e       	mov	r9, r18
        // Move RESET vector to 'save' vector
        // Save jmp targets (for "Verify")
        rstVect0_sav = buff.bptr[rstVect0];
        rstVect1_sav = buff.bptr[rstVect1];
        addr16_t vect;
        vect.word = ((uint16_t)pre_main-1);
    1dd8:	3f eb       	ldi	r19, 0xBF	; 191
    1dda:	e3 2e       	mov	r14, r19
    1ddc:	3e e0       	ldi	r19, 0x0E	; 14
    1dde:	f3 2e       	mov	r15, r19
        // an RJMP instruction is 0b1100xxxx xxxxxxxx, so we should be able to
        // do math on the offsets without masking it off first.
        // Note that rjmp is relative to the already incremented PC, so the
        //  offset is one less than you might expect.
        buff.bptr[0] = vect.bytes[0]; // rjmp to start of bootloader
        buff.bptr[1] = vect.bytes[1] | 0xC0;  // make an "rjmp"
    1de0:	8f 2d       	mov	r24, r15
    1de2:	80 6c       	ori	r24, 0xC0	; 192
    1de4:	88 2e       	mov	r8, r24
#endif

  /* Forever loop: exits by causing WDT reset */
  for (;;) {
    /* get character from UART */
    ch = getch();
    1de6:	c3 d0       	rcall	.+390    	; 0x1f6e <getch>

    if (ch == STK_GET_PARAMETER) {
    1de8:	81 34       	cpi	r24, 0x41	; 65
    1dea:	59 f4       	brne	.+22     	; 0x1e02 <main+0x7e>
      unsigned char which = getch();
    1dec:	c0 d0       	rcall	.+384    	; 0x1f6e <getch>
    1dee:	18 2f       	mov	r17, r24
      verifySpace();
    1df0:	d6 d0       	rcall	.+428    	; 0x1f9e <verifySpace>
      /*
       * Send optiboot version as "SW version"
       * Note that the references to memory are optimized away.
       */
      if (which == STK_SW_MINOR) {
        putch(optiboot_version & 0xFF);
    1df2:	83 e0       	ldi	r24, 0x03	; 3
      } else if (which == STK_SW_MAJOR) {
    1df4:	11 38       	cpi	r17, 0x81	; 129
    1df6:	09 f4       	brne	.+2      	; 0x1dfa <main+0x76>
        putch(optiboot_version >> 8);
    1df8:	88 e0       	ldi	r24, 0x08	; 8
    1dfa:	aa d0       	rcall	.+340    	; 0x1f50 <putch>
    }
    else {
      // This covers the response to commands like STK_ENTER_PROGMODE
      verifySpace();
    }
    putch(STK_OK);
    1dfc:	80 e1       	ldi	r24, 0x10	; 16
    1dfe:	a8 d0       	rcall	.+336    	; 0x1f50 <putch>
#endif

  /* Forever loop: exits by causing WDT reset */
  for (;;) {
    /* get character from UART */
    ch = getch();
    1e00:	f2 cf       	rjmp	.-28     	; 0x1de6 <main+0x62>
         * other parameters - enough to keep Avrdude happy
         */
        putch(0x03);
      }
    }
    else if (ch == STK_SET_DEVICE) {
    1e02:	82 34       	cpi	r24, 0x42	; 66
    1e04:	19 f4       	brne	.+6      	; 0x1e0c <main+0x88>
      // SET DEVICE is ignored
      getNch(20);
    1e06:	84 e1       	ldi	r24, 0x14	; 20
    }
    else if (ch == STK_SET_DEVICE_EXT) {
      // SET DEVICE EXT is ignored
      getNch(5);
    1e08:	d2 d0       	rcall	.+420    	; 0x1fae <getNch>
    1e0a:	f8 cf       	rjmp	.-16     	; 0x1dfc <main+0x78>
    }
    else if (ch == STK_SET_DEVICE) {
      // SET DEVICE is ignored
      getNch(20);
    }
    else if (ch == STK_SET_DEVICE_EXT) {
    1e0c:	85 34       	cpi	r24, 0x45	; 69
    1e0e:	11 f4       	brne	.+4      	; 0x1e14 <main+0x90>
      // SET DEVICE EXT is ignored
      getNch(5);
    1e10:	85 e0       	ldi	r24, 0x05	; 5
    1e12:	fa cf       	rjmp	.-12     	; 0x1e08 <main+0x84>
    }
    else if (ch == STK_LOAD_ADDRESS) {
    1e14:	85 35       	cpi	r24, 0x55	; 85
    1e16:	41 f4       	brne	.+16     	; 0x1e28 <main+0xa4>
      // LOAD ADDRESS
      address.bytes[0] = getch();
    1e18:	aa d0       	rcall	.+340    	; 0x1f6e <getch>
    1e1a:	c8 2f       	mov	r28, r24
      address.bytes[1] = getch();
    1e1c:	a8 d0       	rcall	.+336    	; 0x1f6e <getch>
    1e1e:	d8 2f       	mov	r29, r24
      }
      else {
        RAMPZ &= 0xFE;
      }
#endif
      address.word *= 2; // Convert from word address to byte address
    1e20:	cc 0f       	add	r28, r28
    1e22:	dd 1f       	adc	r29, r29
      watchdogConfig(WATCHDOG_16MS);
      verifySpace();
    }
    else {
      // This covers the response to commands like STK_ENTER_PROGMODE
      verifySpace();
    1e24:	bc d0       	rcall	.+376    	; 0x1f9e <verifySpace>
    1e26:	ea cf       	rjmp	.-44     	; 0x1dfc <main+0x78>
      }
#endif
      address.word *= 2; // Convert from word address to byte address
      verifySpace();
    }
    else if (ch == STK_UNIVERSAL) {
    1e28:	86 35       	cpi	r24, 0x56	; 86
    1e2a:	21 f4       	brne	.+8      	; 0x1e34 <main+0xb0>
        getNch(3);
        putch(0x00);
      }
#else
      // UNIVERSAL command is ignored
      getNch(4);
    1e2c:	84 e0       	ldi	r24, 0x04	; 4
    1e2e:	bf d0       	rcall	.+382    	; 0x1fae <getNch>
      putch(0x00);
    1e30:	80 e0       	ldi	r24, 0x00	; 0
    1e32:	e3 cf       	rjmp	.-58     	; 0x1dfa <main+0x76>
#endif
    }
    /* Write memory, length is big endian and is in bytes */
    else if (ch == STK_PROG_PAGE) {
    1e34:	84 36       	cpi	r24, 0x64	; 100
    1e36:	09 f0       	breq	.+2      	; 0x1e3a <main+0xb6>
    1e38:	53 c0       	rjmp	.+166    	; 0x1ee0 <main+0x15c>
      // PROGRAM PAGE - we support flash programming only, not EEPROM
      uint8_t desttype;
      uint8_t *bufPtr;
      pagelen_t savelength;

      GETLENGTH(length);
    1e3a:	99 d0       	rcall	.+306    	; 0x1f6e <getch>
    1e3c:	98 d0       	rcall	.+304    	; 0x1f6e <getch>
    1e3e:	78 2e       	mov	r7, r24
      savelength = length;
      desttype = getch();
    1e40:	96 d0       	rcall	.+300    	; 0x1f6e <getch>
    1e42:	68 2e       	mov	r6, r24
      // PROGRAM PAGE - we support flash programming only, not EEPROM
      uint8_t desttype;
      uint8_t *bufPtr;
      pagelen_t savelength;

      GETLENGTH(length);
    1e44:	57 2c       	mov	r5, r7
      savelength = length;
      desttype = getch();

      // read a page worth of contents
      bufPtr = buff.bptr;
    1e46:	00 e6       	ldi	r16, 0x60	; 96
    1e48:	10 e0       	ldi	r17, 0x00	; 0
      do *bufPtr++ = getch();
    1e4a:	58 01       	movw	r10, r16
    1e4c:	ef ef       	ldi	r30, 0xFF	; 255
    1e4e:	ae 1a       	sub	r10, r30
    1e50:	be 0a       	sbc	r11, r30
    1e52:	8d d0       	rcall	.+282    	; 0x1f6e <getch>
    1e54:	f8 01       	movw	r30, r16
    1e56:	80 83       	st	Z, r24
      while (--length);
    1e58:	5a 94       	dec	r5
      savelength = length;
      desttype = getch();

      // read a page worth of contents
      bufPtr = buff.bptr;
      do *bufPtr++ = getch();
    1e5a:	85 01       	movw	r16, r10
      while (--length);
    1e5c:	51 10       	cpse	r5, r1
    1e5e:	f5 cf       	rjmp	.-22     	; 0x1e4a <main+0xc6>

      // Read command terminator, start reply
      verifySpace();
    1e60:	9e d0       	rcall	.+316    	; 0x1f9e <verifySpace>
    {
#endif
/*
 * AVR with 2-byte ISR Vectors and rjmp
 */
      if (address.word == rstVect0) {
    1e62:	20 97       	sbiw	r28, 0x00	; 0
    1e64:	f1 f4       	brne	.+60     	; 0x1ea2 <main+0x11e>
        // This is the reset vector page. We need to live-patch
        // the code so the bootloader runs first.
        //
        // Move RESET vector to 'save' vector
        // Save jmp targets (for "Verify")
        rstVect0_sav = buff.bptr[rstVect0];
    1e66:	30 91 60 00 	lds	r19, 0x0060	; 0x800060 <__RAM__+0x60>
    1e6a:	30 93 e4 00 	sts	0x00E4, r19	; 0x8000e4 <__RAM__+0xe4>
        rstVect1_sav = buff.bptr[rstVect1];
    1e6e:	20 91 61 00 	lds	r18, 0x0061	; 0x800061 <__RAM__+0x61>
    1e72:	20 93 e5 00 	sts	0x00E5, r18	; 0x8000e5 <__RAM__+0xe5>
        // Instruction is a relative jump (rjmp), so recalculate.
        // an RJMP instruction is 0b1100xxxx xxxxxxxx, so we should be able to
        // do math on the offsets without masking it off first.
        // Note that rjmp is relative to the already incremented PC, so the
        //  offset is one less than you might expect.
        buff.bptr[0] = vect.bytes[0]; // rjmp to start of bootloader
    1e76:	e0 92 60 00 	sts	0x0060, r14	; 0x800060 <__RAM__+0x60>
        buff.bptr[1] = vect.bytes[1] | 0xC0;  // make an "rjmp"
    1e7a:	80 92 61 00 	sts	0x0061, r8	; 0x800061 <__RAM__+0x61>
#ifdef KeepBracesMatched
      {
#endif

        // Save old values for Verify
        saveVect0_sav = buff.bptr[saveVect0];
    1e7e:	40 91 72 00 	lds	r20, 0x0072	; 0x800072 <__RAM__+0x72>
    1e82:	40 93 e6 00 	sts	0x00E6, r20	; 0x8000e6 <__RAM__+0xe6>
        saveVect1_sav = buff.bptr[saveVect1];
    1e86:	40 91 73 00 	lds	r20, 0x0073	; 0x800073 <__RAM__+0x73>
    1e8a:	40 93 e7 00 	sts	0x00E7, r20	; 0x8000e7 <__RAM__+0xe7>

        vect.bytes[0] = rstVect0_sav;
    1e8e:	83 2f       	mov	r24, r19
        vect.bytes[1] = rstVect1_sav;
    1e90:	92 2f       	mov	r25, r18
        vect.word = (vect.word-save_vect_num); //substract 'save' interrupt position
    1e92:	09 97       	sbiw	r24, 0x09	; 9
        // Move RESET jmp target to 'save' vector
        buff.bptr[saveVect0] = vect.bytes[0];
    1e94:	80 93 72 00 	sts	0x0072, r24	; 0x800072 <__RAM__+0x72>
        buff.bptr[saveVect1] = (vect.bytes[1] & 0x0F)| 0xC0;  // make an "rjmp"
    1e98:	89 2f       	mov	r24, r25
    1e9a:	8f 70       	andi	r24, 0x0F	; 15
    1e9c:	80 6c       	ori	r24, 0xC0	; 192
    1e9e:	80 93 73 00 	sts	0x0073, r24	; 0x800073 <__RAM__+0x73>
 * void writebuffer(memtype, buffer, address, length)
 */
static inline void writebuffer(int8_t memtype, addr16_t mybuff,
                               addr16_t address, pagelen_t len)
{
  switch (memtype) {
    1ea2:	f5 e4       	ldi	r31, 0x45	; 69
    1ea4:	6f 12       	cpse	r6, r31
    1ea6:	01 c0       	rjmp	.+2      	; 0x1eaa <main+0x126>
    1ea8:	ff cf       	rjmp	.-2      	; 0x1ea8 <main+0x124>
       * and we needed the space back.
       */
#ifdef FOURPAGEERASE
      if ((address.bytes[0] & ((SPM_PAGESIZE<<2)-1))==0) {
#endif
        __boot_page_erase_short(address.word);
    1eaa:	fe 01       	movw	r30, r28
    1eac:	d7 be       	out	0x37, r13	; 55
    1eae:	e8 95       	spm
        boot_spm_busy_wait();
    1eb0:	07 b6       	in	r0, 0x37	; 55
    1eb2:	00 fc       	sbrc	r0, 0
    1eb4:	fd cf       	rjmp	.-6      	; 0x1eb0 <main+0x12c>
     * the default rather than checking for the correct code, we save
     * space on chips that don't support any other memory types.
     */
    {
      // Copy buffer into programming buffer
      uint16_t addrPtr = address.word;
    1eb6:	fe 01       	movw	r30, r28
       */
#ifdef FOURPAGEERASE
      if ((address.bytes[0] & ((SPM_PAGESIZE<<2)-1))==0) {
#endif
        __boot_page_erase_short(address.word);
        boot_spm_busy_wait();
    1eb8:	a0 e6       	ldi	r26, 0x60	; 96
    1eba:	b0 e0       	ldi	r27, 0x00	; 0

      /*
       * Copy data from the buffer into the flash write buffer.
       */
      do {
        __boot_page_fill_short((uint16_t)(void*)addrPtr, *(mybuff.wptr++));
    1ebc:	8d 91       	ld	r24, X+
    1ebe:	9d 91       	ld	r25, X+
    1ec0:	0c 01       	movw	r0, r24
    1ec2:	c7 be       	out	0x37, r12	; 55
    1ec4:	e8 95       	spm
    1ec6:	11 24       	eor	r1, r1
        addrPtr += 2;
    1ec8:	32 96       	adiw	r30, 0x02	; 2
      } while (len -= 2);
    1eca:	7a 94       	dec	r7
    1ecc:	7a 94       	dec	r7
    1ece:	71 10       	cpse	r7, r1
    1ed0:	f5 cf       	rjmp	.-22     	; 0x1ebc <main+0x138>

      /*
       * Actually Write the buffer to flash (and wait for it to finish.)
       */
      __boot_page_write_short(address.word);
    1ed2:	fe 01       	movw	r30, r28
    1ed4:	97 be       	out	0x37, r9	; 55
    1ed6:	e8 95       	spm
      boot_spm_busy_wait();
    1ed8:	07 b6       	in	r0, 0x37	; 55
    1eda:	00 fc       	sbrc	r0, 0
    1edc:	fd cf       	rjmp	.-6      	; 0x1ed8 <main+0x154>
    1ede:	8e cf       	rjmp	.-228    	; 0x1dfc <main+0x78>
      writebuffer(desttype, buff, address, savelength);


    }
/* Read memory block mode, length is big endian.  */
    else if (ch == STK_READ_PAGE) {
    1ee0:	84 37       	cpi	r24, 0x74	; 116
    1ee2:	39 f5       	brne	.+78     	; 0x1f32 <main+0x1ae>
      uint8_t desttype;
      GETLENGTH(length);
    1ee4:	44 d0       	rcall	.+136    	; 0x1f6e <getch>
    1ee6:	43 d0       	rcall	.+134    	; 0x1f6e <getch>
    1ee8:	b8 2e       	mov	r11, r24

      desttype = getch();
    1eea:	41 d0       	rcall	.+130    	; 0x1f6e <getch>

      verifySpace();
    1eec:	58 d0       	rcall	.+176    	; 0x1f9e <verifySpace>
    1eee:	8e 01       	movw	r16, r28
#endif
  default:
    do {
#ifdef VIRTUAL_BOOT_PARTITION
      // Undo vector patch in bottom page so verify passes
      if (address.word == rstVect0) ch = rstVect0_sav;
    1ef0:	01 15       	cp	r16, r1
    1ef2:	11 05       	cpc	r17, r1
    1ef4:	49 f4       	brne	.+18     	; 0x1f08 <main+0x184>
    1ef6:	80 91 e4 00 	lds	r24, 0x00E4	; 0x8000e4 <__RAM__+0xe4>
      __asm__ ("  elpm %0,Z+\n" : "=r" (ch), "=z" (address.bptr): "1" (address));
#else
      // read a Flash byte and increment the address
      __asm__ ("  lpm %0,Z+\n" : "=r" (ch), "=z" (address.bptr): "1" (address));
#endif
      putch(ch);
    1efa:	2a d0       	rcall	.+84     	; 0x1f50 <putch>
    } while (--length);
    1efc:	ba 94       	dec	r11
    1efe:	0f 5f       	subi	r16, 0xFF	; 255
    1f00:	1f 4f       	sbci	r17, 0xFF	; 255
    1f02:	b1 10       	cpse	r11, r1
    1f04:	f5 cf       	rjmp	.-22     	; 0x1ef0 <main+0x16c>
    1f06:	7a cf       	rjmp	.-268    	; 0x1dfc <main+0x78>
  default:
    do {
#ifdef VIRTUAL_BOOT_PARTITION
      // Undo vector patch in bottom page so verify passes
      if (address.word == rstVect0) ch = rstVect0_sav;
      else if (address.word == rstVect1) ch = rstVect1_sav;
    1f08:	01 30       	cpi	r16, 0x01	; 1
    1f0a:	11 05       	cpc	r17, r1
    1f0c:	19 f4       	brne	.+6      	; 0x1f14 <main+0x190>
    1f0e:	80 91 e5 00 	lds	r24, 0x00E5	; 0x8000e5 <__RAM__+0xe5>
    1f12:	f3 cf       	rjmp	.-26     	; 0x1efa <main+0x176>
      else if (address.word == saveVect0) ch = saveVect0_sav;
    1f14:	02 31       	cpi	r16, 0x12	; 18
    1f16:	11 05       	cpc	r17, r1
    1f18:	19 f4       	brne	.+6      	; 0x1f20 <main+0x19c>
    1f1a:	80 91 e6 00 	lds	r24, 0x00E6	; 0x8000e6 <__RAM__+0xe6>
    1f1e:	ed cf       	rjmp	.-38     	; 0x1efa <main+0x176>
      else if (address.word == saveVect1) ch = saveVect1_sav;
    1f20:	03 31       	cpi	r16, 0x13	; 19
    1f22:	11 05       	cpc	r17, r1
    1f24:	19 f4       	brne	.+6      	; 0x1f2c <main+0x1a8>
    1f26:	80 91 e7 00 	lds	r24, 0x00E7	; 0x8000e7 <__RAM__+0xe7>
    1f2a:	e7 cf       	rjmp	.-50     	; 0x1efa <main+0x176>
      else ch = pgm_read_byte_near(address.bptr);
    1f2c:	f8 01       	movw	r30, r16
    1f2e:	84 91       	lpm	r24, Z
    1f30:	e4 cf       	rjmp	.-56     	; 0x1efa <main+0x176>

      read_mem(desttype, address, length);
    }

/* Get device signature bytes  */
    else if (ch == STK_READ_SIGN) {
    1f32:	85 37       	cpi	r24, 0x75	; 117
    1f34:	39 f4       	brne	.+14     	; 0x1f44 <main+0x1c0>
      // READ SIGN - return what Avrdude wants to hear
      verifySpace();
    1f36:	33 d0       	rcall	.+102    	; 0x1f9e <verifySpace>
      putch(SIGNATURE_0);
    1f38:	8e e1       	ldi	r24, 0x1E	; 30
    1f3a:	0a d0       	rcall	.+20     	; 0x1f50 <putch>
      putch(SIGNATURE_1);
    1f3c:	83 e9       	ldi	r24, 0x93	; 147
    1f3e:	08 d0       	rcall	.+16     	; 0x1f50 <putch>
      putch(SIGNATURE_2);
    1f40:	8d e0       	ldi	r24, 0x0D	; 13
    1f42:	5b cf       	rjmp	.-330    	; 0x1dfa <main+0x76>
    }
    else if (ch == STK_LEAVE_PROGMODE) { /* 'Q' */
    1f44:	81 35       	cpi	r24, 0x51	; 81
    1f46:	09 f0       	breq	.+2      	; 0x1f4a <main+0x1c6>
    1f48:	6d cf       	rjmp	.-294    	; 0x1e24 <main+0xa0>
      // Adaboot no-wait mod
      watchdogConfig(WATCHDOG_16MS);
    1f4a:	88 e0       	ldi	r24, 0x08	; 8
    1f4c:	24 d0       	rcall	.+72     	; 0x1f96 <watchdogConfig>
    1f4e:	6a cf       	rjmp	.-300    	; 0x1e24 <main+0xa0>

00001f50 <putch>:
  RS485_PORT &= ~_BV(RS485_BIT);
  #else
  RS485_PORT |= _BV(RS485_BIT);
  #endif
#endif
  __asm__ __volatile__ (
    1f50:	2a e0       	ldi	r18, 0x0A	; 10
    1f52:	30 e0       	ldi	r19, 0x00	; 0
    1f54:	80 95       	com	r24
    1f56:	08 94       	sec
    1f58:	10 f4       	brcc	.+4      	; 0x1f5e <putch+0xe>
    1f5a:	de 98       	cbi	0x1b, 6	; 27
    1f5c:	02 c0       	rjmp	.+4      	; 0x1f62 <putch+0x12>
    1f5e:	de 9a       	sbi	0x1b, 6	; 27
    1f60:	00 00       	nop
    1f62:	15 d0       	rcall	.+42     	; 0x1f8e <uartDelay>
    1f64:	14 d0       	rcall	.+40     	; 0x1f8e <uartDelay>
    1f66:	86 95       	lsr	r24
    1f68:	2a 95       	dec	r18
    1f6a:	b1 f7       	brne	.-20     	; 0x1f58 <putch+0x8>
  #else
  RS485_PORT &= ~_BV(RS485_BIT);
  #endif
#endif
#endif // SOFT_UART
}
    1f6c:	08 95       	ret

00001f6e <getch>:
}
#endif

// Watchdog functions. These are only safe with interrupts turned off.
void watchdogReset() {
  __asm__ __volatile__ (
    1f6e:	a8 95       	wdr
  toggle_led();
#endif

#if SOFT_UART
  watchdogReset();
  __asm__ __volatile__ (
    1f70:	29 e0       	ldi	r18, 0x09	; 9
    1f72:	30 e0       	ldi	r19, 0x00	; 0
    1f74:	cf 99       	sbic	0x19, 7	; 25
    1f76:	fe cf       	rjmp	.-4      	; 0x1f74 <getch+0x6>
    1f78:	0a d0       	rcall	.+20     	; 0x1f8e <uartDelay>
    1f7a:	09 d0       	rcall	.+18     	; 0x1f8e <uartDelay>
    1f7c:	08 d0       	rcall	.+16     	; 0x1f8e <uartDelay>
    1f7e:	88 94       	clc
    1f80:	cf 99       	sbic	0x19, 7	; 25
    1f82:	08 94       	sec
    1f84:	2a 95       	dec	r18
    1f86:	11 f0       	breq	.+4      	; 0x1f8c <getch+0x1e>
    1f88:	87 95       	ror	r24
    1f8a:	f7 cf       	rjmp	.-18     	; 0x1f7a <getch+0xc>
#if LED_DATA_FLASH
  toggle_led();
#endif

  return ch;
}
    1f8c:	08 95       	ret

00001f8e <uartDelay>:
#error Baud rate too high for soft UART
#endif


void uartDelay() {
  __asm__ __volatile__ (
    1f8e:	97 e8       	ldi	r25, 0x87	; 135
    1f90:	9a 95       	dec	r25
    1f92:	f1 f7       	brne	.-4      	; 0x1f90 <uartDelay+0x2>
    1f94:	08 95       	ret

00001f96 <watchdogConfig>:
void watchdogConfig(uint8_t x) {
#ifdef WDCE //does it have a Watchdog Change Enable?
#ifdef WDTCSR
  WDTCSR = _BV(WDCE) | _BV(WDE);
#else
  WDTCR= _BV(WDCE) | _BV(WDE);
    1f96:	98 e1       	ldi	r25, 0x18	; 24
    1f98:	91 bd       	out	0x21, r25	; 33
#endif

#ifdef WDTCSR
  WDTCSR = x;
#else
  WDTCR= x;
    1f9a:	81 bd       	out	0x21, r24	; 33
#endif
}
    1f9c:	08 95       	ret

00001f9e <verifySpace>:
  do getch(); while (--count);
  verifySpace();
}

void verifySpace() {
  if (getch() != CRC_EOP) {
    1f9e:	e7 df       	rcall	.-50     	; 0x1f6e <getch>
    1fa0:	80 32       	cpi	r24, 0x20	; 32
    1fa2:	19 f0       	breq	.+6      	; 0x1faa <verifySpace+0xc>
    watchdogConfig(WATCHDOG_16MS);    // shorten WD timeout
    1fa4:	88 e0       	ldi	r24, 0x08	; 8
    1fa6:	f7 df       	rcall	.-18     	; 0x1f96 <watchdogConfig>
    1fa8:	ff cf       	rjmp	.-2      	; 0x1fa8 <verifySpace+0xa>
    while (1)                         // and busy-loop so that WD causes
      ;                               //  a reset and app start.
  }
  putch(STK_INSYNC);
    1faa:	84 e1       	ldi	r24, 0x14	; 20
    1fac:	d1 cf       	rjmp	.-94     	; 0x1f50 <putch>

00001fae <getNch>:
    ::[count] "M" (UART_B_VALUE)
    );
}
#endif

void getNch(uint8_t count) {
    1fae:	cf 93       	push	r28
    1fb0:	c8 2f       	mov	r28, r24
  do getch(); while (--count);
    1fb2:	dd df       	rcall	.-70     	; 0x1f6e <getch>
    1fb4:	c1 50       	subi	r28, 0x01	; 1
    1fb6:	e9 f7       	brne	.-6      	; 0x1fb2 <getNch+0x4>
  verifySpace();
}
    1fb8:	cf 91       	pop	r28
}
#endif

void getNch(uint8_t count) {
  do getch(); while (--count);
  verifySpace();
    1fba:	f1 cf       	rjmp	.-30     	; 0x1f9e <verifySpace>

00001fbc <do_spm>:
 *   data=0 in WRITE
 */
static void do_spm(uint16_t address, uint8_t command, uint16_t data)  __attribute__ ((used));
static void do_spm(uint16_t address, uint8_t command, uint16_t data) {
  // Do spm stuff
  asm volatile (
    1fbc:	fc 01       	movw	r30, r24
    1fbe:	0a 01       	movw	r0, r20
    1fc0:	67 bf       	out	0x37, r22	; 55
    1fc2:	e8 95       	spm
    1fc4:	11 24       	eor	r1, r1
    );

  // wait for spm to complete
  //   it doesn't have much sense for __BOOT_PAGE_FILL,
  //   but it doesn't hurt and saves some bytes on 'if'
  boot_spm_busy_wait();
    1fc6:	07 b6       	in	r0, 0x37	; 55
    1fc8:	00 fc       	sbrc	r0, 0
    1fca:	fd cf       	rjmp	.-6      	; 0x1fc6 <do_spm+0xa>
  if ((command & (_BV(PGWRT)|_BV(PGERS))) && (data == 0) ) {
    // Reenable read access to flash
    __boot_rww_enable_short();
  }
#endif
}
    1fcc:	08 95       	ret
