
optiboot_atmega16u4_UART1___BB.elf:     file format elf32-avr

Sections:
Idx Name          Size      VMA       LMA       File off  Algn
  0 .text         000001e4  00003e00  00003e00  00000074  2**0
                  CONTENTS, ALLOC, LOAD, READONLY, CODE
  1 .trampolines  00000000  00003fe4  00003fe4  00000258  2**1
                  CONTENTS, ALLOC, LOAD, READONLY, CODE
  2 .version      00000002  00003ffe  00003ffe  00000258  2**0
                  CONTENTS, ALLOC, LOAD, READONLY, DATA
  3 .comment      00000030  00000000  00000000  0000025a  2**0
                  CONTENTS, READONLY
  4 .debug_aranges 00000030  00000000  00000000  0000028a  2**0
                  CONTENTS, READONLY, DEBUGGING
  5 .debug_info   000005da  00000000  00000000  000002ba  2**0
                  CONTENTS, READONLY, DEBUGGING
  6 .debug_abbrev 000002ab  00000000  00000000  00000894  2**0
                  CONTENTS, READONLY, DEBUGGING
  7 .debug_line   0000037a  00000000  00000000  00000b3f  2**0
                  CONTENTS, READONLY, DEBUGGING
  8 .debug_frame  000000ac  00000000  00000000  00000ebc  2**2
                  CONTENTS, READONLY, DEBUGGING
  9 .debug_str    000001ea  00000000  00000000  00000f68  2**0
                  CONTENTS, READONLY, DEBUGGING
 10 .debug_loc    000002e0  00000000  00000000  00001152  2**0
                  CONTENTS, READONLY, DEBUGGING
 11 .debug_ranges 00000068  00000000  00000000  00001432  2**0
                  CONTENTS, READONLY, DEBUGGING

Disassembly of section .text:

00003e00 <pre_main>:
/* everything that needs to run VERY early */
void pre_main(void) {
  // Allow convenient way of calling do_spm function - jump table, so
  //   entry to this function will always be here, independent of
  //   compilation, features etc
  asm volatile (
    3e00:	01 c0       	rjmp	.+2      	; 0x3e04 <main>
    3e02:	e0 c0       	rjmp	.+448    	; 0x3fc4 <do_spm>

00003e04 <main>:
  //  SP points to RAMEND
  //  r1 contains zero
  //
  // If not, uncomment the following instructions:
  // cli();
  asm volatile ("  clr __zero_reg__");
    3e04:	11 24       	eor	r1, r1
#  warning "START_APP_ON_EXTR is defined and NO_START_APP_ON_POR isn't"
#  define APP_START_REASONS 1 /* Always start rge App. */
#  define WDRF_CLR_REASONS 0  /* Never clear WDRF */
#endif

  ch = MCUSR;
    3e06:	84 b7       	in	r24, 0x34	; 52

  // Skip all logic and run bootloader if MCUSR is cleared (application request)
  if (ch != 0) {
    3e08:	88 23       	and	r24, r24
    3e0a:	69 f0       	breq	.+26     	; 0x3e26 <main+0x22>
     * One problematic scenario: broken application code sets watchdog timer
     * without clearing MCUSR before and triggers it quickly. But it's
     * recoverable by power-on with pushed reset button.
     */

    if (APP_START_REASONS) {
    3e0c:	98 2f       	mov	r25, r24
    3e0e:	9a 70       	andi	r25, 0x0A	; 10
    3e10:	92 30       	cpi	r25, 0x02	; 2
    3e12:	49 f0       	breq	.+18     	; 0x3e26 <main+0x22>
      if (WDRF_CLR_REASONS) {
    3e14:	81 ff       	sbrs	r24, 1
    3e16:	02 c0       	rjmp	.+4      	; 0x3e1c <main+0x18>
        /*
         * Clear WDRF if it was most probably set by wdr in bootloader.
         */
        if ((uint16_t)&MCUSR > 0x1F) {
          MCUSR = ~(_BV(WDRF));   // optimize to LDI/OUT
    3e18:	97 ef       	ldi	r25, 0xF7	; 247
    3e1a:	94 bf       	out	0x34, r25	; 52
      /*
       * save the reset flags in the designated register
       * This can be saved in a main program by putting code in .init0 (which
       * executes before normal c init code) to save R2 to a global variable.
       */
      __asm__ __volatile__ ("  mov r2, %0\n" :: "r" (ch));
    3e1c:	28 2e       	mov	r2, r24

      // switch off watchdog
      watchdogConfig(WATCHDOG_OFF);
    3e1e:	80 e0       	ldi	r24, 0x00	; 0
    3e20:	bc d0       	rcall	.+376    	; 0x3f9a <watchdogConfig>
      // Note that appstart_vec is defined so that this works with either
      // real or virtual boot partitions.
      __asm__ __volatile__ (
    3e22:	0c 94 00 00 	jmp	0	; 0x0 <__tmp_reg__>
  LINBTR = (1 << LDISR) | (8 << LBT0); 
  LINCR = _BV(LENA) | _BV(LCMD2) | _BV(LCMD1) | _BV(LCMD0);
  LINDAT=0;
#else
#if (SINGLESPEED == 0)
  UART_SRA = _BV(U2X0); //Double speed mode USART0
    3e26:	82 e0       	ldi	r24, 0x02	; 2
    3e28:	80 93 c8 00 	sts	0x00C8, r24	; 0x8000c8 <__RAM__+0xc8>
#endif
  UART_SRB = _BV(RXEN0) | _BV(TXEN0);
    3e2c:	88 e1       	ldi	r24, 0x18	; 24
    3e2e:	80 93 c9 00 	sts	0x00C9, r24	; 0x8000c9 <__RAM__+0xc9>
  UART_SRC = _BV(UCSZ00) | _BV(UCSZ01);
    3e32:	86 e0       	ldi	r24, 0x06	; 6
    3e34:	80 93 ca 00 	sts	0x00CA, r24	; 0x8000ca <__RAM__+0xca>
  UART_SRL = (uint8_t)BAUD_SETTING;
    3e38:	80 e1       	ldi	r24, 0x10	; 16
    3e3a:	80 93 cc 00 	sts	0x00CC, r24	; 0x8000cc <__RAM__+0xcc>
  RS485_PORT &= ~_BV(RS485_BIT);
  #endif
#endif

  // Set up watchdog to trigger after desired timeout
  watchdogConfig(WDTPERIOD);
    3e3e:	8e e0       	ldi	r24, 0x0E	; 14
    3e40:	ac d0       	rcall	.+344    	; 0x3f9a <watchdogConfig>
       * and we needed the space back.
       */
#ifdef FOURPAGEERASE
      if ((address.bytes[0] & ((SPM_PAGESIZE<<2)-1))==0) {
#endif
        __boot_page_erase_short(address.word);
    3e42:	93 e0       	ldi	r25, 0x03	; 3
    3e44:	e9 2e       	mov	r14, r25

      /*
       * Copy data from the buffer into the flash write buffer.
       */
      do {
        __boot_page_fill_short((uint16_t)(void*)addrPtr, *(mybuff.wptr++));
    3e46:	dd 24       	eor	r13, r13
    3e48:	d3 94       	inc	r13
      } while (len -= 2);

      /*
       * Actually Write the buffer to flash (and wait for it to finish.)
       */
      __boot_page_write_short(address.word);
    3e4a:	25 e0       	ldi	r18, 0x05	; 5
    3e4c:	c2 2e       	mov	r12, r18
      boot_spm_busy_wait();
#if defined(RWWSRE)
      // Reenable read access to flash
      __boot_rww_enable_short();
    3e4e:	31 e1       	ldi	r19, 0x11	; 17
#endif

  /* Forever loop: exits by causing WDT reset */
  for (;;) {
    /* get character from UART */
    ch = getch();
    3e50:	b3 2e       	mov	r11, r19

    if (ch == STK_GET_PARAMETER) {
    3e52:	97 d0       	rcall	.+302    	; 0x3f82 <getch>
      unsigned char which = getch();
    3e54:	81 34       	cpi	r24, 0x41	; 65
    3e56:	59 f4       	brne	.+22     	; 0x3e6e <main+0x6a>
    3e58:	94 d0       	rcall	.+296    	; 0x3f82 <getch>
      verifySpace();
    3e5a:	18 2f       	mov	r17, r24
      /*
       * Send optiboot version as "SW version"
       * Note that the references to memory are optimized away.
       */
      if (which == STK_SW_MINOR) {
        putch(optiboot_version & 0xFF);
    3e5c:	a4 d0       	rcall	.+328    	; 0x3fa6 <verifySpace>
      } else if (which == STK_SW_MAJOR) {
    3e5e:	83 e0       	ldi	r24, 0x03	; 3
        putch(optiboot_version >> 8);
    3e60:	11 38       	cpi	r17, 0x81	; 129
    3e62:	09 f4       	brne	.+2      	; 0x3e66 <main+0x62>
    3e64:	88 e0       	ldi	r24, 0x08	; 8
    }
    else {
      // This covers the response to commands like STK_ENTER_PROGMODE
      verifySpace();
    }
    putch(STK_OK);
    3e66:	86 d0       	rcall	.+268    	; 0x3f74 <putch>
    3e68:	80 e1       	ldi	r24, 0x10	; 16
#endif

  /* Forever loop: exits by causing WDT reset */
  for (;;) {
    /* get character from UART */
    ch = getch();
    3e6a:	84 d0       	rcall	.+264    	; 0x3f74 <putch>
         * other parameters - enough to keep Avrdude happy
         */
        putch(0x03);
      }
    }
    else if (ch == STK_SET_DEVICE) {
    3e6c:	f2 cf       	rjmp	.-28     	; 0x3e52 <main+0x4e>
    3e6e:	82 34       	cpi	r24, 0x42	; 66
      // SET DEVICE is ignored
      getNch(20);
    3e70:	19 f4       	brne	.+6      	; 0x3e78 <main+0x74>
    }
    else if (ch == STK_SET_DEVICE_EXT) {
      // SET DEVICE EXT is ignored
      getNch(5);
    3e72:	84 e1       	ldi	r24, 0x14	; 20
    3e74:	a0 d0       	rcall	.+320    	; 0x3fb6 <getNch>
    }
    else if (ch == STK_SET_DEVICE) {
      // SET DEVICE is ignored
      getNch(20);
    }
    else if (ch == STK_SET_DEVICE_EXT) {
    3e76:	f8 cf       	rjmp	.-16     	; 0x3e68 <main+0x64>
      // SET DEVICE EXT is ignored
      getNch(5);
    3e78:	85 34       	cpi	r24, 0x45	; 69
    3e7a:	11 f4       	brne	.+4      	; 0x3e80 <main+0x7c>
    }
    else if (ch == STK_LOAD_ADDRESS) {
    3e7c:	85 e0       	ldi	r24, 0x05	; 5
    3e7e:	fa cf       	rjmp	.-12     	; 0x3e74 <main+0x70>
      // LOAD ADDRESS
      address.bytes[0] = getch();
    3e80:	85 35       	cpi	r24, 0x55	; 85
    3e82:	81 f4       	brne	.+32     	; 0x3ea4 <main+0xa0>
    3e84:	7e d0       	rcall	.+252    	; 0x3f82 <getch>
      address.bytes[1] = getch();
    3e86:	c8 2f       	mov	r28, r24
    3e88:	7c d0       	rcall	.+248    	; 0x3f82 <getch>
#ifdef RAMPZ
      // Transfer top bit to LSB in RAMPZ
      if (address.bytes[1] & 0x80) {
    3e8a:	d8 2f       	mov	r29, r24
    3e8c:	87 ff       	sbrs	r24, 7
        RAMPZ |= 0x01;
    3e8e:	07 c0       	rjmp	.+14     	; 0x3e9e <main+0x9a>
    3e90:	8b b7       	in	r24, 0x3b	; 59
      }
      else {
        RAMPZ &= 0xFE;
      }
#endif
      address.word *= 2; // Convert from word address to byte address
    3e92:	81 60       	ori	r24, 0x01	; 1
    3e94:	8b bf       	out	0x3b, r24	; 59
      watchdogConfig(WATCHDOG_16MS);
      verifySpace();
    }
    else {
      // This covers the response to commands like STK_ENTER_PROGMODE
      verifySpace();
    3e96:	cc 0f       	add	r28, r28
    3e98:	dd 1f       	adc	r29, r29
      // Transfer top bit to LSB in RAMPZ
      if (address.bytes[1] & 0x80) {
        RAMPZ |= 0x01;
      }
      else {
        RAMPZ &= 0xFE;
    3e9a:	85 d0       	rcall	.+266    	; 0x3fa6 <verifySpace>
    3e9c:	e5 cf       	rjmp	.-54     	; 0x3e68 <main+0x64>
    3e9e:	8b b7       	in	r24, 0x3b	; 59
      }
#endif
      address.word *= 2; // Convert from word address to byte address
      verifySpace();
    }
    else if (ch == STK_UNIVERSAL) {
    3ea0:	8e 7f       	andi	r24, 0xFE	; 254
    3ea2:	f8 cf       	rjmp	.-16     	; 0x3e94 <main+0x90>
#ifdef RAMPZ
      // LOAD_EXTENDED_ADDRESS is needed in STK_UNIVERSAL for addressing more than 128kB
      if ( AVR_OP_LOAD_EXT_ADDR == getch() ) {
    3ea4:	86 35       	cpi	r24, 0x56	; 86
    3ea6:	81 f4       	brne	.+32     	; 0x3ec8 <main+0xc4>
    3ea8:	6c d0       	rcall	.+216    	; 0x3f82 <getch>
        // get address
        getch();  // get '0'
    3eaa:	8d 34       	cpi	r24, 0x4D	; 77
    3eac:	59 f4       	brne	.+22     	; 0x3ec4 <main+0xc0>
        RAMPZ = (RAMPZ & 0x01) | ((getch() << 1) & 0xff);  // get address and put it in RAMPZ
    3eae:	69 d0       	rcall	.+210    	; 0x3f82 <getch>
    3eb0:	1b b7       	in	r17, 0x3b	; 59
    3eb2:	67 d0       	rcall	.+206    	; 0x3f82 <getch>
    3eb4:	11 70       	andi	r17, 0x01	; 1
    3eb6:	88 0f       	add	r24, r24
        getNch(1); // get last '0'
    3eb8:	81 2b       	or	r24, r17
        // response
        putch(0x00);
      }
      else {
        // everything else is ignored
        getNch(3);
    3eba:	8b bf       	out	0x3b, r24	; 59
    3ebc:	81 e0       	ldi	r24, 0x01	; 1
        putch(0x00);
    3ebe:	7b d0       	rcall	.+246    	; 0x3fb6 <getNch>
    3ec0:	80 e0       	ldi	r24, 0x00	; 0
        // response
        putch(0x00);
      }
      else {
        // everything else is ignored
        getNch(3);
    3ec2:	d1 cf       	rjmp	.-94     	; 0x3e66 <main+0x62>
      getNch(4);
      putch(0x00);
#endif
    }
    /* Write memory, length is big endian and is in bytes */
    else if (ch == STK_PROG_PAGE) {
    3ec4:	83 e0       	ldi	r24, 0x03	; 3
    3ec6:	fb cf       	rjmp	.-10     	; 0x3ebe <main+0xba>
    3ec8:	84 36       	cpi	r24, 0x64	; 100
      // PROGRAM PAGE - we support flash programming only, not EEPROM
      uint8_t desttype;
      uint8_t *bufPtr;
      pagelen_t savelength;

      GETLENGTH(length);
    3eca:	09 f0       	breq	.+2      	; 0x3ece <main+0xca>
    3ecc:	34 c0       	rjmp	.+104    	; 0x3f36 <main+0x132>
    3ece:	59 d0       	rcall	.+178    	; 0x3f82 <getch>
    3ed0:	58 d0       	rcall	.+176    	; 0x3f82 <getch>
      savelength = length;
      desttype = getch();
    3ed2:	f8 2e       	mov	r15, r24
    3ed4:	56 d0       	rcall	.+172    	; 0x3f82 <getch>
    3ed6:	a8 2e       	mov	r10, r24

      // read a page worth of contents
      bufPtr = buff.bptr;
    3ed8:	00 e0       	ldi	r16, 0x00	; 0
    3eda:	11 e0       	ldi	r17, 0x01	; 1
      do *bufPtr++ = getch();
    3edc:	48 01       	movw	r8, r16
    3ede:	ef ef       	ldi	r30, 0xFF	; 255
    3ee0:	8e 1a       	sub	r8, r30
    3ee2:	9e 0a       	sbc	r9, r30
    3ee4:	4e d0       	rcall	.+156    	; 0x3f82 <getch>
    3ee6:	f8 01       	movw	r30, r16
    3ee8:	80 83       	st	Z, r24
    3eea:	84 01       	movw	r16, r8
    3eec:	f8 10       	cpse	r15, r8
      while (--length);
    3eee:	f6 cf       	rjmp	.-20     	; 0x3edc <main+0xd8>
    3ef0:	5a d0       	rcall	.+180    	; 0x3fa6 <verifySpace>

      // Read command terminator, start reply
      verifySpace();
    3ef2:	f5 e4       	ldi	r31, 0x45	; 69
    3ef4:	af 12       	cpse	r10, r31
 * void writebuffer(memtype, buffer, address, length)
 */
static inline void writebuffer(int8_t memtype, addr16_t mybuff,
                               addr16_t address, pagelen_t len)
{
  switch (memtype) {
    3ef6:	01 c0       	rjmp	.+2      	; 0x3efa <main+0xf6>
    3ef8:	ff cf       	rjmp	.-2      	; 0x3ef8 <main+0xf4>
    3efa:	fe 01       	movw	r30, r28
    3efc:	e7 be       	out	0x37, r14	; 55
       * and we needed the space back.
       */
#ifdef FOURPAGEERASE
      if ((address.bytes[0] & ((SPM_PAGESIZE<<2)-1))==0) {
#endif
        __boot_page_erase_short(address.word);
    3efe:	e8 95       	spm
    3f00:	07 b6       	in	r0, 0x37	; 55
    3f02:	00 fc       	sbrc	r0, 0
        boot_spm_busy_wait();
    3f04:	fd cf       	rjmp	.-6      	; 0x3f00 <main+0xfc>
    3f06:	fe 01       	movw	r30, r28
    3f08:	a0 e0       	ldi	r26, 0x00	; 0
     * the default rather than checking for the correct code, we save
     * space on chips that don't support any other memory types.
     */
    {
      // Copy buffer into programming buffer
      uint16_t addrPtr = address.word;
    3f0a:	b1 e0       	ldi	r27, 0x01	; 1
       */
#ifdef FOURPAGEERASE
      if ((address.bytes[0] & ((SPM_PAGESIZE<<2)-1))==0) {
#endif
        __boot_page_erase_short(address.word);
        boot_spm_busy_wait();
    3f0c:	cd 01       	movw	r24, r26
    3f0e:	02 96       	adiw	r24, 0x02	; 2

      /*
       * Copy data from the buffer into the flash write buffer.
       */
      do {
        __boot_page_fill_short((uint16_t)(void*)addrPtr, *(mybuff.wptr++));
    3f10:	2d 91       	ld	r18, X+
    3f12:	3c 91       	ld	r19, X
    3f14:	09 01       	movw	r0, r18
    3f16:	d7 be       	out	0x37, r13	; 55
    3f18:	e8 95       	spm
    3f1a:	11 24       	eor	r1, r1
        addrPtr += 2;
    3f1c:	32 96       	adiw	r30, 0x02	; 2

      /*
       * Copy data from the buffer into the flash write buffer.
       */
      do {
        __boot_page_fill_short((uint16_t)(void*)addrPtr, *(mybuff.wptr++));
    3f1e:	dc 01       	movw	r26, r24
        addrPtr += 2;
      } while (len -= 2);
    3f20:	f8 12       	cpse	r15, r24
    3f22:	f4 cf       	rjmp	.-24     	; 0x3f0c <main+0x108>

      /*
       * Actually Write the buffer to flash (and wait for it to finish.)
       */
      __boot_page_write_short(address.word);
    3f24:	fe 01       	movw	r30, r28
    3f26:	c7 be       	out	0x37, r12	; 55
      boot_spm_busy_wait();
    3f28:	e8 95       	spm
    3f2a:	07 b6       	in	r0, 0x37	; 55
    3f2c:	00 fc       	sbrc	r0, 0
#if defined(RWWSRE)
      // Reenable read access to flash
      __boot_rww_enable_short();
    3f2e:	fd cf       	rjmp	.-6      	; 0x3f2a <main+0x126>
    3f30:	b7 be       	out	0x37, r11	; 55
      writebuffer(desttype, buff, address, savelength);


    }
/* Read memory block mode, length is big endian.  */
    else if (ch == STK_READ_PAGE) {
    3f32:	e8 95       	spm
      uint8_t desttype;
      GETLENGTH(length);
    3f34:	99 cf       	rjmp	.-206    	; 0x3e68 <main+0x64>
    3f36:	84 37       	cpi	r24, 0x74	; 116
    3f38:	71 f4       	brne	.+28     	; 0x3f56 <main+0x152>
    3f3a:	23 d0       	rcall	.+70     	; 0x3f82 <getch>

      desttype = getch();
    3f3c:	22 d0       	rcall	.+68     	; 0x3f82 <getch>
    3f3e:	f8 2e       	mov	r15, r24

      verifySpace();
    3f40:	20 d0       	rcall	.+64     	; 0x3f82 <getch>
    3f42:	31 d0       	rcall	.+98     	; 0x3fa6 <verifySpace>
      // Since RAMPZ should already be set, we need to use EPLM directly.
      // Also, we can use the autoincrement version of lpm to update "address"
      //      do putch(pgm_read_byte_near(address++));
      //      while (--length);
      // read a Flash and increment the address (may increment RAMPZ)
      __asm__ ("  elpm %0,Z+\n" : "=r" (ch), "=z" (address.bptr): "1" (address));
    3f44:	8e 01       	movw	r16, r28
    3f46:	f8 01       	movw	r30, r16
    3f48:	87 91       	elpm	r24, Z+
#else
      // read a Flash byte and increment the address
      __asm__ ("  lpm %0,Z+\n" : "=r" (ch), "=z" (address.bptr): "1" (address));
#endif
      putch(ch);
    3f4a:	8f 01       	movw	r16, r30
    3f4c:	13 d0       	rcall	.+38     	; 0x3f74 <putch>
    } while (--length);
    3f4e:	fa 94       	dec	r15
    3f50:	f1 10       	cpse	r15, r1
    3f52:	f9 cf       	rjmp	.-14     	; 0x3f46 <main+0x142>
    3f54:	89 cf       	rjmp	.-238    	; 0x3e68 <main+0x64>

      read_mem(desttype, address, length);
    }

/* Get device signature bytes  */
    else if (ch == STK_READ_SIGN) {
    3f56:	85 37       	cpi	r24, 0x75	; 117
    3f58:	39 f4       	brne	.+14     	; 0x3f68 <main+0x164>
      // READ SIGN - return what Avrdude wants to hear
      verifySpace();
    3f5a:	25 d0       	rcall	.+74     	; 0x3fa6 <verifySpace>
    3f5c:	8e e1       	ldi	r24, 0x1E	; 30
      putch(SIGNATURE_0);
    3f5e:	0a d0       	rcall	.+20     	; 0x3f74 <putch>
    3f60:	84 e9       	ldi	r24, 0x94	; 148
    3f62:	08 d0       	rcall	.+16     	; 0x3f74 <putch>
      putch(SIGNATURE_1);
    3f64:	88 e8       	ldi	r24, 0x88	; 136
    3f66:	7f cf       	rjmp	.-258    	; 0x3e66 <main+0x62>
    3f68:	81 35       	cpi	r24, 0x51	; 81
      putch(SIGNATURE_2);
    3f6a:	09 f0       	breq	.+2      	; 0x3f6e <main+0x16a>
    3f6c:	96 cf       	rjmp	.-212    	; 0x3e9a <main+0x96>
    }
    else if (ch == STK_LEAVE_PROGMODE) { /* 'Q' */
    3f6e:	88 e0       	ldi	r24, 0x08	; 8
    3f70:	14 d0       	rcall	.+40     	; 0x3f9a <watchdogConfig>
    3f72:	93 cf       	rjmp	.-218    	; 0x3e9a <main+0x96>

00003f74 <putch>:
      // Adaboot no-wait mod
      watchdogConfig(WATCHDOG_16MS);
    3f74:	90 91 c8 00 	lds	r25, 0x00C8	; 0x8000c8 <__RAM__+0xc8>
    3f78:	95 ff       	sbrs	r25, 5
    3f7a:	fc cf       	rjmp	.-8      	; 0x3f74 <putch>
# else
  RS485_PORT &= ~_BV(RS485_BIT);
# endif
#else //not RS485
  while (!(UART_SRA & _BV(UDRE0))) {  /* Spin */ }
  UART_UDR = ch;
    3f7c:	80 93 ce 00 	sts	0x00CE, r24	; 0x8000ce <__RAM__+0xce>
  #else
  RS485_PORT &= ~_BV(RS485_BIT);
  #endif
#endif
#endif // SOFT_UART
}
    3f80:	08 95       	ret

00003f82 <getch>:
    :
    "r25"
    );
#else
#ifndef LIN_UART
  while (!(UART_SRA & _BV(RXC0)))  {  /* Spin */ }
    3f82:	80 91 c8 00 	lds	r24, 0x00C8	; 0x8000c8 <__RAM__+0xc8>
    3f86:	87 ff       	sbrs	r24, 7
    3f88:	fc cf       	rjmp	.-8      	; 0x3f82 <getch>
  if (!(UART_SRA & _BV(FE0))) {
    3f8a:	80 91 c8 00 	lds	r24, 0x00C8	; 0x8000c8 <__RAM__+0xc8>
    3f8e:	84 fd       	sbrc	r24, 4
    3f90:	01 c0       	rjmp	.+2      	; 0x3f94 <getch+0x12>
}
#endif

// Watchdog functions. These are only safe with interrupts turned off.
void watchdogReset() {
  __asm__ __volatile__ (
    3f92:	a8 95       	wdr
  while (!(LINSIR & _BV(LRXOK)))  {  /* Spin */ }
  if (!(LINSIR & _BV(LFERR))) {
    watchdogReset();  /* Eventually abort if wrong speed */
  }
#endif
  ch = UART_UDR;
    3f94:	80 91 ce 00 	lds	r24, 0x00CE	; 0x8000ce <__RAM__+0xce>
#if LED_DATA_FLASH
  toggle_led();
#endif

  return ch;
}
    3f98:	08 95       	ret

00003f9a <watchdogConfig>:
}

void watchdogConfig(uint8_t x) {
#ifdef WDCE //does it have a Watchdog Change Enable?
#ifdef WDTCSR
  WDTCSR = _BV(WDCE) | _BV(WDE);
    3f9a:	e0 e6       	ldi	r30, 0x60	; 96
    3f9c:	f0 e0       	ldi	r31, 0x00	; 0
    3f9e:	98 e1       	ldi	r25, 0x18	; 24
    3fa0:	90 83       	st	Z, r25
#else //then it must be one of those newfangled ones that use CCP
  CCP=0xD8; //so write this magic number to CCP
#endif

#ifdef WDTCSR
  WDTCSR = x;
    3fa2:	80 83       	st	Z, r24
#else
  WDTCR= x;
#endif
}
    3fa4:	08 95       	ret

00003fa6 <verifySpace>:
  do getch(); while (--count);
  verifySpace();
}

void verifySpace() {
  if (getch() != CRC_EOP) {
    3fa6:	ed df       	rcall	.-38     	; 0x3f82 <getch>
    3fa8:	80 32       	cpi	r24, 0x20	; 32
    3faa:	19 f0       	breq	.+6      	; 0x3fb2 <verifySpace+0xc>
    watchdogConfig(WATCHDOG_16MS);    // shorten WD timeout
    3fac:	88 e0       	ldi	r24, 0x08	; 8
    3fae:	f5 df       	rcall	.-22     	; 0x3f9a <watchdogConfig>
    3fb0:	ff cf       	rjmp	.-2      	; 0x3fb0 <verifySpace+0xa>
    while (1)                         // and busy-loop so that WD causes
      ;                               //  a reset and app start.
  }
  putch(STK_INSYNC);
    3fb2:	84 e1       	ldi	r24, 0x14	; 20
    3fb4:	df cf       	rjmp	.-66     	; 0x3f74 <putch>

00003fb6 <getNch>:
    ::[count] "M" (UART_B_VALUE)
    );
}
#endif

void getNch(uint8_t count) {
    3fb6:	cf 93       	push	r28
    3fb8:	c8 2f       	mov	r28, r24
  do getch(); while (--count);
    3fba:	e3 df       	rcall	.-58     	; 0x3f82 <getch>
    3fbc:	c1 50       	subi	r28, 0x01	; 1
    3fbe:	e9 f7       	brne	.-6      	; 0x3fba <getNch+0x4>
  verifySpace();
}
    3fc0:	cf 91       	pop	r28
}
#endif

void getNch(uint8_t count) {
  do getch(); while (--count);
  verifySpace();
    3fc2:	f1 cf       	rjmp	.-30     	; 0x3fa6 <verifySpace>

00003fc4 <do_spm>:
    3fc4:	fc 01       	movw	r30, r24
 *   data=0 in WRITE
 */
static void do_spm(uint16_t address, uint8_t command, uint16_t data)  __attribute__ ((used));
static void do_spm(uint16_t address, uint8_t command, uint16_t data) {
  // Do spm stuff
  asm volatile (
    3fc6:	0a 01       	movw	r0, r20
    3fc8:	67 bf       	out	0x37, r22	; 55
    3fca:	e8 95       	spm
    3fcc:	11 24       	eor	r1, r1
    3fce:	07 b6       	in	r0, 0x37	; 55
    );

  // wait for spm to complete
  //   it doesn't have much sense for __BOOT_PAGE_FILL,
  //   but it doesn't hurt and saves some bytes on 'if'
  boot_spm_busy_wait();
    3fd0:	00 fc       	sbrc	r0, 0
    3fd2:	fd cf       	rjmp	.-6      	; 0x3fce <do_spm+0xa>
    3fd4:	66 70       	andi	r22, 0x06	; 6
#if defined(RWWSRE)
  // this 'if' condition should be: (command == __BOOT_PAGE_WRITE || command == __BOOT_PAGE_ERASE)...
  // but it's tweaked a little assuming that in every command we are interested in here, there
  // must be also SELFPRGEN set. If we skip checking this bit, we save here 4B
  if ((command & (_BV(PGWRT)|_BV(PGERS))) && (data == 0) ) {
    3fd6:	29 f0       	breq	.+10     	; 0x3fe2 <do_spm+0x1e>
    3fd8:	45 2b       	or	r20, r21
    3fda:	19 f4       	brne	.+6      	; 0x3fe2 <do_spm+0x1e>
    3fdc:	81 e1       	ldi	r24, 0x11	; 17
    // Reenable read access to flash
    __boot_rww_enable_short();
    3fde:	87 bf       	out	0x37, r24	; 55
    3fe0:	e8 95       	spm
    3fe2:	08 95       	ret
