
optiboot_atmega16_UART0__.elf:     file format elf32-avr

Sections:
Idx Name          Size      VMA       LMA       File off  Algn
  0 .text         000001cc  00003e00  00003e00  00000074  2**0
                  CONTENTS, ALLOC, LOAD, READONLY, CODE
  1 .trampolines  00000000  00003fcc  00003fcc  00000240  2**1
                  CONTENTS, ALLOC, LOAD, READONLY, CODE
  2 .version      00000002  00003ffe  00003ffe  00000240  2**0
                  CONTENTS, ALLOC, LOAD, READONLY, DATA
  3 .comment      00000030  00000000  00000000  00000242  2**0
                  CONTENTS, READONLY
  4 .debug_aranges 00000030  00000000  00000000  00000272  2**0
                  CONTENTS, READONLY, DEBUGGING
  5 .debug_info   00000628  00000000  00000000  000002a2  2**0
                  CONTENTS, READONLY, DEBUGGING
  6 .debug_abbrev 000002c9  00000000  00000000  000008ca  2**0
                  CONTENTS, READONLY, DEBUGGING
  7 .debug_line   000003a8  00000000  00000000  00000b93  2**0
                  CONTENTS, READONLY, DEBUGGING
  8 .debug_frame  000000ac  00000000  00000000  00000f3c  2**2
                  CONTENTS, READONLY, DEBUGGING
  9 .debug_str    000001ff  00000000  00000000  00000fe8  2**0
                  CONTENTS, READONLY, DEBUGGING
 10 .debug_loc    000002cf  00000000  00000000  000011e7  2**0
                  CONTENTS, READONLY, DEBUGGING
 11 .debug_ranges 00000098  00000000  00000000  000014b6  2**0
                  CONTENTS, READONLY, DEBUGGING

Disassembly of section .text:

00003e00 <pre_main>:
/* everything that needs to run VERY early */
void pre_main(void) {
  // Allow convenient way of calling do_spm function - jump table, so
  //   entry to this function will always be here, independent of
  //   compilation, features etc
  asm volatile (
    3e00:	01 c0       	rjmp	.+2      	; 0x3e04 <main>
    3e02:	d4 c0       	rjmp	.+424    	; 0x3fac <do_spm>

00003e04 <main>:
  //  SP points to RAMEND
  //  r1 contains zero
  //
  // If not, uncomment the following instructions:
  // cli();
  asm volatile ("  clr __zero_reg__");
    3e04:	11 24       	eor	r1, r1

#if defined(__AVR_ATmega8__) || defined(__AVR_ATmega8515__) ||  \
  defined(__AVR_ATmega8535__) || defined (__AVR_ATmega16__) ||  \
  defined (__AVR_ATmega32__) || defined (__AVR_ATmega64__)  ||  \
  defined (__AVR_ATmega128__) || defined (__AVR_ATmega162__)
  SP=RAMEND;  // This is done by hardware reset on newer chips
    3e06:	8f e5       	ldi	r24, 0x5F	; 95
    3e08:	94 e0       	ldi	r25, 0x04	; 4
    3e0a:	9e bf       	out	0x3e, r25	; 62
    3e0c:	8d bf       	out	0x3d, r24	; 61
#  warning "START_APP_ON_EXTR is defined and NO_START_APP_ON_POR isn't"
#  define APP_START_REASONS 1 /* Always start rge App. */
#  define WDRF_CLR_REASONS 0  /* Never clear WDRF */
#endif

  ch = MCUSR;
    3e0e:	84 b7       	in	r24, 0x34	; 52

  // Skip all logic and run bootloader if MCUSR is cleared (application request)
  if (ch != 0) {
    3e10:	88 23       	and	r24, r24
    3e12:	61 f0       	breq	.+24     	; 0x3e2c <main+0x28>
     * One problematic scenario: broken application code sets watchdog timer
     * without clearing MCUSR before and triggers it quickly. But it's
     * recoverable by power-on with pushed reset button.
     */

    if (APP_START_REASONS) {
    3e14:	98 2f       	mov	r25, r24
    3e16:	9a 70       	andi	r25, 0x0A	; 10
    3e18:	92 30       	cpi	r25, 0x02	; 2
    3e1a:	41 f0       	breq	.+16     	; 0x3e2c <main+0x28>
      if (WDRF_CLR_REASONS) {
    3e1c:	81 ff       	sbrs	r24, 1
    3e1e:	02 c0       	rjmp	.+4      	; 0x3e24 <main+0x20>
        /*
         * Clear WDRF if it was most probably set by wdr in bootloader.
         */
        if ((uint16_t)&MCUSR > 0x1F) {
          MCUSR = ~(_BV(WDRF));   // optimize to LDI/OUT
    3e20:	97 ef       	ldi	r25, 0xF7	; 247
    3e22:	94 bf       	out	0x34, r25	; 52
      /*
       * save the reset flags in the designated register
       * This can be saved in a main program by putting code in .init0 (which
       * executes before normal c init code) to save R2 to a global variable.
       */
      __asm__ __volatile__ ("  mov r2, %0\n" :: "r" (ch));
    3e24:	28 2e       	mov	r2, r24

      // switch off watchdog
      watchdogConfig(WATCHDOG_OFF);
    3e26:	80 e0       	ldi	r24, 0x00	; 0
    3e28:	ae d0       	rcall	.+348    	; 0x3f86 <watchdogConfig>
      // Note that appstart_vec is defined so that this works with either
      // real or virtual boot partitions.
      __asm__ __volatile__ (
    3e2a:	ea c0       	rjmp	.+468    	; 0x4000 <__VERSION_START__+0x2>
#elif defined(__AVR_ATtiny25__)||defined(__AVR_ATtiny45__)||defined(__AVR_ATtiny85__)
  TCCR1 = 0x0E; //div 8196 - it's an 8-bit timer.
#elif defined(__AVR_ATtiny43__)
#error "LED flash for Tiny43 not yet supported"
#else
  TCCR1B = _BV(CS12) | _BV(CS10); // div 1024
    3e2c:	85 e0       	ldi	r24, 0x05	; 5
    3e2e:	8e bd       	out	0x2e, r24	; 46
#if (SOFT_UART == 0)
#if defined(__AVR_ATmega8__) || defined (__AVR_ATmega8515__) || \
  defined (__AVR_ATmega8535__) || defined (__AVR_ATmega16__) || \
  defined (__AVR_ATmega32__)
#if (SINGLESPEED == 0)
  UCSRA = _BV(U2X); //Double speed mode USART
    3e30:	82 e0       	ldi	r24, 0x02	; 2
    3e32:	8b b9       	out	0x0b, r24	; 11
#endif //singlespeed
  UCSRB = _BV(RXEN) | _BV(TXEN);  // enable Rx & Tx
    3e34:	88 e1       	ldi	r24, 0x18	; 24
    3e36:	8a b9       	out	0x0a, r24	; 10
  UCSRC = _BV(URSEL) | _BV(UCSZ1) | _BV(UCSZ0);  // config USART; 8N1
    3e38:	86 e8       	ldi	r24, 0x86	; 134
    3e3a:	80 bd       	out	0x20, r24	; 32
  UBRRL = (uint8_t)BAUD_SETTING;
    3e3c:	80 e1       	ldi	r24, 0x10	; 16
    3e3e:	89 b9       	out	0x09, r24	; 9
  RS485_PORT &= ~_BV(RS485_BIT);
  #endif
#endif

  // Set up watchdog to trigger after desired timeout
  watchdogConfig(WDTPERIOD);
    3e40:	8e e0       	ldi	r24, 0x0E	; 14
    3e42:	a1 d0       	rcall	.+322    	; 0x3f86 <watchdogConfig>

#if (LED_START_FLASHES > 0) || LED_DATA_FLASH || LED_START_ON
  /* Set LED pin as output */
  LED_DDR |= _BV(LED);
    3e44:	b8 9a       	sbi	0x17, 0	; 23
    3e46:	84 e0       	ldi	r24, 0x04	; 4
    TIFR = _BV(TOV1);
    while (!(TIFR & _BV(TOV1)));
#elif defined(__AVR_ATtiny43__)
#error "LED flash for Tiny43 not yet supported"
#else
    TCNT1 = -(F_CPU/(1024*16));
    3e48:	20 e3       	ldi	r18, 0x30	; 48
    3e4a:	3c ef       	ldi	r19, 0xFC	; 252
    TIFR1 = _BV(TOV1);
    3e4c:	44 e0       	ldi	r20, 0x04	; 4
static void inline toggle_led(void) {
#if defined(__AVR_ATmega8__)    || defined(__AVR_ATmega8515__) ||       \
  defined(__AVR_ATmega8535__) || defined(__AVR_ATmega16__)   ||         \
  defined(__AVR_ATmega162__)  || defined(__AVR_ATmega32__)   ||         \
  defined(__AVR_ATmega64__)   || defined(__AVR_ATmega128__)
  LED_PORT ^= _BV(LED);
    3e4e:	51 e0       	ldi	r21, 0x01	; 1
    TIFR = _BV(TOV1);
    while (!(TIFR & _BV(TOV1)));
#elif defined(__AVR_ATtiny43__)
#error "LED flash for Tiny43 not yet supported"
#else
    TCNT1 = -(F_CPU/(1024*16));
    3e50:	3d bd       	out	0x2d, r19	; 45
    3e52:	2c bd       	out	0x2c, r18	; 44
    TIFR1 = _BV(TOV1);
    3e54:	48 bf       	out	0x38, r20	; 56
    while (!(TIFR1 & _BV(TOV1)));
    3e56:	08 b6       	in	r0, 0x38	; 56
    3e58:	02 fe       	sbrs	r0, 2
    3e5a:	fd cf       	rjmp	.-6      	; 0x3e56 <main+0x52>
static void inline toggle_led(void) {
#if defined(__AVR_ATmega8__)    || defined(__AVR_ATmega8515__) ||       \
  defined(__AVR_ATmega8535__) || defined(__AVR_ATmega16__)   ||         \
  defined(__AVR_ATmega162__)  || defined(__AVR_ATmega32__)   ||         \
  defined(__AVR_ATmega64__)   || defined(__AVR_ATmega128__)
  LED_PORT ^= _BV(LED);
    3e5c:	98 b3       	in	r25, 0x18	; 24
    3e5e:	95 27       	eor	r25, r21
    3e60:	98 bb       	out	0x18, r25	; 24
}
#endif

// Watchdog functions. These are only safe with interrupts turned off.
void watchdogReset() {
  __asm__ __volatile__ (
    3e62:	a8 95       	wdr
     *  by the UART hardware, avrdude sends several attempts in rather
     *  quick succession, some of which will be lost and cause us to
     *  get out of sync.  So if we see any data; stop blinking.
     */
#ifndef LIN_UART
    if (UART_SRA & _BV(RXC0))
    3e64:	5f 99       	sbic	0x0b, 7	; 11
    3e66:	02 c0       	rjmp	.+4      	; 0x3e6c <main+0x68>
    3e68:	81 50       	subi	r24, 0x01	; 1
#else
// This doesn't seem to work?
//    if ((UART_PIN & (1<<UART_RX_BIT)) == 0)
//      break;  // detect start bit on soft uart too.
#endif
  } while (--count);
    3e6a:	91 f7       	brne	.-28     	; 0x3e50 <main+0x4c>

      /*
       * Copy data from the buffer into the flash write buffer.
       */
      do {
        __boot_page_fill_short((uint16_t)(void*)addrPtr, *(mybuff.wptr++));
    3e6c:	ee 24       	eor	r14, r14
    3e6e:	e3 94       	inc	r14
      } while (len -= 2);

      /*
       * Actually Write the buffer to flash (and wait for it to finish.)
       */
      __boot_page_write_short(address.word);
    3e70:	25 e0       	ldi	r18, 0x05	; 5
    3e72:	d2 2e       	mov	r13, r18
      boot_spm_busy_wait();
#if defined(RWWSRE)
      // Reenable read access to flash
      __boot_rww_enable_short();
    3e74:	31 e1       	ldi	r19, 0x11	; 17
#endif

  /* Forever loop: exits by causing WDT reset */
  for (;;) {
    /* get character from UART */
    ch = getch();
    3e76:	c3 2e       	mov	r12, r19

    if (ch == STK_GET_PARAMETER) {
    3e78:	7f d0       	rcall	.+254    	; 0x3f78 <getch>
      unsigned char which = getch();
    3e7a:	81 34       	cpi	r24, 0x41	; 65
    3e7c:	41 f4       	brne	.+16     	; 0x3e8e <main+0x8a>
    3e7e:	7c d0       	rcall	.+248    	; 0x3f78 <getch>
      verifySpace();
    3e80:	18 2f       	mov	r17, r24
    3e82:	85 d0       	rcall	.+266    	; 0x3f8e <verifySpace>
       * Note that the references to memory are optimized away.
       */
      if (which == STK_SW_MINOR) {
        putch(optiboot_version & 0xFF);
      } else if (which == STK_SW_MAJOR) {
        putch(optiboot_version >> 8);
    3e84:	88 e0       	ldi	r24, 0x08	; 8
       * Send optiboot version as "SW version"
       * Note that the references to memory are optimized away.
       */
      if (which == STK_SW_MINOR) {
        putch(optiboot_version & 0xFF);
      } else if (which == STK_SW_MAJOR) {
    3e86:	11 38       	cpi	r17, 0x81	; 129
    3e88:	d1 f0       	breq	.+52     	; 0x3ebe <main+0xba>
    else if (ch == STK_READ_SIGN) {
      // READ SIGN - return what Avrdude wants to hear
      verifySpace();
      putch(SIGNATURE_0);
      putch(SIGNATURE_1);
      putch(SIGNATURE_2);
    3e8a:	83 e0       	ldi	r24, 0x03	; 3
         * other parameters - enough to keep Avrdude happy
         */
        putch(0x03);
      }
    }
    else if (ch == STK_SET_DEVICE) {
    3e8c:	18 c0       	rjmp	.+48     	; 0x3ebe <main+0xba>
    3e8e:	82 34       	cpi	r24, 0x42	; 66
      // SET DEVICE is ignored
      getNch(20);
    3e90:	19 f4       	brne	.+6      	; 0x3e98 <main+0x94>
    }
    else if (ch == STK_SET_DEVICE_EXT) {
      // SET DEVICE EXT is ignored
      getNch(5);
    3e92:	84 e1       	ldi	r24, 0x14	; 20
    3e94:	84 d0       	rcall	.+264    	; 0x3f9e <getNch>
    3e96:	14 c0       	rjmp	.+40     	; 0x3ec0 <main+0xbc>
    }
    else if (ch == STK_SET_DEVICE) {
      // SET DEVICE is ignored
      getNch(20);
    }
    else if (ch == STK_SET_DEVICE_EXT) {
    3e98:	85 34       	cpi	r24, 0x45	; 69
      // SET DEVICE EXT is ignored
      getNch(5);
    3e9a:	11 f4       	brne	.+4      	; 0x3ea0 <main+0x9c>
    }
    else if (ch == STK_LOAD_ADDRESS) {
    3e9c:	85 e0       	ldi	r24, 0x05	; 5
    3e9e:	fa cf       	rjmp	.-12     	; 0x3e94 <main+0x90>
      // LOAD ADDRESS
      address.bytes[0] = getch();
    3ea0:	85 35       	cpi	r24, 0x55	; 85
    3ea2:	41 f4       	brne	.+16     	; 0x3eb4 <main+0xb0>
      address.bytes[1] = getch();
    3ea4:	69 d0       	rcall	.+210    	; 0x3f78 <getch>
    3ea6:	c8 2f       	mov	r28, r24
      }
      else {
        RAMPZ &= 0xFE;
      }
#endif
      address.word *= 2; // Convert from word address to byte address
    3ea8:	67 d0       	rcall	.+206    	; 0x3f78 <getch>
      watchdogConfig(WATCHDOG_16MS);
      verifySpace();
    }
    else {
      // This covers the response to commands like STK_ENTER_PROGMODE
      verifySpace();
    3eaa:	d8 2f       	mov	r29, r24
    3eac:	cc 0f       	add	r28, r28
      }
#endif
      address.word *= 2; // Convert from word address to byte address
      verifySpace();
    }
    else if (ch == STK_UNIVERSAL) {
    3eae:	dd 1f       	adc	r29, r29
    3eb0:	6e d0       	rcall	.+220    	; 0x3f8e <verifySpace>
        getNch(3);
        putch(0x00);
      }
#else
      // UNIVERSAL command is ignored
      getNch(4);
    3eb2:	06 c0       	rjmp	.+12     	; 0x3ec0 <main+0xbc>
    3eb4:	86 35       	cpi	r24, 0x56	; 86
      putch(0x00);
    3eb6:	39 f4       	brne	.+14     	; 0x3ec6 <main+0xc2>
       * Note that the references to memory are optimized away.
       */
      if (which == STK_SW_MINOR) {
        putch(optiboot_version & 0xFF);
      } else if (which == STK_SW_MAJOR) {
        putch(optiboot_version >> 8);
    3eb8:	84 e0       	ldi	r24, 0x04	; 4
    }
    else {
      // This covers the response to commands like STK_ENTER_PROGMODE
      verifySpace();
    }
    putch(STK_OK);
    3eba:	71 d0       	rcall	.+226    	; 0x3f9e <getNch>
    3ebc:	80 e0       	ldi	r24, 0x00	; 0
    3ebe:	58 d0       	rcall	.+176    	; 0x3f70 <putch>
#endif

  /* Forever loop: exits by causing WDT reset */
  for (;;) {
    /* get character from UART */
    ch = getch();
    3ec0:	80 e1       	ldi	r24, 0x10	; 16
      getNch(4);
      putch(0x00);
#endif
    }
    /* Write memory, length is big endian and is in bytes */
    else if (ch == STK_PROG_PAGE) {
    3ec2:	56 d0       	rcall	.+172    	; 0x3f70 <putch>
    3ec4:	d9 cf       	rjmp	.-78     	; 0x3e78 <main+0x74>
    3ec6:	84 36       	cpi	r24, 0x64	; 100
      // PROGRAM PAGE - we support flash programming only, not EEPROM
      uint8_t desttype;
      uint8_t *bufPtr;
      pagelen_t savelength;

      GETLENGTH(length);
    3ec8:	09 f0       	breq	.+2      	; 0x3ecc <main+0xc8>
    3eca:	34 c0       	rjmp	.+104    	; 0x3f34 <main+0x130>
    3ecc:	55 d0       	rcall	.+170    	; 0x3f78 <getch>
    3ece:	54 d0       	rcall	.+168    	; 0x3f78 <getch>
      savelength = length;
      desttype = getch();
    3ed0:	18 2f       	mov	r17, r24
    3ed2:	52 d0       	rcall	.+164    	; 0x3f78 <getch>
      // PROGRAM PAGE - we support flash programming only, not EEPROM
      uint8_t desttype;
      uint8_t *bufPtr;
      pagelen_t savelength;

      GETLENGTH(length);
    3ed4:	f8 2e       	mov	r15, r24
      savelength = length;
      desttype = getch();

      // read a page worth of contents
      bufPtr = buff.bptr;
    3ed6:	01 2f       	mov	r16, r17
    3ed8:	80 e6       	ldi	r24, 0x60	; 96
    3eda:	88 2e       	mov	r8, r24
      do *bufPtr++ = getch();
    3edc:	91 2c       	mov	r9, r1
    3ede:	54 01       	movw	r10, r8
    3ee0:	8f ef       	ldi	r24, 0xFF	; 255
    3ee2:	a8 1a       	sub	r10, r24
    3ee4:	b8 0a       	sbc	r11, r24
    3ee6:	48 d0       	rcall	.+144    	; 0x3f78 <getch>
    3ee8:	f4 01       	movw	r30, r8
    3eea:	80 83       	st	Z, r24
      while (--length);
    3eec:	01 50       	subi	r16, 0x01	; 1
      savelength = length;
      desttype = getch();

      // read a page worth of contents
      bufPtr = buff.bptr;
      do *bufPtr++ = getch();
    3eee:	45 01       	movw	r8, r10
      while (--length);
    3ef0:	b1 f7       	brne	.-20     	; 0x3ede <main+0xda>

      // Read command terminator, start reply
      verifySpace();
    3ef2:	4d d0       	rcall	.+154    	; 0x3f8e <verifySpace>
    3ef4:	f5 e4       	ldi	r31, 0x45	; 69
 * void writebuffer(memtype, buffer, address, length)
 */
static inline void writebuffer(int8_t memtype, addr16_t mybuff,
                               addr16_t address, pagelen_t len)
{
  switch (memtype) {
    3ef6:	ff 12       	cpse	r15, r31
    3ef8:	01 c0       	rjmp	.+2      	; 0x3efc <main+0xf8>
    3efa:	ff cf       	rjmp	.-2      	; 0x3efa <main+0xf6>
    3efc:	83 e0       	ldi	r24, 0x03	; 3
       * and we needed the space back.
       */
#ifdef FOURPAGEERASE
      if ((address.bytes[0] & ((SPM_PAGESIZE<<2)-1))==0) {
#endif
        __boot_page_erase_short(address.word);
    3efe:	fe 01       	movw	r30, r28
    3f00:	87 bf       	out	0x37, r24	; 55
    3f02:	e8 95       	spm
    3f04:	07 b6       	in	r0, 0x37	; 55
        boot_spm_busy_wait();
    3f06:	00 fc       	sbrc	r0, 0
    3f08:	fd cf       	rjmp	.-6      	; 0x3f04 <main+0x100>
    3f0a:	fe 01       	movw	r30, r28
     * the default rather than checking for the correct code, we save
     * space on chips that don't support any other memory types.
     */
    {
      // Copy buffer into programming buffer
      uint16_t addrPtr = address.word;
    3f0c:	a0 e6       	ldi	r26, 0x60	; 96
       */
#ifdef FOURPAGEERASE
      if ((address.bytes[0] & ((SPM_PAGESIZE<<2)-1))==0) {
#endif
        __boot_page_erase_short(address.word);
        boot_spm_busy_wait();
    3f0e:	b0 e0       	ldi	r27, 0x00	; 0
    3f10:	8d 91       	ld	r24, X+

      /*
       * Copy data from the buffer into the flash write buffer.
       */
      do {
        __boot_page_fill_short((uint16_t)(void*)addrPtr, *(mybuff.wptr++));
    3f12:	9d 91       	ld	r25, X+
    3f14:	0c 01       	movw	r0, r24
    3f16:	e7 be       	out	0x37, r14	; 55
    3f18:	e8 95       	spm
        addrPtr += 2;
      } while (len -= 2);
    3f1a:	11 24       	eor	r1, r1

      /*
       * Actually Write the buffer to flash (and wait for it to finish.)
       */
      __boot_page_write_short(address.word);
    3f1c:	32 96       	adiw	r30, 0x02	; 2
    3f1e:	12 50       	subi	r17, 0x02	; 2
    3f20:	b9 f7       	brne	.-18     	; 0x3f10 <main+0x10c>
      boot_spm_busy_wait();
    3f22:	fe 01       	movw	r30, r28
    3f24:	d7 be       	out	0x37, r13	; 55
#if defined(RWWSRE)
      // Reenable read access to flash
      __boot_rww_enable_short();
    3f26:	e8 95       	spm
    3f28:	07 b6       	in	r0, 0x37	; 55
    3f2a:	00 fc       	sbrc	r0, 0
      writebuffer(desttype, buff, address, savelength);


    }
/* Read memory block mode, length is big endian.  */
    else if (ch == STK_READ_PAGE) {
    3f2c:	fd cf       	rjmp	.-6      	; 0x3f28 <main+0x124>
      uint8_t desttype;
      GETLENGTH(length);
    3f2e:	c7 be       	out	0x37, r12	; 55
    3f30:	e8 95       	spm
    3f32:	c6 cf       	rjmp	.-116    	; 0x3ec0 <main+0xbc>

      desttype = getch();
    3f34:	84 37       	cpi	r24, 0x74	; 116
    3f36:	71 f4       	brne	.+28     	; 0x3f54 <main+0x150>

      verifySpace();
    3f38:	1f d0       	rcall	.+62     	; 0x3f78 <getch>
    3f3a:	1e d0       	rcall	.+60     	; 0x3f78 <getch>
      //      while (--length);
      // read a Flash and increment the address (may increment RAMPZ)
      __asm__ ("  elpm %0,Z+\n" : "=r" (ch), "=z" (address.bptr): "1" (address));
#else
      // read a Flash byte and increment the address
      __asm__ ("  lpm %0,Z+\n" : "=r" (ch), "=z" (address.bptr): "1" (address));
    3f3c:	f8 2e       	mov	r15, r24
    3f3e:	1c d0       	rcall	.+56     	; 0x3f78 <getch>
    3f40:	26 d0       	rcall	.+76     	; 0x3f8e <verifySpace>
#endif
      putch(ch);
    3f42:	8e 01       	movw	r16, r28
    3f44:	f8 01       	movw	r30, r16
    } while (--length);
    3f46:	85 91       	lpm	r24, Z+
    3f48:	8f 01       	movw	r16, r30
    3f4a:	12 d0       	rcall	.+36     	; 0x3f70 <putch>
    3f4c:	fa 94       	dec	r15

      read_mem(desttype, address, length);
    }

/* Get device signature bytes  */
    else if (ch == STK_READ_SIGN) {
    3f4e:	f1 10       	cpse	r15, r1
    3f50:	f9 cf       	rjmp	.-14     	; 0x3f44 <main+0x140>
      // READ SIGN - return what Avrdude wants to hear
      verifySpace();
    3f52:	b6 cf       	rjmp	.-148    	; 0x3ec0 <main+0xbc>
    3f54:	85 37       	cpi	r24, 0x75	; 117
      putch(SIGNATURE_0);
    3f56:	31 f4       	brne	.+12     	; 0x3f64 <main+0x160>
    3f58:	1a d0       	rcall	.+52     	; 0x3f8e <verifySpace>
    3f5a:	8e e1       	ldi	r24, 0x1E	; 30
      putch(SIGNATURE_1);
    3f5c:	09 d0       	rcall	.+18     	; 0x3f70 <putch>
    3f5e:	84 e9       	ldi	r24, 0x94	; 148
    3f60:	07 d0       	rcall	.+14     	; 0x3f70 <putch>
    3f62:	93 cf       	rjmp	.-218    	; 0x3e8a <main+0x86>
      putch(SIGNATURE_2);
    }
    else if (ch == STK_LEAVE_PROGMODE) { /* 'Q' */
    3f64:	81 35       	cpi	r24, 0x51	; 81
    3f66:	09 f0       	breq	.+2      	; 0x3f6a <main+0x166>
    3f68:	a3 cf       	rjmp	.-186    	; 0x3eb0 <main+0xac>
      // Adaboot no-wait mod
      watchdogConfig(WATCHDOG_16MS);
    3f6a:	88 e0       	ldi	r24, 0x08	; 8
    3f6c:	0c d0       	rcall	.+24     	; 0x3f86 <watchdogConfig>
    3f6e:	a0 cf       	rjmp	.-192    	; 0x3eb0 <main+0xac>

00003f70 <putch>:
    3f70:	5d 9b       	sbis	0x0b, 5	; 11
  RS485_PORT |= _BV(RS485_BIT);
# else
  RS485_PORT &= ~_BV(RS485_BIT);
# endif
#else //not RS485
  while (!(UART_SRA & _BV(UDRE0))) {  /* Spin */ }
    3f72:	fe cf       	rjmp	.-4      	; 0x3f70 <putch>
  UART_UDR = ch;
    3f74:	8c b9       	out	0x0c, r24	; 12
  #else
  RS485_PORT &= ~_BV(RS485_BIT);
  #endif
#endif
#endif // SOFT_UART
}
    3f76:	08 95       	ret

00003f78 <getch>:
    :
    "r25"
    );
#else
#ifndef LIN_UART
  while (!(UART_SRA & _BV(RXC0)))  {  /* Spin */ }
    3f78:	5f 9b       	sbis	0x0b, 7	; 11
    3f7a:	fe cf       	rjmp	.-4      	; 0x3f78 <getch>
  if (!(UART_SRA & _BV(FE0))) {
    3f7c:	5c 99       	sbic	0x0b, 4	; 11
    3f7e:	01 c0       	rjmp	.+2      	; 0x3f82 <getch+0xa>
}
#endif

// Watchdog functions. These are only safe with interrupts turned off.
void watchdogReset() {
  __asm__ __volatile__ (
    3f80:	a8 95       	wdr
  while (!(LINSIR & _BV(LRXOK)))  {  /* Spin */ }
  if (!(LINSIR & _BV(LFERR))) {
    watchdogReset();  /* Eventually abort if wrong speed */
  }
#endif
  ch = UART_UDR;
    3f82:	8c b1       	in	r24, 0x0c	; 12
#if LED_DATA_FLASH
  toggle_led();
#endif

  return ch;
}
    3f84:	08 95       	ret

00003f86 <watchdogConfig>:
}

void watchdogConfig(uint8_t x) {
#ifdef WDCE //does it have a Watchdog Change Enable?
#ifdef WDTCSR
  WDTCSR = _BV(WDCE) | _BV(WDE);
    3f86:	98 e1       	ldi	r25, 0x18	; 24
    3f88:	91 bd       	out	0x21, r25	; 33
#else //then it must be one of those newfangled ones that use CCP
  CCP=0xD8; //so write this magic number to CCP
#endif

#ifdef WDTCSR
  WDTCSR = x;
    3f8a:	81 bd       	out	0x21, r24	; 33
#else
  WDTCR= x;
#endif
}
    3f8c:	08 95       	ret

00003f8e <verifySpace>:
  do getch(); while (--count);
  verifySpace();
}

void verifySpace() {
  if (getch() != CRC_EOP) {
    3f8e:	f4 df       	rcall	.-24     	; 0x3f78 <getch>
    3f90:	80 32       	cpi	r24, 0x20	; 32
    3f92:	19 f0       	breq	.+6      	; 0x3f9a <verifySpace+0xc>
    watchdogConfig(WATCHDOG_16MS);    // shorten WD timeout
    3f94:	88 e0       	ldi	r24, 0x08	; 8
    3f96:	f7 df       	rcall	.-18     	; 0x3f86 <watchdogConfig>
    3f98:	ff cf       	rjmp	.-2      	; 0x3f98 <verifySpace+0xa>
    while (1)                         // and busy-loop so that WD causes
      ;                               //  a reset and app start.
  }
  putch(STK_INSYNC);
    3f9a:	84 e1       	ldi	r24, 0x14	; 20
    3f9c:	e9 cf       	rjmp	.-46     	; 0x3f70 <putch>

00003f9e <getNch>:
    ::[count] "M" (UART_B_VALUE)
    );
}
#endif

void getNch(uint8_t count) {
    3f9e:	cf 93       	push	r28
    3fa0:	c8 2f       	mov	r28, r24
  do getch(); while (--count);
    3fa2:	ea df       	rcall	.-44     	; 0x3f78 <getch>
    3fa4:	c1 50       	subi	r28, 0x01	; 1
    3fa6:	e9 f7       	brne	.-6      	; 0x3fa2 <getNch+0x4>
  verifySpace();
}
    3fa8:	cf 91       	pop	r28
}
#endif

void getNch(uint8_t count) {
  do getch(); while (--count);
  verifySpace();
    3faa:	f1 cf       	rjmp	.-30     	; 0x3f8e <verifySpace>

00003fac <do_spm>:
    3fac:	fc 01       	movw	r30, r24
 *   data=0 in WRITE
 */
static void do_spm(uint16_t address, uint8_t command, uint16_t data)  __attribute__ ((used));
static void do_spm(uint16_t address, uint8_t command, uint16_t data) {
  // Do spm stuff
  asm volatile (
    3fae:	0a 01       	movw	r0, r20
    3fb0:	67 bf       	out	0x37, r22	; 55
    3fb2:	e8 95       	spm
    3fb4:	11 24       	eor	r1, r1
    3fb6:	07 b6       	in	r0, 0x37	; 55
    );

  // wait for spm to complete
  //   it doesn't have much sense for __BOOT_PAGE_FILL,
  //   but it doesn't hurt and saves some bytes on 'if'
  boot_spm_busy_wait();
    3fb8:	00 fc       	sbrc	r0, 0
    3fba:	fd cf       	rjmp	.-6      	; 0x3fb6 <do_spm+0xa>
    3fbc:	66 70       	andi	r22, 0x06	; 6
#if defined(RWWSRE)
  // this 'if' condition should be: (command == __BOOT_PAGE_WRITE || command == __BOOT_PAGE_ERASE)...
  // but it's tweaked a little assuming that in every command we are interested in here, there
  // must be also SELFPRGEN set. If we skip checking this bit, we save here 4B
  if ((command & (_BV(PGWRT)|_BV(PGERS))) && (data == 0) ) {
    3fbe:	29 f0       	breq	.+10     	; 0x3fca <do_spm+0x1e>
    3fc0:	45 2b       	or	r20, r21
    3fc2:	19 f4       	brne	.+6      	; 0x3fca <do_spm+0x1e>
    3fc4:	81 e1       	ldi	r24, 0x11	; 17
    // Reenable read access to flash
    __boot_rww_enable_short();
    3fc6:	87 bf       	out	0x37, r24	; 55
    3fc8:	e8 95       	spm
    3fca:	08 95       	ret
