
optiboot_attiny88.elf:     file format elf32-avr

Sections:
Idx Name          Size      VMA       LMA       File off  Algn
  0 .text         0000025a  00001d80  00001d80  00000074  2**0
                  CONTENTS, ALLOC, LOAD, READONLY, CODE
  1 .trampolines  00000000  00001fda  00001fda  000002ce  2**1
                  CONTENTS, ALLOC, LOAD, READONLY, CODE
  2 .version      00000002  00001ffe  00001ffe  000002ce  2**0
                  CONTENTS, ALLOC, LOAD, READONLY, DATA
  3 .comment      00000030  00000000  00000000  000002d0  2**0
                  CONTENTS, READONLY
  4 .debug_aranges 00000030  00000000  00000000  00000300  2**0
                  CONTENTS, READONLY, DEBUGGING
  5 .debug_info   0000069b  00000000  00000000  00000330  2**0
                  CONTENTS, READONLY, DEBUGGING
  6 .debug_abbrev 000002c7  00000000  00000000  000009cb  2**0
                  CONTENTS, READONLY, DEBUGGING
  7 .debug_line   000003b8  00000000  00000000  00000c92  2**0
                  CONTENTS, READONLY, DEBUGGING
  8 .debug_frame  000000bc  00000000  00000000  0000104c  2**2
                  CONTENTS, READONLY, DEBUGGING
  9 .debug_str    00000221  00000000  00000000  00001108  2**0
                  CONTENTS, READONLY, DEBUGGING
 10 .debug_loc    0000034c  00000000  00000000  00001329  2**0
                  CONTENTS, READONLY, DEBUGGING
 11 .debug_ranges 00000080  00000000  00000000  00001675  2**0
                  CONTENTS, READONLY, DEBUGGING

Disassembly of section .text:

00001d80 <pre_main>:
/* everything that needs to run VERY early */
void pre_main(void) {
  // Allow convenient way of calling do_spm function - jump table, so
  //   entry to this function will always be here, independent of
  //   compilation, features etc
  asm volatile (
    1d80:	01 c0       	rjmp	.+2      	; 0x1d84 <main>
    1d82:	22 c1       	rjmp	.+580    	; 0x1fc8 <do_spm>

00001d84 <main>:
  //  SP points to RAMEND
  //  r1 contains zero
  //
  // If not, uncomment the following instructions:
  // cli();
  asm volatile ("  clr __zero_reg__");
    1d84:	11 24       	eor	r1, r1
#  warning "START_APP_ON_EXTR is defined and NO_START_APP_ON_POR isn't"
#  define APP_START_REASONS 1 /* Always start rge App. */
#  define WDRF_CLR_REASONS 0  /* Never clear WDRF */
#endif

  ch = MCUSR;
    1d86:	84 b7       	in	r24, 0x34	; 52

  // Skip all logic and run bootloader if MCUSR is cleared (application request)
  if (ch != 0) {
    1d88:	88 23       	and	r24, r24
    1d8a:	71 f0       	breq	.+28     	; 0x1da8 <main+0x24>
     * One problematic scenario: broken application code sets watchdog timer
     * without clearing MCUSR before and triggers it quickly. But it's
     * recoverable by power-on with pushed reset button.
     */

    if (APP_START_REASONS) {
    1d8c:	98 2f       	mov	r25, r24
    1d8e:	9a 70       	andi	r25, 0x0A	; 10
    1d90:	92 30       	cpi	r25, 0x02	; 2
    1d92:	51 f0       	breq	.+20     	; 0x1da8 <main+0x24>
      if (WDRF_CLR_REASONS) {
    1d94:	81 ff       	sbrs	r24, 1
    1d96:	02 c0       	rjmp	.+4      	; 0x1d9c <main+0x18>
        /*
         * Clear WDRF if it was most probably set by wdr in bootloader.
         */
        if ((uint16_t)&MCUSR > 0x1F) {
          MCUSR = ~(_BV(WDRF));   // optimize to LDI/OUT
    1d98:	97 ef       	ldi	r25, 0xF7	; 247
    1d9a:	94 bf       	out	0x34, r25	; 52
      /*
       * save the reset flags in the designated register
       * This can be saved in a main program by putting code in .init0 (which
       * executes before normal c init code) to save R2 to a global variable.
       */
      __asm__ __volatile__ ("  mov r2, %0\n" :: "r" (ch));
    1d9c:	28 2e       	mov	r2, r24

      // switch off watchdog
      watchdogConfig(WATCHDOG_OFF);
    1d9e:	80 e0       	ldi	r24, 0x00	; 0
    1da0:	fe d0       	rcall	.+508    	; 0x1f9e <watchdogConfig>
      // Note that appstart_vec is defined so that this works with either
      // real or virtual boot partitions.
      __asm__ __volatile__ (
    1da2:	e1 e1       	ldi	r30, 0x11	; 17
    1da4:	ff 27       	eor	r31, r31
    1da6:	09 94       	ijmp
#elif defined(__AVR_ATtiny25__)||defined(__AVR_ATtiny45__)||defined(__AVR_ATtiny85__)
  TCCR1 = 0x0E; //div 8196 - it's an 8-bit timer.
#elif defined(__AVR_ATtiny43__)
#error "LED flash for Tiny43 not yet supported"
#else
  TCCR1B = _BV(CS12) | _BV(CS10); // div 1024
    1da8:	85 e0       	ldi	r24, 0x05	; 5
    1daa:	80 93 81 00 	sts	0x0081, r24	; 0x800081 <__RAM__+0x81>
  RS485_PORT &= ~_BV(RS485_BIT);
  #endif
#endif

  // Set up watchdog to trigger after desired timeout
  watchdogConfig(WDTPERIOD);
    1dae:	8e e0       	ldi	r24, 0x0E	; 14
    1db0:	f6 d0       	rcall	.+492    	; 0x1f9e <watchdogConfig>

#if (LED_START_FLASHES > 0) || LED_DATA_FLASH || LED_START_ON
  /* Set LED pin as output */
  LED_DDR |= _BV(LED);
    1db2:	25 9a       	sbi	0x04, 5	; 4
#endif

#if SOFT_UART
  /* Set TX pin as HIGH output */
  UART_PORT |= _BV(UART_TX_BIT);
    1db4:	5e 9a       	sbi	0x0b, 6	; 11
  UART_DDR |= _BV(UART_TX_BIT);
    1db6:	56 9a       	sbi	0x0a, 6	; 10
    1db8:	86 e0       	ldi	r24, 0x06	; 6
    TIFR = _BV(TOV1);
    while (!(TIFR & _BV(TOV1)));
#elif defined(__AVR_ATtiny43__)
#error "LED flash for Tiny43 not yet supported"
#else
    TCNT1 = -(F_CPU/(1024*16));
    1dba:	20 e3       	ldi	r18, 0x30	; 48
    1dbc:	3c ef       	ldi	r19, 0xFC	; 252
    TIFR1 = _BV(TOV1);
    1dbe:	91 e0       	ldi	r25, 0x01	; 1
    TIFR = _BV(TOV1);
    while (!(TIFR & _BV(TOV1)));
#elif defined(__AVR_ATtiny43__)
#error "LED flash for Tiny43 not yet supported"
#else
    TCNT1 = -(F_CPU/(1024*16));
    1dc0:	30 93 85 00 	sts	0x0085, r19	; 0x800085 <__RAM__+0x85>
    1dc4:	20 93 84 00 	sts	0x0084, r18	; 0x800084 <__RAM__+0x84>
    TIFR1 = _BV(TOV1);
    1dc8:	96 bb       	out	0x16, r25	; 22
    while (!(TIFR1 & _BV(TOV1)));
    1dca:	b0 9b       	sbis	0x16, 0	; 22
    1dcc:	fe cf       	rjmp	.-4      	; 0x1dca <main+0x46>
  defined(__AVR_ATmega64__)   || defined(__AVR_ATmega128__)
  LED_PORT ^= _BV(LED);
#else
  // Newer AVRs can toggle by writing PINx.
  if (&LED_PIN <= &_SFR_IO8(0x31)) {  // "if" code optimizes away.
    LED_PIN |= _BV(LED); // becomes SBI on low ports (in theory: incorrectly)
    1dce:	1d 9a       	sbi	0x03, 5	; 3
}
#endif

// Watchdog functions. These are only safe with interrupts turned off.
void watchdogReset() {
  __asm__ __volatile__ (
    1dd0:	a8 95       	wdr
    1dd2:	81 50       	subi	r24, 0x01	; 1
#else
// This doesn't seem to work?
//    if ((UART_PIN & (1<<UART_RX_BIT)) == 0)
//      break;  // detect start bit on soft uart too.
#endif
  } while (--count);
    1dd4:	a9 f7       	brne	.-22     	; 0x1dc0 <main+0x3c>
       * and we needed the space back.
       */
#ifdef FOURPAGEERASE
      if ((address.bytes[0] & ((SPM_PAGESIZE<<2)-1))==0) {
#endif
        __boot_page_erase_short(address.word);
    1dd6:	93 e0       	ldi	r25, 0x03	; 3
    1dd8:	d9 2e       	mov	r13, r25

      /*
       * Copy data from the buffer into the flash write buffer.
       */
      do {
        __boot_page_fill_short((uint16_t)(void*)addrPtr, *(mybuff.wptr++));
    1dda:	cc 24       	eor	r12, r12
    1ddc:	c3 94       	inc	r12
      } while (len -= 2);

      /*
       * Actually Write the buffer to flash (and wait for it to finish.)
       */
      __boot_page_write_short(address.word);
    1dde:	25 e0       	ldi	r18, 0x05	; 5
    1de0:	92 2e       	mov	r9, r18
        // Move RESET vector to 'save' vector
        // Save jmp targets (for "Verify")
        rstVect0_sav = buff.bptr[rstVect0];
        rstVect1_sav = buff.bptr[rstVect1];
        addr16_t vect;
        vect.word = ((uint16_t)pre_main-1);
    1de2:	3f eb       	ldi	r19, 0xBF	; 191
    1de4:	e3 2e       	mov	r14, r19
    1de6:	3e e0       	ldi	r19, 0x0E	; 14
    1de8:	f3 2e       	mov	r15, r19
        // an RJMP instruction is 0b1100xxxx xxxxxxxx, so we should be able to
        // do math on the offsets without masking it off first.
        // Note that rjmp is relative to the already incremented PC, so the
        //  offset is one less than you might expect.
        buff.bptr[0] = vect.bytes[0]; // rjmp to start of bootloader
        buff.bptr[1] = vect.bytes[1] | 0xC0;  // make an "rjmp"
    1dea:	8f 2d       	mov	r24, r15
    1dec:	80 6c       	ori	r24, 0xC0	; 192
    1dee:	88 2e       	mov	r8, r24
#endif

  /* Forever loop: exits by causing WDT reset */
  for (;;) {
    /* get character from UART */
    ch = getch();
    1df0:	c2 d0       	rcall	.+388    	; 0x1f76 <getch>

    if (ch == STK_GET_PARAMETER) {
    1df2:	81 34       	cpi	r24, 0x41	; 65
    1df4:	59 f4       	brne	.+22     	; 0x1e0c <main+0x88>
      unsigned char which = getch();
    1df6:	bf d0       	rcall	.+382    	; 0x1f76 <getch>
    1df8:	18 2f       	mov	r17, r24
      verifySpace();
    1dfa:	d7 d0       	rcall	.+430    	; 0x1faa <verifySpace>
      /*
       * Send optiboot version as "SW version"
       * Note that the references to memory are optimized away.
       */
      if (which == STK_SW_MINOR) {
        putch(optiboot_version & 0xFF);
    1dfc:	83 e0       	ldi	r24, 0x03	; 3
      } else if (which == STK_SW_MAJOR) {
    1dfe:	11 38       	cpi	r17, 0x81	; 129
    1e00:	09 f4       	brne	.+2      	; 0x1e04 <main+0x80>
        putch(optiboot_version >> 8);
    1e02:	88 e0       	ldi	r24, 0x08	; 8
    1e04:	a9 d0       	rcall	.+338    	; 0x1f58 <putch>
    }
    else {
      // This covers the response to commands like STK_ENTER_PROGMODE
      verifySpace();
    }
    putch(STK_OK);
    1e06:	80 e1       	ldi	r24, 0x10	; 16
    1e08:	a7 d0       	rcall	.+334    	; 0x1f58 <putch>
#endif

  /* Forever loop: exits by causing WDT reset */
  for (;;) {
    /* get character from UART */
    ch = getch();
    1e0a:	f2 cf       	rjmp	.-28     	; 0x1df0 <main+0x6c>
         * other parameters - enough to keep Avrdude happy
         */
        putch(0x03);
      }
    }
    else if (ch == STK_SET_DEVICE) {
    1e0c:	82 34       	cpi	r24, 0x42	; 66
    1e0e:	19 f4       	brne	.+6      	; 0x1e16 <main+0x92>
      // SET DEVICE is ignored
      getNch(20);
    1e10:	84 e1       	ldi	r24, 0x14	; 20
    }
    else if (ch == STK_SET_DEVICE_EXT) {
      // SET DEVICE EXT is ignored
      getNch(5);
    1e12:	d3 d0       	rcall	.+422    	; 0x1fba <getNch>
    1e14:	f8 cf       	rjmp	.-16     	; 0x1e06 <main+0x82>
    }
    else if (ch == STK_SET_DEVICE) {
      // SET DEVICE is ignored
      getNch(20);
    }
    else if (ch == STK_SET_DEVICE_EXT) {
    1e16:	85 34       	cpi	r24, 0x45	; 69
    1e18:	11 f4       	brne	.+4      	; 0x1e1e <main+0x9a>
      // SET DEVICE EXT is ignored
      getNch(5);
    1e1a:	85 e0       	ldi	r24, 0x05	; 5
    1e1c:	fa cf       	rjmp	.-12     	; 0x1e12 <main+0x8e>
    }
    else if (ch == STK_LOAD_ADDRESS) {
    1e1e:	85 35       	cpi	r24, 0x55	; 85
    1e20:	41 f4       	brne	.+16     	; 0x1e32 <main+0xae>
      // LOAD ADDRESS
      address.bytes[0] = getch();
    1e22:	a9 d0       	rcall	.+338    	; 0x1f76 <getch>
    1e24:	c8 2f       	mov	r28, r24
      address.bytes[1] = getch();
    1e26:	a7 d0       	rcall	.+334    	; 0x1f76 <getch>
    1e28:	d8 2f       	mov	r29, r24
      }
      else {
        RAMPZ &= 0xFE;
      }
#endif
      address.word *= 2; // Convert from word address to byte address
    1e2a:	cc 0f       	add	r28, r28
    1e2c:	dd 1f       	adc	r29, r29
      watchdogConfig(WATCHDOG_16MS);
      verifySpace();
    }
    else {
      // This covers the response to commands like STK_ENTER_PROGMODE
      verifySpace();
    1e2e:	bd d0       	rcall	.+378    	; 0x1faa <verifySpace>
    1e30:	ea cf       	rjmp	.-44     	; 0x1e06 <main+0x82>
      }
#endif
      address.word *= 2; // Convert from word address to byte address
      verifySpace();
    }
    else if (ch == STK_UNIVERSAL) {
    1e32:	86 35       	cpi	r24, 0x56	; 86
    1e34:	21 f4       	brne	.+8      	; 0x1e3e <main+0xba>
        getNch(3);
        putch(0x00);
      }
#else
      // UNIVERSAL command is ignored
      getNch(4);
    1e36:	84 e0       	ldi	r24, 0x04	; 4
    1e38:	c0 d0       	rcall	.+384    	; 0x1fba <getNch>
      putch(0x00);
    1e3a:	80 e0       	ldi	r24, 0x00	; 0
    1e3c:	e3 cf       	rjmp	.-58     	; 0x1e04 <main+0x80>
#endif
    }
    /* Write memory, length is big endian and is in bytes */
    else if (ch == STK_PROG_PAGE) {
    1e3e:	84 36       	cpi	r24, 0x64	; 100
    1e40:	09 f0       	breq	.+2      	; 0x1e44 <main+0xc0>
    1e42:	52 c0       	rjmp	.+164    	; 0x1ee8 <main+0x164>
      // PROGRAM PAGE - we support flash programming only, not EEPROM
      uint8_t desttype;
      uint8_t *bufPtr;
      pagelen_t savelength;

      GETLENGTH(length);
    1e44:	98 d0       	rcall	.+304    	; 0x1f76 <getch>
    1e46:	97 d0       	rcall	.+302    	; 0x1f76 <getch>
    1e48:	78 2e       	mov	r7, r24
      savelength = length;
      desttype = getch();
    1e4a:	95 d0       	rcall	.+298    	; 0x1f76 <getch>
    1e4c:	68 2e       	mov	r6, r24

      // read a page worth of contents
      bufPtr = buff.bptr;
    1e4e:	00 e0       	ldi	r16, 0x00	; 0
    1e50:	11 e0       	ldi	r17, 0x01	; 1
      do *bufPtr++ = getch();
    1e52:	58 01       	movw	r10, r16
    1e54:	ef ef       	ldi	r30, 0xFF	; 255
    1e56:	ae 1a       	sub	r10, r30
    1e58:	be 0a       	sbc	r11, r30
    1e5a:	8d d0       	rcall	.+282    	; 0x1f76 <getch>
    1e5c:	f8 01       	movw	r30, r16
    1e5e:	80 83       	st	Z, r24
    1e60:	85 01       	movw	r16, r10
      while (--length);
    1e62:	7a 10       	cpse	r7, r10
    1e64:	f6 cf       	rjmp	.-20     	; 0x1e52 <main+0xce>

      // Read command terminator, start reply
      verifySpace();
    1e66:	a1 d0       	rcall	.+322    	; 0x1faa <verifySpace>
    {
#endif
/*
 * AVR with 2-byte ISR Vectors and rjmp
 */
      if (address.word == rstVect0) {
    1e68:	20 97       	sbiw	r28, 0x00	; 0
    1e6a:	f1 f4       	brne	.+60     	; 0x1ea8 <main+0x124>
        // This is the reset vector page. We need to live-patch
        // the code so the bootloader runs first.
        //
        // Move RESET vector to 'save' vector
        // Save jmp targets (for "Verify")
        rstVect0_sav = buff.bptr[rstVect0];
    1e6c:	30 91 00 01 	lds	r19, 0x0100	; 0x800100 <__RAM__+0x100>
    1e70:	30 93 84 01 	sts	0x0184, r19	; 0x800184 <__RAM__+0x184>
        rstVect1_sav = buff.bptr[rstVect1];
    1e74:	20 91 01 01 	lds	r18, 0x0101	; 0x800101 <__RAM__+0x101>
    1e78:	20 93 85 01 	sts	0x0185, r18	; 0x800185 <__RAM__+0x185>
        // Instruction is a relative jump (rjmp), so recalculate.
        // an RJMP instruction is 0b1100xxxx xxxxxxxx, so we should be able to
        // do math on the offsets without masking it off first.
        // Note that rjmp is relative to the already incremented PC, so the
        //  offset is one less than you might expect.
        buff.bptr[0] = vect.bytes[0]; // rjmp to start of bootloader
    1e7c:	e0 92 00 01 	sts	0x0100, r14	; 0x800100 <__RAM__+0x100>
        buff.bptr[1] = vect.bytes[1] | 0xC0;  // make an "rjmp"
    1e80:	80 92 01 01 	sts	0x0101, r8	; 0x800101 <__RAM__+0x101>
#ifdef KeepBracesMatched
      {
#endif

        // Save old values for Verify
        saveVect0_sav = buff.bptr[saveVect0];
    1e84:	40 91 22 01 	lds	r20, 0x0122	; 0x800122 <__RAM__+0x122>
    1e88:	40 93 86 01 	sts	0x0186, r20	; 0x800186 <__RAM__+0x186>
        saveVect1_sav = buff.bptr[saveVect1];
    1e8c:	40 91 23 01 	lds	r20, 0x0123	; 0x800123 <__RAM__+0x123>
    1e90:	40 93 87 01 	sts	0x0187, r20	; 0x800187 <__RAM__+0x187>

        vect.bytes[0] = rstVect0_sav;
    1e94:	83 2f       	mov	r24, r19
        vect.bytes[1] = rstVect1_sav;
    1e96:	92 2f       	mov	r25, r18
        vect.word = (vect.word-save_vect_num); //substract 'save' interrupt position
    1e98:	41 97       	sbiw	r24, 0x11	; 17
        // Move RESET jmp target to 'save' vector
        buff.bptr[saveVect0] = vect.bytes[0];
    1e9a:	80 93 22 01 	sts	0x0122, r24	; 0x800122 <__RAM__+0x122>
        buff.bptr[saveVect1] = (vect.bytes[1] & 0x0F)| 0xC0;  // make an "rjmp"
    1e9e:	89 2f       	mov	r24, r25
    1ea0:	8f 70       	andi	r24, 0x0F	; 15
    1ea2:	80 6c       	ori	r24, 0xC0	; 192
    1ea4:	80 93 23 01 	sts	0x0123, r24	; 0x800123 <__RAM__+0x123>
 * void writebuffer(memtype, buffer, address, length)
 */
static inline void writebuffer(int8_t memtype, addr16_t mybuff,
                               addr16_t address, pagelen_t len)
{
  switch (memtype) {
    1ea8:	f5 e4       	ldi	r31, 0x45	; 69
    1eaa:	6f 12       	cpse	r6, r31
    1eac:	01 c0       	rjmp	.+2      	; 0x1eb0 <main+0x12c>
    1eae:	ff cf       	rjmp	.-2      	; 0x1eae <main+0x12a>
       * and we needed the space back.
       */
#ifdef FOURPAGEERASE
      if ((address.bytes[0] & ((SPM_PAGESIZE<<2)-1))==0) {
#endif
        __boot_page_erase_short(address.word);
    1eb0:	fe 01       	movw	r30, r28
    1eb2:	d7 be       	out	0x37, r13	; 55
    1eb4:	e8 95       	spm
        boot_spm_busy_wait();
    1eb6:	07 b6       	in	r0, 0x37	; 55
    1eb8:	00 fc       	sbrc	r0, 0
    1eba:	fd cf       	rjmp	.-6      	; 0x1eb6 <main+0x132>
     * the default rather than checking for the correct code, we save
     * space on chips that don't support any other memory types.
     */
    {
      // Copy buffer into programming buffer
      uint16_t addrPtr = address.word;
    1ebc:	fe 01       	movw	r30, r28
       */
#ifdef FOURPAGEERASE
      if ((address.bytes[0] & ((SPM_PAGESIZE<<2)-1))==0) {
#endif
        __boot_page_erase_short(address.word);
        boot_spm_busy_wait();
    1ebe:	a0 e0       	ldi	r26, 0x00	; 0
    1ec0:	b1 e0       	ldi	r27, 0x01	; 1

      /*
       * Copy data from the buffer into the flash write buffer.
       */
      do {
        __boot_page_fill_short((uint16_t)(void*)addrPtr, *(mybuff.wptr++));
    1ec2:	cd 01       	movw	r24, r26
    1ec4:	02 96       	adiw	r24, 0x02	; 2
    1ec6:	2d 91       	ld	r18, X+
    1ec8:	3c 91       	ld	r19, X
    1eca:	09 01       	movw	r0, r18
    1ecc:	c7 be       	out	0x37, r12	; 55
    1ece:	e8 95       	spm
    1ed0:	11 24       	eor	r1, r1
        addrPtr += 2;
    1ed2:	32 96       	adiw	r30, 0x02	; 2

      /*
       * Copy data from the buffer into the flash write buffer.
       */
      do {
        __boot_page_fill_short((uint16_t)(void*)addrPtr, *(mybuff.wptr++));
    1ed4:	dc 01       	movw	r26, r24
        addrPtr += 2;
      } while (len -= 2);
    1ed6:	78 12       	cpse	r7, r24
    1ed8:	f4 cf       	rjmp	.-24     	; 0x1ec2 <main+0x13e>

      /*
       * Actually Write the buffer to flash (and wait for it to finish.)
       */
      __boot_page_write_short(address.word);
    1eda:	fe 01       	movw	r30, r28
    1edc:	97 be       	out	0x37, r9	; 55
    1ede:	e8 95       	spm
      boot_spm_busy_wait();
    1ee0:	07 b6       	in	r0, 0x37	; 55
    1ee2:	00 fc       	sbrc	r0, 0
    1ee4:	fd cf       	rjmp	.-6      	; 0x1ee0 <main+0x15c>
    1ee6:	8f cf       	rjmp	.-226    	; 0x1e06 <main+0x82>
      writebuffer(desttype, buff, address, savelength);


    }
/* Read memory block mode, length is big endian.  */
    else if (ch == STK_READ_PAGE) {
    1ee8:	84 37       	cpi	r24, 0x74	; 116
    1eea:	39 f5       	brne	.+78     	; 0x1f3a <main+0x1b6>
      uint8_t desttype;
      GETLENGTH(length);
    1eec:	44 d0       	rcall	.+136    	; 0x1f76 <getch>
    1eee:	43 d0       	rcall	.+134    	; 0x1f76 <getch>
    1ef0:	b8 2e       	mov	r11, r24

      desttype = getch();
    1ef2:	41 d0       	rcall	.+130    	; 0x1f76 <getch>

      verifySpace();
    1ef4:	5a d0       	rcall	.+180    	; 0x1faa <verifySpace>
    1ef6:	8e 01       	movw	r16, r28
#endif
  default:
    do {
#ifdef VIRTUAL_BOOT_PARTITION
      // Undo vector patch in bottom page so verify passes
      if (address.word == rstVect0) ch = rstVect0_sav;
    1ef8:	01 15       	cp	r16, r1
    1efa:	11 05       	cpc	r17, r1
    1efc:	49 f4       	brne	.+18     	; 0x1f10 <main+0x18c>
    1efe:	80 91 84 01 	lds	r24, 0x0184	; 0x800184 <__RAM__+0x184>
      __asm__ ("  elpm %0,Z+\n" : "=r" (ch), "=z" (address.bptr): "1" (address));
#else
      // read a Flash byte and increment the address
      __asm__ ("  lpm %0,Z+\n" : "=r" (ch), "=z" (address.bptr): "1" (address));
#endif
      putch(ch);
    1f02:	2a d0       	rcall	.+84     	; 0x1f58 <putch>
    } while (--length);
    1f04:	ba 94       	dec	r11
    1f06:	0f 5f       	subi	r16, 0xFF	; 255
    1f08:	1f 4f       	sbci	r17, 0xFF	; 255
    1f0a:	b1 10       	cpse	r11, r1
    1f0c:	f5 cf       	rjmp	.-22     	; 0x1ef8 <main+0x174>
    1f0e:	7b cf       	rjmp	.-266    	; 0x1e06 <main+0x82>
  default:
    do {
#ifdef VIRTUAL_BOOT_PARTITION
      // Undo vector patch in bottom page so verify passes
      if (address.word == rstVect0) ch = rstVect0_sav;
      else if (address.word == rstVect1) ch = rstVect1_sav;
    1f10:	01 30       	cpi	r16, 0x01	; 1
    1f12:	11 05       	cpc	r17, r1
    1f14:	19 f4       	brne	.+6      	; 0x1f1c <main+0x198>
    1f16:	80 91 85 01 	lds	r24, 0x0185	; 0x800185 <__RAM__+0x185>
    1f1a:	f3 cf       	rjmp	.-26     	; 0x1f02 <main+0x17e>
      else if (address.word == saveVect0) ch = saveVect0_sav;
    1f1c:	02 32       	cpi	r16, 0x22	; 34
    1f1e:	11 05       	cpc	r17, r1
    1f20:	19 f4       	brne	.+6      	; 0x1f28 <main+0x1a4>
    1f22:	80 91 86 01 	lds	r24, 0x0186	; 0x800186 <__RAM__+0x186>
    1f26:	ed cf       	rjmp	.-38     	; 0x1f02 <main+0x17e>
      else if (address.word == saveVect1) ch = saveVect1_sav;
    1f28:	03 32       	cpi	r16, 0x23	; 35
    1f2a:	11 05       	cpc	r17, r1
    1f2c:	19 f4       	brne	.+6      	; 0x1f34 <main+0x1b0>
    1f2e:	80 91 87 01 	lds	r24, 0x0187	; 0x800187 <__RAM__+0x187>
    1f32:	e7 cf       	rjmp	.-50     	; 0x1f02 <main+0x17e>
      else ch = pgm_read_byte_near(address.bptr);
    1f34:	f8 01       	movw	r30, r16
    1f36:	84 91       	lpm	r24, Z
    1f38:	e4 cf       	rjmp	.-56     	; 0x1f02 <main+0x17e>

      read_mem(desttype, address, length);
    }

/* Get device signature bytes  */
    else if (ch == STK_READ_SIGN) {
    1f3a:	85 37       	cpi	r24, 0x75	; 117
    1f3c:	39 f4       	brne	.+14     	; 0x1f4c <main+0x1c8>
      // READ SIGN - return what Avrdude wants to hear
      verifySpace();
    1f3e:	35 d0       	rcall	.+106    	; 0x1faa <verifySpace>
      putch(SIGNATURE_0);
    1f40:	8e e1       	ldi	r24, 0x1E	; 30
    1f42:	0a d0       	rcall	.+20     	; 0x1f58 <putch>
      putch(SIGNATURE_1);
    1f44:	83 e9       	ldi	r24, 0x93	; 147
    1f46:	08 d0       	rcall	.+16     	; 0x1f58 <putch>
      putch(SIGNATURE_2);
    1f48:	81 e1       	ldi	r24, 0x11	; 17
    1f4a:	5c cf       	rjmp	.-328    	; 0x1e04 <main+0x80>
    }
    else if (ch == STK_LEAVE_PROGMODE) { /* 'Q' */
    1f4c:	81 35       	cpi	r24, 0x51	; 81
    1f4e:	09 f0       	breq	.+2      	; 0x1f52 <main+0x1ce>
    1f50:	6e cf       	rjmp	.-292    	; 0x1e2e <main+0xaa>
      // Adaboot no-wait mod
      watchdogConfig(WATCHDOG_16MS);
    1f52:	88 e0       	ldi	r24, 0x08	; 8
    1f54:	24 d0       	rcall	.+72     	; 0x1f9e <watchdogConfig>
    1f56:	6b cf       	rjmp	.-298    	; 0x1e2e <main+0xaa>

00001f58 <putch>:
  RS485_PORT &= ~_BV(RS485_BIT);
  #else
  RS485_PORT |= _BV(RS485_BIT);
  #endif
#endif
  __asm__ __volatile__ (
    1f58:	2a e0       	ldi	r18, 0x0A	; 10
    1f5a:	30 e0       	ldi	r19, 0x00	; 0
    1f5c:	80 95       	com	r24
    1f5e:	08 94       	sec
    1f60:	10 f4       	brcc	.+4      	; 0x1f66 <putch+0xe>
    1f62:	5e 98       	cbi	0x0b, 6	; 11
    1f64:	02 c0       	rjmp	.+4      	; 0x1f6a <putch+0x12>
    1f66:	5e 9a       	sbi	0x0b, 6	; 11
    1f68:	00 00       	nop
    1f6a:	15 d0       	rcall	.+42     	; 0x1f96 <uartDelay>
    1f6c:	14 d0       	rcall	.+40     	; 0x1f96 <uartDelay>
    1f6e:	86 95       	lsr	r24
    1f70:	2a 95       	dec	r18
    1f72:	b1 f7       	brne	.-20     	; 0x1f60 <putch+0x8>
  #else
  RS485_PORT &= ~_BV(RS485_BIT);
  #endif
#endif
#endif // SOFT_UART
}
    1f74:	08 95       	ret

00001f76 <getch>:
}
#endif

// Watchdog functions. These are only safe with interrupts turned off.
void watchdogReset() {
  __asm__ __volatile__ (
    1f76:	a8 95       	wdr
  toggle_led();
#endif

#if SOFT_UART
  watchdogReset();
  __asm__ __volatile__ (
    1f78:	29 e0       	ldi	r18, 0x09	; 9
    1f7a:	30 e0       	ldi	r19, 0x00	; 0
    1f7c:	4f 99       	sbic	0x09, 7	; 9
    1f7e:	fe cf       	rjmp	.-4      	; 0x1f7c <getch+0x6>
    1f80:	0a d0       	rcall	.+20     	; 0x1f96 <uartDelay>
    1f82:	09 d0       	rcall	.+18     	; 0x1f96 <uartDelay>
    1f84:	08 d0       	rcall	.+16     	; 0x1f96 <uartDelay>
    1f86:	88 94       	clc
    1f88:	4f 99       	sbic	0x09, 7	; 9
    1f8a:	08 94       	sec
    1f8c:	2a 95       	dec	r18
    1f8e:	11 f0       	breq	.+4      	; 0x1f94 <getch+0x1e>
    1f90:	87 95       	ror	r24
    1f92:	f7 cf       	rjmp	.-18     	; 0x1f82 <getch+0xc>
#if LED_DATA_FLASH
  toggle_led();
#endif

  return ch;
}
    1f94:	08 95       	ret

00001f96 <uartDelay>:
#error Baud rate too high for soft UART
#endif


void uartDelay() {
  __asm__ __volatile__ (
    1f96:	97 e8       	ldi	r25, 0x87	; 135
    1f98:	9a 95       	dec	r25
    1f9a:	f1 f7       	brne	.-4      	; 0x1f98 <uartDelay+0x2>
    1f9c:	08 95       	ret

00001f9e <watchdogConfig>:
}

void watchdogConfig(uint8_t x) {
#ifdef WDCE //does it have a Watchdog Change Enable?
#ifdef WDTCSR
  WDTCSR = _BV(WDCE) | _BV(WDE);
    1f9e:	e0 e6       	ldi	r30, 0x60	; 96
    1fa0:	f0 e0       	ldi	r31, 0x00	; 0
    1fa2:	98 e1       	ldi	r25, 0x18	; 24
    1fa4:	90 83       	st	Z, r25
#else //then it must be one of those newfangled ones that use CCP
  CCP=0xD8; //so write this magic number to CCP
#endif

#ifdef WDTCSR
  WDTCSR = x;
    1fa6:	80 83       	st	Z, r24
#else
  WDTCR= x;
#endif
}
    1fa8:	08 95       	ret

00001faa <verifySpace>:
  do getch(); while (--count);
  verifySpace();
}

void verifySpace() {
  if (getch() != CRC_EOP) {
    1faa:	e5 df       	rcall	.-54     	; 0x1f76 <getch>
    1fac:	80 32       	cpi	r24, 0x20	; 32
    1fae:	19 f0       	breq	.+6      	; 0x1fb6 <verifySpace+0xc>
    watchdogConfig(WATCHDOG_16MS);    // shorten WD timeout
    1fb0:	88 e0       	ldi	r24, 0x08	; 8
    1fb2:	f5 df       	rcall	.-22     	; 0x1f9e <watchdogConfig>
    1fb4:	ff cf       	rjmp	.-2      	; 0x1fb4 <verifySpace+0xa>
    while (1)                         // and busy-loop so that WD causes
      ;                               //  a reset and app start.
  }
  putch(STK_INSYNC);
    1fb6:	84 e1       	ldi	r24, 0x14	; 20
    1fb8:	cf cf       	rjmp	.-98     	; 0x1f58 <putch>

00001fba <getNch>:
    ::[count] "M" (UART_B_VALUE)
    );
}
#endif

void getNch(uint8_t count) {
    1fba:	cf 93       	push	r28
    1fbc:	c8 2f       	mov	r28, r24
  do getch(); while (--count);
    1fbe:	db df       	rcall	.-74     	; 0x1f76 <getch>
    1fc0:	c1 50       	subi	r28, 0x01	; 1
    1fc2:	e9 f7       	brne	.-6      	; 0x1fbe <getNch+0x4>
  verifySpace();
}
    1fc4:	cf 91       	pop	r28
}
#endif

void getNch(uint8_t count) {
  do getch(); while (--count);
  verifySpace();
    1fc6:	f1 cf       	rjmp	.-30     	; 0x1faa <verifySpace>

00001fc8 <do_spm>:
 *   data=0 in WRITE
 */
static void do_spm(uint16_t address, uint8_t command, uint16_t data)  __attribute__ ((used));
static void do_spm(uint16_t address, uint8_t command, uint16_t data) {
  // Do spm stuff
  asm volatile (
    1fc8:	fc 01       	movw	r30, r24
    1fca:	0a 01       	movw	r0, r20
    1fcc:	67 bf       	out	0x37, r22	; 55
    1fce:	e8 95       	spm
    1fd0:	11 24       	eor	r1, r1
    );

  // wait for spm to complete
  //   it doesn't have much sense for __BOOT_PAGE_FILL,
  //   but it doesn't hurt and saves some bytes on 'if'
  boot_spm_busy_wait();
    1fd2:	07 b6       	in	r0, 0x37	; 55
    1fd4:	00 fc       	sbrc	r0, 0
    1fd6:	fd cf       	rjmp	.-6      	; 0x1fd2 <do_spm+0xa>
  if ((command & (_BV(PGWRT)|_BV(PGERS))) && (data == 0) ) {
    // Reenable read access to flash
    __boot_rww_enable_short();
  }
#endif
}
    1fd8:	08 95       	ret
