
optiboot_attiny1634.elf:     file format elf32-avr

Sections:
Idx Name          Size      VMA       LMA       File off  Algn
  0 .text         00000258  00003d80  00003d80  00000074  2**0
                  CONTENTS, ALLOC, LOAD, READONLY, CODE
  1 .trampolines  00000000  00003fd8  00003fd8  000002cc  2**1
                  CONTENTS, ALLOC, LOAD, READONLY, CODE
  2 .version      00000002  00003ffe  00003ffe  000002cc  2**0
                  CONTENTS, ALLOC, LOAD, READONLY, DATA
  3 .comment      00000030  00000000  00000000  000002ce  2**0
                  CONTENTS, READONLY
  4 .debug_aranges 00000030  00000000  00000000  000002fe  2**0
                  CONTENTS, READONLY, DEBUGGING
  5 .debug_info   00000667  00000000  00000000  0000032e  2**0
                  CONTENTS, READONLY, DEBUGGING
  6 .debug_abbrev 000002c7  00000000  00000000  00000995  2**0
                  CONTENTS, READONLY, DEBUGGING
  7 .debug_line   000003d5  00000000  00000000  00000c5c  2**0
                  CONTENTS, READONLY, DEBUGGING
  8 .debug_frame  000000ac  00000000  00000000  00001034  2**2
                  CONTENTS, READONLY, DEBUGGING
  9 .debug_str    00000212  00000000  00000000  000010e0  2**0
                  CONTENTS, READONLY, DEBUGGING
 10 .debug_loc    00000342  00000000  00000000  000012f2  2**0
                  CONTENTS, READONLY, DEBUGGING
 11 .debug_ranges 00000070  00000000  00000000  00001634  2**0
                  CONTENTS, READONLY, DEBUGGING

Disassembly of section .text:

00003d80 <pre_main>:
/* everything that needs to run VERY early */
void pre_main(void) {
  // Allow convenient way of calling do_spm function - jump table, so
  //   entry to this function will always be here, independent of
  //   compilation, features etc
  asm volatile (
    3d80:	01 c0       	rjmp	.+2      	; 0x3d84 <main>
    3d82:	21 c1       	rjmp	.+578    	; 0x3fc6 <do_spm>

00003d84 <main>:
  //  SP points to RAMEND
  //  r1 contains zero
  //
  // If not, uncomment the following instructions:
  // cli();
  asm volatile ("  clr __zero_reg__");
    3d84:	11 24       	eor	r1, r1
#  warning "START_APP_ON_EXTR is defined and NO_START_APP_ON_POR isn't"
#  define APP_START_REASONS 1 /* Always start rge App. */
#  define WDRF_CLR_REASONS 0  /* Never clear WDRF */
#endif

  ch = MCUSR;
    3d86:	85 b7       	in	r24, 0x35	; 53

  // Skip all logic and run bootloader if MCUSR is cleared (application request)
  if (ch != 0) {
    3d88:	88 23       	and	r24, r24
    3d8a:	71 f0       	breq	.+28     	; 0x3da8 <main+0x24>
     * One problematic scenario: broken application code sets watchdog timer
     * without clearing MCUSR before and triggers it quickly. But it's
     * recoverable by power-on with pushed reset button.
     */

    if (APP_START_REASONS) {
    3d8c:	98 2f       	mov	r25, r24
    3d8e:	9a 70       	andi	r25, 0x0A	; 10
    3d90:	92 30       	cpi	r25, 0x02	; 2
    3d92:	51 f0       	breq	.+20     	; 0x3da8 <main+0x24>
      if (WDRF_CLR_REASONS) {
    3d94:	81 ff       	sbrs	r24, 1
    3d96:	02 c0       	rjmp	.+4      	; 0x3d9c <main+0x18>
        /*
         * Clear WDRF if it was most probably set by wdr in bootloader.
         */
        if ((uint16_t)&MCUSR > 0x1F) {
          MCUSR = ~(_BV(WDRF));   // optimize to LDI/OUT
    3d98:	97 ef       	ldi	r25, 0xF7	; 247
    3d9a:	95 bf       	out	0x35, r25	; 53
      /*
       * save the reset flags in the designated register
       * This can be saved in a main program by putting code in .init0 (which
       * executes before normal c init code) to save R2 to a global variable.
       */
      __asm__ __volatile__ ("  mov r2, %0\n" :: "r" (ch));
    3d9c:	28 2e       	mov	r2, r24

      // switch off watchdog
      watchdogConfig(WATCHDOG_OFF);
    3d9e:	80 e0       	ldi	r24, 0x00	; 0
    3da0:	ff d0       	rcall	.+510    	; 0x3fa0 <watchdogConfig>
      // Note that appstart_vec is defined so that this works with either
      // real or virtual boot partitions.
      __asm__ __volatile__ (
    3da2:	e4 e3       	ldi	r30, 0x34	; 52
    3da4:	ff 27       	eor	r31, r31
    3da6:	09 94       	ijmp
#elif defined(__AVR_ATtiny25__)||defined(__AVR_ATtiny45__)||defined(__AVR_ATtiny85__)
  TCCR1 = 0x0E; //div 8196 - it's an 8-bit timer.
#elif defined(__AVR_ATtiny43__)
#error "LED flash for Tiny43 not yet supported"
#else
  TCCR1B = _BV(CS12) | _BV(CS10); // div 1024
    3da8:	85 e0       	ldi	r24, 0x05	; 5
    3daa:	80 93 71 00 	sts	0x0071, r24	; 0x800071 <__RAM__+0x71>
  LINBTR = (1 << LDISR) | (8 << LBT0); 
  LINCR = _BV(LENA) | _BV(LCMD2) | _BV(LCMD1) | _BV(LCMD0);
  LINDAT=0;
#else
#if (SINGLESPEED == 0)
  UART_SRA = _BV(U2X0); //Double speed mode USART0
    3dae:	82 e0       	ldi	r24, 0x02	; 2
    3db0:	80 93 79 00 	sts	0x0079, r24	; 0x800079 <__RAM__+0x79>
#endif
  UART_SRB = _BV(RXEN0) | _BV(TXEN0);
    3db4:	88 e1       	ldi	r24, 0x18	; 24
    3db6:	80 93 78 00 	sts	0x0078, r24	; 0x800078 <__RAM__+0x78>
  UART_SRC = _BV(UCSZ00) | _BV(UCSZ01);
    3dba:	86 e0       	ldi	r24, 0x06	; 6
    3dbc:	80 93 77 00 	sts	0x0077, r24	; 0x800077 <__RAM__+0x77>
  UART_SRL = (uint8_t)BAUD_SETTING;
    3dc0:	80 e1       	ldi	r24, 0x10	; 16
    3dc2:	80 93 74 00 	sts	0x0074, r24	; 0x800074 <__RAM__+0x74>
  RS485_PORT &= ~_BV(RS485_BIT);
  #endif
#endif

  // Set up watchdog to trigger after desired timeout
  watchdogConfig(WDTPERIOD);
    3dc6:	8e e0       	ldi	r24, 0x0E	; 14
    3dc8:	eb d0       	rcall	.+470    	; 0x3fa0 <watchdogConfig>

#if (LED_START_FLASHES > 0) || LED_DATA_FLASH || LED_START_ON
  /* Set LED pin as output */
  LED_DDR |= _BV(LED);
    3dca:	40 9a       	sbi	0x08, 0	; 8
    3dcc:	86 e0       	ldi	r24, 0x06	; 6
    TIFR = _BV(TOV1);
    while (!(TIFR & _BV(TOV1)));
#elif defined(__AVR_ATtiny43__)
#error "LED flash for Tiny43 not yet supported"
#else
    TCNT1 = -(F_CPU/(1024*16));
    3dce:	20 e3       	ldi	r18, 0x30	; 48
    3dd0:	3c ef       	ldi	r19, 0xFC	; 252
    TIFR1 = _BV(TOV1);
    3dd2:	90 e8       	ldi	r25, 0x80	; 128
    TIFR = _BV(TOV1);
    while (!(TIFR & _BV(TOV1)));
#elif defined(__AVR_ATtiny43__)
#error "LED flash for Tiny43 not yet supported"
#else
    TCNT1 = -(F_CPU/(1024*16));
    3dd4:	30 93 6f 00 	sts	0x006F, r19	; 0x80006f <__RAM__+0x6f>
    3dd8:	20 93 6e 00 	sts	0x006E, r18	; 0x80006e <__RAM__+0x6e>
    TIFR1 = _BV(TOV1);
    3ddc:	99 bf       	out	0x39, r25	; 57
    while (!(TIFR1 & _BV(TOV1)));
    3dde:	09 b6       	in	r0, 0x39	; 57
    3de0:	07 fe       	sbrs	r0, 7
    3de2:	fd cf       	rjmp	.-6      	; 0x3dde <main+0x5a>
  defined(__AVR_ATmega64__)   || defined(__AVR_ATmega128__)
  LED_PORT ^= _BV(LED);
#else
  // Newer AVRs can toggle by writing PINx.
  if (&LED_PIN <= &_SFR_IO8(0x31)) {  // "if" code optimizes away.
    LED_PIN |= _BV(LED); // becomes SBI on low ports (in theory: incorrectly)
    3de4:	38 9a       	sbi	0x07, 0	; 7
}
#endif

// Watchdog functions. These are only safe with interrupts turned off.
void watchdogReset() {
  __asm__ __volatile__ (
    3de6:	a8 95       	wdr
     *  by the UART hardware, avrdude sends several attempts in rather
     *  quick succession, some of which will be lost and cause us to
     *  get out of sync.  So if we see any data; stop blinking.
     */
#ifndef LIN_UART
    if (UART_SRA & _BV(RXC0))
    3de8:	40 91 79 00 	lds	r20, 0x0079	; 0x800079 <__RAM__+0x79>
    3dec:	47 fd       	sbrc	r20, 7
    3dee:	02 c0       	rjmp	.+4      	; 0x3df4 <main+0x70>
    3df0:	81 50       	subi	r24, 0x01	; 1
#else
// This doesn't seem to work?
//    if ((UART_PIN & (1<<UART_RX_BIT)) == 0)
//      break;  // detect start bit on soft uart too.
#endif
  } while (--count);
    3df2:	81 f7       	brne	.-32     	; 0x3dd4 <main+0x50>
        rstVect1_sav = buff.bptr[rstVect1];

        // Add "jump to Optiboot" at RESET vector
        // WARNING: this works as long as 'main' is in first section
        buff.bptr[rstVect0] = ((uint16_t)pre_main) & 0xFF;
        buff.bptr[rstVect1] = ((uint16_t)pre_main) >> 8;
    3df4:	80 ec       	ldi	r24, 0xC0	; 192
    3df6:	9e e1       	ldi	r25, 0x1E	; 30
    3df8:	d9 2e       	mov	r13, r25

      /*
       * Copy data from the buffer into the flash write buffer.
       */
      do {
        __boot_page_fill_short((uint16_t)(void*)addrPtr, *(mybuff.wptr++));
    3dfa:	cc 24       	eor	r12, r12
    3dfc:	c3 94       	inc	r12
      } while (len -= 2);

      /*
       * Actually Write the buffer to flash (and wait for it to finish.)
       */
      __boot_page_write_short(address.word);
    3dfe:	25 e0       	ldi	r18, 0x05	; 5
    3e00:	92 2e       	mov	r9, r18
       * and we needed the space back.
       */
#ifdef FOURPAGEERASE
      if ((address.bytes[0] & ((SPM_PAGESIZE<<2)-1))==0) {
#endif
        __boot_page_erase_short(address.word);
    3e02:	33 e0       	ldi	r19, 0x03	; 3
        rstVect0_sav = buff.bptr[rstVect0];
        rstVect1_sav = buff.bptr[rstVect1];

        // Add "jump to Optiboot" at RESET vector
        // WARNING: this works as long as 'main' is in first section
        buff.bptr[rstVect0] = ((uint16_t)pre_main) & 0xFF;
    3e04:	83 2e       	mov	r8, r19
#endif

  /* Forever loop: exits by causing WDT reset */
  for (;;) {
    /* get character from UART */
    ch = getch();
    3e06:	7c 01       	movw	r14, r24

    if (ch == STK_GET_PARAMETER) {
    3e08:	bf d0       	rcall	.+382    	; 0x3f88 <getch>
      unsigned char which = getch();
    3e0a:	81 34       	cpi	r24, 0x41	; 65
    3e0c:	59 f4       	brne	.+22     	; 0x3e24 <main+0xa0>
    3e0e:	bc d0       	rcall	.+376    	; 0x3f88 <getch>
      verifySpace();
    3e10:	18 2f       	mov	r17, r24
      /*
       * Send optiboot version as "SW version"
       * Note that the references to memory are optimized away.
       */
      if (which == STK_SW_MINOR) {
        putch(optiboot_version & 0xFF);
    3e12:	ca d0       	rcall	.+404    	; 0x3fa8 <verifySpace>
      } else if (which == STK_SW_MAJOR) {
    3e14:	83 e0       	ldi	r24, 0x03	; 3
        putch(optiboot_version >> 8);
    3e16:	11 38       	cpi	r17, 0x81	; 129
    3e18:	09 f4       	brne	.+2      	; 0x3e1c <main+0x98>
    3e1a:	88 e0       	ldi	r24, 0x08	; 8
    }
    else {
      // This covers the response to commands like STK_ENTER_PROGMODE
      verifySpace();
    }
    putch(STK_OK);
    3e1c:	ae d0       	rcall	.+348    	; 0x3f7a <putch>
    3e1e:	80 e1       	ldi	r24, 0x10	; 16
#endif

  /* Forever loop: exits by causing WDT reset */
  for (;;) {
    /* get character from UART */
    ch = getch();
    3e20:	ac d0       	rcall	.+344    	; 0x3f7a <putch>
         * other parameters - enough to keep Avrdude happy
         */
        putch(0x03);
      }
    }
    else if (ch == STK_SET_DEVICE) {
    3e22:	f2 cf       	rjmp	.-28     	; 0x3e08 <main+0x84>
    3e24:	82 34       	cpi	r24, 0x42	; 66
      // SET DEVICE is ignored
      getNch(20);
    3e26:	19 f4       	brne	.+6      	; 0x3e2e <main+0xaa>
    }
    else if (ch == STK_SET_DEVICE_EXT) {
      // SET DEVICE EXT is ignored
      getNch(5);
    3e28:	84 e1       	ldi	r24, 0x14	; 20
    3e2a:	c6 d0       	rcall	.+396    	; 0x3fb8 <getNch>
    }
    else if (ch == STK_SET_DEVICE) {
      // SET DEVICE is ignored
      getNch(20);
    }
    else if (ch == STK_SET_DEVICE_EXT) {
    3e2c:	f8 cf       	rjmp	.-16     	; 0x3e1e <main+0x9a>
      // SET DEVICE EXT is ignored
      getNch(5);
    3e2e:	85 34       	cpi	r24, 0x45	; 69
    3e30:	11 f4       	brne	.+4      	; 0x3e36 <main+0xb2>
    }
    else if (ch == STK_LOAD_ADDRESS) {
    3e32:	85 e0       	ldi	r24, 0x05	; 5
      // LOAD ADDRESS
      address.bytes[0] = getch();
    3e34:	fa cf       	rjmp	.-12     	; 0x3e2a <main+0xa6>
    3e36:	85 35       	cpi	r24, 0x55	; 85
    3e38:	41 f4       	brne	.+16     	; 0x3e4a <main+0xc6>
      address.bytes[1] = getch();
    3e3a:	a6 d0       	rcall	.+332    	; 0x3f88 <getch>
    3e3c:	c8 2f       	mov	r28, r24
      }
      else {
        RAMPZ &= 0xFE;
      }
#endif
      address.word *= 2; // Convert from word address to byte address
    3e3e:	a4 d0       	rcall	.+328    	; 0x3f88 <getch>
    3e40:	d8 2f       	mov	r29, r24
      watchdogConfig(WATCHDOG_16MS);
      verifySpace();
    }
    else {
      // This covers the response to commands like STK_ENTER_PROGMODE
      verifySpace();
    3e42:	cc 0f       	add	r28, r28
    3e44:	dd 1f       	adc	r29, r29
      }
#endif
      address.word *= 2; // Convert from word address to byte address
      verifySpace();
    }
    else if (ch == STK_UNIVERSAL) {
    3e46:	b0 d0       	rcall	.+352    	; 0x3fa8 <verifySpace>
        getNch(3);
        putch(0x00);
      }
#else
      // UNIVERSAL command is ignored
      getNch(4);
    3e48:	ea cf       	rjmp	.-44     	; 0x3e1e <main+0x9a>
    3e4a:	86 35       	cpi	r24, 0x56	; 86
    3e4c:	21 f4       	brne	.+8      	; 0x3e56 <main+0xd2>
      putch(0x00);
    3e4e:	84 e0       	ldi	r24, 0x04	; 4
    3e50:	b3 d0       	rcall	.+358    	; 0x3fb8 <getNch>
#endif
    }
    /* Write memory, length is big endian and is in bytes */
    else if (ch == STK_PROG_PAGE) {
    3e52:	80 e0       	ldi	r24, 0x00	; 0
    3e54:	e3 cf       	rjmp	.-58     	; 0x3e1c <main+0x98>
      // PROGRAM PAGE - we support flash programming only, not EEPROM
      uint8_t desttype;
      uint8_t *bufPtr;
      pagelen_t savelength;

      GETLENGTH(length);
    3e56:	84 36       	cpi	r24, 0x64	; 100
    3e58:	09 f0       	breq	.+2      	; 0x3e5c <main+0xd8>
    3e5a:	57 c0       	rjmp	.+174    	; 0x3f0a <main+0x186>
    3e5c:	95 d0       	rcall	.+298    	; 0x3f88 <getch>
    3e5e:	94 d0       	rcall	.+296    	; 0x3f88 <getch>
      savelength = length;
      desttype = getch();
    3e60:	78 2e       	mov	r7, r24
    3e62:	92 d0       	rcall	.+292    	; 0x3f88 <getch>

      // read a page worth of contents
      bufPtr = buff.bptr;
    3e64:	68 2e       	mov	r6, r24
    3e66:	00 e0       	ldi	r16, 0x00	; 0
      do *bufPtr++ = getch();
    3e68:	11 e0       	ldi	r17, 0x01	; 1
    3e6a:	58 01       	movw	r10, r16
    3e6c:	8f ef       	ldi	r24, 0xFF	; 255
    3e6e:	a8 1a       	sub	r10, r24
    3e70:	b8 0a       	sbc	r11, r24
    3e72:	8a d0       	rcall	.+276    	; 0x3f88 <getch>
    3e74:	f8 01       	movw	r30, r16
    3e76:	80 83       	st	Z, r24
    3e78:	85 01       	movw	r16, r10
      while (--length);
    3e7a:	7a 10       	cpse	r7, r10
    3e7c:	f6 cf       	rjmp	.-20     	; 0x3e6a <main+0xe6>

      // Read command terminator, start reply
      verifySpace();
    3e7e:	94 d0       	rcall	.+296    	; 0x3fa8 <verifySpace>
    3e80:	20 97       	sbiw	r28, 0x00	; 0
 * WARNING: this works only up to 128KB flash!
 */
#if FLASHEND > (128*1024)
#error "Can't use VIRTUAL_BOOT_PARTITION with more than 128k of Flash"
#endif
      if (address.word == RSTVEC_ADDRESS) {
    3e82:	81 f4       	brne	.+32     	; 0x3ea4 <main+0x120>
    3e84:	80 91 02 01 	lds	r24, 0x0102	; 0x800102 <__RAM__+0x102>
        // This is the reset vector page. We need to live-patch the
        // code so the bootloader runs first.
        //
        // Save jmp targets (for "Verify")
        rstVect0_sav = buff.bptr[rstVect0];
    3e88:	80 93 44 01 	sts	0x0144, r24	; 0x800144 <__RAM__+0x144>
    3e8c:	80 91 03 01 	lds	r24, 0x0103	; 0x800103 <__RAM__+0x103>
        rstVect1_sav = buff.bptr[rstVect1];
    3e90:	80 93 45 01 	sts	0x0145, r24	; 0x800145 <__RAM__+0x145>
    3e94:	e0 92 02 01 	sts	0x0102, r14	; 0x800102 <__RAM__+0x102>

        // Add "jump to Optiboot" at RESET vector
        // WARNING: this works as long as 'main' is in first section
        buff.bptr[rstVect0] = ((uint16_t)pre_main) & 0xFF;
    3e98:	d0 92 03 01 	sts	0x0103, r13	; 0x800103 <__RAM__+0x103>
        buff.bptr[rstVect1] = ((uint16_t)pre_main) >> 8;
    3e9c:	f5 e4       	ldi	r31, 0x45	; 69
 * void writebuffer(memtype, buffer, address, length)
 */
static inline void writebuffer(int8_t memtype, addr16_t mybuff,
                               addr16_t address, pagelen_t len)
{
  switch (memtype) {
    3e9e:	6f 12       	cpse	r6, r31
    3ea0:	15 c0       	rjmp	.+42     	; 0x3ecc <main+0x148>
    3ea2:	ff cf       	rjmp	.-2      	; 0x3ea2 <main+0x11e>
    3ea4:	c0 36       	cpi	r28, 0x60	; 96
        buff.bptr[rstVect1] = ((uint16_t)pre_main) >> 8;

#if (SAVVEC_ADDRESS != RSTVEC_ADDRESS)
// the save_vector is not necessarilly on the same flash page as the reset
//  vector.  If it isn't, we've waiting to actually write it.
      } else if (address.word == SAVVEC_ADDRESS) {
    3ea6:	d1 05       	cpc	r29, r1
    3ea8:	c9 f7       	brne	.-14     	; 0x3e9c <main+0x118>
    3eaa:	80 91 0a 01 	lds	r24, 0x010A	; 0x80010a <__RAM__+0x10a>
        // Save old values for Verify
        saveVect0_sav = buff.bptr[saveVect0 - SAVVEC_ADDRESS];
    3eae:	80 93 46 01 	sts	0x0146, r24	; 0x800146 <__RAM__+0x146>
    3eb2:	80 91 0b 01 	lds	r24, 0x010B	; 0x80010b <__RAM__+0x10b>
        saveVect1_sav = buff.bptr[saveVect1 - SAVVEC_ADDRESS];
    3eb6:	80 93 47 01 	sts	0x0147, r24	; 0x800147 <__RAM__+0x147>
    3eba:	80 91 44 01 	lds	r24, 0x0144	; 0x800144 <__RAM__+0x144>

        // Move RESET jmp target to 'save' vector
        buff.bptr[saveVect0 - SAVVEC_ADDRESS] = rstVect0_sav;
    3ebe:	80 93 0a 01 	sts	0x010A, r24	; 0x80010a <__RAM__+0x10a>
    3ec2:	80 91 45 01 	lds	r24, 0x0145	; 0x800145 <__RAM__+0x145>
        buff.bptr[saveVect1 - SAVVEC_ADDRESS] = rstVect1_sav;
    3ec6:	80 93 0b 01 	sts	0x010B, r24	; 0x80010b <__RAM__+0x10b>
    3eca:	e8 cf       	rjmp	.-48     	; 0x3e9c <main+0x118>
    3ecc:	8c 2f       	mov	r24, r28
       * used to be code to do this while receiving the data over
       * the serial link, but the performance improvement was slight,
       * and we needed the space back.
       */
#ifdef FOURPAGEERASE
      if ((address.bytes[0] & ((SPM_PAGESIZE<<2)-1))==0) {
    3ece:	8f 77       	andi	r24, 0x7F	; 127
    3ed0:	fe 01       	movw	r30, r28
#endif
        __boot_page_erase_short(address.word);
    3ed2:	31 f4       	brne	.+12     	; 0x3ee0 <main+0x15c>
       * used to be code to do this while receiving the data over
       * the serial link, but the performance improvement was slight,
       * and we needed the space back.
       */
#ifdef FOURPAGEERASE
      if ((address.bytes[0] & ((SPM_PAGESIZE<<2)-1))==0) {
    3ed4:	87 be       	out	0x37, r8	; 55
#endif
        __boot_page_erase_short(address.word);
    3ed6:	e8 95       	spm
    3ed8:	07 b6       	in	r0, 0x37	; 55
        boot_spm_busy_wait();
    3eda:	00 fc       	sbrc	r0, 0
    3edc:	fd cf       	rjmp	.-6      	; 0x3ed8 <main+0x154>
    3ede:	fe 01       	movw	r30, r28
    3ee0:	a0 e0       	ldi	r26, 0x00	; 0
       * used to be code to do this while receiving the data over
       * the serial link, but the performance improvement was slight,
       * and we needed the space back.
       */
#ifdef FOURPAGEERASE
      if ((address.bytes[0] & ((SPM_PAGESIZE<<2)-1))==0) {
    3ee2:	b1 e0       	ldi	r27, 0x01	; 1
    3ee4:	cd 01       	movw	r24, r26

      /*
       * Copy data from the buffer into the flash write buffer.
       */
      do {
        __boot_page_fill_short((uint16_t)(void*)addrPtr, *(mybuff.wptr++));
    3ee6:	02 96       	adiw	r24, 0x02	; 2
    3ee8:	2d 91       	ld	r18, X+
    3eea:	3c 91       	ld	r19, X
    3eec:	09 01       	movw	r0, r18
    3eee:	c7 be       	out	0x37, r12	; 55
    3ef0:	e8 95       	spm
    3ef2:	11 24       	eor	r1, r1
        addrPtr += 2;
      } while (len -= 2);
    3ef4:	32 96       	adiw	r30, 0x02	; 2
    3ef6:	dc 01       	movw	r26, r24

      /*
       * Actually Write the buffer to flash (and wait for it to finish.)
       */
      __boot_page_write_short(address.word);
    3ef8:	78 12       	cpse	r7, r24
    3efa:	f4 cf       	rjmp	.-24     	; 0x3ee4 <main+0x160>
    3efc:	fe 01       	movw	r30, r28
      boot_spm_busy_wait();
    3efe:	97 be       	out	0x37, r9	; 55
    3f00:	e8 95       	spm
    3f02:	07 b6       	in	r0, 0x37	; 55
      writebuffer(desttype, buff, address, savelength);


    }
/* Read memory block mode, length is big endian.  */
    else if (ch == STK_READ_PAGE) {
    3f04:	00 fc       	sbrc	r0, 0
    3f06:	fd cf       	rjmp	.-6      	; 0x3f02 <main+0x17e>
      uint8_t desttype;
      GETLENGTH(length);
    3f08:	8a cf       	rjmp	.-236    	; 0x3e1e <main+0x9a>
    3f0a:	84 37       	cpi	r24, 0x74	; 116
    3f0c:	39 f5       	brne	.+78     	; 0x3f5c <main+0x1d8>
    3f0e:	3c d0       	rcall	.+120    	; 0x3f88 <getch>
    3f10:	3b d0       	rcall	.+118    	; 0x3f88 <getch>

      desttype = getch();
    3f12:	b8 2e       	mov	r11, r24
    3f14:	39 d0       	rcall	.+114    	; 0x3f88 <getch>

      verifySpace();
    3f16:	48 d0       	rcall	.+144    	; 0x3fa8 <verifySpace>
    3f18:	8e 01       	movw	r16, r28
    3f1a:	02 30       	cpi	r16, 0x02	; 2
#endif
  default:
    do {
#ifdef VIRTUAL_BOOT_PARTITION
      // Undo vector patch in bottom page so verify passes
      if (address.word == rstVect0) ch = rstVect0_sav;
    3f1c:	11 05       	cpc	r17, r1
    3f1e:	49 f4       	brne	.+18     	; 0x3f32 <main+0x1ae>
    3f20:	80 91 44 01 	lds	r24, 0x0144	; 0x800144 <__RAM__+0x144>
    3f24:	2a d0       	rcall	.+84     	; 0x3f7a <putch>
      __asm__ ("  elpm %0,Z+\n" : "=r" (ch), "=z" (address.bptr): "1" (address));
#else
      // read a Flash byte and increment the address
      __asm__ ("  lpm %0,Z+\n" : "=r" (ch), "=z" (address.bptr): "1" (address));
#endif
      putch(ch);
    3f26:	ba 94       	dec	r11
    3f28:	0f 5f       	subi	r16, 0xFF	; 255
    } while (--length);
    3f2a:	1f 4f       	sbci	r17, 0xFF	; 255
    3f2c:	b1 10       	cpse	r11, r1
    3f2e:	f5 cf       	rjmp	.-22     	; 0x3f1a <main+0x196>
    3f30:	76 cf       	rjmp	.-276    	; 0x3e1e <main+0x9a>
    3f32:	03 30       	cpi	r16, 0x03	; 3
    3f34:	11 05       	cpc	r17, r1
  default:
    do {
#ifdef VIRTUAL_BOOT_PARTITION
      // Undo vector patch in bottom page so verify passes
      if (address.word == rstVect0) ch = rstVect0_sav;
      else if (address.word == rstVect1) ch = rstVect1_sav;
    3f36:	19 f4       	brne	.+6      	; 0x3f3e <main+0x1ba>
    3f38:	80 91 45 01 	lds	r24, 0x0145	; 0x800145 <__RAM__+0x145>
    3f3c:	f3 cf       	rjmp	.-26     	; 0x3f24 <main+0x1a0>
      else if (address.word == saveVect0) ch = saveVect0_sav;
    3f3e:	0a 36       	cpi	r16, 0x6A	; 106
    3f40:	11 05       	cpc	r17, r1
    3f42:	19 f4       	brne	.+6      	; 0x3f4a <main+0x1c6>
    3f44:	80 91 46 01 	lds	r24, 0x0146	; 0x800146 <__RAM__+0x146>
    3f48:	ed cf       	rjmp	.-38     	; 0x3f24 <main+0x1a0>
      else if (address.word == saveVect1) ch = saveVect1_sav;
    3f4a:	0b 36       	cpi	r16, 0x6B	; 107
    3f4c:	11 05       	cpc	r17, r1
    3f4e:	19 f4       	brne	.+6      	; 0x3f56 <main+0x1d2>
    3f50:	80 91 47 01 	lds	r24, 0x0147	; 0x800147 <__RAM__+0x147>
      else ch = pgm_read_byte_near(address.bptr);
    3f54:	e7 cf       	rjmp	.-50     	; 0x3f24 <main+0x1a0>
    3f56:	f8 01       	movw	r30, r16
    3f58:	84 91       	lpm	r24, Z

      read_mem(desttype, address, length);
    }

/* Get device signature bytes  */
    else if (ch == STK_READ_SIGN) {
    3f5a:	e4 cf       	rjmp	.-56     	; 0x3f24 <main+0x1a0>
    3f5c:	85 37       	cpi	r24, 0x75	; 117
      // READ SIGN - return what Avrdude wants to hear
      verifySpace();
    3f5e:	39 f4       	brne	.+14     	; 0x3f6e <main+0x1ea>
    3f60:	23 d0       	rcall	.+70     	; 0x3fa8 <verifySpace>
      putch(SIGNATURE_0);
    3f62:	8e e1       	ldi	r24, 0x1E	; 30
    3f64:	0a d0       	rcall	.+20     	; 0x3f7a <putch>
    3f66:	84 e9       	ldi	r24, 0x94	; 148
      putch(SIGNATURE_1);
    3f68:	08 d0       	rcall	.+16     	; 0x3f7a <putch>
    3f6a:	82 e1       	ldi	r24, 0x12	; 18
    3f6c:	57 cf       	rjmp	.-338    	; 0x3e1c <main+0x98>
      putch(SIGNATURE_2);
    3f6e:	81 35       	cpi	r24, 0x51	; 81
    3f70:	09 f0       	breq	.+2      	; 0x3f74 <main+0x1f0>
    }
    else if (ch == STK_LEAVE_PROGMODE) { /* 'Q' */
    3f72:	69 cf       	rjmp	.-302    	; 0x3e46 <main+0xc2>
    3f74:	88 e0       	ldi	r24, 0x08	; 8
    3f76:	14 d0       	rcall	.+40     	; 0x3fa0 <watchdogConfig>
      // Adaboot no-wait mod
      watchdogConfig(WATCHDOG_16MS);
    3f78:	66 cf       	rjmp	.-308    	; 0x3e46 <main+0xc2>

00003f7a <putch>:
    3f7a:	90 91 79 00 	lds	r25, 0x0079	; 0x800079 <__RAM__+0x79>
    3f7e:	95 ff       	sbrs	r25, 5
  RS485_PORT |= _BV(RS485_BIT);
# else
  RS485_PORT &= ~_BV(RS485_BIT);
# endif
#else //not RS485
  while (!(UART_SRA & _BV(UDRE0))) {  /* Spin */ }
    3f80:	fc cf       	rjmp	.-8      	; 0x3f7a <putch>
  UART_UDR = ch;
    3f82:	80 93 73 00 	sts	0x0073, r24	; 0x800073 <__RAM__+0x73>
  #else
  RS485_PORT &= ~_BV(RS485_BIT);
  #endif
#endif
#endif // SOFT_UART
}
    3f86:	08 95       	ret

00003f88 <getch>:
    :
    "r25"
    );
#else
#ifndef LIN_UART
  while (!(UART_SRA & _BV(RXC0)))  {  /* Spin */ }
    3f88:	80 91 79 00 	lds	r24, 0x0079	; 0x800079 <__RAM__+0x79>
    3f8c:	87 ff       	sbrs	r24, 7
    3f8e:	fc cf       	rjmp	.-8      	; 0x3f88 <getch>
  if (!(UART_SRA & _BV(FE0))) {
    3f90:	80 91 79 00 	lds	r24, 0x0079	; 0x800079 <__RAM__+0x79>
    3f94:	84 fd       	sbrc	r24, 4
    3f96:	01 c0       	rjmp	.+2      	; 0x3f9a <getch+0x12>
}
#endif

// Watchdog functions. These are only safe with interrupts turned off.
void watchdogReset() {
  __asm__ __volatile__ (
    3f98:	a8 95       	wdr
  while (!(LINSIR & _BV(LRXOK)))  {  /* Spin */ }
  if (!(LINSIR & _BV(LFERR))) {
    watchdogReset();  /* Eventually abort if wrong speed */
  }
#endif
  ch = UART_UDR;
    3f9a:	80 91 73 00 	lds	r24, 0x0073	; 0x800073 <__RAM__+0x73>
#if LED_DATA_FLASH
  toggle_led();
#endif

  return ch;
}
    3f9e:	08 95       	ret

00003fa0 <watchdogConfig>:
  WDTCSR = _BV(WDCE) | _BV(WDE);
#else
  WDTCR= _BV(WDCE) | _BV(WDE);
#endif
#else //then it must be one of those newfangled ones that use CCP
  CCP=0xD8; //so write this magic number to CCP
    3fa0:	98 ed       	ldi	r25, 0xD8	; 216
    3fa2:	9f bd       	out	0x2f, r25	; 47
#endif

#ifdef WDTCSR
  WDTCSR = x;
    3fa4:	80 bf       	out	0x30, r24	; 48
#else
  WDTCR= x;
#endif
}
    3fa6:	08 95       	ret

00003fa8 <verifySpace>:
  do getch(); while (--count);
  verifySpace();
}

void verifySpace() {
  if (getch() != CRC_EOP) {
    3fa8:	ef df       	rcall	.-34     	; 0x3f88 <getch>
    3faa:	80 32       	cpi	r24, 0x20	; 32
    3fac:	19 f0       	breq	.+6      	; 0x3fb4 <verifySpace+0xc>
    watchdogConfig(WATCHDOG_16MS);    // shorten WD timeout
    3fae:	88 e0       	ldi	r24, 0x08	; 8
    3fb0:	f7 df       	rcall	.-18     	; 0x3fa0 <watchdogConfig>
    3fb2:	ff cf       	rjmp	.-2      	; 0x3fb2 <verifySpace+0xa>
    while (1)                         // and busy-loop so that WD causes
      ;                               //  a reset and app start.
  }
  putch(STK_INSYNC);
    3fb4:	84 e1       	ldi	r24, 0x14	; 20
    3fb6:	e1 cf       	rjmp	.-62     	; 0x3f7a <putch>

00003fb8 <getNch>:
    ::[count] "M" (UART_B_VALUE)
    );
}
#endif

void getNch(uint8_t count) {
    3fb8:	cf 93       	push	r28
    3fba:	c8 2f       	mov	r28, r24
  do getch(); while (--count);
    3fbc:	e5 df       	rcall	.-54     	; 0x3f88 <getch>
    3fbe:	c1 50       	subi	r28, 0x01	; 1
    3fc0:	e9 f7       	brne	.-6      	; 0x3fbc <getNch+0x4>
  verifySpace();
}
    3fc2:	cf 91       	pop	r28
}
#endif

void getNch(uint8_t count) {
  do getch(); while (--count);
  verifySpace();
    3fc4:	f1 cf       	rjmp	.-30     	; 0x3fa8 <verifySpace>

00003fc6 <do_spm>:
    3fc6:	fc 01       	movw	r30, r24
 *   data=0 in WRITE
 */
static void do_spm(uint16_t address, uint8_t command, uint16_t data)  __attribute__ ((used));
static void do_spm(uint16_t address, uint8_t command, uint16_t data) {
  // Do spm stuff
  asm volatile (
    3fc8:	0a 01       	movw	r0, r20
    3fca:	67 bf       	out	0x37, r22	; 55
    3fcc:	e8 95       	spm
    3fce:	11 24       	eor	r1, r1
    3fd0:	07 b6       	in	r0, 0x37	; 55
    );

  // wait for spm to complete
  //   it doesn't have much sense for __BOOT_PAGE_FILL,
  //   but it doesn't hurt and saves some bytes on 'if'
  boot_spm_busy_wait();
    3fd2:	00 fc       	sbrc	r0, 0
    3fd4:	fd cf       	rjmp	.-6      	; 0x3fd0 <do_spm+0xa>
    3fd6:	08 95       	ret
