
optiboot_attiny87.elf:     file format elf32-avr

Sections:
Idx Name          Size      VMA       LMA       File off  Algn
  0 .text         0000025a  00001d80  00001d80  00000074  2**0
                  CONTENTS, ALLOC, LOAD, READONLY, CODE
  1 .trampolines  00000000  00001fda  00001fda  000002ce  2**1
                  CONTENTS, ALLOC, LOAD, READONLY, CODE
  2 .version      00000002  00001ffe  00001ffe  000002ce  2**0
                  CONTENTS, ALLOC, LOAD, READONLY, DATA
  3 .comment      00000030  00000000  00000000  000002d0  2**0
                  CONTENTS, READONLY
  4 .debug_aranges 00000030  00000000  00000000  00000300  2**0
                  CONTENTS, READONLY, DEBUGGING
  5 .debug_info   00000685  00000000  00000000  00000330  2**0
                  CONTENTS, READONLY, DEBUGGING
  6 .debug_abbrev 000002c7  00000000  00000000  000009b5  2**0
                  CONTENTS, READONLY, DEBUGGING
  7 .debug_line   000003d9  00000000  00000000  00000c7c  2**0
                  CONTENTS, READONLY, DEBUGGING
  8 .debug_frame  000000ac  00000000  00000000  00001058  2**2
                  CONTENTS, READONLY, DEBUGGING
  9 .debug_str    00000217  00000000  00000000  00001104  2**0
                  CONTENTS, READONLY, DEBUGGING
 10 .debug_loc    0000034c  00000000  00000000  0000131b  2**0
                  CONTENTS, READONLY, DEBUGGING
 11 .debug_ranges 00000080  00000000  00000000  00001667  2**0
                  CONTENTS, READONLY, DEBUGGING

Disassembly of section .text:

00001d80 <pre_main>:
/* everything that needs to run VERY early */
void pre_main(void) {
  // Allow convenient way of calling do_spm function - jump table, so
  //   entry to this function will always be here, independent of
  //   compilation, features etc
  asm volatile (
    1d80:	01 c0       	rjmp	.+2      	; 0x1d84 <main>
    1d82:	22 c1       	rjmp	.+580    	; 0x1fc8 <do_spm>

00001d84 <main>:
  //  SP points to RAMEND
  //  r1 contains zero
  //
  // If not, uncomment the following instructions:
  // cli();
  asm volatile ("  clr __zero_reg__");
    1d84:	11 24       	eor	r1, r1
#  warning "START_APP_ON_EXTR is defined and NO_START_APP_ON_POR isn't"
#  define APP_START_REASONS 1 /* Always start rge App. */
#  define WDRF_CLR_REASONS 0  /* Never clear WDRF */
#endif

  ch = MCUSR;
    1d86:	84 b7       	in	r24, 0x34	; 52

  // Skip all logic and run bootloader if MCUSR is cleared (application request)
  if (ch != 0) {
    1d88:	88 23       	and	r24, r24
    1d8a:	71 f0       	breq	.+28     	; 0x1da8 <main+0x24>
     * One problematic scenario: broken application code sets watchdog timer
     * without clearing MCUSR before and triggers it quickly. But it's
     * recoverable by power-on with pushed reset button.
     */

    if (APP_START_REASONS) {
    1d8c:	98 2f       	mov	r25, r24
    1d8e:	9a 70       	andi	r25, 0x0A	; 10
    1d90:	92 30       	cpi	r25, 0x02	; 2
    1d92:	51 f0       	breq	.+20     	; 0x1da8 <main+0x24>
      if (WDRF_CLR_REASONS) {
    1d94:	81 ff       	sbrs	r24, 1
    1d96:	02 c0       	rjmp	.+4      	; 0x1d9c <main+0x18>
        /*
         * Clear WDRF if it was most probably set by wdr in bootloader.
         */
        if ((uint16_t)&MCUSR > 0x1F) {
          MCUSR = ~(_BV(WDRF));   // optimize to LDI/OUT
    1d98:	97 ef       	ldi	r25, 0xF7	; 247
    1d9a:	94 bf       	out	0x34, r25	; 52
      /*
       * save the reset flags in the designated register
       * This can be saved in a main program by putting code in .init0 (which
       * executes before normal c init code) to save R2 to a global variable.
       */
      __asm__ __volatile__ ("  mov r2, %0\n" :: "r" (ch));
    1d9c:	28 2e       	mov	r2, r24

      // switch off watchdog
      watchdogConfig(WATCHDOG_OFF);
    1d9e:	80 e0       	ldi	r24, 0x00	; 0
    1da0:	fe d0       	rcall	.+508    	; 0x1f9e <watchdogConfig>
      // Note that appstart_vec is defined so that this works with either
      // real or virtual boot partitions.
      __asm__ __volatile__ (
    1da2:	e0 e1       	ldi	r30, 0x10	; 16
    1da4:	ff 27       	eor	r31, r31
    1da6:	09 94       	ijmp
#elif defined(__AVR_ATtiny25__)||defined(__AVR_ATtiny45__)||defined(__AVR_ATtiny85__)
  TCCR1 = 0x0E; //div 8196 - it's an 8-bit timer.
#elif defined(__AVR_ATtiny43__)
#error "LED flash for Tiny43 not yet supported"
#else
  TCCR1B = _BV(CS12) | _BV(CS10); // div 1024
    1da8:	85 e0       	ldi	r24, 0x05	; 5
    1daa:	80 93 81 00 	sts	0x0081, r24	; 0x800081 <__RAM__+0x81>
  UCSRC = _BV(URSEL) | _BV(UCSZ1) | _BV(UCSZ0);  // config USART; 8N1
  UBRRL = (uint8_t)BAUD_SETTING;
#else // mega8/etc
#ifdef LIN_UART
  //DDRB|=3;
  LINCR = (1 << LSWRES);
    1dae:	80 e8       	ldi	r24, 0x80	; 128
    1db0:	80 93 c8 00 	sts	0x00C8, r24	; 0x8000c8 <__RAM__+0xc8>
  //LINBRRL = (((F_CPU * 10L / 32L / BAUD_RATE) + 5L) / 10L) - 1;
  LINBRRL=(uint8_t)BAUD_SETTING;
    1db4:	80 e1       	ldi	r24, 0x10	; 16
    1db6:	80 93 cd 00 	sts	0x00CD, r24	; 0x8000cd <__RAM__+0xcd>
  LINBTR = (1 << LDISR) | (8 << LBT0); 
    1dba:	88 e8       	ldi	r24, 0x88	; 136
    1dbc:	80 93 cc 00 	sts	0x00CC, r24	; 0x8000cc <__RAM__+0xcc>
  LINCR = _BV(LENA) | _BV(LCMD2) | _BV(LCMD1) | _BV(LCMD0);
    1dc0:	8f e0       	ldi	r24, 0x0F	; 15
    1dc2:	80 93 c8 00 	sts	0x00C8, r24	; 0x8000c8 <__RAM__+0xc8>
  LINDAT=0;
    1dc6:	10 92 d2 00 	sts	0x00D2, r1	; 0x8000d2 <__RAM__+0xd2>
  RS485_PORT &= ~_BV(RS485_BIT);
  #endif
#endif

  // Set up watchdog to trigger after desired timeout
  watchdogConfig(WDTPERIOD);
    1dca:	8e e0       	ldi	r24, 0x0E	; 14
    1dcc:	e8 d0       	rcall	.+464    	; 0x1f9e <watchdogConfig>

#if (LED_START_FLASHES > 0) || LED_DATA_FLASH || LED_START_ON
  /* Set LED pin as output */
  LED_DDR |= _BV(LED);
    1dce:	0b 9a       	sbi	0x01, 3	; 1
    1dd0:	86 e0       	ldi	r24, 0x06	; 6
    TIFR = _BV(TOV1);
    while (!(TIFR & _BV(TOV1)));
#elif defined(__AVR_ATtiny43__)
#error "LED flash for Tiny43 not yet supported"
#else
    TCNT1 = -(F_CPU/(1024*16));
    1dd2:	20 e3       	ldi	r18, 0x30	; 48
    1dd4:	3c ef       	ldi	r19, 0xFC	; 252
    TIFR1 = _BV(TOV1);
    1dd6:	91 e0       	ldi	r25, 0x01	; 1
    TIFR = _BV(TOV1);
    while (!(TIFR & _BV(TOV1)));
#elif defined(__AVR_ATtiny43__)
#error "LED flash for Tiny43 not yet supported"
#else
    TCNT1 = -(F_CPU/(1024*16));
    1dd8:	30 93 85 00 	sts	0x0085, r19	; 0x800085 <__RAM__+0x85>
    1ddc:	20 93 84 00 	sts	0x0084, r18	; 0x800084 <__RAM__+0x84>
    TIFR1 = _BV(TOV1);
    1de0:	96 bb       	out	0x16, r25	; 22
    while (!(TIFR1 & _BV(TOV1)));
    1de2:	b0 9b       	sbis	0x16, 0	; 22
    1de4:	fe cf       	rjmp	.-4      	; 0x1de2 <main+0x5e>
  defined(__AVR_ATmega64__)   || defined(__AVR_ATmega128__)
  LED_PORT ^= _BV(LED);
#else
  // Newer AVRs can toggle by writing PINx.
  if (&LED_PIN <= &_SFR_IO8(0x31)) {  // "if" code optimizes away.
    LED_PIN |= _BV(LED); // becomes SBI on low ports (in theory: incorrectly)
    1de6:	03 9a       	sbi	0x00, 3	; 0
}
#endif

// Watchdog functions. These are only safe with interrupts turned off.
void watchdogReset() {
  __asm__ __volatile__ (
    1de8:	a8 95       	wdr
     *  get out of sync.  So if we see any data; stop blinking.
     */
#ifndef LIN_UART
    if (UART_SRA & _BV(RXC0))
#else
      if (LINSIR & _BV(LRXOK))
    1dea:	40 91 c9 00 	lds	r20, 0x00C9	; 0x8000c9 <__RAM__+0xc9>
    1dee:	40 fd       	sbrc	r20, 0
    1df0:	02 c0       	rjmp	.+4      	; 0x1df6 <main+0x72>
    1df2:	81 50       	subi	r24, 0x01	; 1
#else
// This doesn't seem to work?
//    if ((UART_PIN & (1<<UART_RX_BIT)) == 0)
//      break;  // detect start bit on soft uart too.
#endif
  } while (--count);
    1df4:	89 f7       	brne	.-30     	; 0x1dd8 <main+0x54>
       * and we needed the space back.
       */
#ifdef FOURPAGEERASE
      if ((address.bytes[0] & ((SPM_PAGESIZE<<2)-1))==0) {
#endif
        __boot_page_erase_short(address.word);
    1df6:	93 e0       	ldi	r25, 0x03	; 3
    1df8:	d9 2e       	mov	r13, r25

      /*
       * Copy data from the buffer into the flash write buffer.
       */
      do {
        __boot_page_fill_short((uint16_t)(void*)addrPtr, *(mybuff.wptr++));
    1dfa:	cc 24       	eor	r12, r12
    1dfc:	c3 94       	inc	r12
      } while (len -= 2);

      /*
       * Actually Write the buffer to flash (and wait for it to finish.)
       */
      __boot_page_write_short(address.word);
    1dfe:	25 e0       	ldi	r18, 0x05	; 5
    1e00:	92 2e       	mov	r9, r18
        // Move RESET vector to 'save' vector
        // Save jmp targets (for "Verify")
        rstVect0_sav = buff.bptr[rstVect0];
        rstVect1_sav = buff.bptr[rstVect1];
        addr16_t vect;
        vect.word = ((uint16_t)pre_main-1);
    1e02:	3f eb       	ldi	r19, 0xBF	; 191
    1e04:	e3 2e       	mov	r14, r19
    1e06:	3e e0       	ldi	r19, 0x0E	; 14
    1e08:	f3 2e       	mov	r15, r19
        // an RJMP instruction is 0b1100xxxx xxxxxxxx, so we should be able to
        // do math on the offsets without masking it off first.
        // Note that rjmp is relative to the already incremented PC, so the
        //  offset is one less than you might expect.
        buff.bptr[0] = vect.bytes[0]; // rjmp to start of bootloader
        buff.bptr[1] = vect.bytes[1] | 0xC0;  // make an "rjmp"
    1e0a:	8f 2d       	mov	r24, r15
    1e0c:	80 6c       	ori	r24, 0xC0	; 192
    1e0e:	88 2e       	mov	r8, r24
#endif

  /* Forever loop: exits by causing WDT reset */
  for (;;) {
    /* get character from UART */
    ch = getch();
    1e10:	ba d0       	rcall	.+372    	; 0x1f86 <getch>

    if (ch == STK_GET_PARAMETER) {
    1e12:	81 34       	cpi	r24, 0x41	; 65
    1e14:	59 f4       	brne	.+22     	; 0x1e2c <main+0xa8>
      unsigned char which = getch();
    1e16:	b7 d0       	rcall	.+366    	; 0x1f86 <getch>
    1e18:	18 2f       	mov	r17, r24
      verifySpace();
    1e1a:	c7 d0       	rcall	.+398    	; 0x1faa <verifySpace>
      /*
       * Send optiboot version as "SW version"
       * Note that the references to memory are optimized away.
       */
      if (which == STK_SW_MINOR) {
        putch(optiboot_version & 0xFF);
    1e1c:	83 e0       	ldi	r24, 0x03	; 3
      } else if (which == STK_SW_MAJOR) {
    1e1e:	11 38       	cpi	r17, 0x81	; 129
    1e20:	09 f4       	brne	.+2      	; 0x1e24 <main+0xa0>
        putch(optiboot_version >> 8);
    1e22:	88 e0       	ldi	r24, 0x08	; 8
    1e24:	a9 d0       	rcall	.+338    	; 0x1f78 <putch>
    }
    else {
      // This covers the response to commands like STK_ENTER_PROGMODE
      verifySpace();
    }
    putch(STK_OK);
    1e26:	80 e1       	ldi	r24, 0x10	; 16
    1e28:	a7 d0       	rcall	.+334    	; 0x1f78 <putch>
#endif

  /* Forever loop: exits by causing WDT reset */
  for (;;) {
    /* get character from UART */
    ch = getch();
    1e2a:	f2 cf       	rjmp	.-28     	; 0x1e10 <main+0x8c>
         * other parameters - enough to keep Avrdude happy
         */
        putch(0x03);
      }
    }
    else if (ch == STK_SET_DEVICE) {
    1e2c:	82 34       	cpi	r24, 0x42	; 66
    1e2e:	19 f4       	brne	.+6      	; 0x1e36 <main+0xb2>
      // SET DEVICE is ignored
      getNch(20);
    1e30:	84 e1       	ldi	r24, 0x14	; 20
    }
    else if (ch == STK_SET_DEVICE_EXT) {
      // SET DEVICE EXT is ignored
      getNch(5);
    1e32:	c3 d0       	rcall	.+390    	; 0x1fba <getNch>
    1e34:	f8 cf       	rjmp	.-16     	; 0x1e26 <main+0xa2>
    }
    else if (ch == STK_SET_DEVICE) {
      // SET DEVICE is ignored
      getNch(20);
    }
    else if (ch == STK_SET_DEVICE_EXT) {
    1e36:	85 34       	cpi	r24, 0x45	; 69
    1e38:	11 f4       	brne	.+4      	; 0x1e3e <main+0xba>
      // SET DEVICE EXT is ignored
      getNch(5);
    1e3a:	85 e0       	ldi	r24, 0x05	; 5
    1e3c:	fa cf       	rjmp	.-12     	; 0x1e32 <main+0xae>
    }
    else if (ch == STK_LOAD_ADDRESS) {
    1e3e:	85 35       	cpi	r24, 0x55	; 85
    1e40:	41 f4       	brne	.+16     	; 0x1e52 <main+0xce>
      // LOAD ADDRESS
      address.bytes[0] = getch();
    1e42:	a1 d0       	rcall	.+322    	; 0x1f86 <getch>
    1e44:	c8 2f       	mov	r28, r24
      address.bytes[1] = getch();
    1e46:	9f d0       	rcall	.+318    	; 0x1f86 <getch>
    1e48:	d8 2f       	mov	r29, r24
      }
      else {
        RAMPZ &= 0xFE;
      }
#endif
      address.word *= 2; // Convert from word address to byte address
    1e4a:	cc 0f       	add	r28, r28
    1e4c:	dd 1f       	adc	r29, r29
      watchdogConfig(WATCHDOG_16MS);
      verifySpace();
    }
    else {
      // This covers the response to commands like STK_ENTER_PROGMODE
      verifySpace();
    1e4e:	ad d0       	rcall	.+346    	; 0x1faa <verifySpace>
    1e50:	ea cf       	rjmp	.-44     	; 0x1e26 <main+0xa2>
      }
#endif
      address.word *= 2; // Convert from word address to byte address
      verifySpace();
    }
    else if (ch == STK_UNIVERSAL) {
    1e52:	86 35       	cpi	r24, 0x56	; 86
    1e54:	21 f4       	brne	.+8      	; 0x1e5e <main+0xda>
        getNch(3);
        putch(0x00);
      }
#else
      // UNIVERSAL command is ignored
      getNch(4);
    1e56:	84 e0       	ldi	r24, 0x04	; 4
    1e58:	b0 d0       	rcall	.+352    	; 0x1fba <getNch>
      putch(0x00);
    1e5a:	80 e0       	ldi	r24, 0x00	; 0
    1e5c:	e3 cf       	rjmp	.-58     	; 0x1e24 <main+0xa0>
#endif
    }
    /* Write memory, length is big endian and is in bytes */
    else if (ch == STK_PROG_PAGE) {
    1e5e:	84 36       	cpi	r24, 0x64	; 100
    1e60:	09 f0       	breq	.+2      	; 0x1e64 <main+0xe0>
    1e62:	52 c0       	rjmp	.+164    	; 0x1f08 <main+0x184>
      // PROGRAM PAGE - we support flash programming only, not EEPROM
      uint8_t desttype;
      uint8_t *bufPtr;
      pagelen_t savelength;

      GETLENGTH(length);
    1e64:	90 d0       	rcall	.+288    	; 0x1f86 <getch>
    1e66:	8f d0       	rcall	.+286    	; 0x1f86 <getch>
    1e68:	78 2e       	mov	r7, r24
      savelength = length;
      desttype = getch();
    1e6a:	8d d0       	rcall	.+282    	; 0x1f86 <getch>
    1e6c:	68 2e       	mov	r6, r24

      // read a page worth of contents
      bufPtr = buff.bptr;
    1e6e:	00 e0       	ldi	r16, 0x00	; 0
    1e70:	11 e0       	ldi	r17, 0x01	; 1
      do *bufPtr++ = getch();
    1e72:	58 01       	movw	r10, r16
    1e74:	ef ef       	ldi	r30, 0xFF	; 255
    1e76:	ae 1a       	sub	r10, r30
    1e78:	be 0a       	sbc	r11, r30
    1e7a:	85 d0       	rcall	.+266    	; 0x1f86 <getch>
    1e7c:	f8 01       	movw	r30, r16
    1e7e:	80 83       	st	Z, r24
    1e80:	85 01       	movw	r16, r10
      while (--length);
    1e82:	7a 10       	cpse	r7, r10
    1e84:	f6 cf       	rjmp	.-20     	; 0x1e72 <main+0xee>

      // Read command terminator, start reply
      verifySpace();
    1e86:	91 d0       	rcall	.+290    	; 0x1faa <verifySpace>
    {
#endif
/*
 * AVR with 2-byte ISR Vectors and rjmp
 */
      if (address.word == rstVect0) {
    1e88:	20 97       	sbiw	r28, 0x00	; 0
    1e8a:	f1 f4       	brne	.+60     	; 0x1ec8 <main+0x144>
        // This is the reset vector page. We need to live-patch
        // the code so the bootloader runs first.
        //
        // Move RESET vector to 'save' vector
        // Save jmp targets (for "Verify")
        rstVect0_sav = buff.bptr[rstVect0];
    1e8c:	30 91 00 01 	lds	r19, 0x0100	; 0x800100 <__RAM__+0x100>
    1e90:	30 93 04 02 	sts	0x0204, r19	; 0x800204 <__RAM__+0x204>
        rstVect1_sav = buff.bptr[rstVect1];
    1e94:	20 91 01 01 	lds	r18, 0x0101	; 0x800101 <__RAM__+0x101>
    1e98:	20 93 05 02 	sts	0x0205, r18	; 0x800205 <__RAM__+0x205>
        // Instruction is a relative jump (rjmp), so recalculate.
        // an RJMP instruction is 0b1100xxxx xxxxxxxx, so we should be able to
        // do math on the offsets without masking it off first.
        // Note that rjmp is relative to the already incremented PC, so the
        //  offset is one less than you might expect.
        buff.bptr[0] = vect.bytes[0]; // rjmp to start of bootloader
    1e9c:	e0 92 00 01 	sts	0x0100, r14	; 0x800100 <__RAM__+0x100>
        buff.bptr[1] = vect.bytes[1] | 0xC0;  // make an "rjmp"
    1ea0:	80 92 01 01 	sts	0x0101, r8	; 0x800101 <__RAM__+0x101>
#ifdef KeepBracesMatched
      {
#endif

        // Save old values for Verify
        saveVect0_sav = buff.bptr[saveVect0];
    1ea4:	40 91 20 01 	lds	r20, 0x0120	; 0x800120 <__RAM__+0x120>
    1ea8:	40 93 06 02 	sts	0x0206, r20	; 0x800206 <__RAM__+0x206>
        saveVect1_sav = buff.bptr[saveVect1];
    1eac:	40 91 21 01 	lds	r20, 0x0121	; 0x800121 <__RAM__+0x121>
    1eb0:	40 93 07 02 	sts	0x0207, r20	; 0x800207 <__RAM__+0x207>

        vect.bytes[0] = rstVect0_sav;
    1eb4:	83 2f       	mov	r24, r19
        vect.bytes[1] = rstVect1_sav;
    1eb6:	92 2f       	mov	r25, r18
        vect.word = (vect.word-save_vect_num); //substract 'save' interrupt position
    1eb8:	40 97       	sbiw	r24, 0x10	; 16
        // Move RESET jmp target to 'save' vector
        buff.bptr[saveVect0] = vect.bytes[0];
    1eba:	80 93 20 01 	sts	0x0120, r24	; 0x800120 <__RAM__+0x120>
        buff.bptr[saveVect1] = (vect.bytes[1] & 0x0F)| 0xC0;  // make an "rjmp"
    1ebe:	89 2f       	mov	r24, r25
    1ec0:	8f 70       	andi	r24, 0x0F	; 15
    1ec2:	80 6c       	ori	r24, 0xC0	; 192
    1ec4:	80 93 21 01 	sts	0x0121, r24	; 0x800121 <__RAM__+0x121>
 * void writebuffer(memtype, buffer, address, length)
 */
static inline void writebuffer(int8_t memtype, addr16_t mybuff,
                               addr16_t address, pagelen_t len)
{
  switch (memtype) {
    1ec8:	f5 e4       	ldi	r31, 0x45	; 69
    1eca:	6f 12       	cpse	r6, r31
    1ecc:	01 c0       	rjmp	.+2      	; 0x1ed0 <main+0x14c>
    1ece:	ff cf       	rjmp	.-2      	; 0x1ece <main+0x14a>
       * and we needed the space back.
       */
#ifdef FOURPAGEERASE
      if ((address.bytes[0] & ((SPM_PAGESIZE<<2)-1))==0) {
#endif
        __boot_page_erase_short(address.word);
    1ed0:	fe 01       	movw	r30, r28
    1ed2:	d7 be       	out	0x37, r13	; 55
    1ed4:	e8 95       	spm
        boot_spm_busy_wait();
    1ed6:	07 b6       	in	r0, 0x37	; 55
    1ed8:	00 fc       	sbrc	r0, 0
    1eda:	fd cf       	rjmp	.-6      	; 0x1ed6 <main+0x152>
     * the default rather than checking for the correct code, we save
     * space on chips that don't support any other memory types.
     */
    {
      // Copy buffer into programming buffer
      uint16_t addrPtr = address.word;
    1edc:	fe 01       	movw	r30, r28
       */
#ifdef FOURPAGEERASE
      if ((address.bytes[0] & ((SPM_PAGESIZE<<2)-1))==0) {
#endif
        __boot_page_erase_short(address.word);
        boot_spm_busy_wait();
    1ede:	a0 e0       	ldi	r26, 0x00	; 0
    1ee0:	b1 e0       	ldi	r27, 0x01	; 1

      /*
       * Copy data from the buffer into the flash write buffer.
       */
      do {
        __boot_page_fill_short((uint16_t)(void*)addrPtr, *(mybuff.wptr++));
    1ee2:	cd 01       	movw	r24, r26
    1ee4:	02 96       	adiw	r24, 0x02	; 2
    1ee6:	2d 91       	ld	r18, X+
    1ee8:	3c 91       	ld	r19, X
    1eea:	09 01       	movw	r0, r18
    1eec:	c7 be       	out	0x37, r12	; 55
    1eee:	e8 95       	spm
    1ef0:	11 24       	eor	r1, r1
        addrPtr += 2;
    1ef2:	32 96       	adiw	r30, 0x02	; 2

      /*
       * Copy data from the buffer into the flash write buffer.
       */
      do {
        __boot_page_fill_short((uint16_t)(void*)addrPtr, *(mybuff.wptr++));
    1ef4:	dc 01       	movw	r26, r24
        addrPtr += 2;
      } while (len -= 2);
    1ef6:	78 12       	cpse	r7, r24
    1ef8:	f4 cf       	rjmp	.-24     	; 0x1ee2 <main+0x15e>

      /*
       * Actually Write the buffer to flash (and wait for it to finish.)
       */
      __boot_page_write_short(address.word);
    1efa:	fe 01       	movw	r30, r28
    1efc:	97 be       	out	0x37, r9	; 55
    1efe:	e8 95       	spm
      boot_spm_busy_wait();
    1f00:	07 b6       	in	r0, 0x37	; 55
    1f02:	00 fc       	sbrc	r0, 0
    1f04:	fd cf       	rjmp	.-6      	; 0x1f00 <main+0x17c>
    1f06:	8f cf       	rjmp	.-226    	; 0x1e26 <main+0xa2>
      writebuffer(desttype, buff, address, savelength);


    }
/* Read memory block mode, length is big endian.  */
    else if (ch == STK_READ_PAGE) {
    1f08:	84 37       	cpi	r24, 0x74	; 116
    1f0a:	39 f5       	brne	.+78     	; 0x1f5a <main+0x1d6>
      uint8_t desttype;
      GETLENGTH(length);
    1f0c:	3c d0       	rcall	.+120    	; 0x1f86 <getch>
    1f0e:	3b d0       	rcall	.+118    	; 0x1f86 <getch>
    1f10:	b8 2e       	mov	r11, r24

      desttype = getch();
    1f12:	39 d0       	rcall	.+114    	; 0x1f86 <getch>

      verifySpace();
    1f14:	4a d0       	rcall	.+148    	; 0x1faa <verifySpace>
    1f16:	8e 01       	movw	r16, r28
#endif
  default:
    do {
#ifdef VIRTUAL_BOOT_PARTITION
      // Undo vector patch in bottom page so verify passes
      if (address.word == rstVect0) ch = rstVect0_sav;
    1f18:	01 15       	cp	r16, r1
    1f1a:	11 05       	cpc	r17, r1
    1f1c:	49 f4       	brne	.+18     	; 0x1f30 <main+0x1ac>
    1f1e:	80 91 04 02 	lds	r24, 0x0204	; 0x800204 <__RAM__+0x204>
      __asm__ ("  elpm %0,Z+\n" : "=r" (ch), "=z" (address.bptr): "1" (address));
#else
      // read a Flash byte and increment the address
      __asm__ ("  lpm %0,Z+\n" : "=r" (ch), "=z" (address.bptr): "1" (address));
#endif
      putch(ch);
    1f22:	2a d0       	rcall	.+84     	; 0x1f78 <putch>
    } while (--length);
    1f24:	ba 94       	dec	r11
    1f26:	0f 5f       	subi	r16, 0xFF	; 255
    1f28:	1f 4f       	sbci	r17, 0xFF	; 255
    1f2a:	b1 10       	cpse	r11, r1
    1f2c:	f5 cf       	rjmp	.-22     	; 0x1f18 <main+0x194>
    1f2e:	7b cf       	rjmp	.-266    	; 0x1e26 <main+0xa2>
  default:
    do {
#ifdef VIRTUAL_BOOT_PARTITION
      // Undo vector patch in bottom page so verify passes
      if (address.word == rstVect0) ch = rstVect0_sav;
      else if (address.word == rstVect1) ch = rstVect1_sav;
    1f30:	01 30       	cpi	r16, 0x01	; 1
    1f32:	11 05       	cpc	r17, r1
    1f34:	19 f4       	brne	.+6      	; 0x1f3c <main+0x1b8>
    1f36:	80 91 05 02 	lds	r24, 0x0205	; 0x800205 <__RAM__+0x205>
    1f3a:	f3 cf       	rjmp	.-26     	; 0x1f22 <main+0x19e>
      else if (address.word == saveVect0) ch = saveVect0_sav;
    1f3c:	00 32       	cpi	r16, 0x20	; 32
    1f3e:	11 05       	cpc	r17, r1
    1f40:	19 f4       	brne	.+6      	; 0x1f48 <main+0x1c4>
    1f42:	80 91 06 02 	lds	r24, 0x0206	; 0x800206 <__RAM__+0x206>
    1f46:	ed cf       	rjmp	.-38     	; 0x1f22 <main+0x19e>
      else if (address.word == saveVect1) ch = saveVect1_sav;
    1f48:	01 32       	cpi	r16, 0x21	; 33
    1f4a:	11 05       	cpc	r17, r1
    1f4c:	19 f4       	brne	.+6      	; 0x1f54 <main+0x1d0>
    1f4e:	80 91 07 02 	lds	r24, 0x0207	; 0x800207 <__RAM__+0x207>
    1f52:	e7 cf       	rjmp	.-50     	; 0x1f22 <main+0x19e>
      else ch = pgm_read_byte_near(address.bptr);
    1f54:	f8 01       	movw	r30, r16
    1f56:	84 91       	lpm	r24, Z
    1f58:	e4 cf       	rjmp	.-56     	; 0x1f22 <main+0x19e>

      read_mem(desttype, address, length);
    }

/* Get device signature bytes  */
    else if (ch == STK_READ_SIGN) {
    1f5a:	85 37       	cpi	r24, 0x75	; 117
    1f5c:	39 f4       	brne	.+14     	; 0x1f6c <main+0x1e8>
      // READ SIGN - return what Avrdude wants to hear
      verifySpace();
    1f5e:	25 d0       	rcall	.+74     	; 0x1faa <verifySpace>
      putch(SIGNATURE_0);
    1f60:	8e e1       	ldi	r24, 0x1E	; 30
    1f62:	0a d0       	rcall	.+20     	; 0x1f78 <putch>
      putch(SIGNATURE_1);
    1f64:	83 e9       	ldi	r24, 0x93	; 147
    1f66:	08 d0       	rcall	.+16     	; 0x1f78 <putch>
      putch(SIGNATURE_2);
    1f68:	87 e8       	ldi	r24, 0x87	; 135
    1f6a:	5c cf       	rjmp	.-328    	; 0x1e24 <main+0xa0>
    }
    else if (ch == STK_LEAVE_PROGMODE) { /* 'Q' */
    1f6c:	81 35       	cpi	r24, 0x51	; 81
    1f6e:	09 f0       	breq	.+2      	; 0x1f72 <main+0x1ee>
    1f70:	6e cf       	rjmp	.-292    	; 0x1e4e <main+0xca>
      // Adaboot no-wait mod
      watchdogConfig(WATCHDOG_16MS);
    1f72:	88 e0       	ldi	r24, 0x08	; 8
    1f74:	14 d0       	rcall	.+40     	; 0x1f9e <watchdogConfig>
    1f76:	6b cf       	rjmp	.-298    	; 0x1e4e <main+0xca>

00001f78 <putch>:
#else //not RS485
  while (!(UART_SRA & _BV(UDRE0))) {  /* Spin */ }
  UART_UDR = ch;
#endif
#else //is LIN UART
  while (!(LINSIR & _BV(LTXOK)))   {  /* Spin */ }
    1f78:	90 91 c9 00 	lds	r25, 0x00C9	; 0x8000c9 <__RAM__+0xc9>
    1f7c:	91 ff       	sbrs	r25, 1
    1f7e:	fc cf       	rjmp	.-8      	; 0x1f78 <putch>
  UART_UDR = ch;
    1f80:	80 93 d2 00 	sts	0x00D2, r24	; 0x8000d2 <__RAM__+0xd2>
  #else
  RS485_PORT &= ~_BV(RS485_BIT);
  #endif
#endif
#endif // SOFT_UART
}
    1f84:	08 95       	ret

00001f86 <getch>:
     * don't care that an invalid char is returned...)
     */
    watchdogReset();
  }
#else
  while (!(LINSIR & _BV(LRXOK)))  {  /* Spin */ }
    1f86:	80 91 c9 00 	lds	r24, 0x00C9	; 0x8000c9 <__RAM__+0xc9>
    1f8a:	80 ff       	sbrs	r24, 0
    1f8c:	fc cf       	rjmp	.-8      	; 0x1f86 <getch>
  if (!(LINSIR & _BV(LFERR))) {
    1f8e:	80 91 c9 00 	lds	r24, 0x00C9	; 0x8000c9 <__RAM__+0xc9>
    1f92:	84 fd       	sbrc	r24, 4
    1f94:	01 c0       	rjmp	.+2      	; 0x1f98 <getch+0x12>
}
#endif

// Watchdog functions. These are only safe with interrupts turned off.
void watchdogReset() {
  __asm__ __volatile__ (
    1f96:	a8 95       	wdr
  while (!(LINSIR & _BV(LRXOK)))  {  /* Spin */ }
  if (!(LINSIR & _BV(LFERR))) {
    watchdogReset();  /* Eventually abort if wrong speed */
  }
#endif
  ch = UART_UDR;
    1f98:	80 91 d2 00 	lds	r24, 0x00D2	; 0x8000d2 <__RAM__+0xd2>
#if LED_DATA_FLASH
  toggle_led();
#endif

  return ch;
}
    1f9c:	08 95       	ret

00001f9e <watchdogConfig>:
void watchdogConfig(uint8_t x) {
#ifdef WDCE //does it have a Watchdog Change Enable?
#ifdef WDTCSR
  WDTCSR = _BV(WDCE) | _BV(WDE);
#else
  WDTCR= _BV(WDCE) | _BV(WDE);
    1f9e:	e0 e6       	ldi	r30, 0x60	; 96
    1fa0:	f0 e0       	ldi	r31, 0x00	; 0
    1fa2:	98 e1       	ldi	r25, 0x18	; 24
    1fa4:	90 83       	st	Z, r25
#endif

#ifdef WDTCSR
  WDTCSR = x;
#else
  WDTCR= x;
    1fa6:	80 83       	st	Z, r24
#endif
}
    1fa8:	08 95       	ret

00001faa <verifySpace>:
  do getch(); while (--count);
  verifySpace();
}

void verifySpace() {
  if (getch() != CRC_EOP) {
    1faa:	ed df       	rcall	.-38     	; 0x1f86 <getch>
    1fac:	80 32       	cpi	r24, 0x20	; 32
    1fae:	19 f0       	breq	.+6      	; 0x1fb6 <verifySpace+0xc>
    watchdogConfig(WATCHDOG_16MS);    // shorten WD timeout
    1fb0:	88 e0       	ldi	r24, 0x08	; 8
    1fb2:	f5 df       	rcall	.-22     	; 0x1f9e <watchdogConfig>
    1fb4:	ff cf       	rjmp	.-2      	; 0x1fb4 <verifySpace+0xa>
    while (1)                         // and busy-loop so that WD causes
      ;                               //  a reset and app start.
  }
  putch(STK_INSYNC);
    1fb6:	84 e1       	ldi	r24, 0x14	; 20
    1fb8:	df cf       	rjmp	.-66     	; 0x1f78 <putch>

00001fba <getNch>:
    ::[count] "M" (UART_B_VALUE)
    );
}
#endif

void getNch(uint8_t count) {
    1fba:	cf 93       	push	r28
    1fbc:	c8 2f       	mov	r28, r24
  do getch(); while (--count);
    1fbe:	e3 df       	rcall	.-58     	; 0x1f86 <getch>
    1fc0:	c1 50       	subi	r28, 0x01	; 1
    1fc2:	e9 f7       	brne	.-6      	; 0x1fbe <getNch+0x4>
  verifySpace();
}
    1fc4:	cf 91       	pop	r28
}
#endif

void getNch(uint8_t count) {
  do getch(); while (--count);
  verifySpace();
    1fc6:	f1 cf       	rjmp	.-30     	; 0x1faa <verifySpace>

00001fc8 <do_spm>:
 *   data=0 in WRITE
 */
static void do_spm(uint16_t address, uint8_t command, uint16_t data)  __attribute__ ((used));
static void do_spm(uint16_t address, uint8_t command, uint16_t data) {
  // Do spm stuff
  asm volatile (
    1fc8:	fc 01       	movw	r30, r24
    1fca:	0a 01       	movw	r0, r20
    1fcc:	67 bf       	out	0x37, r22	; 55
    1fce:	e8 95       	spm
    1fd0:	11 24       	eor	r1, r1
    );

  // wait for spm to complete
  //   it doesn't have much sense for __BOOT_PAGE_FILL,
  //   but it doesn't hurt and saves some bytes on 'if'
  boot_spm_busy_wait();
    1fd2:	07 b6       	in	r0, 0x37	; 55
    1fd4:	00 fc       	sbrc	r0, 0
    1fd6:	fd cf       	rjmp	.-6      	; 0x1fd2 <do_spm+0xa>
  if ((command & (_BV(PGWRT)|_BV(PGERS))) && (data == 0) ) {
    // Reenable read access to flash
    __boot_rww_enable_short();
  }
#endif
}
    1fd8:	08 95       	ret
